php/php.sh
[php] 
[php] == php unit test ==
[php] [INFO] Test docker hub official image first:
[php] 
Get:1 http://security-cdn.debian.org/debian-security buster/updates InRelease [39.1 kB]
Err:1 http://security-cdn.debian.org/debian-security buster/updates InRelease
  At least one invalid signature was encountered.
Get:2 http://cdn-fastly.deb.debian.org/debian buster InRelease [118 kB]
Err:2 http://cdn-fastly.deb.debian.org/debian buster InRelease
  At least one invalid signature was encountered.
Get:3 http://cdn-fastly.deb.debian.org/debian buster-updates InRelease [46.8 kB]
Err:3 http://cdn-fastly.deb.debian.org/debian buster-updates InRelease
  At least one invalid signature was encountered.
Reading package lists...
W: GPG error: http://security-cdn.debian.org/debian-security buster/updates InRelease: At least one invalid signature was encountered.
E: The repository 'http://security.debian.org/debian-security buster/updates InRelease' is not signed.
W: GPG error: http://cdn-fastly.deb.debian.org/debian buster InRelease: At least one invalid signature was encountered.
E: The repository 'http://deb.debian.org/debian buster InRelease' is not signed.
W: GPG error: http://cdn-fastly.deb.debian.org/debian buster-updates InRelease: At least one invalid signature was encountered.
E: The repository 'http://deb.debian.org/debian buster-updates InRelease' is not signed.
Default-Php-Server
[php] [INFO] Test clear docker image:
[php] 
Set upstream mirror to https://cdn-alt.download.clearlinux.org/update
Installed version: 30450
Version URL:       https://cdn-alt.download.clearlinux.org/update
Content URL:       https://cdn-alt.download.clearlinux.org/update
Loading required manifests...
Error: Unable to determine free space on filesystem.
NOTE: currently, swupd only checks /usr/ (or the passed-in path with /usr/ appended) for available space.
To skip this error and install anyways, add the --skip-diskspace-check flag to your command.
Failed to install 2 of 2 bundles
Clr-Php-Server
