httpd/httpd.sh
[httpd] 
[httpd] == httpd unit test ==
Reading package lists...
Building dependency tree...
Reading state information...
apache2 is already the newest version (2.4.29-1ubuntu4.10).
0 upgraded, 0 newly installed, 0 to remove and 33 not upgraded.
[httpd] [INFO] Test docker hub official image first:
[httpd] 
[httpd] [INFO] default package version:
[httpd] 
Server version: Apache/2.4.41 (Unix)
Server built:   Aug 14 2019 00:35:10
3e3e9b8f97dfa94a0dc5bbb22cd75463f55671cce47ce50668e1ce48030e86f9
This is ApacheBench, Version 2.3 <$Revision: 1807734 $>
Copyright 1996 Adam Twiss, Zeus Technology Ltd, http://www.zeustech.net/
Licensed to The Apache Software Foundation, http://www.apache.org/

Benchmarking localhost (be patient)


Server Software:        Apache/2.4.41
Server Hostname:        localhost
Server Port:            8080

Document Path:          /
Document Length:        45 bytes

Concurrency Level:      50
Time taken for tests:   9.290 seconds
Complete requests:      100000
Failed requests:        0
Keep-Alive requests:    99038
Total transferred:      32457701 bytes
HTML transferred:       4500000 bytes
Requests per second:    10764.24 [#/sec] (mean)
Time per request:       4.645 [ms] (mean)
Time per request:       0.093 [ms] (mean, across all concurrent requests)
Transfer rate:          3411.94 [Kbytes/sec] received

Connection Times (ms)
              min  mean[+/-sd] median   max
Connect:        0    0   0.1      0       8
Processing:     0    5   3.3      4      76
Waiting:        0    5   3.2      4      76
Total:          0    5   3.3      4      77

Percentage of the requests served within a certain time (ms)
  50%      4
  66%      5
  75%      6
  80%      7
  90%      9
  95%     10
  98%     13
  99%     15
 100%     77 (longest request)
httpd-server
Default-Httpd-Server
[httpd] [INFO] Test clear docker image:
[httpd] 
[httpd] [INFO] clear package version:
[httpd] 
Server version: Apache/2.4.41 (Unix)
Server built:   Aug 15 2019 15:40:05
f16aa237749276dd17e60d7ebbf601ee30295accfc73c4b11dfb2b91278edb29
This is ApacheBench, Version 2.3 <$Revision: 1807734 $>
Copyright 1996 Adam Twiss, Zeus Technology Ltd, http://www.zeustech.net/
Licensed to The Apache Software Foundation, http://www.apache.org/

Benchmarking localhost (be patient)


Server Software:        Apache/2.4.41
Server Hostname:        localhost
Server Port:            8080

Document Path:          /
Document Length:        45 bytes

Concurrency Level:      50
Time taken for tests:   12.129 seconds
Complete requests:      100000
Failed requests:        26
   (Connect: 0, Receive: 0, Length: 26, Exceptions: 0)
Keep-Alive requests:    99024
Total transferred:      32476462 bytes
HTML transferred:       4498830 bytes
Requests per second:    8244.82 [#/sec] (mean)
Time per request:       6.064 [ms] (mean)
Time per request:       0.121 [ms] (mean, across all concurrent requests)
Transfer rate:          2614.87 [Kbytes/sec] received

Connection Times (ms)
              min  mean[+/-sd] median   max
Connect:        0    0   0.1      0       6
Processing:     0    6   3.7      6      93
Waiting:        0    6   3.7      5      93
Total:          0    6   3.7      6      95

Percentage of the requests served within a certain time (ms)
  50%      6
  66%      7
  75%      8
  80%      9
  90%     11
  95%     12
  98%     15
  99%     17
 100%     95 (longest request)
httpd-server
Clr-Httpd-Server
