httpd/httpd.sh
[httpd] 
[httpd] == httpd unit test ==
Reading package lists...
Building dependency tree...
Reading state information...
apache2 is already the newest version (2.4.29-1ubuntu4.10).
0 upgraded, 0 newly installed, 0 to remove and 33 not upgraded.
[httpd] [INFO] Test docker hub official image first:
[httpd] 
[httpd] [INFO] default package version:
[httpd] 
Server version: Apache/2.4.41 (Unix)
Server built:   Aug 14 2019 00:35:10
c2f45bb80d5e95fb8d657eb4e432217a53c8558f3b37ed13ebf258abca140c68
This is ApacheBench, Version 2.3 <$Revision: 1807734 $>
Copyright 1996 Adam Twiss, Zeus Technology Ltd, http://www.zeustech.net/
Licensed to The Apache Software Foundation, http://www.apache.org/

Benchmarking localhost (be patient)


Server Software:        Apache/2.4.41
Server Hostname:        localhost
Server Port:            8080

Document Path:          /
Document Length:        45 bytes

Concurrency Level:      50
Time taken for tests:   9.914 seconds
Complete requests:      100000
Failed requests:        0
Keep-Alive requests:    99030
Total transferred:      32457349 bytes
HTML transferred:       4500000 bytes
Requests per second:    10086.24 [#/sec] (mean)
Time per request:       4.957 [ms] (mean)
Time per request:       0.099 [ms] (mean, across all concurrent requests)
Transfer rate:          3197.00 [Kbytes/sec] received

Connection Times (ms)
              min  mean[+/-sd] median   max
Connect:        0    0   0.1      0       6
Processing:     0    5   3.5      4      90
Waiting:        0    5   3.4      4      90
Total:          0    5   3.5      4      93

Percentage of the requests served within a certain time (ms)
  50%      4
  66%      6
  75%      7
  80%      7
  90%      9
  95%     11
  98%     13
  99%     16
 100%     93 (longest request)
httpd-server
Default-Httpd-Server
[httpd] [INFO] Test clear docker image:
[httpd] 
[httpd] [INFO] clear package version:
[httpd] 
Server version: Apache/2.4.41 (Unix)
Server built:   Aug 15 2019 15:40:05
8c9a2267efb162f624d9f889980c2b0bbe60001fa7c760348931acb4a616e20b
This is ApacheBench, Version 2.3 <$Revision: 1807734 $>
Copyright 1996 Adam Twiss, Zeus Technology Ltd, http://www.zeustech.net/
Licensed to The Apache Software Foundation, http://www.apache.org/

Benchmarking localhost (be patient)


Server Software:        Apache/2.4.41
Server Hostname:        localhost
Server Port:            8080

Document Path:          /
Document Length:        45 bytes

Concurrency Level:      50
Time taken for tests:   12.606 seconds
Complete requests:      100000
Failed requests:        69
   (Connect: 0, Receive: 0, Length: 69, Exceptions: 0)
Keep-Alive requests:    98995
Total transferred:      32463876 bytes
HTML transferred:       4496895 bytes
Requests per second:    7932.78 [#/sec] (mean)
Time per request:       6.303 [ms] (mean)
Time per request:       0.126 [ms] (mean, across all concurrent requests)
Transfer rate:          2514.93 [Kbytes/sec] received

Connection Times (ms)
              min  mean[+/-sd] median   max
Connect:        0    0   0.1      0       6
Processing:     0    6   4.1      6      84
Waiting:        0    6   4.1      6      84
Total:          0    6   4.1      6      89

Percentage of the requests served within a certain time (ms)
  50%      6
  66%      7
  75%      8
  80%      9
  90%     12
  95%     14
  98%     16
  99%     18
 100%     89 (longest request)
httpd-server
Clr-Httpd-Server
