httpd/httpd.sh
[httpd] 
[httpd] == httpd unit test ==
Reading package lists...
Building dependency tree...
Reading state information...
apache2 is already the newest version (2.4.29-1ubuntu4.10).
0 upgraded, 0 newly installed, 0 to remove and 33 not upgraded.
[httpd] [INFO] Test docker hub official image first:
[httpd] 
[httpd] [INFO] default package version:
[httpd] 
Server version: Apache/2.4.41 (Unix)
Server built:   Aug 14 2019 00:35:10
631be3560d1bf1c0c7af115dca98be78b0439f1a0062d2c8e6e399a26cb87563
This is ApacheBench, Version 2.3 <$Revision: 1807734 $>
Copyright 1996 Adam Twiss, Zeus Technology Ltd, http://www.zeustech.net/
Licensed to The Apache Software Foundation, http://www.apache.org/

Benchmarking localhost (be patient)


Server Software:        Apache/2.4.41
Server Hostname:        localhost
Server Port:            8080

Document Path:          /
Document Length:        45 bytes

Concurrency Level:      50
Time taken for tests:   9.037 seconds
Complete requests:      100000
Failed requests:        0
Keep-Alive requests:    99032
Total transferred:      32457429 bytes
HTML transferred:       4500000 bytes
Requests per second:    11066.20 [#/sec] (mean)
Time per request:       4.518 [ms] (mean)
Time per request:       0.090 [ms] (mean, across all concurrent requests)
Transfer rate:          3507.62 [Kbytes/sec] received

Connection Times (ms)
              min  mean[+/-sd] median   max
Connect:        0    0   0.2      0       7
Processing:     0    5   3.3      4      85
Waiting:        0    4   3.2      4      85
Total:          0    5   3.3      4      86

Percentage of the requests served within a certain time (ms)
  50%      4
  66%      5
  75%      6
  80%      7
  90%      8
  95%     10
  98%     13
  99%     15
 100%     86 (longest request)
httpd-server
Default-Httpd-Server
[httpd] [INFO] Test clear docker image:
[httpd] 
[httpd] [INFO] clear package version:
[httpd] 
Server version: Apache/2.4.41 (Unix)
Server built:   Aug 15 2019 15:40:05
8c66f08ac50849e828f8402767e4d8c1c132ae2fd6607147a8fe4ed569adf0a3
This is ApacheBench, Version 2.3 <$Revision: 1807734 $>
Copyright 1996 Adam Twiss, Zeus Technology Ltd, http://www.zeustech.net/
Licensed to The Apache Software Foundation, http://www.apache.org/

Benchmarking localhost (be patient)


Server Software:        Apache/2.4.41
Server Hostname:        localhost
Server Port:            8080

Document Path:          /
Document Length:        45 bytes

Concurrency Level:      50
Time taken for tests:   12.540 seconds
Complete requests:      100000
Failed requests:        93
   (Connect: 0, Receive: 0, Length: 93, Exceptions: 0)
Keep-Alive requests:    98982
Total transferred:      32456913 bytes
HTML transferred:       4495815 bytes
Requests per second:    7974.62 [#/sec] (mean)
Time per request:       6.270 [ms] (mean)
Time per request:       0.125 [ms] (mean, across all concurrent requests)
Transfer rate:          2527.65 [Kbytes/sec] received

Connection Times (ms)
              min  mean[+/-sd] median   max
Connect:        0    0   0.2      0      11
Processing:     0    6   4.0      6      65
Waiting:        0    6   4.0      6      65
Total:          0    6   4.0      6      72

Percentage of the requests served within a certain time (ms)
  50%      6
  66%      7
  75%      8
  80%      9
  90%     11
  95%     14
  98%     16
  99%     18
 100%     72 (longest request)
httpd-server
Clr-Httpd-Server
