mariadb/mariadb.sh
[mariadb] 
[mariadb] == mariadb unit test ==
employees_db/._load_departments.dump
employees_db/load_departments.dump
employees_db/load_dept_emp.dump
employees_db/._load_dept_manager.dump
employees_db/load_dept_manager.dump
employees_db/._load_employees.dump
employees_db/load_employees.dump
employees_db/._load_salaries.dump
employees_db/load_salaries.dump
employees_db/._load_titles.dump
employees_db/load_titles.dump
employees_db/._employees.sql
employees_db/employees.sql
employees_db/employees_partitioned.sql
employees_db/._employees_partitioned2.sql
employees_db/employees_partitioned2.sql
employees_db/employees_partitioned3.sql
employees_db/objects.sql
employees_db/test_employees_md5.sql
employees_db/test_employees_sha.sql
employees_db/Changelog
employees_db/._README
employees_db/README
[mariadb] [INFO] Test docker hub official image first:
[mariadb] 
fd02afcbb9d9feda963bd68e79442410e5b5341de32eaa737182bacb4281ac99
+-----------------------------+
| INFO                        |
+-----------------------------+
| CREATING DATABASE STRUCTURE |
+-----------------------------+
+------------------------+
| INFO                   |
+------------------------+
| storage engine: InnoDB |
+------------------------+
+---------------------+
| INFO                |
+---------------------+
| LOADING departments |
+---------------------+
+-------------------+
| INFO              |
+-------------------+
| LOADING employees |
+-------------------+
+------------------+
| INFO             |
+------------------+
| LOADING dept_emp |
+------------------+
+----------------------+
| INFO                 |
+----------------------+
| LOADING dept_manager |
+----------------------+
+----------------+
| INFO           |
+----------------+
| LOADING titles |
+----------------+
+------------------+
| INFO             |
+------------------+
| LOADING salaries |
+------------------+
[mariadb] [INFO] Starting the mysqlslap test, it may take a while, please be patient ...:
[mariadb] 
Benchmark
	Average number of seconds to run all queries: 1.483 seconds
	Minimum number of seconds to run all queries: 0.481 seconds
	Maximum number of seconds to run all queries: 8.217 seconds
	Number of clients running queries: 1
	Average number of queries per client: 1000

mariadbtest
Default-Mariadb
[mariadb] [INFO] Test clear docker image:
[mariadb] 
f05a7f0ef401988d58a4c627de55ef8854fbb1e3dcc92db3720a93ddba10e78b
+-----------------------------+
| INFO                        |
+-----------------------------+
| CREATING DATABASE STRUCTURE |
+-----------------------------+
+------------------------+
| INFO                   |
+------------------------+
| storage engine: InnoDB |
+------------------------+
+---------------------+
| INFO                |
+---------------------+
| LOADING departments |
+---------------------+
+-------------------+
| INFO              |
+-------------------+
| LOADING employees |
+-------------------+
+------------------+
| INFO             |
+------------------+
| LOADING dept_emp |
+------------------+
+----------------------+
| INFO                 |
+----------------------+
| LOADING dept_manager |
+----------------------+
+----------------+
| INFO           |
+----------------+
| LOADING titles |
+----------------+
+------------------+
| INFO             |
+------------------+
| LOADING salaries |
+------------------+
[mariadb] [INFO] Starting the mysqlslap test, it may take a while, please be patient ...:
[mariadb] 
Benchmark
	Average number of seconds to run all queries: 0.523 seconds
	Minimum number of seconds to run all queries: 0.481 seconds
	Maximum number of seconds to run all queries: 0.677 seconds
	Number of clients running queries: 1
	Average number of queries per client: 1000

mariadbtest
Clr-Mariadb
