mariadb/mariadb.sh
[mariadb] 
[mariadb] == mariadb unit test ==
employees_db/._load_departments.dump
employees_db/load_departments.dump
employees_db/load_dept_emp.dump
employees_db/._load_dept_manager.dump
employees_db/load_dept_manager.dump
employees_db/._load_employees.dump
employees_db/load_employees.dump
employees_db/._load_salaries.dump
employees_db/load_salaries.dump
employees_db/._load_titles.dump
employees_db/load_titles.dump
employees_db/._employees.sql
employees_db/employees.sql
employees_db/employees_partitioned.sql
employees_db/._employees_partitioned2.sql
employees_db/employees_partitioned2.sql
employees_db/employees_partitioned3.sql
employees_db/objects.sql
employees_db/test_employees_md5.sql
employees_db/test_employees_sha.sql
employees_db/Changelog
employees_db/._README
employees_db/README
[mariadb] [INFO] Test docker hub official image first:
[mariadb] 
[mariadb] [INFO] default package version:
[mariadb] 
mysqld  Ver 10.4.7-MariaDB-1:10.4.7+maria~bionic for debian-linux-gnu on x86_64 (mariadb.org binary distribution)
395c22e897c99ac986aeef9c84e91be1ea6b2a5e21e0d23c896f11862213ce14
+-----------------------------+
| INFO                        |
+-----------------------------+
| CREATING DATABASE STRUCTURE |
+-----------------------------+
+------------------------+
| INFO                   |
+------------------------+
| storage engine: InnoDB |
+------------------------+
+---------------------+
| INFO                |
+---------------------+
| LOADING departments |
+---------------------+
+-------------------+
| INFO              |
+-------------------+
| LOADING employees |
+-------------------+
+------------------+
| INFO             |
+------------------+
| LOADING dept_emp |
+------------------+
+----------------------+
| INFO                 |
+----------------------+
| LOADING dept_manager |
+----------------------+
+----------------+
| INFO           |
+----------------+
| LOADING titles |
+----------------+
+------------------+
| INFO             |
+------------------+
| LOADING salaries |
+------------------+
[mariadb] [INFO] Starting the mysqlslap test, it may take a while, please be patient ...:
[mariadb] 
Benchmark
	Average number of seconds to run all queries: 1.512 seconds
	Minimum number of seconds to run all queries: 1.229 seconds
	Maximum number of seconds to run all queries: 1.890 seconds
	Number of clients running queries: 1
	Average number of queries per client: 1000

mariadbtest
Default-Mariadb
[mariadb] [INFO] Test clear docker image:
[mariadb] 
[mariadb] [INFO] clear package version:
[mariadb] 
mysqld  Ver 10.4.6-MariaDB for Linux on x86_64 (MariaDB Server)
d4ae0e33834d5517607b7e532301c01ef44aeadb1ce3722c0ecbeae474ef854b
+-----------------------------+
| INFO                        |
+-----------------------------+
| CREATING DATABASE STRUCTURE |
+-----------------------------+
+------------------------+
| INFO                   |
+------------------------+
| storage engine: InnoDB |
+------------------------+
+---------------------+
| INFO                |
+---------------------+
| LOADING departments |
+---------------------+
+-------------------+
| INFO              |
+-------------------+
| LOADING employees |
+-------------------+
+------------------+
| INFO             |
+------------------+
| LOADING dept_emp |
+------------------+
+----------------------+
| INFO                 |
+----------------------+
| LOADING dept_manager |
+----------------------+
+----------------+
| INFO           |
+----------------+
| LOADING titles |
+----------------+
+------------------+
| INFO             |
+------------------+
| LOADING salaries |
+------------------+
[mariadb] [INFO] Starting the mysqlslap test, it may take a while, please be patient ...:
[mariadb] 
Benchmark
	Average number of seconds to run all queries: 1.423 seconds
	Minimum number of seconds to run all queries: 1.129 seconds
	Maximum number of seconds to run all queries: 1.715 seconds
	Number of clients running queries: 1
	Average number of queries per client: 1000

mariadbtest
Clr-Mariadb
