mariadb/mariadb.sh
[mariadb] 
[mariadb] == mariadb unit test ==
employees_db/._load_departments.dump
employees_db/load_departments.dump
employees_db/load_dept_emp.dump
employees_db/._load_dept_manager.dump
employees_db/load_dept_manager.dump
employees_db/._load_employees.dump
employees_db/load_employees.dump
employees_db/._load_salaries.dump
employees_db/load_salaries.dump
employees_db/._load_titles.dump
employees_db/load_titles.dump
employees_db/._employees.sql
employees_db/employees.sql
employees_db/employees_partitioned.sql
employees_db/._employees_partitioned2.sql
employees_db/employees_partitioned2.sql
employees_db/employees_partitioned3.sql
employees_db/objects.sql
employees_db/test_employees_md5.sql
employees_db/test_employees_sha.sql
employees_db/Changelog
employees_db/._README
employees_db/README
[mariadb] [INFO] Test docker hub official image first:
[mariadb] 
[mariadb] [INFO] default package version:
[mariadb] 
mysqld  Ver 10.4.7-MariaDB-1:10.4.7+maria~bionic for debian-linux-gnu on x86_64 (mariadb.org binary distribution)
1bc9f9c03e5bd32269d0c1c69a4af16f330ca8cc89dfb013294929113321a951
+-----------------------------+
| INFO                        |
+-----------------------------+
| CREATING DATABASE STRUCTURE |
+-----------------------------+
+------------------------+
| INFO                   |
+------------------------+
| storage engine: InnoDB |
+------------------------+
+---------------------+
| INFO                |
+---------------------+
| LOADING departments |
+---------------------+
+-------------------+
| INFO              |
+-------------------+
| LOADING employees |
+-------------------+
+------------------+
| INFO             |
+------------------+
| LOADING dept_emp |
+------------------+
+----------------------+
| INFO                 |
+----------------------+
| LOADING dept_manager |
+----------------------+
+----------------+
| INFO           |
+----------------+
| LOADING titles |
+----------------+
+------------------+
| INFO             |
+------------------+
| LOADING salaries |
+------------------+
[mariadb] [INFO] Starting the mysqlslap test, it may take a while, please be patient ...:
[mariadb] 
Benchmark
	Average number of seconds to run all queries: 1.563 seconds
	Minimum number of seconds to run all queries: 1.263 seconds
	Maximum number of seconds to run all queries: 1.733 seconds
	Number of clients running queries: 1
	Average number of queries per client: 1000

mariadbtest
Default-Mariadb
[mariadb] [INFO] Test clear docker image:
[mariadb] 
[mariadb] [INFO] clear package version:
[mariadb] 
mysqld  Ver 10.4.6-MariaDB for Linux on x86_64 (MariaDB Server)
29209d7200f1a8b62d07df7fe7b816f496d6955427242d0f0918a1be6f6afcb4
+-----------------------------+
| INFO                        |
+-----------------------------+
| CREATING DATABASE STRUCTURE |
+-----------------------------+
+------------------------+
| INFO                   |
+------------------------+
| storage engine: InnoDB |
+------------------------+
+---------------------+
| INFO                |
+---------------------+
| LOADING departments |
+---------------------+
+-------------------+
| INFO              |
+-------------------+
| LOADING employees |
+-------------------+
+------------------+
| INFO             |
+------------------+
| LOADING dept_emp |
+------------------+
+----------------------+
| INFO                 |
+----------------------+
| LOADING dept_manager |
+----------------------+
+----------------+
| INFO           |
+----------------+
| LOADING titles |
+----------------+
+------------------+
| INFO             |
+------------------+
| LOADING salaries |
+------------------+
[mariadb] [INFO] Starting the mysqlslap test, it may take a while, please be patient ...:
[mariadb] 
Benchmark
	Average number of seconds to run all queries: 1.413 seconds
	Minimum number of seconds to run all queries: 1.194 seconds
	Maximum number of seconds to run all queries: 1.690 seconds
	Number of clients running queries: 1
	Average number of queries per client: 1000

mariadbtest
Clr-Mariadb
