nginx/nginx.sh
[nginx] 
[nginx] == nginx unit test ==
Reading package lists...
Building dependency tree...
Reading state information...
apache2 is already the newest version (2.4.29-1ubuntu4.10).
0 upgraded, 0 newly installed, 0 to remove and 33 not upgraded.
[nginx] [INFO] Test docker hub official image first:
[nginx] 
[nginx] [INFO] default package version:
[nginx] 
caa50988b264c11e6462b1ec835d3d9b728e4db223d14ce81d2fc87742b50dbf
This is ApacheBench, Version 2.3 <$Revision: 1807734 $>
Copyright 1996 Adam Twiss, Zeus Technology Ltd, http://www.zeustech.net/
Licensed to The Apache Software Foundation, http://www.apache.org/

Benchmarking localhost (be patient)


Server Software:        nginx/1.17.3
Server Hostname:        localhost
Server Port:            8080

Document Path:          /
Document Length:        612 bytes

Concurrency Level:      50
Time taken for tests:   10.505 seconds
Complete requests:      100000
Failed requests:        0
Keep-Alive requests:    99024
Total transferred:      84995120 bytes
HTML transferred:       61200000 bytes
Requests per second:    9518.88 [#/sec] (mean)
Time per request:       5.253 [ms] (mean)
Time per request:       0.105 [ms] (mean, across all concurrent requests)
Transfer rate:          7900.96 [Kbytes/sec] received

Connection Times (ms)
              min  mean[+/-sd] median   max
Connect:        0    0   0.1      0       8
Processing:     1    5   2.5      5     160
Waiting:        1    5   2.5      5     160
Total:          1    5   2.5      5     161

Percentage of the requests served within a certain time (ms)
  50%      5
  66%      6
  75%      6
  80%      6
  90%      7
  95%      8
  98%      9
  99%     11
 100%    161 (longest request)
nginx-server
Default-Nginx-Server
[nginx] [INFO] Test clear docker image:
[nginx] 
[nginx] [INFO] clear package version:
[nginx] 
8db0753e23bbb284352ab836d3c227eb87767db4d2fdc975e43ab00bb18aa4d7
This is ApacheBench, Version 2.3 <$Revision: 1807734 $>
Copyright 1996 Adam Twiss, Zeus Technology Ltd, http://www.zeustech.net/
Licensed to The Apache Software Foundation, http://www.apache.org/

Benchmarking localhost (be patient)


Server Software:        nginx/1.17.3
Server Hostname:        localhost
Server Port:            8080

Document Path:          /
Document Length:        612 bytes

Concurrency Level:      50
Time taken for tests:   3.854 seconds
Complete requests:      100000
Failed requests:        0
Keep-Alive requests:    99020
Total transferred:      84995100 bytes
HTML transferred:       61200000 bytes
Requests per second:    25947.28 [#/sec] (mean)
Time per request:       1.927 [ms] (mean)
Time per request:       0.039 [ms] (mean, across all concurrent requests)
Transfer rate:          21537.03 [Kbytes/sec] received

Connection Times (ms)
              min  mean[+/-sd] median   max
Connect:        0    0   0.2      0       8
Processing:     0    2   1.5      2      74
Waiting:        0    2   1.5      2      74
Total:          0    2   1.5      2      77

Percentage of the requests served within a certain time (ms)
  50%      2
  66%      2
  75%      2
  80%      3
  90%      4
  95%      4
  98%      5
  99%      6
 100%     77 (longest request)
nginx-server
Clr-Nginx-Server
