nginx/nginx.sh
[nginx] 
[nginx] == nginx unit test ==
Reading package lists...
Building dependency tree...
Reading state information...
apache2 is already the newest version (2.4.29-1ubuntu4.10).
0 upgraded, 0 newly installed, 0 to remove and 33 not upgraded.
[nginx] [INFO] Test docker hub official image first:
[nginx] 
[nginx] [INFO] default package version:
[nginx] 
eaa33e897c380f1841ddb5eb60922185ffa657b6ca94903afe27ab71d286fea0
This is ApacheBench, Version 2.3 <$Revision: 1807734 $>
Copyright 1996 Adam Twiss, Zeus Technology Ltd, http://www.zeustech.net/
Licensed to The Apache Software Foundation, http://www.apache.org/

Benchmarking localhost (be patient)


Server Software:        nginx/1.17.3
Server Hostname:        localhost
Server Port:            8080

Document Path:          /
Document Length:        612 bytes

Concurrency Level:      50
Time taken for tests:   10.034 seconds
Complete requests:      100000
Failed requests:        0
Keep-Alive requests:    99024
Total transferred:      84995120 bytes
HTML transferred:       61200000 bytes
Requests per second:    9966.14 [#/sec] (mean)
Time per request:       5.017 [ms] (mean)
Time per request:       0.100 [ms] (mean, across all concurrent requests)
Transfer rate:          8272.20 [Kbytes/sec] received

Connection Times (ms)
              min  mean[+/-sd] median   max
Connect:        0    0   0.1      0       4
Processing:     1    5   2.3      5     135
Waiting:        1    5   2.3      5     135
Total:          1    5   2.3      5     138

Percentage of the requests served within a certain time (ms)
  50%      5
  66%      5
  75%      6
  80%      6
  90%      7
  95%      8
  98%      9
  99%     10
 100%    138 (longest request)
nginx-server
Default-Nginx-Server
[nginx] [INFO] Test clear docker image:
[nginx] 
[nginx] [INFO] clear package version:
[nginx] 
c1a3b19ee3c6a946867685c6ec2fbcf4acf499bb8a213f049251277b34e91014
This is ApacheBench, Version 2.3 <$Revision: 1807734 $>
Copyright 1996 Adam Twiss, Zeus Technology Ltd, http://www.zeustech.net/
Licensed to The Apache Software Foundation, http://www.apache.org/

Benchmarking localhost (be patient)


Server Software:        nginx/1.17.3
Server Hostname:        localhost
Server Port:            8080

Document Path:          /
Document Length:        612 bytes

Concurrency Level:      50
Time taken for tests:   4.017 seconds
Complete requests:      100000
Failed requests:        0
Keep-Alive requests:    99022
Total transferred:      84995110 bytes
HTML transferred:       61200000 bytes
Requests per second:    24896.88 [#/sec] (mean)
Time per request:       2.008 [ms] (mean)
Time per request:       0.040 [ms] (mean, across all concurrent requests)
Transfer rate:          20665.16 [Kbytes/sec] received

Connection Times (ms)
              min  mean[+/-sd] median   max
Connect:        0    0   0.2      0       7
Processing:     0    2   1.7      2      82
Waiting:        0    2   1.6      2      82
Total:          0    2   1.7      2      85

Percentage of the requests served within a certain time (ms)
  50%      2
  66%      2
  75%      3
  80%      3
  90%      4
  95%      4
  98%      5
  99%      6
 100%     85 (longest request)
nginx-server
Clr-Nginx-Server
