nginx/nginx.sh
[nginx] 
[nginx] == nginx unit test ==
Reading package lists...
Building dependency tree...
Reading state information...
apache2 is already the newest version (2.4.29-1ubuntu4.6).
The following packages were automatically installed and are no longer required:
  libopts25 sntp
Use 'sudo apt autoremove' to remove them.
0 upgraded, 0 newly installed, 0 to remove and 31 not upgraded.
[nginx] [INFO] Test docker hub official image first:
[nginx] 
b276c51e429e07c9313c0b839e5e478e85d028b17feae707f1d8e6d50609c61a
This is ApacheBench, Version 2.3 <$Revision: 1807734 $>
Copyright 1996 Adam Twiss, Zeus Technology Ltd, http://www.zeustech.net/
Licensed to The Apache Software Foundation, http://www.apache.org/

Benchmarking localhost (be patient)


Server Software:        nginx/1.17.0
Server Hostname:        localhost
Server Port:            8080

Document Path:          /
Document Length:        612 bytes

Concurrency Level:      50
Time taken for tests:   4.582 seconds
Complete requests:      100000
Failed requests:        0
Keep-Alive requests:    99024
Total transferred:      84995120 bytes
HTML transferred:       61200000 bytes
Requests per second:    21822.79 [#/sec] (mean)
Time per request:       2.291 [ms] (mean)
Time per request:       0.046 [ms] (mean, across all concurrent requests)
Transfer rate:          18113.58 [Kbytes/sec] received

Connection Times (ms)
              min  mean[+/-sd] median   max
Connect:        0    0   0.0      0       2
Processing:     0    2   1.2      2      82
Waiting:        0    2   1.2      2      82
Total:          0    2   1.2      2      83

Percentage of the requests served within a certain time (ms)
  50%      2
  66%      2
  75%      3
  80%      3
  90%      3
  95%      3
  98%      3
  99%      3
 100%     83 (longest request)
nginx-server
Default-Nginx-Server
[nginx] [INFO] Test clear docker image:
[nginx] 
ef22aa51145a60533032b633f0965103126a3346bc9740ab0c7c7748b568ada4
This is ApacheBench, Version 2.3 <$Revision: 1807734 $>
Copyright 1996 Adam Twiss, Zeus Technology Ltd, http://www.zeustech.net/
Licensed to The Apache Software Foundation, http://www.apache.org/

Benchmarking localhost (be patient)


Server Software:        nginx/1.14.2
Server Hostname:        localhost
Server Port:            8088

Document Path:          /
Document Length:        794 bytes

Concurrency Level:      50
Time taken for tests:   2.106 seconds
Complete requests:      100000
Failed requests:        0
Keep-Alive requests:    99025
Total transferred:      103195125 bytes
HTML transferred:       79400000 bytes
Requests per second:    47478.65 [#/sec] (mean)
Time per request:       1.053 [ms] (mean)
Time per request:       0.021 [ms] (mean, across all concurrent requests)
Transfer rate:          47847.31 [Kbytes/sec] received

Connection Times (ms)
              min  mean[+/-sd] median   max
Connect:        0    0   0.0      0       1
Processing:     0    1   1.0      1      29
Waiting:        0    1   1.0      1      29
Total:          0    1   1.0      1      30

Percentage of the requests served within a certain time (ms)
  50%      1
  66%      1
  75%      1
  80%      1
  90%      1
  95%      3
  98%      4
  99%      5
 100%     30 (longest request)
clr-nginx-server
Clr-Nginx-Server
