nginx/nginx.sh
[nginx] 
[nginx] == nginx unit test ==
Reading package lists...
Building dependency tree...
Reading state information...
apache2 is already the newest version (2.4.29-1ubuntu4.10).
0 upgraded, 0 newly installed, 0 to remove and 33 not upgraded.
[nginx] [INFO] Test docker hub official image first:
[nginx] 
[nginx] [INFO] default package version:
[nginx] 
5dbdfebdd2d69bf23e7dd0105c14066c69e47739dd8d7868042f8bcae815d0c1
This is ApacheBench, Version 2.3 <$Revision: 1807734 $>
Copyright 1996 Adam Twiss, Zeus Technology Ltd, http://www.zeustech.net/
Licensed to The Apache Software Foundation, http://www.apache.org/

Benchmarking localhost (be patient)


Server Software:        nginx/1.17.3
Server Hostname:        localhost
Server Port:            8080

Document Path:          /
Document Length:        612 bytes

Concurrency Level:      50
Time taken for tests:   11.867 seconds
Complete requests:      100000
Failed requests:        0
Keep-Alive requests:    99024
Total transferred:      84995120 bytes
HTML transferred:       61200000 bytes
Requests per second:    8426.54 [#/sec] (mean)
Time per request:       5.934 [ms] (mean)
Time per request:       0.119 [ms] (mean, across all concurrent requests)
Transfer rate:          6994.29 [Kbytes/sec] received

Connection Times (ms)
              min  mean[+/-sd] median   max
Connect:        0    0   0.1      0      12
Processing:     1    6   3.0      5     172
Waiting:        1    6   3.0      5     172
Total:          1    6   3.1      5     174

Percentage of the requests served within a certain time (ms)
  50%      5
  66%      6
  75%      7
  80%      7
  90%      9
  95%     10
  98%     12
  99%     13
 100%    174 (longest request)
nginx-server
Default-Nginx-Server
[nginx] [INFO] Test clear docker image:
[nginx] 
[nginx] [INFO] clear package version:
[nginx] 
049c4fceca587e7a85a9875a69471bd2e7d09b11aa9378eec9463d8b639bc872
This is ApacheBench, Version 2.3 <$Revision: 1807734 $>
Copyright 1996 Adam Twiss, Zeus Technology Ltd, http://www.zeustech.net/
Licensed to The Apache Software Foundation, http://www.apache.org/

Benchmarking localhost (be patient)


Server Software:        nginx/1.17.3
Server Hostname:        localhost
Server Port:            8080

Document Path:          /
Document Length:        612 bytes

Concurrency Level:      50
Time taken for tests:   3.611 seconds
Complete requests:      100000
Failed requests:        0
Keep-Alive requests:    99023
Total transferred:      84995115 bytes
HTML transferred:       61200000 bytes
Requests per second:    27693.94 [#/sec] (mean)
Time per request:       1.805 [ms] (mean)
Time per request:       0.036 [ms] (mean, across all concurrent requests)
Transfer rate:          22986.81 [Kbytes/sec] received

Connection Times (ms)
              min  mean[+/-sd] median   max
Connect:        0    0   0.2      0      11
Processing:     0    2   1.2      1      53
Waiting:        0    2   1.2      1      53
Total:          0    2   1.3      1      57

Percentage of the requests served within a certain time (ms)
  50%      1
  66%      2
  75%      2
  80%      3
  90%      3
  95%      4
  98%      5
  99%      6
 100%     57 (longest request)
nginx-server
Clr-Nginx-Server
