nginx/nginx.sh
[nginx] 
[nginx] == nginx unit test ==
Reading package lists...
Building dependency tree...
Reading state information...
apache2 is already the newest version (2.4.29-1ubuntu4.10).
0 upgraded, 0 newly installed, 0 to remove and 33 not upgraded.
[nginx] [INFO] Test docker hub official image first:
[nginx] 
[nginx] [INFO] default package version:
[nginx] 
90093b8bf8cd9f26bdab832d1a676b29bad87009b824b2f90bca9a50e057d5d7
This is ApacheBench, Version 2.3 <$Revision: 1807734 $>
Copyright 1996 Adam Twiss, Zeus Technology Ltd, http://www.zeustech.net/
Licensed to The Apache Software Foundation, http://www.apache.org/

Benchmarking localhost (be patient)


Server Software:        nginx/1.17.3
Server Hostname:        localhost
Server Port:            8080

Document Path:          /
Document Length:        612 bytes

Concurrency Level:      50
Time taken for tests:   10.709 seconds
Complete requests:      100000
Failed requests:        0
Keep-Alive requests:    99023
Total transferred:      84995115 bytes
HTML transferred:       61200000 bytes
Requests per second:    9337.78 [#/sec] (mean)
Time per request:       5.355 [ms] (mean)
Time per request:       0.107 [ms] (mean, across all concurrent requests)
Transfer rate:          7750.64 [Kbytes/sec] received

Connection Times (ms)
              min  mean[+/-sd] median   max
Connect:        0    0   0.1      0       8
Processing:     1    5   2.6      5     151
Waiting:        1    5   2.6      5     151
Total:          1    5   2.6      5     152

Percentage of the requests served within a certain time (ms)
  50%      5
  66%      6
  75%      6
  80%      6
  90%      7
  95%      8
  98%     10
  99%     11
 100%    152 (longest request)
nginx-server
Default-Nginx-Server
[nginx] [INFO] Test clear docker image:
[nginx] 
[nginx] [INFO] clear package version:
[nginx] 
74b4e726dbe94f8c53c0ac8de444506aa4047ca99b90c0d7c4003a6b62567dfc
This is ApacheBench, Version 2.3 <$Revision: 1807734 $>
Copyright 1996 Adam Twiss, Zeus Technology Ltd, http://www.zeustech.net/
Licensed to The Apache Software Foundation, http://www.apache.org/

Benchmarking localhost (be patient)


Server Software:        nginx/1.17.3
Server Hostname:        localhost
Server Port:            8080

Document Path:          /
Document Length:        612 bytes

Concurrency Level:      50
Time taken for tests:   4.095 seconds
Complete requests:      100000
Failed requests:        0
Keep-Alive requests:    99025
Total transferred:      84995125 bytes
HTML transferred:       61200000 bytes
Requests per second:    24422.70 [#/sec] (mean)
Time per request:       2.047 [ms] (mean)
Time per request:       0.041 [ms] (mean, across all concurrent requests)
Transfer rate:          20271.59 [Kbytes/sec] received

Connection Times (ms)
              min  mean[+/-sd] median   max
Connect:        0    0   0.2      0       9
Processing:     0    2   1.5      2      67
Waiting:        0    2   1.5      2      66
Total:          0    2   1.6      2      72

Percentage of the requests served within a certain time (ms)
  50%      2
  66%      2
  75%      3
  80%      3
  90%      4
  95%      4
  98%      6
  99%      6
 100%     72 (longest request)
nginx-server
Clr-Nginx-Server
