openjdk/openjdk.sh
[openjdk] 
[openjdk] == openjdk performance test in container ==
[openjdk] [INFO] generating benchmarks.jar by maven tool first:
[openjdk] 
[openjdk] [INFO] Test docker hub official image first:
[openjdk] 
[openjdk] [INFO] default package version:
[openjdk] 
# VM invoker: /usr/local/openjdk-8/bin/java
# VM options: <none>
# Warmup: 20 iterations, 1 s each
# Measurement: 20 iterations, 1 s each
# Threads: 1 thread, will synchronize iterations
# Benchmark mode: Throughput, ops/time
# Benchmark: org.sample.MyBenchmark.testMethod

# Run progress: 0.00% complete, ETA 00:06:40
# Fork: 1 of 10
# Warmup Iteration   1: 2172026880.956 ops/s
# Warmup Iteration   2: 2442303278.364 ops/s
# Warmup Iteration   3: 2513646514.728 ops/s
# Warmup Iteration   4: 2507738706.220 ops/s
# Warmup Iteration   5: 2287769578.832 ops/s
# Warmup Iteration   6: 2493786554.273 ops/s
# Warmup Iteration   7: 2493619372.411 ops/s
# Warmup Iteration   8: 2183094147.270 ops/s
# Warmup Iteration   9: 2508450093.425 ops/s
# Warmup Iteration  10: 2496703880.696 ops/s
# Warmup Iteration  11: 2534820338.516 ops/s
# Warmup Iteration  12: 2481822789.597 ops/s
# Warmup Iteration  13: 2468199999.862 ops/s
# Warmup Iteration  14: 2500836756.726 ops/s
# Warmup Iteration  15: 2513981442.540 ops/s
# Warmup Iteration  16: 2512727562.990 ops/s
# Warmup Iteration  17: 2449028748.801 ops/s
# Warmup Iteration  18: 2515691856.430 ops/s
# Warmup Iteration  19: 2480349169.144 ops/s
# Warmup Iteration  20: 2491916697.850 ops/s
Iteration   1: 2508348975.569 ops/s
Iteration   2: 2498224523.026 ops/s
Iteration   3: 2503285226.706 ops/s
Iteration   4: 2527424422.482 ops/s
Iteration   5: 2438745110.512 ops/s
Iteration   6: 2512654380.179 ops/s
Iteration   7: 2530547760.226 ops/s
Iteration   8: 2508693324.100 ops/s
Iteration   9: 2494914221.977 ops/s
Iteration  10: 2443310461.688 ops/s
Iteration  11: 2535996103.815 ops/s
Iteration  12: 2463155891.213 ops/s
Iteration  13: 2441001983.252 ops/s
Iteration  14: 2456419297.439 ops/s
Iteration  15: 2479221603.350 ops/s
Iteration  16: 2485454752.011 ops/s
Iteration  17: 2475120647.763 ops/s
Iteration  18: 2483516070.593 ops/s
Iteration  19: 2535971149.801 ops/s
Iteration  20: 2455414064.983 ops/s

# Run progress: 10.00% complete, ETA 00:07:19
# Fork: 2 of 10
# Warmup Iteration   1: 1738036264.202 ops/s
# Warmup Iteration   2: 2162597423.193 ops/s
# Warmup Iteration   3: 2455015148.981 ops/s
# Warmup Iteration   4: 2258882874.181 ops/s
# Warmup Iteration   5: 2458708401.262 ops/s
# Warmup Iteration   6: 2521143940.814 ops/s
# Warmup Iteration   7: 2471329245.414 ops/s
# Warmup Iteration   8: 2531029866.984 ops/s
# Warmup Iteration   9: 2454424826.356 ops/s
# Warmup Iteration  10: 2536096498.898 ops/s
# Warmup Iteration  11: 2453199060.065 ops/s
# Warmup Iteration  12: 2521666018.290 ops/s
# Warmup Iteration  13: 2484857907.765 ops/s
# Warmup Iteration  14: 2415960118.095 ops/s
# Warmup Iteration  15: 2502781162.922 ops/s
# Warmup Iteration  16: 2475809639.344 ops/s
# Warmup Iteration  17: 2514800883.515 ops/s
# Warmup Iteration  18: 2496088031.948 ops/s
# Warmup Iteration  19: 2466675793.464 ops/s
# Warmup Iteration  20: 2486044180.117 ops/s
Iteration   1: 2530454434.794 ops/s
Iteration   2: 1016235944.493 ops/s
Iteration   3: 1014029397.849 ops/s
Iteration   4: 1066789776.423 ops/s
Iteration   5: 1024076636.678 ops/s
Iteration   6: 1156976494.193 ops/s
Iteration   7: 2402532105.553 ops/s
Iteration   8: 2460612951.747 ops/s
Iteration   9: 2470004405.518 ops/s
Iteration  10: 2528271013.132 ops/s
Iteration  11: 2492495263.025 ops/s
Iteration  12: 2470331102.532 ops/s
Iteration  13: 2510109227.138 ops/s
Iteration  14: 2433329045.050 ops/s
Iteration  15: 2477372061.945 ops/s
Iteration  16: 2499872575.179 ops/s
Iteration  17: 2431963826.746 ops/s
Iteration  18: 2470086850.515 ops/s
Iteration  19: 2430656300.171 ops/s
Iteration  20: 2475949804.498 ops/s

# Run progress: 20.00% complete, ETA 00:06:30
# Fork: 3 of 10
# Warmup Iteration   1: 2142432048.306 ops/s
# Warmup Iteration   2: 2479109908.981 ops/s
# Warmup Iteration   3: 2467115321.605 ops/s
# Warmup Iteration   4: 2501440662.509 ops/s
# Warmup Iteration   5: 2509348000.378 ops/s
# Warmup Iteration   6: 2461036348.944 ops/s
# Warmup Iteration   7: 2467587047.720 ops/s
# Warmup Iteration   8: 2492467552.884 ops/s
# Warmup Iteration   9: 2433521309.620 ops/s
# Warmup Iteration  10: 2508330885.438 ops/s
# Warmup Iteration  11: 2478864019.178 ops/s
# Warmup Iteration  12: 2498732256.257 ops/s
# Warmup Iteration  13: 2483038297.894 ops/s
# Warmup Iteration  14: 2434987048.676 ops/s
# Warmup Iteration  15: 2492041185.741 ops/s
# Warmup Iteration  16: 2471300180.451 ops/s
# Warmup Iteration  17: 2492635670.818 ops/s
# Warmup Iteration  18: 2172010672.681 ops/s
# Warmup Iteration  19: 1115488295.986 ops/s
# Warmup Iteration  20: 1100707334.036 ops/s
Iteration   1: 1053985233.707 ops/s
Iteration   2: 2318027044.537 ops/s
Iteration   3: 2425047316.378 ops/s
Iteration   4: 2436219161.720 ops/s
Iteration   5: 2476696792.098 ops/s
Iteration   6: 2448845330.826 ops/s
Iteration   7: 2517753199.853 ops/s
Iteration   8: 2484496921.921 ops/s
Iteration   9: 2495837030.783 ops/s
Iteration  10: 2584120138.032 ops/s
Iteration  11: 2489498910.121 ops/s
Iteration  12: 2509153936.078 ops/s
Iteration  13: 2483582666.458 ops/s
Iteration  14: 2471236116.301 ops/s
Iteration  15: 2512187655.440 ops/s
Iteration  16: 2462875885.588 ops/s
Iteration  17: 2505835910.274 ops/s
Iteration  18: 2515022462.360 ops/s
Iteration  19: 2481786090.583 ops/s
Iteration  20: 2475376025.208 ops/s

# Run progress: 30.00% complete, ETA 00:05:41
# Fork: 4 of 10
# Warmup Iteration   1: 1929349912.534 ops/s
# Warmup Iteration   2: 2512739454.696 ops/s
# Warmup Iteration   3: 2406078244.492 ops/s
# Warmup Iteration   4: 2496974014.651 ops/s
# Warmup Iteration   5: 2516840686.417 ops/s
# Warmup Iteration   6: 2496680677.455 ops/s
# Warmup Iteration   7: 2256517801.060 ops/s
# Warmup Iteration   8: 2392662206.242 ops/s
# Warmup Iteration   9: 2485388612.415 ops/s
# Warmup Iteration  10: 2498168913.852 ops/s
# Warmup Iteration  11: 2476170048.348 ops/s
# Warmup Iteration  12: 2508358610.283 ops/s
# Warmup Iteration  13: 2463157488.820 ops/s
# Warmup Iteration  14: 2521875467.093 ops/s
# Warmup Iteration  15: 2490120979.555 ops/s
# Warmup Iteration  16: 2484322744.879 ops/s
# Warmup Iteration  17: 2462754890.683 ops/s
# Warmup Iteration  18: 2495833531.545 ops/s
# Warmup Iteration  19: 2573821650.799 ops/s
# Warmup Iteration  20: 2502313470.392 ops/s
Iteration   1: 2501706192.942 ops/s
Iteration   2: 2490384075.885 ops/s
Iteration   3: 2423283114.812 ops/s
Iteration   4: 2519620592.813 ops/s
Iteration   5: 2494602752.239 ops/s
Iteration   6: 2460176501.173 ops/s
Iteration   7: 2493248797.103 ops/s
Iteration   8: 2457992373.926 ops/s
Iteration   9: 2443928011.242 ops/s
Iteration  10: 2484583600.814 ops/s
Iteration  11: 2540729107.995 ops/s
Iteration  12: 2551331795.980 ops/s
Iteration  13: 2437466957.544 ops/s
Iteration  14: 2444670993.213 ops/s
Iteration  15: 2467331449.232 ops/s
Iteration  16: 2461192172.336 ops/s
Iteration  17: 2458099640.817 ops/s
Iteration  18: 2485507448.296 ops/s
Iteration  19: 2513693008.517 ops/s
Iteration  20: 2479879374.254 ops/s

# Run progress: 40.00% complete, ETA 00:04:52
# Fork: 5 of 10
# Warmup Iteration   1: 1994815187.420 ops/s
# Warmup Iteration   2: 2499640725.167 ops/s
# Warmup Iteration   3: 2464242787.580 ops/s
# Warmup Iteration   4: 2270978001.812 ops/s
# Warmup Iteration   5: 2498784274.573 ops/s
# Warmup Iteration   6: 2482631245.416 ops/s
# Warmup Iteration   7: 2249419375.086 ops/s
# Warmup Iteration   8: 2501949614.691 ops/s
# Warmup Iteration   9: 2485424525.388 ops/s
# Warmup Iteration  10: 2453393704.468 ops/s
# Warmup Iteration  11: 2447765555.344 ops/s
# Warmup Iteration  12: 2243022239.272 ops/s
# Warmup Iteration  13: 2501109299.220 ops/s
# Warmup Iteration  14: 2511489776.242 ops/s
# Warmup Iteration  15: 2473620723.683 ops/s
# Warmup Iteration  16: 2539958992.986 ops/s
# Warmup Iteration  17: 2454897528.704 ops/s
# Warmup Iteration  18: 2461002875.485 ops/s
# Warmup Iteration  19: 2527638548.757 ops/s
# Warmup Iteration  20: 2385966859.018 ops/s
Iteration   1: 2452484830.530 ops/s
Iteration   2: 2460900176.453 ops/s
Iteration   3: 2459379287.517 ops/s
Iteration   4: 2547268933.886 ops/s
Iteration   5: 2482667222.200 ops/s
Iteration   6: 2510646863.994 ops/s
Iteration   7: 2438482268.973 ops/s
Iteration   8: 2487119487.591 ops/s
Iteration   9: 2456371142.985 ops/s
Iteration  10: 2458501750.127 ops/s
Iteration  11: 2458301106.754 ops/s
Iteration  12: 2438790521.139 ops/s
Iteration  13: 2462701498.091 ops/s
Iteration  14: 2512635284.602 ops/s
Iteration  15: 2424185680.887 ops/s
Iteration  16: 2548656005.485 ops/s
Iteration  17: 2450687593.158 ops/s
Iteration  18: 2505705930.445 ops/s
Iteration  19: 2486527045.120 ops/s
Iteration  20: 2495251036.880 ops/s

# Run progress: 50.00% complete, ETA 00:04:03
# Fork: 6 of 10
# Warmup Iteration   1: 1986976860.086 ops/s
# Warmup Iteration   2: 2416119982.245 ops/s
# Warmup Iteration   3: 2472234999.246 ops/s
# Warmup Iteration   4: 2438985267.219 ops/s
# Warmup Iteration   5: 2387286244.301 ops/s
# Warmup Iteration   6: 2463189925.572 ops/s
# Warmup Iteration   7: 2422601859.815 ops/s
# Warmup Iteration   8: 2440584144.509 ops/s
# Warmup Iteration   9: 2385367368.876 ops/s
# Warmup Iteration  10: 2456023488.624 ops/s
# Warmup Iteration  11: 2475861505.415 ops/s
# Warmup Iteration  12: 2439623037.523 ops/s
# Warmup Iteration  13: 2412321846.779 ops/s
# Warmup Iteration  14: 2430098093.197 ops/s
# Warmup Iteration  15: 2433185112.057 ops/s
# Warmup Iteration  16: 2442660621.542 ops/s
# Warmup Iteration  17: 2414087605.956 ops/s
# Warmup Iteration  18: 2489558731.932 ops/s
# Warmup Iteration  19: 2432509519.634 ops/s
# Warmup Iteration  20: 2243511811.676 ops/s
Iteration   1: 2288532248.387 ops/s
Iteration   2: 2438252548.630 ops/s
Iteration   3: 2194947080.287 ops/s
Iteration   4: 2395588449.384 ops/s
Iteration   5: 2450930940.445 ops/s
Iteration   6: 2490280309.024 ops/s
Iteration   7: 2446000123.476 ops/s
Iteration   8: 2479349421.753 ops/s
Iteration   9: 2503194497.052 ops/s
Iteration  10: 2475936049.284 ops/s
Iteration  11: 2430805406.836 ops/s
Iteration  12: 2366926981.779 ops/s
Iteration  13: 2446172890.747 ops/s
Iteration  14: 2406482635.337 ops/s
Iteration  15: 2496683658.557 ops/s
Iteration  16: 2439507161.186 ops/s
Iteration  17: 2388844982.278 ops/s
Iteration  18: 2462022584.824 ops/s
Iteration  19: 2446977247.419 ops/s
Iteration  20: 2451991707.236 ops/s

# Run progress: 60.00% complete, ETA 00:03:14
# Fork: 7 of 10
# Warmup Iteration   1: 1803244532.165 ops/s
# Warmup Iteration   2: 2389792090.774 ops/s
# Warmup Iteration   3: 2268114206.944 ops/s
# Warmup Iteration   4: 2407506532.135 ops/s
# Warmup Iteration   5: 2457546406.435 ops/s
# Warmup Iteration   6: 2372445407.627 ops/s
# Warmup Iteration   7: 2452193158.727 ops/s
# Warmup Iteration   8: 2481749202.152 ops/s
# Warmup Iteration   9: 2372114136.676 ops/s
# Warmup Iteration  10: 2436553223.996 ops/s
# Warmup Iteration  11: 2463300333.355 ops/s
# Warmup Iteration  12: 2408503326.424 ops/s
# Warmup Iteration  13: 2487696401.725 ops/s
# Warmup Iteration  14: 2406599728.537 ops/s
# Warmup Iteration  15: 2433572331.726 ops/s
# Warmup Iteration  16: 2412073219.600 ops/s
# Warmup Iteration  17: 2364287012.523 ops/s
# Warmup Iteration  18: 2424599936.974 ops/s
# Warmup Iteration  19: 2407763855.883 ops/s
# Warmup Iteration  20: 2490267027.864 ops/s
Iteration   1: 2401914114.582 ops/s
Iteration   2: 2475055219.294 ops/s
Iteration   3: 2439209675.244 ops/s
Iteration   4: 2467419707.528 ops/s
Iteration   5: 2438825169.912 ops/s
Iteration   6: 2416366072.748 ops/s
Iteration   7: 2381797655.593 ops/s
Iteration   8: 2435150704.176 ops/s
Iteration   9: 2189026223.860 ops/s
Iteration  10: 2462814151.072 ops/s
Iteration  11: 2178012639.580 ops/s
Iteration  12: 2470098115.799 ops/s
Iteration  13: 2484648724.964 ops/s
Iteration  14: 2425206747.309 ops/s
Iteration  15: 2470213894.126 ops/s
Iteration  16: 2395290623.136 ops/s
Iteration  17: 2426554344.591 ops/s
Iteration  18: 2450184657.255 ops/s
Iteration  19: 2449340604.018 ops/s
Iteration  20: 2431305014.362 ops/s

# Run progress: 70.00% complete, ETA 00:02:26
# Fork: 8 of 10
# Warmup Iteration   1: 2146465858.922 ops/s
# Warmup Iteration   2: 2403598221.188 ops/s
# Warmup Iteration   3: 2434730058.697 ops/s
# Warmup Iteration   4: 2483839903.076 ops/s
# Warmup Iteration   5: 2535710858.572 ops/s
# Warmup Iteration   6: 2469114187.511 ops/s
# Warmup Iteration   7: 2536135805.184 ops/s
# Warmup Iteration   8: 2509532933.547 ops/s
# Warmup Iteration   9: 2542219907.594 ops/s
# Warmup Iteration  10: 2219566304.184 ops/s
# Warmup Iteration  11: 2415771830.011 ops/s
# Warmup Iteration  12: 2524708386.928 ops/s
# Warmup Iteration  13: 2404278510.848 ops/s
# Warmup Iteration  14: 2461294781.012 ops/s
# Warmup Iteration  15: 2421490375.981 ops/s
# Warmup Iteration  16: 2404779011.493 ops/s
# Warmup Iteration  17: 2421411556.929 ops/s
# Warmup Iteration  18: 2391047030.200 ops/s
# Warmup Iteration  19: 2448590274.686 ops/s
# Warmup Iteration  20: 2482551144.312 ops/s
Iteration   1: 2441486172.304 ops/s
Iteration   2: 2391653781.663 ops/s
Iteration   3: 2485480996.961 ops/s
Iteration   4: 2459602720.364 ops/s
Iteration   5: 2481508034.687 ops/s
Iteration   6: 2473405354.763 ops/s
Iteration   7: 2429332413.125 ops/s
Iteration   8: 2360356167.734 ops/s
Iteration   9: 2441201559.617 ops/s
Iteration  10: 2483183011.928 ops/s
Iteration  11: 2395399817.438 ops/s
Iteration  12: 2498697727.707 ops/s
Iteration  13: 2476659705.248 ops/s
Iteration  14: 2496187674.787 ops/s
Iteration  15: 2411262735.386 ops/s
Iteration  16: 2432066868.781 ops/s
Iteration  17: 2472430040.222 ops/s
Iteration  18: 2407995111.844 ops/s
Iteration  19: 2460708887.248 ops/s
Iteration  20: 2323626335.625 ops/s

# Run progress: 80.00% complete, ETA 00:01:37
# Fork: 9 of 10
# Warmup Iteration   1: 2152958820.756 ops/s
# Warmup Iteration   2: 2399796255.465 ops/s
# Warmup Iteration   3: 2209611287.867 ops/s
# Warmup Iteration   4: 2415502729.825 ops/s
# Warmup Iteration   5: 2409603081.132 ops/s
# Warmup Iteration   6: 2478586921.729 ops/s
# Warmup Iteration   7: 2450103483.103 ops/s
# Warmup Iteration   8: 2421698153.800 ops/s
# Warmup Iteration   9: 2445348409.795 ops/s
# Warmup Iteration  10: 2443140555.616 ops/s
# Warmup Iteration  11: 2422208396.475 ops/s
# Warmup Iteration  12: 2424082141.016 ops/s
# Warmup Iteration  13: 2410691159.276 ops/s
# Warmup Iteration  14: 2424447193.464 ops/s
# Warmup Iteration  15: 2419537820.927 ops/s
# Warmup Iteration  16: 2454133190.101 ops/s
# Warmup Iteration  17: 2489754323.012 ops/s
# Warmup Iteration  18: 2427359610.532 ops/s
# Warmup Iteration  19: 2392696073.428 ops/s
# Warmup Iteration  20: 2303662757.570 ops/s
Iteration   1: 2427995958.081 ops/s
Iteration   2: 2458831633.852 ops/s
Iteration   3: 2413580043.433 ops/s
Iteration   4: 2431052523.896 ops/s
Iteration   5: 2347867286.061 ops/s
Iteration   6: 2461068709.571 ops/s
Iteration   7: 2407885141.097 ops/s
Iteration   8: 2415234458.581 ops/s
Iteration   9: 2466302123.488 ops/s
Iteration  10: 2384557075.140 ops/s
Iteration  11: 2415402530.080 ops/s
Iteration  12: 2483194128.164 ops/s
Iteration  13: 2418651757.625 ops/s
Iteration  14: 2427392546.502 ops/s
Iteration  15: 2417243467.597 ops/s
Iteration  16: 2485577994.982 ops/s
Iteration  17: 2442360060.153 ops/s
Iteration  18: 2412495982.871 ops/s
Iteration  19: 2479712262.899 ops/s
Iteration  20: 2423553307.322 ops/s

# Run progress: 90.00% complete, ETA 00:00:48
# Fork: 10 of 10
# Warmup Iteration   1: 2135536623.877 ops/s
# Warmup Iteration   2: 2372839419.870 ops/s
# Warmup Iteration   3: 2481608997.437 ops/s
# Warmup Iteration   4: 2450141041.328 ops/s
# Warmup Iteration   5: 2503915610.970 ops/s
# Warmup Iteration   6: 2493482722.772 ops/s
# Warmup Iteration   7: 2461432492.478 ops/s
# Warmup Iteration   8: 2485742291.246 ops/s
# Warmup Iteration   9: 2489144900.505 ops/s
# Warmup Iteration  10: 2513612332.640 ops/s
# Warmup Iteration  11: 2447959757.969 ops/s
# Warmup Iteration  12: 2482496067.397 ops/s
# Warmup Iteration  13: 2489097892.615 ops/s
# Warmup Iteration  14: 2484864927.962 ops/s
# Warmup Iteration  15: 2456508000.716 ops/s
# Warmup Iteration  16: 2304271436.400 ops/s
# Warmup Iteration  17: 2471950603.614 ops/s
# Warmup Iteration  18: 2502824562.498 ops/s
# Warmup Iteration  19: 2458753181.584 ops/s
# Warmup Iteration  20: 2456712383.977 ops/s
Iteration   1: 2306005620.919 ops/s
Iteration   2: 2460732377.024 ops/s
Iteration   3: 2454377686.005 ops/s
Iteration   4: 2502959327.803 ops/s
Iteration   5: 2436118644.976 ops/s
Iteration   6: 2473405298.438 ops/s
Iteration   7: 2478548824.352 ops/s
Iteration   8: 2415028587.827 ops/s
Iteration   9: 2449203031.104 ops/s
Iteration  10: 2486192687.881 ops/s
Iteration  11: 2589236206.812 ops/s
Iteration  12: 2523761065.941 ops/s
Iteration  13: 2520707900.308 ops/s
Iteration  14: 2493348256.626 ops/s
Iteration  15: 2467879706.420 ops/s
Iteration  16: 2481780137.764 ops/s
Iteration  17: 2468380089.800 ops/s
Iteration  18: 2508159964.789 ops/s
Iteration  19: 2539185080.897 ops/s
Iteration  20: 2422761868.038 ops/s


Result: 2415708410.499 ±(99.9%) 58211935.629 ops/s [Average]
  Statistics: (min, avg, max) = (1014029397.849, 2415708410.499, 2589236206.812), stdev = 246472980.488
  Confidence interval (99.9%): [2357496474.870, 2473920346.127]


# Run complete. Total time: 00:08:07

Benchmark                      Mode  Samples           Score   Score error  Units
o.s.MyBenchmark.testMethod    thrpt      200  2415708410.499  58211935.629  ops/s
[openjdk] [INFO] Test clear docker image:
[openjdk] 
[openjdk] [INFO] clear package version:
[openjdk] 
# VM invoker: /usr/lib/jvm/java-1.8.0-openjdk/jre/bin/java
# VM options: <none>
# Warmup: 20 iterations, 1 s each
# Measurement: 20 iterations, 1 s each
# Threads: 1 thread, will synchronize iterations
# Benchmark mode: Throughput, ops/time
# Benchmark: org.sample.MyBenchmark.testMethod

# Run progress: 0.00% complete, ETA 00:06:40
# Fork: 1 of 10
# Warmup Iteration   1: 2035719266.350 ops/s
# Warmup Iteration   2: 2449435857.211 ops/s
# Warmup Iteration   3: 2499490150.403 ops/s
# Warmup Iteration   4: 2529076026.077 ops/s
# Warmup Iteration   5: 2271120010.430 ops/s
# Warmup Iteration   6: 2482042637.137 ops/s
# Warmup Iteration   7: 2529928593.085 ops/s
# Warmup Iteration   8: 2452768406.378 ops/s
# Warmup Iteration   9: 2489312117.091 ops/s
# Warmup Iteration  10: 2484974151.897 ops/s
# Warmup Iteration  11: 2495317869.659 ops/s
# Warmup Iteration  12: 2330380740.705 ops/s
# Warmup Iteration  13: 2456571015.361 ops/s
# Warmup Iteration  14: 2488810017.357 ops/s
# Warmup Iteration  15: 2514931369.613 ops/s
# Warmup Iteration  16: 2517750180.368 ops/s
# Warmup Iteration  17: 2530491901.217 ops/s
# Warmup Iteration  18: 2478121513.310 ops/s
# Warmup Iteration  19: 2444068826.196 ops/s
# Warmup Iteration  20: 2518961502.221 ops/s
Iteration   1: 2499044792.105 ops/s
Iteration   2: 2498703154.960 ops/s
Iteration   3: 2485350865.909 ops/s
Iteration   4: 2538711132.699 ops/s
Iteration   5: 2515799244.070 ops/s
Iteration   6: 2450560364.399 ops/s
Iteration   7: 2479550660.604 ops/s
Iteration   8: 2433958734.007 ops/s
Iteration   9: 2505854375.635 ops/s
Iteration  10: 2467591645.226 ops/s
Iteration  11: 2488422021.577 ops/s
Iteration  12: 2526513962.925 ops/s
Iteration  13: 2493148410.191 ops/s
Iteration  14: 2247071461.620 ops/s
Iteration  15: 2368888336.721 ops/s
Iteration  16: 2288141909.771 ops/s
Iteration  17: 2289697589.593 ops/s
Iteration  18: 2243896480.238 ops/s
Iteration  19: 2489804688.892 ops/s
Iteration  20: 2435838099.128 ops/s

# Run progress: 10.00% complete, ETA 00:07:19
# Fork: 2 of 10
# Warmup Iteration   1: 2224814668.600 ops/s
# Warmup Iteration   2: 2282180133.977 ops/s
# Warmup Iteration   3: 2472894781.265 ops/s
# Warmup Iteration   4: 2493798718.467 ops/s
# Warmup Iteration   5: 2457549017.845 ops/s
# Warmup Iteration   6: 2507654422.197 ops/s
# Warmup Iteration   7: 2489664072.861 ops/s
# Warmup Iteration   8: 2537915903.006 ops/s
# Warmup Iteration   9: 2485986612.775 ops/s
# Warmup Iteration  10: 2500126527.159 ops/s
# Warmup Iteration  11: 2471047288.287 ops/s
# Warmup Iteration  12: 2499015041.511 ops/s
# Warmup Iteration  13: 2491769863.261 ops/s
# Warmup Iteration  14: 2532979587.307 ops/s
# Warmup Iteration  15: 2442383097.650 ops/s
# Warmup Iteration  16: 2560408019.403 ops/s
# Warmup Iteration  17: 2552489957.649 ops/s
# Warmup Iteration  18: 2504902421.854 ops/s
# Warmup Iteration  19: 2481511164.929 ops/s
# Warmup Iteration  20: 2447886502.751 ops/s
Iteration   1: 2582370465.751 ops/s
Iteration   2: 2464104715.479 ops/s
Iteration   3: 2254173361.535 ops/s
Iteration   4: 2508299787.228 ops/s
Iteration   5: 2489099188.243 ops/s
Iteration   6: 2496580234.229 ops/s
Iteration   7: 2496647460.966 ops/s
Iteration   8: 2484518452.837 ops/s
Iteration   9: 2502667176.746 ops/s
Iteration  10: 2128218713.614 ops/s
Iteration  11: 2453815683.087 ops/s
Iteration  12: 2478047348.790 ops/s
Iteration  13: 2483128533.663 ops/s
Iteration  14: 2535979364.952 ops/s
Iteration  15: 2469134936.134 ops/s
Iteration  16: 2498760465.833 ops/s
Iteration  17: 2540211218.545 ops/s
Iteration  18: 2505160068.875 ops/s
Iteration  19: 2482728023.589 ops/s
Iteration  20: 2442480291.044 ops/s

# Run progress: 20.00% complete, ETA 00:06:30
# Fork: 3 of 10
# Warmup Iteration   1: 2038997469.608 ops/s
# Warmup Iteration   2: 2438728442.864 ops/s
# Warmup Iteration   3: 2502378806.810 ops/s
# Warmup Iteration   4: 2390589195.452 ops/s
# Warmup Iteration   5: 2455893721.716 ops/s
# Warmup Iteration   6: 2540416553.323 ops/s
# Warmup Iteration   7: 2279759476.906 ops/s
# Warmup Iteration   8: 2236651404.841 ops/s
# Warmup Iteration   9: 2458443625.413 ops/s
# Warmup Iteration  10: 2484300020.595 ops/s
# Warmup Iteration  11: 2515979483.791 ops/s
# Warmup Iteration  12: 2430606250.278 ops/s
# Warmup Iteration  13: 2477712288.512 ops/s
# Warmup Iteration  14: 2555524604.776 ops/s
# Warmup Iteration  15: 2474579748.145 ops/s
# Warmup Iteration  16: 2299380249.402 ops/s
# Warmup Iteration  17: 2396452456.962 ops/s
# Warmup Iteration  18: 2441380588.942 ops/s
# Warmup Iteration  19: 2449745568.698 ops/s
# Warmup Iteration  20: 2337858954.525 ops/s
Iteration   1: 2533682099.437 ops/s
Iteration   2: 2468831783.754 ops/s
Iteration   3: 2541161591.696 ops/s
Iteration   4: 2511957153.702 ops/s
Iteration   5: 2474743185.083 ops/s
Iteration   6: 2461731588.272 ops/s
Iteration   7: 2252114592.452 ops/s
Iteration   8: 2300097665.547 ops/s
Iteration   9: 2491346240.241 ops/s
Iteration  10: 2475982823.149 ops/s
Iteration  11: 2513805721.006 ops/s
Iteration  12: 2261165755.182 ops/s
Iteration  13: 2291521245.483 ops/s
Iteration  14: 2407064670.010 ops/s
Iteration  15: 2406832446.653 ops/s
Iteration  16: 2519484769.811 ops/s
Iteration  17: 2488957163.169 ops/s
Iteration  18: 2533214415.349 ops/s
Iteration  19: 2503416423.514 ops/s
Iteration  20: 2451148085.208 ops/s

# Run progress: 30.00% complete, ETA 00:05:41
# Fork: 4 of 10
# Warmup Iteration   1: 2206991058.188 ops/s
# Warmup Iteration   2: 2365411710.738 ops/s
# Warmup Iteration   3: 2500785868.743 ops/s
# Warmup Iteration   4: 2448964422.070 ops/s
# Warmup Iteration   5: 2370713179.736 ops/s
# Warmup Iteration   6: 2425369769.669 ops/s
# Warmup Iteration   7: 2464311469.327 ops/s
# Warmup Iteration   8: 2442969574.113 ops/s
# Warmup Iteration   9: 2447563727.731 ops/s
# Warmup Iteration  10: 2511782459.482 ops/s
# Warmup Iteration  11: 2421527270.610 ops/s
# Warmup Iteration  12: 2501130727.785 ops/s
# Warmup Iteration  13: 2518331381.604 ops/s
# Warmup Iteration  14: 2437241468.096 ops/s
# Warmup Iteration  15: 2557200021.486 ops/s
# Warmup Iteration  16: 2515439344.972 ops/s
# Warmup Iteration  17: 2465948949.602 ops/s
# Warmup Iteration  18: 2454004467.825 ops/s
# Warmup Iteration  19: 2473503203.204 ops/s
# Warmup Iteration  20: 2455751949.666 ops/s
Iteration   1: 2507456398.395 ops/s
Iteration   2: 2526674336.619 ops/s
Iteration   3: 2520511123.737 ops/s
Iteration   4: 2451526355.729 ops/s
Iteration   5: 2541848870.118 ops/s
Iteration   6: 2570869496.607 ops/s
Iteration   7: 2473446538.018 ops/s
Iteration   8: 2440099931.896 ops/s
Iteration   9: 2442330143.934 ops/s
Iteration  10: 2513406427.992 ops/s
Iteration  11: 2471132378.460 ops/s
Iteration  12: 2475578193.507 ops/s
Iteration  13: 2536758394.728 ops/s
Iteration  14: 2454022597.470 ops/s
Iteration  15: 2512358212.551 ops/s
Iteration  16: 2488967547.864 ops/s
Iteration  17: 2446522874.551 ops/s
Iteration  18: 2521995585.854 ops/s
Iteration  19: 2495066528.715 ops/s
Iteration  20: 2554569322.718 ops/s

# Run progress: 40.00% complete, ETA 00:04:52
# Fork: 5 of 10
# Warmup Iteration   1: 2084345914.636 ops/s
# Warmup Iteration   2: 1071074880.579 ops/s
# Warmup Iteration   3: 1024869838.925 ops/s
# Warmup Iteration   4: 2202903704.497 ops/s
# Warmup Iteration   5: 2446756933.402 ops/s
# Warmup Iteration   6: 2182555180.098 ops/s
# Warmup Iteration   7: 2549580979.965 ops/s
# Warmup Iteration   8: 2540822043.450 ops/s
# Warmup Iteration   9: 2536386519.989 ops/s
# Warmup Iteration  10: 2563003264.515 ops/s
# Warmup Iteration  11: 2496761800.867 ops/s
# Warmup Iteration  12: 2520186966.196 ops/s
# Warmup Iteration  13: 2462885714.073 ops/s
# Warmup Iteration  14: 2404800930.159 ops/s
# Warmup Iteration  15: 2466506932.693 ops/s
# Warmup Iteration  16: 2460258393.083 ops/s
# Warmup Iteration  17: 2242945967.549 ops/s
# Warmup Iteration  18: 2527725036.064 ops/s
# Warmup Iteration  19: 2503110132.930 ops/s
# Warmup Iteration  20: 2284278366.584 ops/s
Iteration   1: 2450145106.355 ops/s
Iteration   2: 2519916585.518 ops/s
Iteration   3: 2300756768.199 ops/s
Iteration   4: 2418943716.280 ops/s
Iteration   5: 2523129105.421 ops/s
Iteration   6: 2458387466.395 ops/s
Iteration   7: 2514058592.221 ops/s
Iteration   8: 2289965214.137 ops/s
Iteration   9: 2484758804.733 ops/s
Iteration  10: 2470517205.100 ops/s
Iteration  11: 2482639187.089 ops/s
Iteration  12: 2473053586.267 ops/s
Iteration  13: 2542255790.444 ops/s
Iteration  14: 2472124316.236 ops/s
Iteration  15: 2540931476.500 ops/s
Iteration  16: 2504233609.297 ops/s
Iteration  17: 2483800172.414 ops/s
Iteration  18: 2480625110.917 ops/s
Iteration  19: 2495899340.434 ops/s
Iteration  20: 2477876790.399 ops/s

# Run progress: 50.00% complete, ETA 00:04:03
# Fork: 6 of 10
# Warmup Iteration   1: 1956031997.939 ops/s
# Warmup Iteration   2: 2262865017.881 ops/s
# Warmup Iteration   3: 2221957717.901 ops/s
# Warmup Iteration   4: 2294764619.051 ops/s
# Warmup Iteration   5: 2562029767.033 ops/s
# Warmup Iteration   6: 1001774303.964 ops/s
# Warmup Iteration   7: 1004025868.773 ops/s
# Warmup Iteration   8: 2083828190.980 ops/s
# Warmup Iteration   9: 2458634743.559 ops/s
# Warmup Iteration  10: 2480242572.530 ops/s
# Warmup Iteration  11: 2498803181.965 ops/s
# Warmup Iteration  12: 2481574510.456 ops/s
# Warmup Iteration  13: 2428326458.938 ops/s
# Warmup Iteration  14: 2482033262.132 ops/s
# Warmup Iteration  15: 2499358562.210 ops/s
# Warmup Iteration  16: 2511197228.792 ops/s
# Warmup Iteration  17: 2520034062.317 ops/s
# Warmup Iteration  18: 2519197692.624 ops/s
# Warmup Iteration  19: 2545777220.710 ops/s
# Warmup Iteration  20: 2491095385.884 ops/s
Iteration   1: 2449735518.446 ops/s
Iteration   2: 2448922877.131 ops/s
Iteration   3: 2381217908.827 ops/s
Iteration   4: 2476007140.859 ops/s
Iteration   5: 2528002112.208 ops/s
Iteration   6: 2462154154.875 ops/s
Iteration   7: 2491686582.009 ops/s
Iteration   8: 2437263525.230 ops/s
Iteration   9: 2494636358.751 ops/s
Iteration  10: 2484062986.596 ops/s
Iteration  11: 2480991430.221 ops/s
Iteration  12: 2476753414.875 ops/s
Iteration  13: 2402779839.533 ops/s
Iteration  14: 2282282270.805 ops/s
Iteration  15: 2189470344.005 ops/s
Iteration  16: 2455537516.608 ops/s
Iteration  17: 2500617946.502 ops/s
Iteration  18: 2482982713.026 ops/s
Iteration  19: 2492070055.765 ops/s
Iteration  20: 2473496746.865 ops/s

# Run progress: 60.00% complete, ETA 00:03:14
# Fork: 7 of 10
# Warmup Iteration   1: 2214839801.437 ops/s
# Warmup Iteration   2: 2477012027.670 ops/s
# Warmup Iteration   3: 2170438945.978 ops/s
# Warmup Iteration   4: 2326527200.681 ops/s
# Warmup Iteration   5: 2463209970.044 ops/s
# Warmup Iteration   6: 2543921564.588 ops/s
# Warmup Iteration   7: 2423616897.137 ops/s
# Warmup Iteration   8: 2390301221.595 ops/s
# Warmup Iteration   9: 2439935950.026 ops/s
# Warmup Iteration  10: 2459307988.190 ops/s
# Warmup Iteration  11: 2435374091.047 ops/s
# Warmup Iteration  12: 2494417813.320 ops/s
# Warmup Iteration  13: 2240505550.777 ops/s
# Warmup Iteration  14: 2531619664.153 ops/s
# Warmup Iteration  15: 2409145284.890 ops/s
# Warmup Iteration  16: 2488354795.384 ops/s
# Warmup Iteration  17: 2411294710.008 ops/s
# Warmup Iteration  18: 2465264248.762 ops/s
# Warmup Iteration  19: 2444017428.133 ops/s
# Warmup Iteration  20: 2380833754.419 ops/s
Iteration   1: 2464086913.258 ops/s
Iteration   2: 2470185414.522 ops/s
Iteration   3: 2412913850.825 ops/s
Iteration   4: 2452010990.485 ops/s
Iteration   5: 2428144783.387 ops/s
Iteration   6: 2457361344.457 ops/s
Iteration   7: 2493701932.044 ops/s
Iteration   8: 2439786159.106 ops/s
Iteration   9: 2453592584.682 ops/s
Iteration  10: 2446159147.235 ops/s
Iteration  11: 2459792380.163 ops/s
Iteration  12: 2434913468.179 ops/s
Iteration  13: 2416227352.766 ops/s
Iteration  14: 2457429460.102 ops/s
Iteration  15: 2451515825.957 ops/s
Iteration  16: 2423421865.580 ops/s
Iteration  17: 2463800284.627 ops/s
Iteration  18: 2450307151.826 ops/s
Iteration  19: 2493278245.606 ops/s
Iteration  20: 2397113784.120 ops/s

# Run progress: 70.00% complete, ETA 00:02:26
# Fork: 8 of 10
# Warmup Iteration   1: 2095409912.864 ops/s
# Warmup Iteration   2: 2395736336.093 ops/s
# Warmup Iteration   3: 2529229518.605 ops/s
# Warmup Iteration   4: 2496376297.974 ops/s
# Warmup Iteration   5: 2434734711.957 ops/s
# Warmup Iteration   6: 2442145352.414 ops/s
# Warmup Iteration   7: 2463708830.986 ops/s
# Warmup Iteration   8: 2451700661.748 ops/s
# Warmup Iteration   9: 2433860847.953 ops/s
# Warmup Iteration  10: 2493981656.797 ops/s
# Warmup Iteration  11: 2517328295.728 ops/s
# Warmup Iteration  12: 2337711495.177 ops/s
# Warmup Iteration  13: 2524443515.633 ops/s
# Warmup Iteration  14: 2503064383.250 ops/s
# Warmup Iteration  15: 2457775758.126 ops/s
# Warmup Iteration  16: 2476136800.827 ops/s
# Warmup Iteration  17: 2424645589.622 ops/s
# Warmup Iteration  18: 2428555340.367 ops/s
# Warmup Iteration  19: 2466608012.220 ops/s
# Warmup Iteration  20: 2437468246.740 ops/s
Iteration   1: 2448372067.082 ops/s
Iteration   2: 2451529943.685 ops/s
Iteration   3: 2487921901.975 ops/s
Iteration   4: 2385673177.336 ops/s
Iteration   5: 2187903553.536 ops/s
Iteration   6: 2461424578.119 ops/s
Iteration   7: 2399491673.969 ops/s
Iteration   8: 2428586423.973 ops/s
Iteration   9: 2446912550.852 ops/s
Iteration  10: 2183335554.881 ops/s
Iteration  11: 2452749004.907 ops/s
Iteration  12: 2422081264.083 ops/s
Iteration  13: 2437704333.725 ops/s
Iteration  14: 2486744797.958 ops/s
Iteration  15: 2392234232.697 ops/s
Iteration  16: 2438811870.116 ops/s
Iteration  17: 2416690272.508 ops/s
Iteration  18: 2462182140.073 ops/s
Iteration  19: 2461805836.639 ops/s
Iteration  20: 2443636745.985 ops/s

# Run progress: 80.00% complete, ETA 00:01:37
# Fork: 9 of 10
# Warmup Iteration   1: 1908954817.569 ops/s
# Warmup Iteration   2: 2249940438.229 ops/s
# Warmup Iteration   3: 2377007850.638 ops/s
# Warmup Iteration   4: 2523352205.659 ops/s
# Warmup Iteration   5: 2542317435.556 ops/s
# Warmup Iteration   6: 2414848012.001 ops/s
# Warmup Iteration   7: 1326755507.259 ops/s
# Warmup Iteration   8: 1340671190.829 ops/s
# Warmup Iteration   9: 1436795688.843 ops/s
# Warmup Iteration  10: 1943295560.268 ops/s
# Warmup Iteration  11: 2100032113.184 ops/s
# Warmup Iteration  12: 2240611845.272 ops/s
# Warmup Iteration  13: 2441486374.578 ops/s
# Warmup Iteration  14: 2432140208.584 ops/s
# Warmup Iteration  15: 2441383947.437 ops/s
# Warmup Iteration  16: 2470601646.334 ops/s
# Warmup Iteration  17: 2518076077.317 ops/s
# Warmup Iteration  18: 2405427777.663 ops/s
# Warmup Iteration  19: 2426996063.861 ops/s
# Warmup Iteration  20: 2396014406.040 ops/s
Iteration   1: 2445845060.267 ops/s
Iteration   2: 2439501157.017 ops/s
Iteration   3: 2504520214.567 ops/s
Iteration   4: 2439938236.755 ops/s
Iteration   5: 2468753642.349 ops/s
Iteration   6: 2493789792.218 ops/s
Iteration   7: 2453262781.110 ops/s
Iteration   8: 2233141944.498 ops/s
Iteration   9: 2414022879.350 ops/s
Iteration  10: 2426593181.852 ops/s
Iteration  11: 2442423236.265 ops/s
Iteration  12: 2441326689.690 ops/s
Iteration  13: 2460194892.955 ops/s
Iteration  14: 2430979796.404 ops/s
Iteration  15: 2460398305.575 ops/s
Iteration  16: 2414168429.537 ops/s
Iteration  17: 2463676394.162 ops/s
Iteration  18: 2461584853.967 ops/s
Iteration  19: 2391196610.244 ops/s
Iteration  20: 2513370894.264 ops/s

# Run progress: 90.00% complete, ETA 00:00:48
# Fork: 10 of 10
# Warmup Iteration   1: 2095928167.758 ops/s
# Warmup Iteration   2: 2423440722.309 ops/s
# Warmup Iteration   3: 2478070156.534 ops/s
# Warmup Iteration   4: 2229347815.802 ops/s
# Warmup Iteration   5: 2436140241.794 ops/s
# Warmup Iteration   6: 2407248952.482 ops/s
# Warmup Iteration   7: 2477025053.241 ops/s
# Warmup Iteration   8: 2473164283.131 ops/s
# Warmup Iteration   9: 2256034511.259 ops/s
# Warmup Iteration  10: 2472494160.343 ops/s
# Warmup Iteration  11: 2395462661.534 ops/s
# Warmup Iteration  12: 2467610258.373 ops/s
# Warmup Iteration  13: 2414112276.073 ops/s
# Warmup Iteration  14: 2470874504.363 ops/s
# Warmup Iteration  15: 2233548161.484 ops/s
# Warmup Iteration  16: 2438598628.891 ops/s
# Warmup Iteration  17: 2454798267.377 ops/s
# Warmup Iteration  18: 2427968819.326 ops/s
# Warmup Iteration  19: 2422958630.074 ops/s
# Warmup Iteration  20: 2450545152.570 ops/s
Iteration   1: 2375063722.746 ops/s
Iteration   2: 2461879626.371 ops/s
Iteration   3: 2445555150.832 ops/s
Iteration   4: 2503395208.069 ops/s
Iteration   5: 2443694924.840 ops/s
Iteration   6: 2463863700.779 ops/s
Iteration   7: 2434002071.560 ops/s
Iteration   8: 2452990452.229 ops/s
Iteration   9: 2326208256.268 ops/s
Iteration  10: 2277963317.914 ops/s
Iteration  11: 2445142272.886 ops/s
Iteration  12: 2532414131.555 ops/s
Iteration  13: 2491954681.396 ops/s
Iteration  14: 2548296691.472 ops/s
Iteration  15: 2460091908.256 ops/s
Iteration  16: 2451743621.237 ops/s
Iteration  17: 2213936027.632 ops/s
Iteration  18: 2441680033.274 ops/s
Iteration  19: 2387651564.254 ops/s
Iteration  20: 2436843964.806 ops/s


Result: 2449026793.358 ?(99.9%) 18294447.171 ops/s [Average]
  Statistics: (min, avg, max) = (2128218713.614, 2449026793.358, 2582370465.751), stdev = 77459834.857
  Confidence interval (99.9%): [2430732346.187, 2467321240.528]


# Run complete. Total time: 00:08:06

Benchmark                      Mode  Samples           Score   Score error  Units
o.s.MyBenchmark.testMethod    thrpt      200  2449026793.358  18294447.171  ops/s
[openjdk] [INFO] Test extra official docker image, official latest image:
[openjdk] 
# VM invoker: /usr/local/openjdk-8/bin/java
# VM options: <none>
# Warmup: 20 iterations, 1 s each
# Measurement: 20 iterations, 1 s each
# Threads: 1 thread, will synchronize iterations
# Benchmark mode: Throughput, ops/time
# Benchmark: org.sample.MyBenchmark.testMethod

# Run progress: 0.00% complete, ETA 00:06:40
# Fork: 1 of 10
# Warmup Iteration   1: 2075400309.320 ops/s
# Warmup Iteration   2: 2189470047.250 ops/s
# Warmup Iteration   3: 2445584675.601 ops/s
# Warmup Iteration   4: 2271309817.491 ops/s
# Warmup Iteration   5: 2416039460.259 ops/s
# Warmup Iteration   6: 2424262088.884 ops/s
# Warmup Iteration   7: 2468390663.740 ops/s
# Warmup Iteration   8: 2508070623.903 ops/s
# Warmup Iteration   9: 2498661180.283 ops/s
# Warmup Iteration  10: 2480806657.925 ops/s
# Warmup Iteration  11: 2488212583.696 ops/s
# Warmup Iteration  12: 2444988272.599 ops/s
# Warmup Iteration  13: 2504722463.415 ops/s
# Warmup Iteration  14: 2184352511.126 ops/s
# Warmup Iteration  15: 2470102221.290 ops/s
# Warmup Iteration  16: 2454540176.455 ops/s
# Warmup Iteration  17: 2495534435.807 ops/s
# Warmup Iteration  18: 2447551067.015 ops/s
# Warmup Iteration  19: 2540043438.941 ops/s
# Warmup Iteration  20: 2466242142.918 ops/s
Iteration   1: 2458131524.636 ops/s
Iteration   2: 2454470347.396 ops/s
Iteration   3: 2436509743.067 ops/s
Iteration   4: 2465853467.902 ops/s
Iteration   5: 2515749672.876 ops/s
Iteration   6: 2464910901.022 ops/s
Iteration   7: 2295657892.785 ops/s
Iteration   8: 2408512818.925 ops/s
Iteration   9: 2503474630.838 ops/s
Iteration  10: 2508421715.163 ops/s
Iteration  11: 2383782201.293 ops/s
Iteration  12: 2526397255.818 ops/s
Iteration  13: 2447371073.794 ops/s
Iteration  14: 2504155335.629 ops/s
Iteration  15: 2480046582.114 ops/s
Iteration  16: 2504688307.454 ops/s
Iteration  17: 2462621826.965 ops/s
Iteration  18: 2466989233.501 ops/s
Iteration  19: 2199698560.722 ops/s
Iteration  20: 2436683454.103 ops/s

# Run progress: 10.00% complete, ETA 00:07:19
# Fork: 2 of 10
# Warmup Iteration   1: 2119671349.988 ops/s
# Warmup Iteration   2: 2246635754.929 ops/s
# Warmup Iteration   3: 2402153416.873 ops/s
# Warmup Iteration   4: 2203925892.112 ops/s
# Warmup Iteration   5: 2346972745.668 ops/s
# Warmup Iteration   6: 2458193718.039 ops/s
# Warmup Iteration   7: 2343839138.374 ops/s
# Warmup Iteration   8: 2334600106.004 ops/s
# Warmup Iteration   9: 2332816520.416 ops/s
# Warmup Iteration  10: 2408545090.419 ops/s
# Warmup Iteration  11: 2383069193.273 ops/s
# Warmup Iteration  12: 2277129311.703 ops/s
# Warmup Iteration  13: 2463168028.048 ops/s
# Warmup Iteration  14: 2497115212.273 ops/s
# Warmup Iteration  15: 2490041790.438 ops/s
# Warmup Iteration  16: 2449987495.216 ops/s
# Warmup Iteration  17: 2475109140.537 ops/s
# Warmup Iteration  18: 2437485607.113 ops/s
# Warmup Iteration  19: 2451874074.421 ops/s
# Warmup Iteration  20: 2488148963.240 ops/s
Iteration   1: 2487790011.303 ops/s
Iteration   2: 2483483089.470 ops/s
Iteration   3: 2499923913.208 ops/s
Iteration   4: 2449774426.864 ops/s
Iteration   5: 2435663344.311 ops/s
Iteration   6: 2476241245.191 ops/s
Iteration   7: 2468238434.137 ops/s
Iteration   8: 2491817514.275 ops/s
Iteration   9: 2532979782.224 ops/s
Iteration  10: 2476748913.080 ops/s
Iteration  11: 2461829741.973 ops/s
Iteration  12: 2523317870.741 ops/s
Iteration  13: 2431402239.563 ops/s
Iteration  14: 2469989211.062 ops/s
Iteration  15: 2479275409.962 ops/s
Iteration  16: 2470934376.341 ops/s
Iteration  17: 2510108450.704 ops/s
Iteration  18: 2466275750.868 ops/s
Iteration  19: 2519497103.201 ops/s
Iteration  20: 2471274903.276 ops/s

# Run progress: 20.00% complete, ETA 00:06:30
# Fork: 3 of 10
# Warmup Iteration   1: 2196536515.500 ops/s
# Warmup Iteration   2: 2385302756.137 ops/s
# Warmup Iteration   3: 2519695315.251 ops/s
# Warmup Iteration   4: 2469862069.351 ops/s
# Warmup Iteration   5: 2502827298.329 ops/s
# Warmup Iteration   6: 2480474140.143 ops/s
# Warmup Iteration   7: 2420661013.324 ops/s
# Warmup Iteration   8: 2520816645.690 ops/s
# Warmup Iteration   9: 2503841692.224 ops/s
# Warmup Iteration  10: 2476862670.499 ops/s
# Warmup Iteration  11: 2468914846.776 ops/s
# Warmup Iteration  12: 2483286825.405 ops/s
# Warmup Iteration  13: 2557732530.431 ops/s
# Warmup Iteration  14: 2513869285.865 ops/s
# Warmup Iteration  15: 2467116746.322 ops/s
# Warmup Iteration  16: 2517703993.947 ops/s
# Warmup Iteration  17: 2449648002.679 ops/s
# Warmup Iteration  18: 2452459654.025 ops/s
# Warmup Iteration  19: 2451292834.159 ops/s
# Warmup Iteration  20: 2440849234.666 ops/s
Iteration   1: 2522760256.248 ops/s
Iteration   2: 2502195983.613 ops/s
Iteration   3: 2443028209.234 ops/s
Iteration   4: 2468477318.754 ops/s
Iteration   5: 2460229807.814 ops/s
Iteration   6: 2474253651.677 ops/s
Iteration   7: 2454806401.829 ops/s
Iteration   8: 2479724921.076 ops/s
Iteration   9: 2526055461.601 ops/s
Iteration  10: 2506054485.348 ops/s
Iteration  11: 2516581223.602 ops/s
Iteration  12: 2461398212.142 ops/s
Iteration  13: 2531099575.082 ops/s
Iteration  14: 2505083309.712 ops/s
Iteration  15: 2455230260.467 ops/s
Iteration  16: 2506870858.787 ops/s
Iteration  17: 2377735059.549 ops/s
Iteration  18: 2526332153.536 ops/s
Iteration  19: 2496998724.202 ops/s
Iteration  20: 2465522961.208 ops/s

# Run progress: 30.00% complete, ETA 00:05:41
# Fork: 4 of 10
# Warmup Iteration   1: 2203758931.201 ops/s
# Warmup Iteration   2: 2446925121.084 ops/s
# Warmup Iteration   3: 2500858144.976 ops/s
# Warmup Iteration   4: 2467492314.174 ops/s
# Warmup Iteration   5: 2356426974.023 ops/s
# Warmup Iteration   6: 2307569145.879 ops/s
# Warmup Iteration   7: 2504638377.768 ops/s
# Warmup Iteration   8: 2503361831.315 ops/s
# Warmup Iteration   9: 2473708866.054 ops/s
# Warmup Iteration  10: 2456180755.245 ops/s
# Warmup Iteration  11: 2446856660.587 ops/s
# Warmup Iteration  12: 2524069197.341 ops/s
# Warmup Iteration  13: 2434505438.761 ops/s
# Warmup Iteration  14: 2455171073.937 ops/s
# Warmup Iteration  15: 2577305543.338 ops/s
# Warmup Iteration  16: 2514766787.116 ops/s
# Warmup Iteration  17: 2444179977.691 ops/s
# Warmup Iteration  18: 2530444559.523 ops/s
# Warmup Iteration  19: 2449938893.397 ops/s
# Warmup Iteration  20: 2465276050.868 ops/s
Iteration   1: 2485981079.892 ops/s
Iteration   2: 2110519431.958 ops/s
Iteration   3: 2271876037.436 ops/s
Iteration   4: 2436295064.405 ops/s
Iteration   5: 2314514037.039 ops/s
Iteration   6: 2528843521.483 ops/s
Iteration   7: 2466510543.267 ops/s
Iteration   8: 2458032832.192 ops/s
Iteration   9: 2463687014.345 ops/s
Iteration  10: 2454475830.218 ops/s
Iteration  11: 2469197073.548 ops/s
Iteration  12: 2413753837.298 ops/s
Iteration  13: 2473568649.599 ops/s
Iteration  14: 2202733399.829 ops/s
Iteration  15: 2483166284.270 ops/s
Iteration  16: 2482408572.420 ops/s
Iteration  17: 2429944930.606 ops/s
Iteration  18: 2454944283.661 ops/s
Iteration  19: 2485807411.184 ops/s
Iteration  20: 2476167262.518 ops/s

# Run progress: 40.00% complete, ETA 00:04:52
# Fork: 5 of 10
# Warmup Iteration   1: 2152146496.482 ops/s
# Warmup Iteration   2: 2253637900.770 ops/s
# Warmup Iteration   3: 2549235968.746 ops/s
# Warmup Iteration   4: 2093164697.926 ops/s
# Warmup Iteration   5: 2475624428.376 ops/s
# Warmup Iteration   6: 2470255437.993 ops/s
# Warmup Iteration   7: 2544636275.173 ops/s
# Warmup Iteration   8: 2453598790.985 ops/s
# Warmup Iteration   9: 2448727432.691 ops/s
# Warmup Iteration  10: 2513286761.441 ops/s
# Warmup Iteration  11: 2450401705.519 ops/s
# Warmup Iteration  12: 2547029127.524 ops/s
# Warmup Iteration  13: 2460204685.903 ops/s
# Warmup Iteration  14: 2459160805.028 ops/s
# Warmup Iteration  15: 2239464569.130 ops/s
# Warmup Iteration  16: 2394734825.143 ops/s
# Warmup Iteration  17: 2462573551.576 ops/s
# Warmup Iteration  18: 2469735685.014 ops/s
# Warmup Iteration  19: 2216218053.805 ops/s
# Warmup Iteration  20: 2524331646.067 ops/s
Iteration   1: 2472036658.909 ops/s
Iteration   2: 2458519640.725 ops/s
Iteration   3: 2490352987.826 ops/s
Iteration   4: 2484599121.632 ops/s
Iteration   5: 2511318852.521 ops/s
Iteration   6: 2439350035.069 ops/s
Iteration   7: 2517609191.464 ops/s
Iteration   8: 2507168348.904 ops/s
Iteration   9: 2482187415.493 ops/s
Iteration  10: 2490213357.923 ops/s
Iteration  11: 2440771572.178 ops/s
Iteration  12: 2516084078.240 ops/s
Iteration  13: 2466564474.953 ops/s
Iteration  14: 2446077886.197 ops/s
Iteration  15: 2449787763.729 ops/s
Iteration  16: 2444171988.674 ops/s
Iteration  17: 2491885594.391 ops/s
Iteration  18: 2484068871.090 ops/s
Iteration  19: 2434483326.409 ops/s
Iteration  20: 2489376898.759 ops/s

# Run progress: 50.00% complete, ETA 00:04:03
# Fork: 6 of 10
# Warmup Iteration   1: 2214238116.125 ops/s
# Warmup Iteration   2: 2492313439.718 ops/s
# Warmup Iteration   3: 2247924591.317 ops/s
# Warmup Iteration   4: 2495920437.829 ops/s
# Warmup Iteration   5: 2320939082.355 ops/s
# Warmup Iteration   6: 2510513269.334 ops/s
# Warmup Iteration   7: 2479245897.003 ops/s
# Warmup Iteration   8: 2485612566.741 ops/s
# Warmup Iteration   9: 2493381786.546 ops/s
# Warmup Iteration  10: 2504424230.613 ops/s
# Warmup Iteration  11: 2504173864.093 ops/s
# Warmup Iteration  12: 2484244902.799 ops/s
# Warmup Iteration  13: 2503516684.652 ops/s
# Warmup Iteration  14: 2567824637.638 ops/s
# Warmup Iteration  15: 2457830710.913 ops/s
# Warmup Iteration  16: 2504592891.143 ops/s
# Warmup Iteration  17: 2486308907.132 ops/s
# Warmup Iteration  18: 2477511220.660 ops/s
# Warmup Iteration  19: 2500364702.867 ops/s
# Warmup Iteration  20: 1403570034.712 ops/s
Iteration   1: 1747692879.348 ops/s
Iteration   2: 2506783051.247 ops/s
Iteration   3: 2292822210.918 ops/s
Iteration   4: 2257012921.649 ops/s
Iteration   5: 2424588035.062 ops/s
Iteration   6: 2496832474.061 ops/s
Iteration   7: 2473433647.728 ops/s
Iteration   8: 2469109507.971 ops/s
Iteration   9: 2442309489.117 ops/s
Iteration  10: 2410950678.995 ops/s
Iteration  11: 2461072059.554 ops/s
Iteration  12: 2443933004.798 ops/s
Iteration  13: 2494976895.378 ops/s
Iteration  14: 2484837011.444 ops/s
Iteration  15: 2522692194.213 ops/s
Iteration  16: 2449474010.657 ops/s
Iteration  17: 2485322716.758 ops/s
Iteration  18: 2432245306.002 ops/s
Iteration  19: 2525276336.709 ops/s
Iteration  20: 2502227586.510 ops/s

# Run progress: 60.00% complete, ETA 00:03:14
# Fork: 7 of 10
# Warmup Iteration   1: 2134703672.779 ops/s
# Warmup Iteration   2: 1080837891.752 ops/s
# Warmup Iteration   3: 1066936012.249 ops/s
# Warmup Iteration   4: 1095808809.693 ops/s
# Warmup Iteration   5: 1111649286.421 ops/s
# Warmup Iteration   6: 1116139714.393 ops/s
# Warmup Iteration   7: 1020117608.405 ops/s
# Warmup Iteration   8: 1030086428.995 ops/s
# Warmup Iteration   9: 1089134669.412 ops/s
# Warmup Iteration  10: 1144077981.581 ops/s
# Warmup Iteration  11: 995394214.349 ops/s
# Warmup Iteration  12: 1022827501.256 ops/s
# Warmup Iteration  13: 1050885494.273 ops/s
# Warmup Iteration  14: 1011460268.343 ops/s
# Warmup Iteration  15: 1008790713.839 ops/s
# Warmup Iteration  16: 1172890945.325 ops/s
# Warmup Iteration  17: 2178713158.993 ops/s
# Warmup Iteration  18: 2358029628.260 ops/s
# Warmup Iteration  19: 2452300779.112 ops/s
# Warmup Iteration  20: 2407161287.746 ops/s
Iteration   1: 2511290782.563 ops/s
Iteration   2: 2525575434.374 ops/s
Iteration   3: 2526285368.762 ops/s
Iteration   4: 2419197851.826 ops/s
Iteration   5: 2377048302.037 ops/s
Iteration   6: 2493724211.471 ops/s
Iteration   7: 2465536823.599 ops/s
Iteration   8: 2400509950.904 ops/s
Iteration   9: 2466418029.159 ops/s
Iteration  10: 2351576373.077 ops/s
Iteration  11: 2451219632.138 ops/s
Iteration  12: 2427261210.151 ops/s
Iteration  13: 2396712946.379 ops/s
Iteration  14: 2196045764.664 ops/s
Iteration  15: 2395807939.140 ops/s
Iteration  16: 2431049316.567 ops/s
Iteration  17: 2431424265.763 ops/s
Iteration  18: 2386370505.409 ops/s
Iteration  19: 2442920302.355 ops/s
Iteration  20: 2460399457.098 ops/s

# Run progress: 70.00% complete, ETA 00:02:26
# Fork: 8 of 10
# Warmup Iteration   1: 2167009859.751 ops/s
# Warmup Iteration   2: 2401198973.103 ops/s
# Warmup Iteration   3: 2422756827.225 ops/s
# Warmup Iteration   4: 2429387395.866 ops/s
# Warmup Iteration   5: 2404953664.256 ops/s
# Warmup Iteration   6: 2457831372.031 ops/s
# Warmup Iteration   7: 2233237183.537 ops/s
# Warmup Iteration   8: 2432286088.318 ops/s
# Warmup Iteration   9: 2449679529.517 ops/s
# Warmup Iteration  10: 2376506405.619 ops/s
# Warmup Iteration  11: 2444798941.818 ops/s
# Warmup Iteration  12: 2420817091.965 ops/s
# Warmup Iteration  13: 2441982533.709 ops/s
# Warmup Iteration  14: 2352820672.231 ops/s
# Warmup Iteration  15: 2429718523.931 ops/s
# Warmup Iteration  16: 2480707005.399 ops/s
# Warmup Iteration  17: 2457610377.217 ops/s
# Warmup Iteration  18: 2448503827.259 ops/s
# Warmup Iteration  19: 2501174351.428 ops/s
# Warmup Iteration  20: 2519215260.215 ops/s
Iteration   1: 2472851201.028 ops/s
Iteration   2: 2431744634.394 ops/s
Iteration   3: 2507888881.138 ops/s
Iteration   4: 2442171056.185 ops/s
Iteration   5: 2408331681.508 ops/s
Iteration   6: 2427108157.818 ops/s
Iteration   7: 2424512850.155 ops/s
Iteration   8: 2392859974.521 ops/s
Iteration   9: 2408142652.894 ops/s
Iteration  10: 2416786805.150 ops/s
Iteration  11: 2440462027.013 ops/s
Iteration  12: 2462259865.962 ops/s
Iteration  13: 2454889945.832 ops/s
Iteration  14: 2462024291.490 ops/s
Iteration  15: 2406557857.129 ops/s
Iteration  16: 2384891772.882 ops/s
Iteration  17: 2449753279.839 ops/s
Iteration  18: 2419265972.641 ops/s
Iteration  19: 2441558317.544 ops/s
Iteration  20: 2423627148.032 ops/s

# Run progress: 80.00% complete, ETA 00:01:37
# Fork: 9 of 10
# Warmup Iteration   1: 2213182667.201 ops/s
# Warmup Iteration   2: 2119802699.260 ops/s
# Warmup Iteration   3: 2410781175.526 ops/s
# Warmup Iteration   4: 2220757912.328 ops/s
# Warmup Iteration   5: 2495900059.184 ops/s
# Warmup Iteration   6: 2460387856.321 ops/s
# Warmup Iteration   7: 2461620908.652 ops/s
# Warmup Iteration   8: 2230326658.777 ops/s
# Warmup Iteration   9: 2461966395.492 ops/s
# Warmup Iteration  10: 2408952230.160 ops/s
# Warmup Iteration  11: 2465621049.908 ops/s
# Warmup Iteration  12: 2234079551.178 ops/s
# Warmup Iteration  13: 2269492408.990 ops/s
# Warmup Iteration  14: 2476145551.022 ops/s
# Warmup Iteration  15: 2307482252.813 ops/s
# Warmup Iteration  16: 2260394926.061 ops/s
# Warmup Iteration  17: 2423000810.389 ops/s
# Warmup Iteration  18: 2224871347.285 ops/s
# Warmup Iteration  19: 2403316888.633 ops/s
# Warmup Iteration  20: 2467029143.047 ops/s
Iteration   1: 2420418986.673 ops/s
Iteration   2: 2446488391.338 ops/s
Iteration   3: 2442646835.984 ops/s
Iteration   4: 2454759978.692 ops/s
Iteration   5: 2503127437.587 ops/s
Iteration   6: 2270740988.703 ops/s
Iteration   7: 2392793270.591 ops/s
Iteration   8: 2462474446.005 ops/s
Iteration   9: 2465563615.877 ops/s
Iteration  10: 2448588903.130 ops/s
Iteration  11: 2427235553.078 ops/s
Iteration  12: 2414462089.479 ops/s
Iteration  13: 2480506502.303 ops/s
Iteration  14: 2438054336.408 ops/s
Iteration  15: 2193604268.296 ops/s
Iteration  16: 2477186989.820 ops/s
Iteration  17: 2205721196.063 ops/s
Iteration  18: 2445907779.865 ops/s
Iteration  19: 2381618548.881 ops/s
Iteration  20: 2455061127.114 ops/s

# Run progress: 90.00% complete, ETA 00:00:48
# Fork: 10 of 10
# Warmup Iteration   1: 2210503337.761 ops/s
# Warmup Iteration   2: 2504485226.645 ops/s
# Warmup Iteration   3: 2470454895.855 ops/s
# Warmup Iteration   4: 2441725316.207 ops/s
# Warmup Iteration   5: 2459035640.508 ops/s
# Warmup Iteration   6: 2439983758.210 ops/s
# Warmup Iteration   7: 2453217804.477 ops/s
# Warmup Iteration   8: 2451003503.863 ops/s
# Warmup Iteration   9: 2429488075.463 ops/s
# Warmup Iteration  10: 2456376517.953 ops/s
# Warmup Iteration  11: 2415881243.882 ops/s
# Warmup Iteration  12: 2192213629.792 ops/s
# Warmup Iteration  13: 2417002843.537 ops/s
# Warmup Iteration  14: 2213599655.036 ops/s
# Warmup Iteration  15: 2475244770.643 ops/s
# Warmup Iteration  16: 2352209711.183 ops/s
# Warmup Iteration  17: 2365428175.076 ops/s
# Warmup Iteration  18: 2255441550.133 ops/s
# Warmup Iteration  19: 2401594917.041 ops/s
# Warmup Iteration  20: 2377567117.333 ops/s
Iteration   1: 2434735444.599 ops/s
Iteration   2: 2418261947.763 ops/s
Iteration   3: 2432538477.793 ops/s
Iteration   4: 2461199318.600 ops/s
Iteration   5: 2242559103.551 ops/s
Iteration   6: 2415385064.702 ops/s
Iteration   7: 2469729957.158 ops/s
Iteration   8: 2402466154.693 ops/s
Iteration   9: 2414289853.129 ops/s
Iteration  10: 2423565502.234 ops/s
Iteration  11: 2372280770.500 ops/s
Iteration  12: 2460350618.875 ops/s
Iteration  13: 2414149307.715 ops/s
Iteration  14: 2427542667.150 ops/s
Iteration  15: 2223145135.084 ops/s
Iteration  16: 2430500712.546 ops/s
Iteration  17: 2470887957.790 ops/s
Iteration  18: 2484471140.476 ops/s
Iteration  19: 2423003469.496 ops/s
Iteration  20: 2387342079.512 ops/s


Result: 2440416035.317 ±(99.9%) 20198075.736 ops/s [Average]
  Statistics: (min, avg, max) = (1747692879.348, 2440416035.317, 2532979782.224), stdev = 85519917.402
  Confidence interval (99.9%): [2420217959.581, 2460614111.053]


# Run complete. Total time: 00:08:07

Benchmark                      Mode  Samples           Score   Score error  Units
o.s.MyBenchmark.testMethod    thrpt      200  2440416035.317  20198075.736  ops/s
