postgres/postgres.sh
[postgres] 
[postgres] == postgres unit test ==
[postgres] [INFO] Test docker hub official image first:
[postgres] 
[postgres] [INFO] default package version:
[postgres] 
The files belonging to this database system will be owned by user "postgres".
This user must also own the server process.

The database cluster will be initialized with locale "en_US.utf8".
The default database encoding has accordingly been set to "UTF8".
The default text search configuration will be set to "english".

Data page checksums are disabled.

fixing permissions on existing directory /var/lib/postgresql/data ... ok
creating subdirectories ... ok
selecting default max_connections ... 100
selecting default shared_buffers ... 128MB
selecting default timezone ... Etc/UTC
selecting dynamic shared memory implementation ... posix
creating configuration files ... ok
running bootstrap script ... ok
performing post-bootstrap initialization ... ok
syncing data to disk ... ok

Success. You can now start the database server using:

    pg_ctl -D /var/lib/postgresql/data -l logfile start

waiting for server to start....2019-08-21 11:58:13.955 UTC [45] LOG:  listening on Unix socket "/var/run/postgresql/.s.PGSQL.5432"
2019-08-21 11:58:13.987 UTC [46] LOG:  database system was shut down at 2019-08-21 11:58:13 UTC
2019-08-21 11:58:14.005 UTC [45] LOG:  database system is ready to accept connections
 done
server started

/usr/local/bin/docker-entrypoint.sh: ignoring /docker-entrypoint-initdb.d/*

2019-08-21 11:58:14.038 UTC [45] LOG:  received fast shutdown request
waiting for server to shut down....2019-08-21 11:58:14.050 UTC [45] LOG:  aborting any active transactions
2019-08-21 11:58:14.056 UTC [45] LOG:  background worker "logical replication launcher" (PID 52) exited with exit code 1
2019-08-21 11:58:14.056 UTC [47] LOG:  shutting down
2019-08-21 11:58:14.091 UTC [45] LOG:  database system is shut down
 done
server stopped

PostgreSQL init process complete; ready for start up.

postgres (PostgreSQL) 11.5 (Debian 11.5-1.pgdg90+1)
pgbench with BUFFER_TEST SINGLE_THREAD READ_WRITE
pgbench_entry
PGDATA=/var/lib/postgresql/data
POSTGRES_INITDB_WALDIR=
input parameters: BUFFER_TEST SINGLE_THREAD READ_WRITE
posgresql user mode
HOME=/var/lib/postgresql
PGDATA=/var/lib/postgresql/data
/
The files belonging to this database system will be owned by user "postgres".
This user must also own the server process.

The database cluster will be initialized with locale "C".
The default text search configuration will be set to "english".

Data page checksums are disabled.

fixing permissions on existing directory /var/lib/postgresql/data ... ok
creating subdirectories ... ok
selecting default max_connections ... 100
selecting default shared_buffers ... 128MB
selecting default timezone ... Etc/UTC
selecting dynamic shared memory implementation ... posix
creating configuration files ... ok
running bootstrap script ... ok
performing post-bootstrap initialization ... ok
syncing data to disk ... ok

Success. You can now start the database server using:

    ./pg_ctl -D /var/lib/postgresql/data -l logfile start

waiting for server to start....2019-08-21 11:58:17.389 UTC [31] LOG:  listening on IPv4 address "0.0.0.0", port 5432
2019-08-21 11:58:17.389 UTC [31] LOG:  listening on IPv6 address "::", port 5432
2019-08-21 11:58:17.393 UTC [31] LOG:  listening on Unix socket "/var/run/postgresql/.s.PGSQL.5432"
2019-08-21 11:58:17.416 UTC [32] LOG:  database system was shut down at 2019-08-21 11:58:17 UTC
2019-08-21 11:58:17.428 UTC [31] LOG:  database system is ready to accept connections
 done
server started
SYS_MEMORY=32936640 NUM_CPU_CORES=16
BUFFER_TEST Selected
SCALING_FACTOR=98
2019-08-21 11:58:42.127 UTC [33] LOG:  checkpoints are occurring too frequently (15 seconds apart)
2019-08-21 11:58:42.127 UTC [33] HINT:  Consider increasing the configuration parameter "max_wal_size".
PGBENCH_ARGS=-c 1 PGBENCH_MORE_ARGS=
transaction type: <builtin: TPC-B (sort of)>
scaling factor: 98
query mode: simple
number of clients: 1
number of threads: 1
duration: 600 s
number of transactions actually processed: 212838
latency average = 2.819 ms
tps = 354.729453 (including connections establishing)
tps = 354.732931 (excluding connections establishing)
2019-08-21 12:08:59.339 UTC [31] LOG:  received fast shutdown request
waiting for server to shut down....2019-08-21 12:08:59.343 UTC [31] LOG:  aborting any active transactions
2019-08-21 12:08:59.349 UTC [31] LOG:  background worker "logical replication launcher" (PID 37) exited with exit code 1
2019-08-21 12:08:59.368 UTC [33] LOG:  shutting down
2019-08-21 12:08:59.420 UTC [31] LOG:  database system is shut down
pgbench with BUFFER_TEST SINGLE_THREAD READ_ONLY
pgbench_entry
PGDATA=/var/lib/postgresql/data
POSTGRES_INITDB_WALDIR=
input parameters: BUFFER_TEST SINGLE_THREAD READ_ONLY
posgresql user mode
HOME=/var/lib/postgresql
PGDATA=/var/lib/postgresql/data
/
The files belonging to this database system will be owned by user "postgres".
This user must also own the server process.

The database cluster will be initialized with locale "C".
The default text search configuration will be set to "english".

Data page checksums are disabled.

fixing permissions on existing directory /var/lib/postgresql/data ... ok
creating subdirectories ... ok
selecting default max_connections ... 100
selecting default shared_buffers ... 128MB
selecting default timezone ... Etc/UTC
selecting dynamic shared memory implementation ... posix
creating configuration files ... ok
running bootstrap script ... ok
performing post-bootstrap initialization ... ok
syncing data to disk ... ok

Success. You can now start the database server using:

    ./pg_ctl -D /var/lib/postgresql/data -l logfile start

waiting for server to start....2019-08-21 12:09:03.029 UTC [32] LOG:  listening on IPv4 address "0.0.0.0", port 5432
2019-08-21 12:09:03.029 UTC [32] LOG:  listening on IPv6 address "::", port 5432
2019-08-21 12:09:03.033 UTC [32] LOG:  listening on Unix socket "/var/run/postgresql/.s.PGSQL.5432"
2019-08-21 12:09:03.057 UTC [33] LOG:  database system was shut down at 2019-08-21 12:09:02 UTC
2019-08-21 12:09:03.068 UTC [32] LOG:  database system is ready to accept connections
 done
server started
SYS_MEMORY=32936640 NUM_CPU_CORES=16
BUFFER_TEST Selected
SCALING_FACTOR=98
2019-08-21 12:09:29.060 UTC [34] LOG:  checkpoints are occurring too frequently (16 seconds apart)
2019-08-21 12:09:29.060 UTC [34] HINT:  Consider increasing the configuration parameter "max_wal_size".
PGBENCH_ARGS=-c 1 PGBENCH_MORE_ARGS=-S
transaction type: <builtin: select only>
scaling factor: 98
query mode: simple
number of clients: 1
number of threads: 1
duration: 600 s
number of transactions actually processed: 3556267
latency average = 0.169 ms
tps = 5927.110064 (including connections establishing)
tps = 5927.161803 (excluding connections establishing)
2019-08-21 12:19:45.810 UTC [32] LOG:  received fast shutdown request
waiting for server to shut down....2019-08-21 12:19:45.813 UTC [32] LOG:  aborting any active transactions
2019-08-21 12:19:45.818 UTC [32] LOG:  background worker "logical replication launcher" (PID 38) exited with exit code 1
2019-08-21 12:19:45.820 UTC [34] LOG:  shutting down
2019-08-21 12:19:45.859 UTC [32] LOG:  database system is shut down
pgbench with BUFFER_TEST NORMAL_LOAD READ_WRITE
pgbench_entry
PGDATA=/var/lib/postgresql/data
POSTGRES_INITDB_WALDIR=
input parameters: BUFFER_TEST NORMAL_LOAD READ_WRITE
posgresql user mode
HOME=/var/lib/postgresql
PGDATA=/var/lib/postgresql/data
/
The files belonging to this database system will be owned by user "postgres".
This user must also own the server process.

The database cluster will be initialized with locale "C".
The default text search configuration will be set to "english".

Data page checksums are disabled.

fixing permissions on existing directory /var/lib/postgresql/data ... ok
creating subdirectories ... ok
selecting default max_connections ... 100
selecting default shared_buffers ... 128MB
selecting default timezone ... Etc/UTC
selecting dynamic shared memory implementation ... posix
creating configuration files ... ok
running bootstrap script ... ok
performing post-bootstrap initialization ... ok
syncing data to disk ... ok

Success. You can now start the database server using:

    ./pg_ctl -D /var/lib/postgresql/data -l logfile start

waiting for server to start....2019-08-21 12:19:49.259 UTC [30] LOG:  listening on IPv4 address "0.0.0.0", port 5432
2019-08-21 12:19:49.259 UTC [30] LOG:  listening on IPv6 address "::", port 5432
2019-08-21 12:19:49.263 UTC [30] LOG:  listening on Unix socket "/var/run/postgresql/.s.PGSQL.5432"
2019-08-21 12:19:49.289 UTC [31] LOG:  database system was shut down at 2019-08-21 12:19:48 UTC
2019-08-21 12:19:49.303 UTC [30] LOG:  database system is ready to accept connections
 done
server started
SYS_MEMORY=32936640 NUM_CPU_CORES=16
BUFFER_TEST Selected
SCALING_FACTOR=98
2019-08-21 12:20:14.972 UTC [32] LOG:  checkpoints are occurring too frequently (15 seconds apart)
2019-08-21 12:20:14.972 UTC [32] HINT:  Consider increasing the configuration parameter "max_wal_size".
PGBENCH_ARGS=-j 16 -c 64 PGBENCH_MORE_ARGS=
2019-08-21 12:20:36.204 UTC [32] LOG:  checkpoints are occurring too frequently (22 seconds apart)
2019-08-21 12:20:36.204 UTC [32] HINT:  Consider increasing the configuration parameter "max_wal_size".
2019-08-21 12:20:56.499 UTC [32] LOG:  checkpoints are occurring too frequently (20 seconds apart)
2019-08-21 12:20:56.499 UTC [32] HINT:  Consider increasing the configuration parameter "max_wal_size".
2019-08-21 12:21:20.899 UTC [32] LOG:  checkpoints are occurring too frequently (24 seconds apart)
2019-08-21 12:21:20.899 UTC [32] HINT:  Consider increasing the configuration parameter "max_wal_size".
2019-08-21 12:21:46.342 UTC [32] LOG:  checkpoints are occurring too frequently (26 seconds apart)
2019-08-21 12:21:46.342 UTC [32] HINT:  Consider increasing the configuration parameter "max_wal_size".
2019-08-21 12:22:11.832 UTC [32] LOG:  checkpoints are occurring too frequently (25 seconds apart)
2019-08-21 12:22:11.832 UTC [32] HINT:  Consider increasing the configuration parameter "max_wal_size".
2019-08-21 12:22:40.338 UTC [32] LOG:  checkpoints are occurring too frequently (29 seconds apart)
2019-08-21 12:22:40.338 UTC [32] HINT:  Consider increasing the configuration parameter "max_wal_size".
2019-08-21 12:23:07.914 UTC [32] LOG:  checkpoints are occurring too frequently (27 seconds apart)
2019-08-21 12:23:07.914 UTC [32] HINT:  Consider increasing the configuration parameter "max_wal_size".
2019-08-21 12:26:07.774 UTC [32] LOG:  checkpoints are occurring too frequently (27 seconds apart)
2019-08-21 12:26:07.774 UTC [32] HINT:  Consider increasing the configuration parameter "max_wal_size".
2019-08-21 12:27:08.362 UTC [32] LOG:  checkpoints are occurring too frequently (29 seconds apart)
2019-08-21 12:27:08.362 UTC [32] HINT:  Consider increasing the configuration parameter "max_wal_size".
2019-08-21 12:27:37.494 UTC [32] LOG:  checkpoints are occurring too frequently (29 seconds apart)
2019-08-21 12:27:37.494 UTC [32] HINT:  Consider increasing the configuration parameter "max_wal_size".
2019-08-21 12:28:05.231 UTC [32] LOG:  checkpoints are occurring too frequently (28 seconds apart)
2019-08-21 12:28:05.231 UTC [32] HINT:  Consider increasing the configuration parameter "max_wal_size".
2019-08-21 12:28:34.628 UTC [32] LOG:  checkpoints are occurring too frequently (29 seconds apart)
2019-08-21 12:28:34.628 UTC [32] HINT:  Consider increasing the configuration parameter "max_wal_size".
2019-08-21 12:29:03.856 UTC [32] LOG:  checkpoints are occurring too frequently (29 seconds apart)
2019-08-21 12:29:03.856 UTC [32] HINT:  Consider increasing the configuration parameter "max_wal_size".
2019-08-21 12:29:31.323 UTC [32] LOG:  checkpoints are occurring too frequently (28 seconds apart)
2019-08-21 12:29:31.323 UTC [32] HINT:  Consider increasing the configuration parameter "max_wal_size".
2019-08-21 12:30:00.899 UTC [32] LOG:  checkpoints are occurring too frequently (29 seconds apart)
2019-08-21 12:30:00.899 UTC [32] HINT:  Consider increasing the configuration parameter "max_wal_size".
2019-08-21 12:30:28.815 UTC [32] LOG:  checkpoints are occurring too frequently (28 seconds apart)
2019-08-21 12:30:28.815 UTC [32] HINT:  Consider increasing the configuration parameter "max_wal_size".
transaction type: <builtin: TPC-B (sort of)>
scaling factor: 98
query mode: simple
number of clients: 64
number of threads: 16
duration: 600 s
number of transactions actually processed: 2239179
latency average = 17.150 ms
tps = 3731.712398 (including connections establishing)
tps = 3731.879900 (excluding connections establishing)
2019-08-21 12:30:30.483 UTC [30] LOG:  received fast shutdown request
waiting for server to shut down....2019-08-21 12:30:30.488 UTC [30] LOG:  aborting any active transactions
2019-08-21 12:30:30.494 UTC [30] LOG:  background worker "logical replication launcher" (PID 36) exited with exit code 1
2019-08-21 12:30:30.499 UTC [32] LOG:  shutting down
2019-08-21 12:30:30.547 UTC [30] LOG:  database system is shut down
pgbench with BUFFER_TEST NORMAL_LOAD READ_ONLY
pgbench_entry
PGDATA=/var/lib/postgresql/data
POSTGRES_INITDB_WALDIR=
input parameters: BUFFER_TEST NORMAL_LOAD READ_ONLY
posgresql user mode
HOME=/var/lib/postgresql
PGDATA=/var/lib/postgresql/data
/
The files belonging to this database system will be owned by user "postgres".
This user must also own the server process.

The database cluster will be initialized with locale "C".
The default text search configuration will be set to "english".

Data page checksums are disabled.

fixing permissions on existing directory /var/lib/postgresql/data ... ok
creating subdirectories ... ok
selecting default max_connections ... 100
selecting default shared_buffers ... 128MB
selecting default timezone ... Etc/UTC
selecting dynamic shared memory implementation ... posix
creating configuration files ... ok
running bootstrap script ... ok
performing post-bootstrap initialization ... ok
syncing data to disk ... ok

Success. You can now start the database server using:

    ./pg_ctl -D /var/lib/postgresql/data -l logfile start

waiting for server to start....2019-08-21 12:30:34.240 UTC [30] LOG:  listening on IPv4 address "0.0.0.0", port 5432
2019-08-21 12:30:34.240 UTC [30] LOG:  listening on IPv6 address "::", port 5432
2019-08-21 12:30:34.244 UTC [30] LOG:  listening on Unix socket "/var/run/postgresql/.s.PGSQL.5432"
2019-08-21 12:30:34.270 UTC [31] LOG:  database system was shut down at 2019-08-21 12:30:33 UTC
2019-08-21 12:30:34.280 UTC [30] LOG:  database system is ready to accept connections
 done
server started
SYS_MEMORY=32936640 NUM_CPU_CORES=16
BUFFER_TEST Selected
SCALING_FACTOR=98
2019-08-21 12:30:58.204 UTC [32] LOG:  checkpoints are occurring too frequently (14 seconds apart)
2019-08-21 12:30:58.204 UTC [32] HINT:  Consider increasing the configuration parameter "max_wal_size".
PGBENCH_ARGS=-j 16 -c 64 PGBENCH_MORE_ARGS=-S
transaction type: <builtin: select only>
scaling factor: 98
query mode: simple
number of clients: 64
number of threads: 16
duration: 600 s
number of transactions actually processed: 46773567
latency average = 0.821 ms
tps = 77952.737160 (including connections establishing)
tps = 77955.335513 (excluding connections establishing)
2019-08-21 12:41:13.334 UTC [30] LOG:  received fast shutdown request
waiting for server to shut down....2019-08-21 12:41:13.338 UTC [30] LOG:  aborting any active transactions
2019-08-21 12:41:13.344 UTC [30] LOG:  background worker "logical replication launcher" (PID 36) exited with exit code 1
2019-08-21 12:41:13.345 UTC [32] LOG:  shutting down
2019-08-21 12:41:13.413 UTC [30] LOG:  database system is shut down
Default-Node-Server
[postgres] [INFO] Test clear docker image:
[postgres] 
[postgres] [INFO] clear package version:
[postgres] 
The files belonging to this database system will be owned by user "postgres".
This user must also own the server process.

The database cluster will be initialized with locale "en_US.UTF-8".
The default database encoding has accordingly been set to "UTF8".
The default text search configuration will be set to "english".

Data page checksums are disabled.

fixing permissions on existing directory /var/lib/pgsql/data ... ok
creating subdirectories ... ok
selecting default max_connections ... 100
selecting default shared_buffers ... 128MB
selecting default timezone ... UTC
selecting dynamic shared memory implementation ... posix
creating configuration files ... ok
running bootstrap script ... ok
performing post-bootstrap initialization ... ok
syncing data to disk ... ok

Success. You can now start the database server using:

    pg_ctl -D /var/lib/pgsql/data -l logfile start

waiting for server to start....LOG:  database system was shut down at 2019-08-21 12:41:17 UTC
LOG:  MultiXact member wraparound protections are now enabled
LOG:  database system is ready to accept connections
LOG:  autovacuum launcher started
 done
server started

/usr/local/bin/bootstrap.sh: ignoring /docker-entrypoint-initdb.d/*

waiting for server to shut down...LOG:  received fast shutdown request
.LOG:  aborting any active transactions
LOG:  autovacuum launcher shutting down
LOG:  shutting down
LOG:  database system is shut down
 done
server stopped

PostgreSQL init process complete; ready for start up.

postgres (PostgreSQL) 9.6.15
pgbench with BUFFER_TEST SINGLE_THREAD READ_WRITE
pgbench_entry
PGDATA=/var/lib/pgsql/data
POSTGRES_INITDB_WALDIR=
input parameters: BUFFER_TEST SINGLE_THREAD READ_WRITE
posgresql user mode
HOME=/
PGDATA=/var/lib/pgsql/data
/
The files belonging to this database system will be owned by user "postgres".
This user must also own the server process.

The database cluster will be initialized with locale "C".
The default text search configuration will be set to "english".

Data page checksums are disabled.

fixing permissions on existing directory /var/lib/pgsql/data ... ok
creating subdirectories ... ok
selecting default max_connections ... 100
selecting default shared_buffers ... 128MB
selecting default timezone ... UTC
selecting dynamic shared memory implementation ... posix
creating configuration files ... ok
running bootstrap script ... ok
performing post-bootstrap initialization ... ok
syncing data to disk ... ok

Success. You can now start the database server using:

    pg_ctl -D /var/lib/pgsql/data -l logfile start

server starting
LOG:  database system was shut down at 2019-08-21 12:41:23 UTC
LOG:  MultiXact member wraparound protections are now enabled
LOG:  database system is ready to accept connections
SYS_MEMORY=32936640 NUM_CPU_CORES=16
BUFFER_TEST Selected
SCALING_FACTOR=98
PGBENCH_ARGS=-c 1 PGBENCH_MORE_ARGS=
transaction type: <builtin: TPC-B (sort of)>
scaling factor: 98
query mode: simple
number of clients: 1
number of threads: 1
duration: 600 s
number of transactions actually processed: 208319
latency average = 2.880 ms
tps = 347.197634 (including connections establishing)
tps = 347.200554 (excluding connections establishing)
waiting for server to shut down....LOG:  received fast shutdown request
LOG:  aborting any active transactions
LOG:  shutting down
LOG:  database system is shut down
 done
server stopped
pgbench with BUFFER_TEST SINGLE_THREAD READ_ONLY
pgbench_entry
PGDATA=/var/lib/pgsql/data
POSTGRES_INITDB_WALDIR=
input parameters: BUFFER_TEST SINGLE_THREAD READ_ONLY
posgresql user mode
HOME=/
PGDATA=/var/lib/pgsql/data
/
The files belonging to this database system will be owned by user "postgres".
This user must also own the server process.

The database cluster will be initialized with locale "C".
The default text search configuration will be set to "english".

Data page checksums are disabled.

fixing permissions on existing directory /var/lib/pgsql/data ... ok
creating subdirectories ... ok
selecting default max_connections ... 100
selecting default shared_buffers ... 128MB
selecting default timezone ... UTC
selecting dynamic shared memory implementation ... posix
creating configuration files ... ok
running bootstrap script ... ok
performing post-bootstrap initialization ... ok
syncing data to disk ... ok

Success. You can now start the database server using:

    pg_ctl -D /var/lib/pgsql/data -l logfile start

server starting
LOG:  database system was shut down at 2019-08-21 12:52:03 UTC
LOG:  MultiXact member wraparound protections are now enabled
LOG:  database system is ready to accept connections
SYS_MEMORY=32936640 NUM_CPU_CORES=16
BUFFER_TEST Selected
SCALING_FACTOR=98
PGBENCH_ARGS=-c 1 PGBENCH_MORE_ARGS=-S
transaction type: <builtin: select only>
scaling factor: 98
query mode: simple
number of clients: 1
number of threads: 1
duration: 600 s
number of transactions actually processed: 3074281
latency average = 0.195 ms
tps = 5123.797218 (including connections establishing)
tps = 5123.833417 (excluding connections establishing)
waiting for server to shut down....LOG:  received fast shutdown request
LOG:  aborting any active transactions
LOG:  shutting down
LOG:  database system is shut down
 done
server stopped
pgbench with BUFFER_TEST NORMAL_LOAD READ_WRITE
pgbench_entry
PGDATA=/var/lib/pgsql/data
POSTGRES_INITDB_WALDIR=
input parameters: BUFFER_TEST NORMAL_LOAD READ_WRITE
posgresql user mode
HOME=/
PGDATA=/var/lib/pgsql/data
/
The files belonging to this database system will be owned by user "postgres".
This user must also own the server process.

The database cluster will be initialized with locale "C".
The default text search configuration will be set to "english".

Data page checksums are disabled.

fixing permissions on existing directory /var/lib/pgsql/data ... ok
creating subdirectories ... ok
selecting default max_connections ... 100
selecting default shared_buffers ... 128MB
selecting default timezone ... UTC
selecting dynamic shared memory implementation ... posix
creating configuration files ... ok
running bootstrap script ... ok
performing post-bootstrap initialization ... ok
syncing data to disk ... ok

Success. You can now start the database server using:

    pg_ctl -D /var/lib/pgsql/data -l logfile start

server starting
LOG:  database system was shut down at 2019-08-21 13:02:50 UTC
LOG:  MultiXact member wraparound protections are now enabled
LOG:  database system is ready to accept connections
SYS_MEMORY=32936640 NUM_CPU_CORES=16
BUFFER_TEST Selected
SCALING_FACTOR=98
PGBENCH_ARGS=-j 16 -c 64 PGBENCH_MORE_ARGS=
LOG:  checkpoints are occurring too frequently (14 seconds apart)
HINT:  Consider increasing the configuration parameter "max_wal_size".
LOG:  checkpoints are occurring too frequently (13 seconds apart)
HINT:  Consider increasing the configuration parameter "max_wal_size".
LOG:  checkpoints are occurring too frequently (14 seconds apart)
HINT:  Consider increasing the configuration parameter "max_wal_size".
LOG:  checkpoints are occurring too frequently (13 seconds apart)
HINT:  Consider increasing the configuration parameter "max_wal_size".
LOG:  checkpoints are occurring too frequently (16 seconds apart)
HINT:  Consider increasing the configuration parameter "max_wal_size".
LOG:  checkpoints are occurring too frequently (16 seconds apart)
HINT:  Consider increasing the configuration parameter "max_wal_size".
LOG:  checkpoints are occurring too frequently (16 seconds apart)
HINT:  Consider increasing the configuration parameter "max_wal_size".
LOG:  checkpoints are occurring too frequently (15 seconds apart)
HINT:  Consider increasing the configuration parameter "max_wal_size".
LOG:  checkpoints are occurring too frequently (15 seconds apart)
HINT:  Consider increasing the configuration parameter "max_wal_size".
LOG:  checkpoints are occurring too frequently (16 seconds apart)
HINT:  Consider increasing the configuration parameter "max_wal_size".
LOG:  checkpoints are occurring too frequently (16 seconds apart)
HINT:  Consider increasing the configuration parameter "max_wal_size".
LOG:  checkpoints are occurring too frequently (16 seconds apart)
HINT:  Consider increasing the configuration parameter "max_wal_size".
LOG:  checkpoints are occurring too frequently (15 seconds apart)
HINT:  Consider increasing the configuration parameter "max_wal_size".
LOG:  checkpoints are occurring too frequently (16 seconds apart)
HINT:  Consider increasing the configuration parameter "max_wal_size".
LOG:  checkpoints are occurring too frequently (16 seconds apart)
HINT:  Consider increasing the configuration parameter "max_wal_size".
LOG:  checkpoints are occurring too frequently (16 seconds apart)
HINT:  Consider increasing the configuration parameter "max_wal_size".
LOG:  checkpoints are occurring too frequently (15 seconds apart)
HINT:  Consider increasing the configuration parameter "max_wal_size".
LOG:  checkpoints are occurring too frequently (15 seconds apart)
HINT:  Consider increasing the configuration parameter "max_wal_size".
LOG:  checkpoints are occurring too frequently (16 seconds apart)
HINT:  Consider increasing the configuration parameter "max_wal_size".
LOG:  checkpoints are occurring too frequently (16 seconds apart)
HINT:  Consider increasing the configuration parameter "max_wal_size".
LOG:  checkpoints are occurring too frequently (16 seconds apart)
HINT:  Consider increasing the configuration parameter "max_wal_size".
LOG:  checkpoints are occurring too frequently (16 seconds apart)
HINT:  Consider increasing the configuration parameter "max_wal_size".
LOG:  checkpoints are occurring too frequently (15 seconds apart)
HINT:  Consider increasing the configuration parameter "max_wal_size".
LOG:  checkpoints are occurring too frequently (16 seconds apart)
HINT:  Consider increasing the configuration parameter "max_wal_size".
LOG:  checkpoints are occurring too frequently (16 seconds apart)
HINT:  Consider increasing the configuration parameter "max_wal_size".
LOG:  checkpoints are occurring too frequently (17 seconds apart)
HINT:  Consider increasing the configuration parameter "max_wal_size".
LOG:  checkpoints are occurring too frequently (15 seconds apart)
HINT:  Consider increasing the configuration parameter "max_wal_size".
LOG:  checkpoints are occurring too frequently (17 seconds apart)
HINT:  Consider increasing the configuration parameter "max_wal_size".
LOG:  checkpoints are occurring too frequently (16 seconds apart)
HINT:  Consider increasing the configuration parameter "max_wal_size".
LOG:  checkpoints are occurring too frequently (16 seconds apart)
HINT:  Consider increasing the configuration parameter "max_wal_size".
LOG:  checkpoints are occurring too frequently (16 seconds apart)
HINT:  Consider increasing the configuration parameter "max_wal_size".
LOG:  checkpoints are occurring too frequently (16 seconds apart)
HINT:  Consider increasing the configuration parameter "max_wal_size".
LOG:  checkpoints are occurring too frequently (15 seconds apart)
HINT:  Consider increasing the configuration parameter "max_wal_size".
LOG:  checkpoints are occurring too frequently (16 seconds apart)
HINT:  Consider increasing the configuration parameter "max_wal_size".
LOG:  checkpoints are occurring too frequently (16 seconds apart)
HINT:  Consider increasing the configuration parameter "max_wal_size".
LOG:  checkpoints are occurring too frequently (17 seconds apart)
HINT:  Consider increasing the configuration parameter "max_wal_size".
LOG:  checkpoints are occurring too frequently (15 seconds apart)
HINT:  Consider increasing the configuration parameter "max_wal_size".
transaction type: <builtin: TPC-B (sort of)>
scaling factor: 98
query mode: simple
number of clients: 64
number of threads: 16
duration: 600 s
number of transactions actually processed: 2089022
latency average = 18.384 ms
tps = 3481.360820 (including connections establishing)
tps = 3481.447230 (excluding connections establishing)
waiting for server to shut down....LOG:  received fast shutdown request
LOG:  aborting any active transactions
LOG:  shutting down
LOG:  database system is shut down
 done
server stopped
pgbench with BUFFER_TEST NORMAL_LOAD READ_ONLY
pgbench_entry
PGDATA=/var/lib/pgsql/data
POSTGRES_INITDB_WALDIR=
input parameters: BUFFER_TEST NORMAL_LOAD READ_ONLY
posgresql user mode
HOME=/
PGDATA=/var/lib/pgsql/data
/
The files belonging to this database system will be owned by user "postgres".
This user must also own the server process.

The database cluster will be initialized with locale "C".
The default text search configuration will be set to "english".

Data page checksums are disabled.

fixing permissions on existing directory /var/lib/pgsql/data ... ok
creating subdirectories ... ok
selecting default max_connections ... 100
selecting default shared_buffers ... 128MB
selecting default timezone ... UTC
selecting dynamic shared memory implementation ... posix
creating configuration files ... ok
running bootstrap script ... ok
performing post-bootstrap initialization ... ok
syncing data to disk ... ok

Success. You can now start the database server using:

    pg_ctl -D /var/lib/pgsql/data -l logfile start

server starting
LOG:  database system was shut down at 2019-08-21 13:13:28 UTC
LOG:  MultiXact member wraparound protections are now enabled
LOG:  database system is ready to accept connections
SYS_MEMORY=32936640 NUM_CPU_CORES=16
BUFFER_TEST Selected
SCALING_FACTOR=98
PGBENCH_ARGS=-j 16 -c 64 PGBENCH_MORE_ARGS=-S
transaction type: <builtin: select only>
scaling factor: 98
query mode: simple
number of clients: 64
number of threads: 16
duration: 600 s
number of transactions actually processed: 46755299
latency average = 0.821 ms
tps = 77922.124565 (including connections establishing)
tps = 77923.721612 (excluding connections establishing)
waiting for server to shut down....LOG:  received fast shutdown request
LOG:  aborting any active transactions
LOG:  shutting down
LOG:  database system is shut down
 done
server stopped
Clr-Node-Server
[postgres] [INFO] Test extra official docker image, postgres9.6:
[postgres] 
[postgres] [INFO] extra test package version:
[postgres] 
The files belonging to this database system will be owned by user "postgres".
This user must also own the server process.

The database cluster will be initialized with locale "en_US.utf8".
The default database encoding has accordingly been set to "UTF8".
The default text search configuration will be set to "english".

Data page checksums are disabled.

fixing permissions on existing directory /var/lib/postgresql/data ... ok
creating subdirectories ... ok
selecting default max_connections ... 100
selecting default shared_buffers ... 128MB
selecting default timezone ... Etc/UTC
selecting dynamic shared memory implementation ... posix
creating configuration files ... ok
running bootstrap script ... ok
performing post-bootstrap initialization ... ok
syncing data to disk ... ok

Success. You can now start the database server using:

    pg_ctl -D /var/lib/postgresql/data -l logfile start

waiting for server to start....LOG:  database system was shut down at 2019-08-21 13:24:09 UTC
LOG:  MultiXact member wraparound protections are now enabled
LOG:  autovacuum launcher started
LOG:  database system is ready to accept connections
 done
server started

/usr/local/bin/docker-entrypoint.sh: ignoring /docker-entrypoint-initdb.d/*

waiting for server to shut down...LOG:  received fast shutdown request
LOG:  aborting any active transactions
LOG:  autovacuum launcher shutting down
.LOG:  shutting down
LOG:  database system is shut down
 done
server stopped

PostgreSQL init process complete; ready for start up.

postgres (PostgreSQL) 9.6.15
pgbench with BUFFER_TEST SINGLE_THREAD READ_WRITE
pgbench_entry
PGDATA=/var/lib/postgresql/data
POSTGRES_INITDB_WALDIR=
input parameters: BUFFER_TEST SINGLE_THREAD READ_WRITE
posgresql user mode
HOME=/var/lib/postgresql
PGDATA=/var/lib/postgresql/data
/
The files belonging to this database system will be owned by user "postgres".
This user must also own the server process.

The database cluster will be initialized with locale "C".
The default text search configuration will be set to "english".

Data page checksums are disabled.

fixing permissions on existing directory /var/lib/postgresql/data ... ok
creating subdirectories ... ok
selecting default max_connections ... 100
selecting default shared_buffers ... 128MB
selecting default timezone ... Etc/UTC
selecting dynamic shared memory implementation ... posix
creating configuration files ... ok
running bootstrap script ... ok
performing post-bootstrap initialization ... ok
syncing data to disk ... ok

Success. You can now start the database server using:

    ./pg_ctl -D /var/lib/postgresql/data -l logfile start

server starting
LOG:  database system was shut down at 2019-08-21 13:24:15 UTC
LOG:  MultiXact member wraparound protections are now enabled
LOG:  database system is ready to accept connections
SYS_MEMORY=32936640 NUM_CPU_CORES=16
BUFFER_TEST Selected
SCALING_FACTOR=98
PGBENCH_ARGS=-c 1 PGBENCH_MORE_ARGS=
transaction type: <builtin: TPC-B (sort of)>
scaling factor: 98
query mode: simple
number of clients: 1
number of threads: 1
duration: 600 s
number of transactions actually processed: 208467
latency average = 2.878 ms
tps = 347.444462 (including connections establishing)
tps = 347.448479 (excluding connections establishing)
LOG:  received fast shutdown request
LOG:  aborting any active transactions
waiting for server to shut down....LOG:  shutting down
LOG:  database system is shut down
pgbench with BUFFER_TEST SINGLE_THREAD READ_ONLY
pgbench_entry
PGDATA=/var/lib/postgresql/data
POSTGRES_INITDB_WALDIR=
input parameters: BUFFER_TEST SINGLE_THREAD READ_ONLY
posgresql user mode
HOME=/var/lib/postgresql
PGDATA=/var/lib/postgresql/data
/
The files belonging to this database system will be owned by user "postgres".
This user must also own the server process.

The database cluster will be initialized with locale "C".
The default text search configuration will be set to "english".

Data page checksums are disabled.

fixing permissions on existing directory /var/lib/postgresql/data ... ok
creating subdirectories ... ok
selecting default max_connections ... 100
selecting default shared_buffers ... 128MB
selecting default timezone ... Etc/UTC
selecting dynamic shared memory implementation ... posix
creating configuration files ... ok
running bootstrap script ... ok
performing post-bootstrap initialization ... ok
syncing data to disk ... ok

Success. You can now start the database server using:

    ./pg_ctl -D /var/lib/postgresql/data -l logfile start

server starting
LOG:  database system was shut down at 2019-08-21 13:34:52 UTC
LOG:  MultiXact member wraparound protections are now enabled
LOG:  database system is ready to accept connections
SYS_MEMORY=32936640 NUM_CPU_CORES=16
BUFFER_TEST Selected
SCALING_FACTOR=98
PGBENCH_ARGS=-c 1 PGBENCH_MORE_ARGS=-S
transaction type: <builtin: select only>
scaling factor: 98
query mode: simple
number of clients: 1
number of threads: 1
duration: 600 s
number of transactions actually processed: 3757785
latency average = 0.160 ms
tps = 6262.970512 (including connections establishing)
tps = 6263.026628 (excluding connections establishing)
waiting for server to shut down...LOG:  received fast shutdown request
.LOG:  aborting any active transactions
LOG:  shutting down
LOG:  database system is shut down
pgbench with BUFFER_TEST NORMAL_LOAD READ_WRITE
pgbench_entry
PGDATA=/var/lib/postgresql/data
POSTGRES_INITDB_WALDIR=
input parameters: BUFFER_TEST NORMAL_LOAD READ_WRITE
posgresql user mode
HOME=/var/lib/postgresql
PGDATA=/var/lib/postgresql/data
/
The files belonging to this database system will be owned by user "postgres".
This user must also own the server process.

The database cluster will be initialized with locale "C".
The default text search configuration will be set to "english".

Data page checksums are disabled.

fixing permissions on existing directory /var/lib/postgresql/data ... ok
creating subdirectories ... ok
selecting default max_connections ... 100
selecting default shared_buffers ... 128MB
selecting default timezone ... Etc/UTC
selecting dynamic shared memory implementation ... posix
creating configuration files ... ok
running bootstrap script ... ok
performing post-bootstrap initialization ... ok
syncing data to disk ... ok

Success. You can now start the database server using:

    ./pg_ctl -D /var/lib/postgresql/data -l logfile start

server starting
LOG:  database system was shut down at 2019-08-21 13:45:29 UTC
LOG:  MultiXact member wraparound protections are now enabled
LOG:  database system is ready to accept connections
SYS_MEMORY=32936640 NUM_CPU_CORES=16
BUFFER_TEST Selected
SCALING_FACTOR=98
PGBENCH_ARGS=-j 16 -c 64 PGBENCH_MORE_ARGS=
LOG:  checkpoints are occurring too frequently (14 seconds apart)
HINT:  Consider increasing the configuration parameter "max_wal_size".
LOG:  checkpoints are occurring too frequently (13 seconds apart)
HINT:  Consider increasing the configuration parameter "max_wal_size".
LOG:  checkpoints are occurring too frequently (14 seconds apart)
HINT:  Consider increasing the configuration parameter "max_wal_size".
LOG:  checkpoints are occurring too frequently (13 seconds apart)
HINT:  Consider increasing the configuration parameter "max_wal_size".
LOG:  checkpoints are occurring too frequently (14 seconds apart)
HINT:  Consider increasing the configuration parameter "max_wal_size".
LOG:  checkpoints are occurring too frequently (14 seconds apart)
HINT:  Consider increasing the configuration parameter "max_wal_size".
LOG:  checkpoints are occurring too frequently (14 seconds apart)
HINT:  Consider increasing the configuration parameter "max_wal_size".
LOG:  checkpoints are occurring too frequently (15 seconds apart)
HINT:  Consider increasing the configuration parameter "max_wal_size".
LOG:  checkpoints are occurring too frequently (14 seconds apart)
HINT:  Consider increasing the configuration parameter "max_wal_size".
LOG:  checkpoints are occurring too frequently (15 seconds apart)
HINT:  Consider increasing the configuration parameter "max_wal_size".
LOG:  checkpoints are occurring too frequently (14 seconds apart)
HINT:  Consider increasing the configuration parameter "max_wal_size".
LOG:  checkpoints are occurring too frequently (17 seconds apart)
HINT:  Consider increasing the configuration parameter "max_wal_size".
LOG:  checkpoints are occurring too frequently (14 seconds apart)
HINT:  Consider increasing the configuration parameter "max_wal_size".
LOG:  checkpoints are occurring too frequently (16 seconds apart)
HINT:  Consider increasing the configuration parameter "max_wal_size".
LOG:  checkpoints are occurring too frequently (15 seconds apart)
HINT:  Consider increasing the configuration parameter "max_wal_size".
LOG:  checkpoints are occurring too frequently (16 seconds apart)
HINT:  Consider increasing the configuration parameter "max_wal_size".
LOG:  checkpoints are occurring too frequently (15 seconds apart)
HINT:  Consider increasing the configuration parameter "max_wal_size".
LOG:  checkpoints are occurring too frequently (15 seconds apart)
HINT:  Consider increasing the configuration parameter "max_wal_size".
LOG:  checkpoints are occurring too frequently (15 seconds apart)
HINT:  Consider increasing the configuration parameter "max_wal_size".
LOG:  checkpoints are occurring too frequently (17 seconds apart)
HINT:  Consider increasing the configuration parameter "max_wal_size".
LOG:  checkpoints are occurring too frequently (15 seconds apart)
HINT:  Consider increasing the configuration parameter "max_wal_size".
LOG:  checkpoints are occurring too frequently (17 seconds apart)
HINT:  Consider increasing the configuration parameter "max_wal_size".
LOG:  checkpoints are occurring too frequently (16 seconds apart)
HINT:  Consider increasing the configuration parameter "max_wal_size".
LOG:  checkpoints are occurring too frequently (16 seconds apart)
HINT:  Consider increasing the configuration parameter "max_wal_size".
LOG:  checkpoints are occurring too frequently (15 seconds apart)
HINT:  Consider increasing the configuration parameter "max_wal_size".
LOG:  checkpoints are occurring too frequently (17 seconds apart)
HINT:  Consider increasing the configuration parameter "max_wal_size".
LOG:  checkpoints are occurring too frequently (15 seconds apart)
HINT:  Consider increasing the configuration parameter "max_wal_size".
LOG:  checkpoints are occurring too frequently (16 seconds apart)
HINT:  Consider increasing the configuration parameter "max_wal_size".
LOG:  checkpoints are occurring too frequently (17 seconds apart)
HINT:  Consider increasing the configuration parameter "max_wal_size".
LOG:  checkpoints are occurring too frequently (17 seconds apart)
HINT:  Consider increasing the configuration parameter "max_wal_size".
LOG:  checkpoints are occurring too frequently (16 seconds apart)
HINT:  Consider increasing the configuration parameter "max_wal_size".
LOG:  checkpoints are occurring too frequently (16 seconds apart)
HINT:  Consider increasing the configuration parameter "max_wal_size".
LOG:  checkpoints are occurring too frequently (16 seconds apart)
HINT:  Consider increasing the configuration parameter "max_wal_size".
LOG:  checkpoints are occurring too frequently (17 seconds apart)
HINT:  Consider increasing the configuration parameter "max_wal_size".
LOG:  checkpoints are occurring too frequently (15 seconds apart)
HINT:  Consider increasing the configuration parameter "max_wal_size".
LOG:  checkpoints are occurring too frequently (16 seconds apart)
HINT:  Consider increasing the configuration parameter "max_wal_size".
LOG:  checkpoints are occurring too frequently (16 seconds apart)
HINT:  Consider increasing the configuration parameter "max_wal_size".
LOG:  checkpoints are occurring too frequently (16 seconds apart)
HINT:  Consider increasing the configuration parameter "max_wal_size".
transaction type: <builtin: TPC-B (sort of)>
scaling factor: 98
query mode: simple
number of clients: 64
number of threads: 16
duration: 600 s
number of transactions actually processed: 2127330
latency average = 18.053 ms
tps = 3545.085777 (including connections establishing)
tps = 3545.237637 (excluding connections establishing)
LOG:  received fast shutdown request
waiting for server to shut down....LOG:  aborting any active transactions
LOG:  shutting down
LOG:  database system is shut down
pgbench with BUFFER_TEST NORMAL_LOAD READ_ONLY
pgbench_entry
PGDATA=/var/lib/postgresql/data
POSTGRES_INITDB_WALDIR=
input parameters: BUFFER_TEST NORMAL_LOAD READ_ONLY
posgresql user mode
HOME=/var/lib/postgresql
PGDATA=/var/lib/postgresql/data
/
The files belonging to this database system will be owned by user "postgres".
This user must also own the server process.

The database cluster will be initialized with locale "C".
The default text search configuration will be set to "english".

Data page checksums are disabled.

fixing permissions on existing directory /var/lib/postgresql/data ... ok
creating subdirectories ... ok
selecting default max_connections ... 100
selecting default shared_buffers ... 128MB
selecting default timezone ... Etc/UTC
selecting dynamic shared memory implementation ... posix
creating configuration files ... ok
running bootstrap script ... ok
performing post-bootstrap initialization ... ok
syncing data to disk ... ok

Success. You can now start the database server using:

    ./pg_ctl -D /var/lib/postgresql/data -l logfile start

server starting
LOG:  database system was shut down at 2019-08-21 13:56:08 UTC
LOG:  MultiXact member wraparound protections are now enabled
LOG:  database system is ready to accept connections
SYS_MEMORY=32936640 NUM_CPU_CORES=16
BUFFER_TEST Selected
SCALING_FACTOR=98
PGBENCH_ARGS=-j 16 -c 64 PGBENCH_MORE_ARGS=-S
transaction type: <builtin: select only>
scaling factor: 98
query mode: simple
number of clients: 64
number of threads: 16
duration: 600 s
number of transactions actually processed: 48438503
latency average = 0.793 ms
tps = 80727.131074 (including connections establishing)
tps = 80730.049025 (excluding connections establishing)
LOG:  received fast shutdown request
LOG:  aborting any active transactions
waiting for server to shut down....LOG:  shutting down
LOG:  database system is shut down
Extra Test on postgres9.6
