postgres/postgres.sh
[postgres] 
[postgres] == postgres unit test ==
[postgres] [INFO] Test docker hub official image first:
[postgres] 
[postgres] [INFO] default package version:
[postgres] 
The files belonging to this database system will be owned by user "postgres".
This user must also own the server process.

The database cluster will be initialized with locale "en_US.utf8".
The default database encoding has accordingly been set to "UTF8".
The default text search configuration will be set to "english".

Data page checksums are disabled.

fixing permissions on existing directory /var/lib/postgresql/data ... ok
creating subdirectories ... ok
selecting default max_connections ... 100
selecting default shared_buffers ... 128MB
selecting default timezone ... Etc/UTC
selecting dynamic shared memory implementation ... posix
creating configuration files ... ok
running bootstrap script ... ok
performing post-bootstrap initialization ... ok
syncing data to disk ... ok

Success. You can now start the database server using:

    pg_ctl -D /var/lib/postgresql/data -l logfile start

waiting for server to start....2019-08-21 09:49:46.368 UTC [44] LOG:  listening on Unix socket "/var/run/postgresql/.s.PGSQL.5432"
2019-08-21 09:49:46.396 UTC [45] LOG:  database system was shut down at 2019-08-21 09:49:46 UTC
2019-08-21 09:49:46.412 UTC [44] LOG:  database system is ready to accept connections
 done
server started

/usr/local/bin/docker-entrypoint.sh: ignoring /docker-entrypoint-initdb.d/*

waiting for server to shut down...2019-08-21 09:49:46.451 UTC [44] LOG:  received fast shutdown request
.2019-08-21 09:49:46.455 UTC [44] LOG:  aborting any active transactions
2019-08-21 09:49:46.458 UTC [44] LOG:  background worker "logical replication launcher" (PID 51) exited with exit code 1
2019-08-21 09:49:46.459 UTC [46] LOG:  shutting down
2019-08-21 09:49:46.488 UTC [44] LOG:  database system is shut down
 done
server stopped

PostgreSQL init process complete; ready for start up.

postgres (PostgreSQL) 11.5 (Debian 11.5-1.pgdg90+1)
pgbench with BUFFER_TEST SINGLE_THREAD READ_WRITE
pgbench_entry
PGDATA=/var/lib/postgresql/data
POSTGRES_INITDB_WALDIR=
input parameters: BUFFER_TEST SINGLE_THREAD READ_WRITE
posgresql user mode
HOME=/var/lib/postgresql
PGDATA=/var/lib/postgresql/data
/
The files belonging to this database system will be owned by user "postgres".
This user must also own the server process.

The database cluster will be initialized with locale "C".
The default text search configuration will be set to "english".

Data page checksums are disabled.

fixing permissions on existing directory /var/lib/postgresql/data ... ok
creating subdirectories ... ok
selecting default max_connections ... 100
selecting default shared_buffers ... 128MB
selecting default timezone ... Etc/UTC
selecting dynamic shared memory implementation ... posix
creating configuration files ... ok
running bootstrap script ... ok
performing post-bootstrap initialization ... ok
syncing data to disk ... ok

Success. You can now start the database server using:

    ./pg_ctl -D /var/lib/postgresql/data -l logfile start

waiting for server to start....2019-08-21 09:49:50.207 UTC [30] LOG:  listening on IPv4 address "0.0.0.0", port 5432
2019-08-21 09:49:50.207 UTC [30] LOG:  listening on IPv6 address "::", port 5432
2019-08-21 09:49:50.211 UTC [30] LOG:  listening on Unix socket "/var/run/postgresql/.s.PGSQL.5432"
2019-08-21 09:49:50.248 UTC [31] LOG:  database system was shut down at 2019-08-21 09:49:49 UTC
2019-08-21 09:49:50.263 UTC [30] LOG:  database system is ready to accept connections
 done
server started
SYS_MEMORY=32936640 NUM_CPU_CORES=16
BUFFER_TEST Selected
SCALING_FACTOR=98
2019-08-21 09:50:14.151 UTC [32] LOG:  checkpoints are occurring too frequently (14 seconds apart)
2019-08-21 09:50:14.151 UTC [32] HINT:  Consider increasing the configuration parameter "max_wal_size".
PGBENCH_ARGS=-c 1 PGBENCH_MORE_ARGS=
transaction type: <builtin: TPC-B (sort of)>
scaling factor: 98
query mode: simple
number of clients: 1
number of threads: 1
duration: 600 s
number of transactions actually processed: 209673
latency average = 2.862 ms
tps = 349.454456 (including connections establishing)
tps = 349.458420 (excluding connections establishing)
2019-08-21 10:00:31.435 UTC [30] LOG:  received fast shutdown request
waiting for server to shut down....2019-08-21 10:00:31.441 UTC [30] LOG:  aborting any active transactions
2019-08-21 10:00:31.447 UTC [30] LOG:  background worker "logical replication launcher" (PID 36) exited with exit code 1
2019-08-21 10:00:31.842 UTC [32] LOG:  shutting down
2019-08-21 10:00:31.898 UTC [30] LOG:  database system is shut down
pgbench with BUFFER_TEST SINGLE_THREAD READ_ONLY
pgbench_entry
PGDATA=/var/lib/postgresql/data
POSTGRES_INITDB_WALDIR=
input parameters: BUFFER_TEST SINGLE_THREAD READ_ONLY
posgresql user mode
HOME=/var/lib/postgresql
PGDATA=/var/lib/postgresql/data
/
The files belonging to this database system will be owned by user "postgres".
This user must also own the server process.

The database cluster will be initialized with locale "C".
The default text search configuration will be set to "english".

Data page checksums are disabled.

fixing permissions on existing directory /var/lib/postgresql/data ... ok
creating subdirectories ... ok
selecting default max_connections ... 100
selecting default shared_buffers ... 128MB
selecting default timezone ... Etc/UTC
selecting dynamic shared memory implementation ... posix
creating configuration files ... ok
running bootstrap script ... ok
performing post-bootstrap initialization ... ok
syncing data to disk ... ok

Success. You can now start the database server using:

    ./pg_ctl -D /var/lib/postgresql/data -l logfile start

waiting for server to start....2019-08-21 10:00:35.738 UTC [30] LOG:  listening on IPv4 address "0.0.0.0", port 5432
2019-08-21 10:00:35.738 UTC [30] LOG:  listening on IPv6 address "::", port 5432
2019-08-21 10:00:35.744 UTC [30] LOG:  listening on Unix socket "/var/run/postgresql/.s.PGSQL.5432"
2019-08-21 10:00:35.768 UTC [31] LOG:  database system was shut down at 2019-08-21 10:00:35 UTC
2019-08-21 10:00:35.778 UTC [30] LOG:  database system is ready to accept connections
 done
server started
SYS_MEMORY=32936640 NUM_CPU_CORES=16
BUFFER_TEST Selected
SCALING_FACTOR=98
2019-08-21 10:01:01.355 UTC [32] LOG:  checkpoints are occurring too frequently (15 seconds apart)
2019-08-21 10:01:01.355 UTC [32] HINT:  Consider increasing the configuration parameter "max_wal_size".
PGBENCH_ARGS=-c 1 PGBENCH_MORE_ARGS=-S
transaction type: <builtin: select only>
scaling factor: 98
query mode: simple
number of clients: 1
number of threads: 1
duration: 600 s
number of transactions actually processed: 3516555
latency average = 0.171 ms
tps = 5860.921508 (including connections establishing)
tps = 5860.973266 (excluding connections establishing)
waiting for server to shut down...2019-08-21 10:11:18.855 UTC [30] LOG:  received fast shutdown request
.2019-08-21 10:11:18.860 UTC [30] LOG:  aborting any active transactions
2019-08-21 10:11:18.866 UTC [30] LOG:  background worker "logical replication launcher" (PID 36) exited with exit code 1
2019-08-21 10:11:18.868 UTC [32] LOG:  shutting down
2019-08-21 10:11:18.939 UTC [30] LOG:  database system is shut down
pgbench with BUFFER_TEST NORMAL_LOAD READ_WRITE
pgbench_entry
PGDATA=/var/lib/postgresql/data
POSTGRES_INITDB_WALDIR=
input parameters: BUFFER_TEST NORMAL_LOAD READ_WRITE
posgresql user mode
HOME=/var/lib/postgresql
PGDATA=/var/lib/postgresql/data
/
The files belonging to this database system will be owned by user "postgres".
This user must also own the server process.

The database cluster will be initialized with locale "C".
The default text search configuration will be set to "english".

Data page checksums are disabled.

fixing permissions on existing directory /var/lib/postgresql/data ... ok
creating subdirectories ... ok
selecting default max_connections ... 100
selecting default shared_buffers ... 128MB
selecting default timezone ... Etc/UTC
selecting dynamic shared memory implementation ... posix
creating configuration files ... ok
running bootstrap script ... ok
performing post-bootstrap initialization ... ok
syncing data to disk ... ok

Success. You can now start the database server using:

    ./pg_ctl -D /var/lib/postgresql/data -l logfile start

waiting for server to start....2019-08-21 10:11:22.883 UTC [30] LOG:  listening on IPv4 address "0.0.0.0", port 5432
2019-08-21 10:11:22.883 UTC [30] LOG:  listening on IPv6 address "::", port 5432
2019-08-21 10:11:22.887 UTC [30] LOG:  listening on Unix socket "/var/run/postgresql/.s.PGSQL.5432"
2019-08-21 10:11:22.912 UTC [31] LOG:  database system was shut down at 2019-08-21 10:11:22 UTC
2019-08-21 10:11:22.924 UTC [30] LOG:  database system is ready to accept connections
 done
server started
SYS_MEMORY=32936640 NUM_CPU_CORES=16
BUFFER_TEST Selected
SCALING_FACTOR=98
2019-08-21 10:11:47.265 UTC [32] LOG:  checkpoints are occurring too frequently (14 seconds apart)
2019-08-21 10:11:47.265 UTC [32] HINT:  Consider increasing the configuration parameter "max_wal_size".
PGBENCH_ARGS=-j 16 -c 64 PGBENCH_MORE_ARGS=
2019-08-21 10:12:12.790 UTC [32] LOG:  checkpoints are occurring too frequently (25 seconds apart)
2019-08-21 10:12:12.790 UTC [32] HINT:  Consider increasing the configuration parameter "max_wal_size".
2019-08-21 10:12:33.111 UTC [32] LOG:  checkpoints are occurring too frequently (21 seconds apart)
2019-08-21 10:12:33.111 UTC [32] HINT:  Consider increasing the configuration parameter "max_wal_size".
2019-08-21 10:12:57.908 UTC [32] LOG:  checkpoints are occurring too frequently (24 seconds apart)
2019-08-21 10:12:57.908 UTC [32] HINT:  Consider increasing the configuration parameter "max_wal_size".
2019-08-21 10:13:22.099 UTC [32] LOG:  checkpoints are occurring too frequently (25 seconds apart)
2019-08-21 10:13:22.099 UTC [32] HINT:  Consider increasing the configuration parameter "max_wal_size".
2019-08-21 10:13:46.224 UTC [32] LOG:  checkpoints are occurring too frequently (24 seconds apart)
2019-08-21 10:13:46.224 UTC [32] HINT:  Consider increasing the configuration parameter "max_wal_size".
2019-08-21 10:14:13.351 UTC [32] LOG:  checkpoints are occurring too frequently (27 seconds apart)
2019-08-21 10:14:13.351 UTC [32] HINT:  Consider increasing the configuration parameter "max_wal_size".
2019-08-21 10:14:40.767 UTC [32] LOG:  checkpoints are occurring too frequently (27 seconds apart)
2019-08-21 10:14:40.767 UTC [32] HINT:  Consider increasing the configuration parameter "max_wal_size".
2019-08-21 10:15:07.574 UTC [32] LOG:  checkpoints are occurring too frequently (27 seconds apart)
2019-08-21 10:15:07.574 UTC [32] HINT:  Consider increasing the configuration parameter "max_wal_size".
2019-08-21 10:15:36.543 UTC [32] LOG:  checkpoints are occurring too frequently (29 seconds apart)
2019-08-21 10:15:36.543 UTC [32] HINT:  Consider increasing the configuration parameter "max_wal_size".
2019-08-21 10:16:05.750 UTC [32] LOG:  checkpoints are occurring too frequently (29 seconds apart)
2019-08-21 10:16:05.750 UTC [32] HINT:  Consider increasing the configuration parameter "max_wal_size".
2019-08-21 10:16:33.991 UTC [32] LOG:  checkpoints are occurring too frequently (28 seconds apart)
2019-08-21 10:16:33.991 UTC [32] HINT:  Consider increasing the configuration parameter "max_wal_size".
2019-08-21 10:17:02.487 UTC [32] LOG:  checkpoints are occurring too frequently (29 seconds apart)
2019-08-21 10:17:02.487 UTC [32] HINT:  Consider increasing the configuration parameter "max_wal_size".
2019-08-21 10:18:02.938 UTC [32] LOG:  checkpoints are occurring too frequently (28 seconds apart)
2019-08-21 10:18:02.938 UTC [32] HINT:  Consider increasing the configuration parameter "max_wal_size".
2019-08-21 10:18:31.399 UTC [32] LOG:  checkpoints are occurring too frequently (29 seconds apart)
2019-08-21 10:18:31.399 UTC [32] HINT:  Consider increasing the configuration parameter "max_wal_size".
2019-08-21 10:19:00.214 UTC [32] LOG:  checkpoints are occurring too frequently (29 seconds apart)
2019-08-21 10:19:00.214 UTC [32] HINT:  Consider increasing the configuration parameter "max_wal_size".
2019-08-21 10:19:59.116 UTC [32] LOG:  checkpoints are occurring too frequently (29 seconds apart)
2019-08-21 10:19:59.116 UTC [32] HINT:  Consider increasing the configuration parameter "max_wal_size".
2019-08-21 10:20:26.830 UTC [32] LOG:  checkpoints are occurring too frequently (27 seconds apart)
2019-08-21 10:20:26.830 UTC [32] HINT:  Consider increasing the configuration parameter "max_wal_size".
2019-08-21 10:21:25.007 UTC [32] LOG:  checkpoints are occurring too frequently (29 seconds apart)
2019-08-21 10:21:25.007 UTC [32] HINT:  Consider increasing the configuration parameter "max_wal_size".
2019-08-21 10:21:53.298 UTC [32] LOG:  checkpoints are occurring too frequently (28 seconds apart)
2019-08-21 10:21:53.298 UTC [32] HINT:  Consider increasing the configuration parameter "max_wal_size".
transaction type: <builtin: TPC-B (sort of)>
scaling factor: 98
query mode: simple
number of clients: 64
number of threads: 16
duration: 600 s
number of transactions actually processed: 2285624
latency average = 16.805 ms
tps = 3808.486093 (including connections establishing)
tps = 3808.675357 (excluding connections establishing)
2019-08-21 10:22:09.689 UTC [30] LOG:  received fast shutdown request
waiting for server to shut down....2019-08-21 10:22:09.693 UTC [30] LOG:  aborting any active transactions
2019-08-21 10:22:09.699 UTC [30] LOG:  background worker "logical replication launcher" (PID 36) exited with exit code 1
2019-08-21 10:22:09.703 UTC [32] LOG:  shutting down
2019-08-21 10:22:09.768 UTC [30] LOG:  database system is shut down
pgbench with BUFFER_TEST NORMAL_LOAD READ_ONLY
pgbench_entry
PGDATA=/var/lib/postgresql/data
POSTGRES_INITDB_WALDIR=
input parameters: BUFFER_TEST NORMAL_LOAD READ_ONLY
posgresql user mode
HOME=/var/lib/postgresql
PGDATA=/var/lib/postgresql/data
/
The files belonging to this database system will be owned by user "postgres".
This user must also own the server process.

The database cluster will be initialized with locale "C".
The default text search configuration will be set to "english".

Data page checksums are disabled.

fixing permissions on existing directory /var/lib/postgresql/data ... ok
creating subdirectories ... ok
selecting default max_connections ... 100
selecting default shared_buffers ... 128MB
selecting default timezone ... Etc/UTC
selecting dynamic shared memory implementation ... posix
creating configuration files ... ok
running bootstrap script ... ok
performing post-bootstrap initialization ... ok
syncing data to disk ... ok

Success. You can now start the database server using:

    ./pg_ctl -D /var/lib/postgresql/data -l logfile start

waiting for server to start....2019-08-21 10:22:13.522 UTC [30] LOG:  listening on IPv4 address "0.0.0.0", port 5432
2019-08-21 10:22:13.523 UTC [30] LOG:  listening on IPv6 address "::", port 5432
2019-08-21 10:22:13.526 UTC [30] LOG:  listening on Unix socket "/var/run/postgresql/.s.PGSQL.5432"
2019-08-21 10:22:13.552 UTC [31] LOG:  database system was shut down at 2019-08-21 10:22:13 UTC
2019-08-21 10:22:13.562 UTC [30] LOG:  database system is ready to accept connections
 done
server started
SYS_MEMORY=32936640 NUM_CPU_CORES=16
BUFFER_TEST Selected
SCALING_FACTOR=98
2019-08-21 10:22:38.035 UTC [32] LOG:  checkpoints are occurring too frequently (15 seconds apart)
2019-08-21 10:22:38.035 UTC [32] HINT:  Consider increasing the configuration parameter "max_wal_size".
PGBENCH_ARGS=-j 16 -c 64 PGBENCH_MORE_ARGS=-S
transaction type: <builtin: select only>
scaling factor: 98
query mode: simple
number of clients: 64
number of threads: 16
duration: 600 s
number of transactions actually processed: 47027535
latency average = 0.817 ms
tps = 78376.880241 (including connections establishing)
tps = 78379.955939 (excluding connections establishing)
2019-08-21 10:32:53.956 UTC [30] LOG:  received fast shutdown request
waiting for server to shut down....2019-08-21 10:32:53.961 UTC [30] LOG:  aborting any active transactions
2019-08-21 10:32:53.967 UTC [30] LOG:  background worker "logical replication launcher" (PID 36) exited with exit code 1
2019-08-21 10:32:53.969 UTC [32] LOG:  shutting down
2019-08-21 10:32:54.021 UTC [30] LOG:  database system is shut down
Default-Node-Server
[postgres] [INFO] Test clear docker image:
[postgres] 
[postgres] [INFO] clear package version:
[postgres] 
The files belonging to this database system will be owned by user "postgres".
This user must also own the server process.

The database cluster will be initialized with locale "en_US.UTF-8".
The default database encoding has accordingly been set to "UTF8".
The default text search configuration will be set to "english".

Data page checksums are disabled.

fixing permissions on existing directory /var/lib/pgsql/data ... ok
creating subdirectories ... ok
selecting default max_connections ... 100
selecting default shared_buffers ... 128MB
selecting default timezone ... UTC
selecting dynamic shared memory implementation ... posix
creating configuration files ... ok
running bootstrap script ... ok
performing post-bootstrap initialization ... ok
syncing data to disk ... ok

Success. You can now start the database server using:

    pg_ctl -D /var/lib/pgsql/data -l logfile start

waiting for server to start....LOG:  database system was shut down at 2019-08-21 10:32:57 UTC
LOG:  MultiXact member wraparound protections are now enabled
LOG:  database system is ready to accept connections
LOG:  autovacuum launcher started
 done
server started

/usr/local/bin/bootstrap.sh: ignoring /docker-entrypoint-initdb.d/*

waiting for server to shut down....LOG:  received fast shutdown request
LOG:  aborting any active transactions
LOG:  autovacuum launcher shutting down
LOG:  shutting down
LOG:  database system is shut down
 done
server stopped

PostgreSQL init process complete; ready for start up.

postgres (PostgreSQL) 9.6.15
pgbench with BUFFER_TEST SINGLE_THREAD READ_WRITE
pgbench_entry
PGDATA=/var/lib/pgsql/data
POSTGRES_INITDB_WALDIR=
input parameters: BUFFER_TEST SINGLE_THREAD READ_WRITE
posgresql user mode
HOME=/
PGDATA=/var/lib/pgsql/data
/
The files belonging to this database system will be owned by user "postgres".
This user must also own the server process.

The database cluster will be initialized with locale "C".
The default text search configuration will be set to "english".

Data page checksums are disabled.

fixing permissions on existing directory /var/lib/pgsql/data ... ok
creating subdirectories ... ok
selecting default max_connections ... 100
selecting default shared_buffers ... 128MB
selecting default timezone ... UTC
selecting dynamic shared memory implementation ... posix
creating configuration files ... ok
running bootstrap script ... ok
performing post-bootstrap initialization ... ok
syncing data to disk ... ok

Success. You can now start the database server using:

    pg_ctl -D /var/lib/pgsql/data -l logfile start

server starting
LOG:  database system was shut down at 2019-08-21 10:33:03 UTC
LOG:  MultiXact member wraparound protections are now enabled
LOG:  database system is ready to accept connections
SYS_MEMORY=32936640 NUM_CPU_CORES=16
BUFFER_TEST Selected
SCALING_FACTOR=98
PGBENCH_ARGS=-c 1 PGBENCH_MORE_ARGS=
transaction type: <builtin: TPC-B (sort of)>
scaling factor: 98
query mode: simple
number of clients: 1
number of threads: 1
duration: 600 s
number of transactions actually processed: 199445
latency average = 3.008 ms
tps = 332.406941 (including connections establishing)
tps = 332.410585 (excluding connections establishing)
waiting for server to shut down....LOG:  received fast shutdown request
LOG:  aborting any active transactions
LOG:  shutting down
LOG:  database system is shut down
 done
server stopped
pgbench with BUFFER_TEST SINGLE_THREAD READ_ONLY
pgbench_entry
PGDATA=/var/lib/pgsql/data
POSTGRES_INITDB_WALDIR=
input parameters: BUFFER_TEST SINGLE_THREAD READ_ONLY
posgresql user mode
HOME=/
PGDATA=/var/lib/pgsql/data
/
The files belonging to this database system will be owned by user "postgres".
This user must also own the server process.

The database cluster will be initialized with locale "C".
The default text search configuration will be set to "english".

Data page checksums are disabled.

fixing permissions on existing directory /var/lib/pgsql/data ... ok
creating subdirectories ... ok
selecting default max_connections ... 100
selecting default shared_buffers ... 128MB
selecting default timezone ... UTC
selecting dynamic shared memory implementation ... posix
creating configuration files ... ok
running bootstrap script ... ok
performing post-bootstrap initialization ... ok
syncing data to disk ... ok

Success. You can now start the database server using:

    pg_ctl -D /var/lib/pgsql/data -l logfile start

server starting
LOG:  database system was shut down at 2019-08-21 10:43:42 UTC
LOG:  MultiXact member wraparound protections are now enabled
LOG:  database system is ready to accept connections
SYS_MEMORY=32936640 NUM_CPU_CORES=16
BUFFER_TEST Selected
SCALING_FACTOR=98
PGBENCH_ARGS=-c 1 PGBENCH_MORE_ARGS=-S
transaction type: <builtin: select only>
scaling factor: 98
query mode: simple
number of clients: 1
number of threads: 1
duration: 600 s
number of transactions actually processed: 3412759
latency average = 0.176 ms
tps = 5687.923865 (including connections establishing)
tps = 5687.977948 (excluding connections establishing)
waiting for server to shut down...LOG:  received fast shutdown request
.LOG:  aborting any active transactions
LOG:  shutting down
LOG:  database system is shut down
 done
server stopped
pgbench with BUFFER_TEST NORMAL_LOAD READ_WRITE
pgbench_entry
PGDATA=/var/lib/pgsql/data
POSTGRES_INITDB_WALDIR=
input parameters: BUFFER_TEST NORMAL_LOAD READ_WRITE
posgresql user mode
HOME=/
PGDATA=/var/lib/pgsql/data
/
The files belonging to this database system will be owned by user "postgres".
This user must also own the server process.

The database cluster will be initialized with locale "C".
The default text search configuration will be set to "english".

Data page checksums are disabled.

fixing permissions on existing directory /var/lib/pgsql/data ... ok
creating subdirectories ... ok
selecting default max_connections ... 100
selecting default shared_buffers ... 128MB
selecting default timezone ... UTC
selecting dynamic shared memory implementation ... posix
creating configuration files ... ok
running bootstrap script ... ok
performing post-bootstrap initialization ... ok
syncing data to disk ... ok

Success. You can now start the database server using:

    pg_ctl -D /var/lib/pgsql/data -l logfile start

server starting
LOG:  database system was shut down at 2019-08-21 10:54:21 UTC
LOG:  MultiXact member wraparound protections are now enabled
LOG:  database system is ready to accept connections
SYS_MEMORY=32936640 NUM_CPU_CORES=16
BUFFER_TEST Selected
SCALING_FACTOR=98
PGBENCH_ARGS=-j 16 -c 64 PGBENCH_MORE_ARGS=
LOG:  checkpoints are occurring too frequently (15 seconds apart)
HINT:  Consider increasing the configuration parameter "max_wal_size".
LOG:  checkpoints are occurring too frequently (14 seconds apart)
HINT:  Consider increasing the configuration parameter "max_wal_size".
LOG:  checkpoints are occurring too frequently (13 seconds apart)
HINT:  Consider increasing the configuration parameter "max_wal_size".
LOG:  checkpoints are occurring too frequently (14 seconds apart)
HINT:  Consider increasing the configuration parameter "max_wal_size".
LOG:  checkpoints are occurring too frequently (15 seconds apart)
HINT:  Consider increasing the configuration parameter "max_wal_size".
LOG:  checkpoints are occurring too frequently (13 seconds apart)
HINT:  Consider increasing the configuration parameter "max_wal_size".
LOG:  checkpoints are occurring too frequently (15 seconds apart)
HINT:  Consider increasing the configuration parameter "max_wal_size".
LOG:  checkpoints are occurring too frequently (14 seconds apart)
HINT:  Consider increasing the configuration parameter "max_wal_size".
LOG:  checkpoints are occurring too frequently (16 seconds apart)
HINT:  Consider increasing the configuration parameter "max_wal_size".
LOG:  checkpoints are occurring too frequently (15 seconds apart)
HINT:  Consider increasing the configuration parameter "max_wal_size".
LOG:  checkpoints are occurring too frequently (15 seconds apart)
HINT:  Consider increasing the configuration parameter "max_wal_size".
LOG:  checkpoints are occurring too frequently (16 seconds apart)
HINT:  Consider increasing the configuration parameter "max_wal_size".
LOG:  checkpoints are occurring too frequently (16 seconds apart)
HINT:  Consider increasing the configuration parameter "max_wal_size".
LOG:  checkpoints are occurring too frequently (17 seconds apart)
HINT:  Consider increasing the configuration parameter "max_wal_size".
LOG:  checkpoints are occurring too frequently (18 seconds apart)
HINT:  Consider increasing the configuration parameter "max_wal_size".
LOG:  checkpoints are occurring too frequently (16 seconds apart)
HINT:  Consider increasing the configuration parameter "max_wal_size".
LOG:  checkpoints are occurring too frequently (15 seconds apart)
HINT:  Consider increasing the configuration parameter "max_wal_size".
LOG:  checkpoints are occurring too frequently (17 seconds apart)
HINT:  Consider increasing the configuration parameter "max_wal_size".
LOG:  checkpoints are occurring too frequently (16 seconds apart)
HINT:  Consider increasing the configuration parameter "max_wal_size".
LOG:  checkpoints are occurring too frequently (17 seconds apart)
HINT:  Consider increasing the configuration parameter "max_wal_size".
LOG:  checkpoints are occurring too frequently (16 seconds apart)
HINT:  Consider increasing the configuration parameter "max_wal_size".
LOG:  checkpoints are occurring too frequently (18 seconds apart)
HINT:  Consider increasing the configuration parameter "max_wal_size".
LOG:  checkpoints are occurring too frequently (15 seconds apart)
HINT:  Consider increasing the configuration parameter "max_wal_size".
LOG:  checkpoints are occurring too frequently (17 seconds apart)
HINT:  Consider increasing the configuration parameter "max_wal_size".
LOG:  checkpoints are occurring too frequently (16 seconds apart)
HINT:  Consider increasing the configuration parameter "max_wal_size".
LOG:  checkpoints are occurring too frequently (16 seconds apart)
HINT:  Consider increasing the configuration parameter "max_wal_size".
LOG:  checkpoints are occurring too frequently (17 seconds apart)
HINT:  Consider increasing the configuration parameter "max_wal_size".
LOG:  checkpoints are occurring too frequently (16 seconds apart)
HINT:  Consider increasing the configuration parameter "max_wal_size".
LOG:  checkpoints are occurring too frequently (16 seconds apart)
HINT:  Consider increasing the configuration parameter "max_wal_size".
LOG:  checkpoints are occurring too frequently (16 seconds apart)
HINT:  Consider increasing the configuration parameter "max_wal_size".
LOG:  checkpoints are occurring too frequently (17 seconds apart)
HINT:  Consider increasing the configuration parameter "max_wal_size".
LOG:  checkpoints are occurring too frequently (18 seconds apart)
HINT:  Consider increasing the configuration parameter "max_wal_size".
LOG:  checkpoints are occurring too frequently (18 seconds apart)
HINT:  Consider increasing the configuration parameter "max_wal_size".
LOG:  checkpoints are occurring too frequently (17 seconds apart)
HINT:  Consider increasing the configuration parameter "max_wal_size".
LOG:  checkpoints are occurring too frequently (16 seconds apart)
HINT:  Consider increasing the configuration parameter "max_wal_size".
LOG:  checkpoints are occurring too frequently (16 seconds apart)
HINT:  Consider increasing the configuration parameter "max_wal_size".
LOG:  checkpoints are occurring too frequently (16 seconds apart)
HINT:  Consider increasing the configuration parameter "max_wal_size".
transaction type: <builtin: TPC-B (sort of)>
scaling factor: 98
query mode: simple
number of clients: 64
number of threads: 16
duration: 600 s
number of transactions actually processed: 2049931
latency average = 18.734 ms
tps = 3416.311608 (including connections establishing)
tps = 3416.384921 (excluding connections establishing)
waiting for server to shut down....LOG:  received fast shutdown request
LOG:  aborting any active transactions
LOG:  shutting down
LOG:  database system is shut down
 done
server stopped
pgbench with BUFFER_TEST NORMAL_LOAD READ_ONLY
pgbench_entry
PGDATA=/var/lib/pgsql/data
POSTGRES_INITDB_WALDIR=
input parameters: BUFFER_TEST NORMAL_LOAD READ_ONLY
posgresql user mode
HOME=/
PGDATA=/var/lib/pgsql/data
/
The files belonging to this database system will be owned by user "postgres".
This user must also own the server process.

The database cluster will be initialized with locale "C".
The default text search configuration will be set to "english".

Data page checksums are disabled.

fixing permissions on existing directory /var/lib/pgsql/data ... ok
creating subdirectories ... ok
selecting default max_connections ... 100
selecting default shared_buffers ... 128MB
selecting default timezone ... UTC
selecting dynamic shared memory implementation ... posix
creating configuration files ... ok
running bootstrap script ... ok
performing post-bootstrap initialization ... ok
syncing data to disk ... ok

Success. You can now start the database server using:

    pg_ctl -D /var/lib/pgsql/data -l logfile start

server starting
LOG:  database system was shut down at 2019-08-21 11:04:58 UTC
LOG:  MultiXact member wraparound protections are now enabled
LOG:  database system is ready to accept connections
SYS_MEMORY=32936640 NUM_CPU_CORES=16
BUFFER_TEST Selected
SCALING_FACTOR=98
PGBENCH_ARGS=-j 16 -c 64 PGBENCH_MORE_ARGS=-S
transaction type: <builtin: select only>
scaling factor: 98
query mode: simple
number of clients: 64
number of threads: 16
duration: 600 s
number of transactions actually processed: 47225772
latency average = 0.813 ms
tps = 78704.476400 (including connections establishing)
tps = 78706.285493 (excluding connections establishing)
waiting for server to shut down....LOG:  received fast shutdown request
LOG:  aborting any active transactions
LOG:  shutting down
LOG:  database system is shut down
 done
server stopped
Clr-Node-Server
[postgres] [INFO] Test extra official docker image, postgres9.6:
[postgres] 
[postgres] [INFO] extra test package version:
[postgres] 
The files belonging to this database system will be owned by user "postgres".
This user must also own the server process.

The database cluster will be initialized with locale "en_US.utf8".
The default database encoding has accordingly been set to "UTF8".
The default text search configuration will be set to "english".

Data page checksums are disabled.

fixing permissions on existing directory /var/lib/postgresql/data ... ok
creating subdirectories ... ok
selecting default max_connections ... 100
selecting default shared_buffers ... 128MB
selecting default timezone ... Etc/UTC
selecting dynamic shared memory implementation ... posix
creating configuration files ... ok
running bootstrap script ... ok
performing post-bootstrap initialization ... ok
syncing data to disk ... ok

Success. You can now start the database server using:

    pg_ctl -D /var/lib/postgresql/data -l logfile start

waiting for server to start....LOG:  database system was shut down at 2019-08-21 11:15:36 UTC
LOG:  MultiXact member wraparound protections are now enabled
LOG:  autovacuum launcher started
LOG:  database system is ready to accept connections
 done
server started

/usr/local/bin/docker-entrypoint.sh: ignoring /docker-entrypoint-initdb.d/*

LOG:  received fast shutdown request
waiting for server to shut down...LOG:  aborting any active transactions
.LOG:  autovacuum launcher shutting down
LOG:  shutting down
LOG:  database system is shut down
 done
server stopped

PostgreSQL init process complete; ready for start up.

postgres (PostgreSQL) 9.6.15
pgbench with BUFFER_TEST SINGLE_THREAD READ_WRITE
pgbench_entry
PGDATA=/var/lib/postgresql/data
POSTGRES_INITDB_WALDIR=
input parameters: BUFFER_TEST SINGLE_THREAD READ_WRITE
posgresql user mode
HOME=/var/lib/postgresql
PGDATA=/var/lib/postgresql/data
/
The files belonging to this database system will be owned by user "postgres".
This user must also own the server process.

The database cluster will be initialized with locale "C".
The default text search configuration will be set to "english".

Data page checksums are disabled.

fixing permissions on existing directory /var/lib/postgresql/data ... ok
creating subdirectories ... ok
selecting default max_connections ... 100
selecting default shared_buffers ... 128MB
selecting default timezone ... Etc/UTC
selecting dynamic shared memory implementation ... posix
creating configuration files ... ok
running bootstrap script ... ok
performing post-bootstrap initialization ... ok
syncing data to disk ... ok

Success. You can now start the database server using:

    ./pg_ctl -D /var/lib/postgresql/data -l logfile start

server starting
LOG:  database system was shut down at 2019-08-21 11:15:42 UTC
LOG:  MultiXact member wraparound protections are now enabled
LOG:  database system is ready to accept connections
SYS_MEMORY=32936640 NUM_CPU_CORES=16
BUFFER_TEST Selected
SCALING_FACTOR=98
PGBENCH_ARGS=-c 1 PGBENCH_MORE_ARGS=
transaction type: <builtin: TPC-B (sort of)>
scaling factor: 98
query mode: simple
number of clients: 1
number of threads: 1
duration: 600 s
number of transactions actually processed: 207864
latency average = 2.887 ms
tps = 346.438916 (including connections establishing)
tps = 346.442670 (excluding connections establishing)
LOG:  received fast shutdown request
waiting for server to shut down...LOG:  aborting any active transactions
.LOG:  shutting down
LOG:  database system is shut down
pgbench with BUFFER_TEST SINGLE_THREAD READ_ONLY
pgbench_entry
PGDATA=/var/lib/postgresql/data
POSTGRES_INITDB_WALDIR=
input parameters: BUFFER_TEST SINGLE_THREAD READ_ONLY
posgresql user mode
HOME=/var/lib/postgresql
PGDATA=/var/lib/postgresql/data
/
The files belonging to this database system will be owned by user "postgres".
This user must also own the server process.

The database cluster will be initialized with locale "C".
The default text search configuration will be set to "english".

Data page checksums are disabled.

fixing permissions on existing directory /var/lib/postgresql/data ... ok
creating subdirectories ... ok
selecting default max_connections ... 100
selecting default shared_buffers ... 128MB
selecting default timezone ... Etc/UTC
selecting dynamic shared memory implementation ... posix
creating configuration files ... ok
running bootstrap script ... ok
performing post-bootstrap initialization ... ok
syncing data to disk ... ok

Success. You can now start the database server using:

    ./pg_ctl -D /var/lib/postgresql/data -l logfile start

server starting
LOG:  database system was shut down at 2019-08-21 11:26:20 UTC
LOG:  MultiXact member wraparound protections are now enabled
LOG:  database system is ready to accept connections
SYS_MEMORY=32936640 NUM_CPU_CORES=16
BUFFER_TEST Selected
SCALING_FACTOR=98
PGBENCH_ARGS=-c 1 PGBENCH_MORE_ARGS=-S
transaction type: <builtin: select only>
scaling factor: 98
query mode: simple
number of clients: 1
number of threads: 1
duration: 600 s
number of transactions actually processed: 3765127
latency average = 0.159 ms
tps = 6275.205601 (including connections establishing)
tps = 6275.252613 (excluding connections establishing)
waiting for server to shut down...LOG:  received fast shutdown request
.LOG:  aborting any active transactions
LOG:  shutting down
LOG:  database system is shut down
pgbench with BUFFER_TEST NORMAL_LOAD READ_WRITE
pgbench_entry
PGDATA=/var/lib/postgresql/data
POSTGRES_INITDB_WALDIR=
input parameters: BUFFER_TEST NORMAL_LOAD READ_WRITE
posgresql user mode
HOME=/var/lib/postgresql
PGDATA=/var/lib/postgresql/data
/
The files belonging to this database system will be owned by user "postgres".
This user must also own the server process.

The database cluster will be initialized with locale "C".
The default text search configuration will be set to "english".

Data page checksums are disabled.

fixing permissions on existing directory /var/lib/postgresql/data ... ok
creating subdirectories ... ok
selecting default max_connections ... 100
selecting default shared_buffers ... 128MB
selecting default timezone ... Etc/UTC
selecting dynamic shared memory implementation ... posix
creating configuration files ... ok
running bootstrap script ... ok
performing post-bootstrap initialization ... ok
syncing data to disk ... ok

Success. You can now start the database server using:

    ./pg_ctl -D /var/lib/postgresql/data -l logfile start

server starting
LOG:  database system was shut down at 2019-08-21 11:36:58 UTC
LOG:  MultiXact member wraparound protections are now enabled
LOG:  database system is ready to accept connections
SYS_MEMORY=32936640 NUM_CPU_CORES=16
BUFFER_TEST Selected
SCALING_FACTOR=98
PGBENCH_ARGS=-j 16 -c 64 PGBENCH_MORE_ARGS=
LOG:  checkpoints are occurring too frequently (15 seconds apart)
HINT:  Consider increasing the configuration parameter "max_wal_size".
LOG:  checkpoints are occurring too frequently (13 seconds apart)
HINT:  Consider increasing the configuration parameter "max_wal_size".
LOG:  checkpoints are occurring too frequently (13 seconds apart)
HINT:  Consider increasing the configuration parameter "max_wal_size".
LOG:  checkpoints are occurring too frequently (13 seconds apart)
HINT:  Consider increasing the configuration parameter "max_wal_size".
LOG:  checkpoints are occurring too frequently (14 seconds apart)
HINT:  Consider increasing the configuration parameter "max_wal_size".
LOG:  checkpoints are occurring too frequently (14 seconds apart)
HINT:  Consider increasing the configuration parameter "max_wal_size".
LOG:  checkpoints are occurring too frequently (15 seconds apart)
HINT:  Consider increasing the configuration parameter "max_wal_size".
LOG:  checkpoints are occurring too frequently (14 seconds apart)
HINT:  Consider increasing the configuration parameter "max_wal_size".
LOG:  checkpoints are occurring too frequently (14 seconds apart)
HINT:  Consider increasing the configuration parameter "max_wal_size".
LOG:  checkpoints are occurring too frequently (15 seconds apart)
HINT:  Consider increasing the configuration parameter "max_wal_size".
LOG:  checkpoints are occurring too frequently (15 seconds apart)
HINT:  Consider increasing the configuration parameter "max_wal_size".
LOG:  checkpoints are occurring too frequently (16 seconds apart)
HINT:  Consider increasing the configuration parameter "max_wal_size".
LOG:  checkpoints are occurring too frequently (14 seconds apart)
HINT:  Consider increasing the configuration parameter "max_wal_size".
LOG:  checkpoints are occurring too frequently (16 seconds apart)
HINT:  Consider increasing the configuration parameter "max_wal_size".
LOG:  checkpoints are occurring too frequently (16 seconds apart)
HINT:  Consider increasing the configuration parameter "max_wal_size".
LOG:  checkpoints are occurring too frequently (16 seconds apart)
HINT:  Consider increasing the configuration parameter "max_wal_size".
LOG:  checkpoints are occurring too frequently (16 seconds apart)
HINT:  Consider increasing the configuration parameter "max_wal_size".
LOG:  checkpoints are occurring too frequently (17 seconds apart)
HINT:  Consider increasing the configuration parameter "max_wal_size".
LOG:  checkpoints are occurring too frequently (15 seconds apart)
HINT:  Consider increasing the configuration parameter "max_wal_size".
LOG:  checkpoints are occurring too frequently (17 seconds apart)
HINT:  Consider increasing the configuration parameter "max_wal_size".
LOG:  checkpoints are occurring too frequently (16 seconds apart)
HINT:  Consider increasing the configuration parameter "max_wal_size".
LOG:  checkpoints are occurring too frequently (15 seconds apart)
HINT:  Consider increasing the configuration parameter "max_wal_size".
LOG:  checkpoints are occurring too frequently (16 seconds apart)
HINT:  Consider increasing the configuration parameter "max_wal_size".
LOG:  checkpoints are occurring too frequently (16 seconds apart)
HINT:  Consider increasing the configuration parameter "max_wal_size".
LOG:  checkpoints are occurring too frequently (16 seconds apart)
HINT:  Consider increasing the configuration parameter "max_wal_size".
LOG:  checkpoints are occurring too frequently (17 seconds apart)
HINT:  Consider increasing the configuration parameter "max_wal_size".
LOG:  checkpoints are occurring too frequently (15 seconds apart)
HINT:  Consider increasing the configuration parameter "max_wal_size".
LOG:  checkpoints are occurring too frequently (17 seconds apart)
HINT:  Consider increasing the configuration parameter "max_wal_size".
LOG:  checkpoints are occurring too frequently (15 seconds apart)
HINT:  Consider increasing the configuration parameter "max_wal_size".
LOG:  checkpoints are occurring too frequently (15 seconds apart)
HINT:  Consider increasing the configuration parameter "max_wal_size".
LOG:  checkpoints are occurring too frequently (16 seconds apart)
HINT:  Consider increasing the configuration parameter "max_wal_size".
LOG:  checkpoints are occurring too frequently (17 seconds apart)
HINT:  Consider increasing the configuration parameter "max_wal_size".
LOG:  checkpoints are occurring too frequently (15 seconds apart)
HINT:  Consider increasing the configuration parameter "max_wal_size".
LOG:  checkpoints are occurring too frequently (16 seconds apart)
HINT:  Consider increasing the configuration parameter "max_wal_size".
LOG:  checkpoints are occurring too frequently (16 seconds apart)
HINT:  Consider increasing the configuration parameter "max_wal_size".
LOG:  checkpoints are occurring too frequently (16 seconds apart)
HINT:  Consider increasing the configuration parameter "max_wal_size".
LOG:  checkpoints are occurring too frequently (15 seconds apart)
HINT:  Consider increasing the configuration parameter "max_wal_size".
LOG:  checkpoints are occurring too frequently (16 seconds apart)
HINT:  Consider increasing the configuration parameter "max_wal_size".
transaction type: <builtin: TPC-B (sort of)>
scaling factor: 98
query mode: simple
number of clients: 64
number of threads: 16
duration: 600 s
number of transactions actually processed: 2126717
latency average = 18.059 ms
tps = 3544.025832 (including connections establishing)
tps = 3544.165283 (excluding connections establishing)
LOG:  received fast shutdown request
LOG:  aborting any active transactions
waiting for server to shut down....LOG:  shutting down
LOG:  database system is shut down
pgbench with BUFFER_TEST NORMAL_LOAD READ_ONLY
pgbench_entry
PGDATA=/var/lib/postgresql/data
POSTGRES_INITDB_WALDIR=
input parameters: BUFFER_TEST NORMAL_LOAD READ_ONLY
posgresql user mode
HOME=/var/lib/postgresql
PGDATA=/var/lib/postgresql/data
/
The files belonging to this database system will be owned by user "postgres".
This user must also own the server process.

The database cluster will be initialized with locale "C".
The default text search configuration will be set to "english".

Data page checksums are disabled.

fixing permissions on existing directory /var/lib/postgresql/data ... ok
creating subdirectories ... ok
selecting default max_connections ... 100
selecting default shared_buffers ... 128MB
selecting default timezone ... Etc/UTC
selecting dynamic shared memory implementation ... posix
creating configuration files ... ok
running bootstrap script ... ok
performing post-bootstrap initialization ... ok
syncing data to disk ... ok

Success. You can now start the database server using:

    ./pg_ctl -D /var/lib/postgresql/data -l logfile start

server starting
LOG:  database system was shut down at 2019-08-21 11:47:37 UTC
LOG:  MultiXact member wraparound protections are now enabled
LOG:  database system is ready to accept connections
SYS_MEMORY=32936640 NUM_CPU_CORES=16
BUFFER_TEST Selected
SCALING_FACTOR=98
PGBENCH_ARGS=-j 16 -c 64 PGBENCH_MORE_ARGS=-S
transaction type: <builtin: select only>
scaling factor: 98
query mode: simple
number of clients: 64
number of threads: 16
duration: 600 s
number of transactions actually processed: 48053493
latency average = 0.799 ms
tps = 80087.812595 (including connections establishing)
tps = 80090.703762 (excluding connections establishing)
LOG:  received fast shutdown request
waiting for server to shut down....LOG:  aborting any active transactions
LOG:  shutting down
LOG:  database system is shut down
Extra Test on postgres9.6
