python/python.sh
[python] 
[python] == python unit test ==
[python] [INFO] Test docker hub official image first:
[python] 
[python] [INFO] default package version:
[python] 
Python 3.7.4
Get:1 http://cdn-fastly.deb.debian.org/debian buster InRelease [118 kB]
Get:3 http://security-cdn.debian.org/debian-security buster/updates InRelease [39.1 kB]
Get:2 http://cdn-fastly.deb.debian.org/debian buster-updates InRelease [49.3 kB]
Get:4 http://security-cdn.debian.org/debian-security buster/updates/main amd64 Packages [72.1 kB]
Get:5 http://cdn-fastly.deb.debian.org/debian buster/main amd64 Packages [7897 kB]
Get:6 http://cdn-fastly.deb.debian.org/debian buster-updates/main amd64 Packages [884 B]
Fetched 8177 kB in 5s (1779 kB/s)
Reading package lists...
Reading package lists...
Building dependency tree...
Reading state information...
0 upgraded, 0 newly installed, 0 to remove and 1 not upgraded.
Reading package lists...
Building dependency tree...
Reading state information...
wget is already the newest version (1.20.1-1.1).
0 upgraded, 0 newly installed, 0 to remove and 1 not upgraded.
pybench-2018-02-16/
pybench-2018-02-16/Numbers.py
pybench-2018-02-16/pybench.py
pybench-2018-02-16/Constructs.pyc
pybench-2018-02-16/Unicode.py
pybench-2018-02-16/Lookups.pyc
pybench-2018-02-16/Lists.py
pybench-2018-02-16/Calls.pyc
pybench-2018-02-16/Exceptions.pyc
pybench-2018-02-16/Dict.pyc
pybench-2018-02-16/Arithmetic.py
pybench-2018-02-16/Constructs.py
pybench-2018-02-16/pybench.pyc
pybench-2018-02-16/Exceptions.py
pybench-2018-02-16/Tuples.py
pybench-2018-02-16/With.py
pybench-2018-02-16/__pycache__/
pybench-2018-02-16/__pycache__/Tuples.cpython-36.pyc
pybench-2018-02-16/__pycache__/Exceptions.cpython-36.pyc
pybench-2018-02-16/__pycache__/Numbers.cpython-36.pyc
pybench-2018-02-16/__pycache__/Dict.cpython-36.pyc
pybench-2018-02-16/__pycache__/CommandLine.cpython-36.pyc
pybench-2018-02-16/__pycache__/Unicode.cpython-36.pyc
pybench-2018-02-16/__pycache__/Lookups.cpython-36.pyc
pybench-2018-02-16/__pycache__/Constructs.cpython-36.pyc
pybench-2018-02-16/__pycache__/pybench.cpython-36.pyc
pybench-2018-02-16/__pycache__/With.cpython-36.pyc
pybench-2018-02-16/__pycache__/Lists.cpython-36.pyc
pybench-2018-02-16/__pycache__/NewInstances.cpython-36.pyc
pybench-2018-02-16/__pycache__/Imports.cpython-36.pyc
pybench-2018-02-16/__pycache__/Calls.cpython-36.pyc
pybench-2018-02-16/__pycache__/Instances.cpython-36.pyc
pybench-2018-02-16/__pycache__/Arithmetic.cpython-36.pyc
pybench-2018-02-16/__pycache__/Setup.cpython-36.pyc
pybench-2018-02-16/__pycache__/Strings.cpython-36.pyc
pybench-2018-02-16/Imports.pyc
pybench-2018-02-16/CommandLine.py
pybench-2018-02-16/Setup.pyc
pybench-2018-02-16/Strings.pyc
pybench-2018-02-16/LICENSE
pybench-2018-02-16/Lists.pyc
pybench-2018-02-16/Strings.py
pybench-2018-02-16/NewInstances.pyc
pybench-2018-02-16/Instances.py
pybench-2018-02-16/Setup.py
pybench-2018-02-16/Unicode.pyc
pybench-2018-02-16/Imports.py
pybench-2018-02-16/README
pybench-2018-02-16/package/
pybench-2018-02-16/package/__init__.py
pybench-2018-02-16/package/__init__.pyc
pybench-2018-02-16/package/__pycache__/
pybench-2018-02-16/package/__pycache__/__init__.cpython-36.pyc
pybench-2018-02-16/package/__pycache__/submodule.cpython-36.pyc
pybench-2018-02-16/package/.svn/
pybench-2018-02-16/package/.svn/tmp/
pybench-2018-02-16/package/.svn/tmp/props/
pybench-2018-02-16/package/.svn/tmp/prop-base/
pybench-2018-02-16/package/.svn/tmp/text-base/
pybench-2018-02-16/package/.svn/all-wcprops
pybench-2018-02-16/package/.svn/format
pybench-2018-02-16/package/.svn/props/
pybench-2018-02-16/package/.svn/entries
pybench-2018-02-16/package/.svn/prop-base/
pybench-2018-02-16/package/.svn/prop-base/submodule.py.svn-base
pybench-2018-02-16/package/.svn/prop-base/__init__.py.svn-base
pybench-2018-02-16/package/.svn/text-base/
pybench-2018-02-16/package/.svn/text-base/submodule.py.svn-base
pybench-2018-02-16/package/.svn/text-base/__init__.py.svn-base
pybench-2018-02-16/package/.svn/dir-prop-base
pybench-2018-02-16/package/submodule.pyc
pybench-2018-02-16/package/submodule.py
pybench-2018-02-16/With.pyc
pybench-2018-02-16/Tuples.pyc
pybench-2018-02-16/NewInstances.py
pybench-2018-02-16/Numbers.pyc
pybench-2018-02-16/CommandLine.pyc
pybench-2018-02-16/Instances.pyc
pybench-2018-02-16/clockres.py
pybench-2018-02-16/.CommandLine.py.swp
pybench-2018-02-16/systimes.py
pybench-2018-02-16/Calls.py
pybench-2018-02-16/Dict.py
pybench-2018-02-16/Lookups.py
pybench-2018-02-16/Arithmetic.pyc
-------------------------------------------------------------------------------
PYBENCH 2.0
-------------------------------------------------------------------------------
* using CPython 3.7.4(default,Aug142019,12:09:51)[GCC8.3.0]
* disabled garbage collection
* system check interval set to maximum: 2147483647
* using timer: time.time

Calibrating tests. Please wait... done.

Running 10 round(s) of the suite at warp factor 10:

* Round 1 done in 1.521 seconds.
* Round 2 done in 1.520 seconds.
* Round 3 done in 1.513 seconds.
* Round 4 done in 1.515 seconds.
* Round 5 done in 1.521 seconds.
* Round 6 done in 1.516 seconds.
* Round 7 done in 1.537 seconds.
* Round 8 done in 1.514 seconds.
* Round 9 done in 1.513 seconds.
* Round 10 done in 1.516 seconds.

-------------------------------------------------------------------------------
Benchmark: 2019-08-27 19:04:42
-------------------------------------------------------------------------------

    Rounds: 10
    Warp:   10
    Timer:  time.time

    Machine Details:
       Platform ID:    Linux-4.15.0-58-generic-x86_64-with-debian-10.0
       Processor:      
    
    Python:
       Implementation: CPython
       Executable:     /usr/local/bin/python3
       Version:        3.7.4
       Compiler:       GCC 8.3.0
       Bits:           64bit
       Build:          Aug 14 2019 12:09:51 (#default)
       Unicode:        UCS4


Test                             minimum  average  operation  overhead
-------------------------------------------------------------------------------
          BuiltinFunctionCalls:     46ms     47ms    0.09us    0.088ms
           BuiltinMethodLookup:     25ms     26ms    0.02us    0.100ms
                 CompareFloats:     23ms     23ms    0.02us    0.115ms
         CompareFloatsIntegers:     28ms     28ms    0.03us    0.084ms
               CompareIntegers:     36ms     36ms    0.02us    0.165ms
        CompareInternedStrings:     30ms     30ms    0.02us    0.422ms
                  CompareLongs:     21ms     21ms    0.02us    0.096ms
                CompareStrings:     22ms     22ms    0.02us    0.281ms
    ComplexPythonFunctionCalls:     30ms     31ms    0.15us    0.138ms
                 ConcatStrings:     21ms     21ms    0.04us    0.159ms
               CreateInstances:     29ms     30ms    0.27us    0.122ms
            CreateNewInstances:     22ms     22ms    0.27us    0.094ms
       CreateStringsWithConcat:     32ms     32ms    0.03us    0.277ms
                  DictCreation:     23ms     23ms    0.06us    0.110ms
             DictWithFloatKeys:     28ms     28ms    0.03us    0.207ms
           DictWithIntegerKeys:     25ms     25ms    0.02us    0.279ms
            DictWithStringKeys:     24ms     24ms    0.02us    0.279ms
                      ForLoops:     23ms     23ms    0.94us    0.023ms
                    IfThenElse:     31ms     31ms    0.02us    0.209ms
                   ListSlicing:     55ms     55ms    3.93us    0.023ms
                NestedForLoops:     27ms     27ms    0.02us    0.011ms
      NestedListComprehensions:     34ms     35ms    2.89us    0.027ms
          NormalClassAttribute:     53ms     53ms    0.04us    0.142ms
       NormalInstanceAttribute:     32ms     32ms    0.03us    0.142ms
           PythonFunctionCalls:     30ms     30ms    0.09us    0.082ms
             PythonMethodCalls:     34ms     35ms    0.15us    0.045ms
                     Recursion:     51ms     51ms    1.02us    0.138ms
                  SecondImport:      7ms      7ms    0.07us    0.054ms
           SecondPackageImport:      8ms      8ms    0.08us    0.054ms
         SecondSubmoduleImport:     17ms     17ms    0.17us    0.054ms
       SimpleComplexArithmetic:     19ms     19ms    0.02us    0.110ms
        SimpleDictManipulation:     53ms     53ms    0.04us    0.139ms
         SimpleFloatArithmetic:     22ms     22ms    0.02us    0.165ms
      SimpleIntFloatArithmetic:     21ms     22ms    0.02us    0.165ms
       SimpleIntegerArithmetic:     22ms     22ms    0.02us    0.167ms
      SimpleListComprehensions:     29ms     31ms    2.58us    0.027ms
        SimpleListManipulation:     26ms     26ms    0.02us    0.182ms
          SimpleLongArithmetic:     13ms     13ms    0.02us    0.082ms
                    SmallLists:     29ms     29ms    0.04us    0.110ms
                   SmallTuples:     38ms     38ms    0.07us    0.124ms
         SpecialClassAttribute:     54ms     54ms    0.04us    0.143ms
      SpecialInstanceAttribute:     32ms     33ms    0.03us    0.142ms
                StringMappings:     52ms     53ms    0.21us    0.118ms
              StringPredicates:     32ms     32ms    0.05us    0.485ms
                 StringSlicing:     32ms     33ms    0.06us    0.231ms
                     TryExcept:     11ms     11ms    0.01us    0.210ms
                    TryFinally:     24ms     24ms    0.15us    0.110ms
                TryRaiseExcept:     10ms     11ms    0.17us    0.111ms
                  TupleSlicing:     56ms     56ms    0.21us    0.015ms
                   WithFinally:     32ms     32ms    0.20us    0.110ms
               WithRaiseExcept:     28ms     29ms    0.36us    0.139ms
-------------------------------------------------------------------------------
Totals:                           1503ms   1519ms

Default-Python-Server
[python] [INFO] Test clear docker image:
[python] 
[python] [INFO] clear package version:
[python] 
Python 3.7.4
The --allow-insecure-http flag was used, be aware that this poses a threat to the system

Loading required manifests...
Downloading packs (1.02 MB) for:
 - lib-openssl
 - openssl
 - wget
	...0%
	...1%
	...2%
	...3%
	...4%
	...5%
	...6%
	...7%
	...8%
	...9%
	...10%
	...11%
	...12%
	...13%
	...14%
	...15%
	...16%
	...17%
	...18%
	...19%
	...20%
	...21%
	...22%
	...23%
	...24%
	...25%
	...26%
	...27%
	...28%
	...29%
	...30%
	...31%
	...32%
	...33%
	...34%
	...35%
	...36%
	...37%
	...38%
	...39%
	...40%
	...41%
	...42%
	...43%
	...44%
	...45%
	...46%
	...47%
	...48%
	...49%
	...50%
	...51%
	...52%
	...53%
	...54%
	...55%
	...56%
	...57%
	...58%
	...59%
	...60%
	...61%
	...62%
	...63%
	...64%
	...65%
	...66%
	...67%
	...68%
	...69%
	...70%
	...71%
	...72%
	...73%
	...74%
	...75%
	...76%
	...77%
	...78%
	...79%
	...80%
	...81%
	...82%
	...83%
	...84%
	...85%
	...86%
	...87%
	...88%
	...89%
	...90%
	...91%
	...92%
	...93%
	...94%
	...95%
	...96%
	...97%
	...98%
	...99%
	...100%
Finishing packs extraction...
No extra files need to be downloaded
Installing bundle(s) files...
	...0%
	...1%
	...2%
	...3%
	...4%
	...5%
	...6%
	...7%
	...8%
	...9%
	...10%
	...11%
	...12%
	...13%
	...14%
	...15%
	...16%
	...17%
	...18%
	...19%
	...20%
	...21%
	...22%
	...23%
	...24%
	...25%
	...26%
	...27%
	...28%
	...29%
	...30%
	...31%
	...32%
	...33%
	...34%
	...35%
	...36%
	...37%
	...38%
	...39%
	...40%
	...41%
	...42%
	...43%
	...44%
	...45%
	...46%
	...47%
	...48%
	...49%
	...50%
	...51%
	...52%
	...53%
	...54%
	...55%
	...56%
	...57%
	...58%
	...59%
	...60%
	...61%
	...62%
	...63%
	...64%
	...65%
	...66%
	...67%
	...68%
	...69%
	...70%
	...71%
	...72%
	...73%
	...74%
	...75%
	...76%
	...77%
	...78%
	...79%
	...80%
	...81%
	...82%
	...83%
	...84%
	...85%
	...86%
	...87%
	...88%
	...89%
	...90%
	...91%
	...92%
	...93%
	...94%
	...95%
	...96%
	...97%
	...98%
	...99%
	...100%
Calling post-update helper scripts
Successfully installed 1 bundle
pybench-2018-02-16/
pybench-2018-02-16/Numbers.py
pybench-2018-02-16/pybench.py
pybench-2018-02-16/Constructs.pyc
pybench-2018-02-16/Unicode.py
pybench-2018-02-16/Lookups.pyc
pybench-2018-02-16/Lists.py
pybench-2018-02-16/Calls.pyc
pybench-2018-02-16/Exceptions.pyc
pybench-2018-02-16/Dict.pyc
pybench-2018-02-16/Arithmetic.py
pybench-2018-02-16/Constructs.py
pybench-2018-02-16/pybench.pyc
pybench-2018-02-16/Exceptions.py
pybench-2018-02-16/Tuples.py
pybench-2018-02-16/With.py
pybench-2018-02-16/__pycache__/
pybench-2018-02-16/__pycache__/Tuples.cpython-36.pyc
pybench-2018-02-16/__pycache__/Exceptions.cpython-36.pyc
pybench-2018-02-16/__pycache__/Numbers.cpython-36.pyc
pybench-2018-02-16/__pycache__/Dict.cpython-36.pyc
pybench-2018-02-16/__pycache__/CommandLine.cpython-36.pyc
pybench-2018-02-16/__pycache__/Unicode.cpython-36.pyc
pybench-2018-02-16/__pycache__/Lookups.cpython-36.pyc
pybench-2018-02-16/__pycache__/Constructs.cpython-36.pyc
pybench-2018-02-16/__pycache__/pybench.cpython-36.pyc
pybench-2018-02-16/__pycache__/With.cpython-36.pyc
pybench-2018-02-16/__pycache__/Lists.cpython-36.pyc
pybench-2018-02-16/__pycache__/NewInstances.cpython-36.pyc
pybench-2018-02-16/__pycache__/Imports.cpython-36.pyc
pybench-2018-02-16/__pycache__/Calls.cpython-36.pyc
pybench-2018-02-16/__pycache__/Instances.cpython-36.pyc
pybench-2018-02-16/__pycache__/Arithmetic.cpython-36.pyc
pybench-2018-02-16/__pycache__/Setup.cpython-36.pyc
pybench-2018-02-16/__pycache__/Strings.cpython-36.pyc
pybench-2018-02-16/Imports.pyc
pybench-2018-02-16/CommandLine.py
pybench-2018-02-16/Setup.pyc
pybench-2018-02-16/Strings.pyc
pybench-2018-02-16/LICENSE
pybench-2018-02-16/Lists.pyc
pybench-2018-02-16/Strings.py
pybench-2018-02-16/NewInstances.pyc
pybench-2018-02-16/Instances.py
pybench-2018-02-16/Setup.py
pybench-2018-02-16/Unicode.pyc
pybench-2018-02-16/Imports.py
pybench-2018-02-16/README
pybench-2018-02-16/package/
pybench-2018-02-16/package/__init__.py
pybench-2018-02-16/package/__init__.pyc
pybench-2018-02-16/package/__pycache__/
pybench-2018-02-16/package/__pycache__/__init__.cpython-36.pyc
pybench-2018-02-16/package/__pycache__/submodule.cpython-36.pyc
pybench-2018-02-16/package/.svn/
pybench-2018-02-16/package/.svn/tmp/
pybench-2018-02-16/package/.svn/tmp/props/
pybench-2018-02-16/package/.svn/tmp/prop-base/
pybench-2018-02-16/package/.svn/tmp/text-base/
pybench-2018-02-16/package/.svn/all-wcprops
pybench-2018-02-16/package/.svn/format
pybench-2018-02-16/package/.svn/props/
pybench-2018-02-16/package/.svn/entries
pybench-2018-02-16/package/.svn/prop-base/
pybench-2018-02-16/package/.svn/prop-base/submodule.py.svn-base
pybench-2018-02-16/package/.svn/prop-base/__init__.py.svn-base
pybench-2018-02-16/package/.svn/text-base/
pybench-2018-02-16/package/.svn/text-base/submodule.py.svn-base
pybench-2018-02-16/package/.svn/text-base/__init__.py.svn-base
pybench-2018-02-16/package/.svn/dir-prop-base
pybench-2018-02-16/package/submodule.pyc
pybench-2018-02-16/package/submodule.py
pybench-2018-02-16/With.pyc
pybench-2018-02-16/Tuples.pyc
pybench-2018-02-16/NewInstances.py
pybench-2018-02-16/Numbers.pyc
pybench-2018-02-16/CommandLine.pyc
pybench-2018-02-16/Instances.pyc
pybench-2018-02-16/clockres.py
pybench-2018-02-16/.CommandLine.py.swp
pybench-2018-02-16/systimes.py
pybench-2018-02-16/Calls.py
pybench-2018-02-16/Dict.py
pybench-2018-02-16/Lookups.py
pybench-2018-02-16/Arithmetic.pyc
-------------------------------------------------------------------------------
PYBENCH 2.0
-------------------------------------------------------------------------------
* using CPython 3.7.4(default,Jul312019,14:55:20)[GCC9.1.120190730gcc-9-branch@273913]
* disabled garbage collection
* system check interval set to maximum: 2147483647
* using timer: time.time

Calibrating tests. Please wait... done.

Running 10 round(s) of the suite at warp factor 10:

* Round 1 done in 1.377 seconds.
* Round 2 done in 1.375 seconds.
* Round 3 done in 1.376 seconds.
* Round 4 done in 1.375 seconds.
* Round 5 done in 1.381 seconds.
* Round 6 done in 1.377 seconds.
* Round 7 done in 1.385 seconds.
* Round 8 done in 1.375 seconds.
* Round 9 done in 1.379 seconds.
* Round 10 done in 1.375 seconds.

-------------------------------------------------------------------------------
Benchmark: 2019-08-27 19:05:17
-------------------------------------------------------------------------------

    Rounds: 10
    Warp:   10
    Timer:  time.time

    Machine Details:
       Platform ID:    Linux-4.15.0-58-generic-x86_64-with-glibc2.29
       Processor:      
    
    Python:
       Implementation: CPython
       Executable:     /usr/sbin/python3
       Version:        3.7.4
       Compiler:       GCC 9.1.1 20190730 gcc-9-branch@273913
       Bits:           64bit
       Build:          Jul 31 2019 14:55:20 (#default)
       Unicode:        UCS4


Test                             minimum  average  operation  overhead
-------------------------------------------------------------------------------
          BuiltinFunctionCalls:     42ms     43ms    0.08us    0.074ms
           BuiltinMethodLookup:     25ms     26ms    0.02us    0.087ms
                 CompareFloats:     19ms     19ms    0.02us    0.101ms
         CompareFloatsIntegers:     22ms     23ms    0.03us    0.074ms
               CompareIntegers:     29ms     29ms    0.02us    0.141ms
        CompareInternedStrings:     25ms     25ms    0.02us    0.354ms
                  CompareLongs:     18ms     18ms    0.02us    0.082ms
                CompareStrings:     20ms     20ms    0.02us    0.238ms
    ComplexPythonFunctionCalls:     29ms     29ms    0.14us    0.118ms
                 ConcatStrings:     17ms     19ms    0.04us    0.158ms
               CreateInstances:     25ms     26ms    0.23us    0.119ms
            CreateNewInstances:     19ms     19ms    0.23us    0.083ms
       CreateStringsWithConcat:     23ms     24ms    0.02us    0.235ms
                  DictCreation:     22ms     22ms    0.05us    0.094ms
             DictWithFloatKeys:     28ms     28ms    0.03us    0.176ms
           DictWithIntegerKeys:     27ms     27ms    0.02us    0.235ms
            DictWithStringKeys:     26ms     27ms    0.02us    0.230ms
                      ForLoops:     24ms     24ms    0.96us    0.022ms
                    IfThenElse:     27ms     27ms    0.02us    0.172ms
                   ListSlicing:     55ms     55ms    3.93us    0.024ms
                NestedForLoops:     26ms     26ms    0.02us    0.011ms
      NestedListComprehensions:     34ms     34ms    2.87us    0.023ms
          NormalClassAttribute:     50ms     50ms    0.04us    0.119ms
       NormalInstanceAttribute:     30ms     30ms    0.03us    0.119ms
           PythonFunctionCalls:     30ms     30ms    0.09us    0.069ms
             PythonMethodCalls:     31ms     31ms    0.14us    0.039ms
                     Recursion:     45ms     45ms    0.90us    0.115ms
                  SecondImport:      6ms      6ms    0.06us    0.046ms
           SecondPackageImport:      6ms      6ms    0.06us    0.046ms
         SecondSubmoduleImport:     13ms     13ms    0.13us    0.046ms
       SimpleComplexArithmetic:     18ms     18ms    0.02us    0.092ms
        SimpleDictManipulation:     50ms     51ms    0.04us    0.115ms
         SimpleFloatArithmetic:     22ms     22ms    0.02us    0.138ms
      SimpleIntFloatArithmetic:     23ms     23ms    0.02us    0.138ms
       SimpleIntegerArithmetic:     23ms     23ms    0.02us    0.138ms
      SimpleListComprehensions:     29ms     29ms    2.46us    0.023ms
        SimpleListManipulation:     28ms     28ms    0.02us    0.149ms
          SimpleLongArithmetic:     13ms     13ms    0.02us    0.069ms
                    SmallLists:     28ms     28ms    0.04us    0.092ms
                   SmallTuples:     35ms     35ms    0.07us    0.114ms
         SpecialClassAttribute:     55ms     56ms    0.05us    0.119ms
      SpecialInstanceAttribute:     30ms     30ms    0.02us    0.119ms
                StringMappings:     31ms     31ms    0.12us    0.103ms
              StringPredicates:     23ms     23ms    0.03us    0.504ms
                 StringSlicing:     25ms     26ms    0.05us    0.195ms
                     TryExcept:     10ms     11ms    0.00us    0.172ms
                    TryFinally:     20ms     20ms    0.12us    0.092ms
                TryRaiseExcept:      7ms      8ms    0.12us    0.092ms
                  TupleSlicing:     53ms     53ms    0.20us    0.016ms
                   WithFinally:     26ms     26ms    0.16us    0.092ms
               WithRaiseExcept:     23ms     23ms    0.29us    0.115ms
-------------------------------------------------------------------------------
Totals:                           1366ms   1378ms

Clr-Python-Server
