python/python.sh
[python] 
[python] == python unit test ==
[python] [INFO] Test docker hub official image first:
[python] 
[python] [INFO] default package version:
[python] 
Python 3.7.4
Get:1 http://security-cdn.debian.org/debian-security buster/updates InRelease [39.1 kB]
Get:4 http://security-cdn.debian.org/debian-security buster/updates/main amd64 Packages [72.1 kB]
Get:2 http://cdn-fastly.deb.debian.org/debian buster InRelease [118 kB]
Get:3 http://cdn-fastly.deb.debian.org/debian buster-updates InRelease [49.3 kB]
Get:5 http://cdn-fastly.deb.debian.org/debian buster/main amd64 Packages [7897 kB]
Get:6 http://cdn-fastly.deb.debian.org/debian buster-updates/main amd64 Packages [884 B]
Fetched 8177 kB in 4s (2001 kB/s)
Reading package lists...
Reading package lists...
Building dependency tree...
Reading state information...
0 upgraded, 0 newly installed, 0 to remove and 1 not upgraded.
Reading package lists...
Building dependency tree...
Reading state information...
wget is already the newest version (1.20.1-1.1).
0 upgraded, 0 newly installed, 0 to remove and 1 not upgraded.
pybench-2018-02-16/
pybench-2018-02-16/Numbers.py
pybench-2018-02-16/pybench.py
pybench-2018-02-16/Constructs.pyc
pybench-2018-02-16/Unicode.py
pybench-2018-02-16/Lookups.pyc
pybench-2018-02-16/Lists.py
pybench-2018-02-16/Calls.pyc
pybench-2018-02-16/Exceptions.pyc
pybench-2018-02-16/Dict.pyc
pybench-2018-02-16/Arithmetic.py
pybench-2018-02-16/Constructs.py
pybench-2018-02-16/pybench.pyc
pybench-2018-02-16/Exceptions.py
pybench-2018-02-16/Tuples.py
pybench-2018-02-16/With.py
pybench-2018-02-16/__pycache__/
pybench-2018-02-16/__pycache__/Tuples.cpython-36.pyc
pybench-2018-02-16/__pycache__/Exceptions.cpython-36.pyc
pybench-2018-02-16/__pycache__/Numbers.cpython-36.pyc
pybench-2018-02-16/__pycache__/Dict.cpython-36.pyc
pybench-2018-02-16/__pycache__/CommandLine.cpython-36.pyc
pybench-2018-02-16/__pycache__/Unicode.cpython-36.pyc
pybench-2018-02-16/__pycache__/Lookups.cpython-36.pyc
pybench-2018-02-16/__pycache__/Constructs.cpython-36.pyc
pybench-2018-02-16/__pycache__/pybench.cpython-36.pyc
pybench-2018-02-16/__pycache__/With.cpython-36.pyc
pybench-2018-02-16/__pycache__/Lists.cpython-36.pyc
pybench-2018-02-16/__pycache__/NewInstances.cpython-36.pyc
pybench-2018-02-16/__pycache__/Imports.cpython-36.pyc
pybench-2018-02-16/__pycache__/Calls.cpython-36.pyc
pybench-2018-02-16/__pycache__/Instances.cpython-36.pyc
pybench-2018-02-16/__pycache__/Arithmetic.cpython-36.pyc
pybench-2018-02-16/__pycache__/Setup.cpython-36.pyc
pybench-2018-02-16/__pycache__/Strings.cpython-36.pyc
pybench-2018-02-16/Imports.pyc
pybench-2018-02-16/CommandLine.py
pybench-2018-02-16/Setup.pyc
pybench-2018-02-16/Strings.pyc
pybench-2018-02-16/LICENSE
pybench-2018-02-16/Lists.pyc
pybench-2018-02-16/Strings.py
pybench-2018-02-16/NewInstances.pyc
pybench-2018-02-16/Instances.py
pybench-2018-02-16/Setup.py
pybench-2018-02-16/Unicode.pyc
pybench-2018-02-16/Imports.py
pybench-2018-02-16/README
pybench-2018-02-16/package/
pybench-2018-02-16/package/__init__.py
pybench-2018-02-16/package/__init__.pyc
pybench-2018-02-16/package/__pycache__/
pybench-2018-02-16/package/__pycache__/__init__.cpython-36.pyc
pybench-2018-02-16/package/__pycache__/submodule.cpython-36.pyc
pybench-2018-02-16/package/.svn/
pybench-2018-02-16/package/.svn/tmp/
pybench-2018-02-16/package/.svn/tmp/props/
pybench-2018-02-16/package/.svn/tmp/prop-base/
pybench-2018-02-16/package/.svn/tmp/text-base/
pybench-2018-02-16/package/.svn/all-wcprops
pybench-2018-02-16/package/.svn/format
pybench-2018-02-16/package/.svn/props/
pybench-2018-02-16/package/.svn/entries
pybench-2018-02-16/package/.svn/prop-base/
pybench-2018-02-16/package/.svn/prop-base/submodule.py.svn-base
pybench-2018-02-16/package/.svn/prop-base/__init__.py.svn-base
pybench-2018-02-16/package/.svn/text-base/
pybench-2018-02-16/package/.svn/text-base/submodule.py.svn-base
pybench-2018-02-16/package/.svn/text-base/__init__.py.svn-base
pybench-2018-02-16/package/.svn/dir-prop-base
pybench-2018-02-16/package/submodule.pyc
pybench-2018-02-16/package/submodule.py
pybench-2018-02-16/With.pyc
pybench-2018-02-16/Tuples.pyc
pybench-2018-02-16/NewInstances.py
pybench-2018-02-16/Numbers.pyc
pybench-2018-02-16/CommandLine.pyc
pybench-2018-02-16/Instances.pyc
pybench-2018-02-16/clockres.py
pybench-2018-02-16/.CommandLine.py.swp
pybench-2018-02-16/systimes.py
pybench-2018-02-16/Calls.py
pybench-2018-02-16/Dict.py
pybench-2018-02-16/Lookups.py
pybench-2018-02-16/Arithmetic.pyc
-------------------------------------------------------------------------------
PYBENCH 2.0
-------------------------------------------------------------------------------
* using CPython 3.7.4(default,Aug142019,12:09:51)[GCC8.3.0]
* disabled garbage collection
* system check interval set to maximum: 2147483647
* using timer: time.time

Calibrating tests. Please wait... done.

Running 10 round(s) of the suite at warp factor 10:

* Round 1 done in 1.515 seconds.
* Round 2 done in 1.513 seconds.
* Round 3 done in 1.515 seconds.
* Round 4 done in 1.509 seconds.
* Round 5 done in 1.521 seconds.
* Round 6 done in 1.516 seconds.
* Round 7 done in 1.535 seconds.
* Round 8 done in 1.512 seconds.
* Round 9 done in 1.511 seconds.
* Round 10 done in 1.510 seconds.

-------------------------------------------------------------------------------
Benchmark: 2019-08-27 21:46:13
-------------------------------------------------------------------------------

    Rounds: 10
    Warp:   10
    Timer:  time.time

    Machine Details:
       Platform ID:    Linux-4.15.0-58-generic-x86_64-with-debian-10.0
       Processor:      
    
    Python:
       Implementation: CPython
       Executable:     /usr/local/bin/python3
       Version:        3.7.4
       Compiler:       GCC 8.3.0
       Bits:           64bit
       Build:          Aug 14 2019 12:09:51 (#default)
       Unicode:        UCS4


Test                             minimum  average  operation  overhead
-------------------------------------------------------------------------------
          BuiltinFunctionCalls:     46ms     46ms    0.09us    0.089ms
           BuiltinMethodLookup:     25ms     25ms    0.02us    0.104ms
                 CompareFloats:     23ms     23ms    0.02us    0.119ms
         CompareFloatsIntegers:     28ms     29ms    0.03us    0.089ms
               CompareIntegers:     36ms     36ms    0.02us    0.172ms
        CompareInternedStrings:     30ms     30ms    0.02us    0.429ms
                  CompareLongs:     21ms     21ms    0.02us    0.096ms
                CompareStrings:     22ms     22ms    0.02us    0.280ms
    ComplexPythonFunctionCalls:     31ms     31ms    0.15us    0.138ms
                 ConcatStrings:     20ms     20ms    0.04us    0.159ms
               CreateInstances:     30ms     30ms    0.27us    0.122ms
            CreateNewInstances:     23ms     23ms    0.27us    0.094ms
       CreateStringsWithConcat:     32ms     32ms    0.03us    0.277ms
                  DictCreation:     23ms     23ms    0.06us    0.107ms
             DictWithFloatKeys:     28ms     28ms    0.03us    0.207ms
           DictWithIntegerKeys:     25ms     25ms    0.02us    0.276ms
            DictWithStringKeys:     25ms     25ms    0.02us    0.276ms
                      ForLoops:     24ms     24ms    0.95us    0.023ms
                    IfThenElse:     31ms     31ms    0.02us    0.211ms
                   ListSlicing:     55ms     55ms    3.94us    0.023ms
                NestedForLoops:     27ms     27ms    0.02us    0.011ms
      NestedListComprehensions:     35ms     35ms    2.91us    0.027ms
          NormalClassAttribute:     54ms     54ms    0.05us    0.142ms
       NormalInstanceAttribute:     32ms     32ms    0.03us    0.142ms
           PythonFunctionCalls:     30ms     30ms    0.09us    0.082ms
             PythonMethodCalls:     33ms     34ms    0.15us    0.045ms
                     Recursion:     51ms     51ms    1.02us    0.138ms
                  SecondImport:      7ms      7ms    0.07us    0.054ms
           SecondPackageImport:      8ms      8ms    0.08us    0.054ms
         SecondSubmoduleImport:     17ms     17ms    0.17us    0.054ms
       SimpleComplexArithmetic:     19ms     19ms    0.02us    0.110ms
        SimpleDictManipulation:     52ms     52ms    0.04us    0.138ms
         SimpleFloatArithmetic:     22ms     22ms    0.02us    0.165ms
      SimpleIntFloatArithmetic:     22ms     22ms    0.02us    0.165ms
       SimpleIntegerArithmetic:     22ms     22ms    0.02us    0.166ms
      SimpleListComprehensions:     29ms     31ms    2.57us    0.027ms
        SimpleListManipulation:     26ms     26ms    0.02us    0.180ms
          SimpleLongArithmetic:     13ms     13ms    0.02us    0.082ms
                    SmallLists:     29ms     29ms    0.04us    0.113ms
                   SmallTuples:     38ms     39ms    0.07us    0.124ms
         SpecialClassAttribute:     54ms     54ms    0.05us    0.142ms
      SpecialInstanceAttribute:     33ms     33ms    0.03us    0.142ms
                StringMappings:     51ms     52ms    0.21us    0.118ms
              StringPredicates:     32ms     32ms    0.05us    0.485ms
                 StringSlicing:     32ms     33ms    0.06us    0.232ms
                     TryExcept:     11ms     11ms    0.01us    0.207ms
                    TryFinally:     23ms     24ms    0.15us    0.110ms
                TryRaiseExcept:     10ms     10ms    0.16us    0.110ms
                  TupleSlicing:     56ms     56ms    0.21us    0.015ms
                   WithFinally:     31ms     32ms    0.20us    0.110ms
               WithRaiseExcept:     28ms     28ms    0.35us    0.138ms
-------------------------------------------------------------------------------
Totals:                           1500ms   1516ms

Default-Python-Server
[python] [INFO] Test clear docker image:
[python] 
[python] [INFO] clear package version:
[python] 
Python 3.7.4
The --allow-insecure-http flag was used, be aware that this poses a threat to the system

Loading required manifests...
Downloading packs (1.02 MB) for:
 - lib-openssl
 - openssl
 - wget
	...0%
	...1%
	...2%
	...3%
	...4%
	...5%
	...6%
	...7%
	...8%
	...9%
	...10%
	...11%
	...12%
	...13%
	...14%
	...15%
	...16%
	...17%
	...18%
	...19%
	...20%
	...21%
	...22%
	...23%
	...24%
	...25%
	...26%
	...27%
	...28%
	...29%
	...30%
	...31%
	...32%
	...33%
	...34%
	...35%
	...36%
	...37%
	...38%
	...39%
	...40%
	...41%
	...42%
	...43%
	...44%
	...45%
	...46%
	...47%
	...48%
	...49%
	...50%
	...51%
	...52%
	...53%
	...54%
	...55%
	...56%
	...57%
	...58%
	...59%
	...60%
	...61%
	...62%
	...63%
	...64%
	...65%
	...66%
	...67%
	...68%
	...69%
	...70%
	...71%
	...72%
	...73%
	...74%
	...75%
	...76%
	...77%
	...78%
	...79%
	...80%
	...81%
	...82%
	...83%
	...84%
	...85%
	...86%
	...87%
	...88%
	...89%
	...90%
	...91%
	...92%
	...93%
	...94%
	...95%
	...96%
	...97%
	...98%
	...99%
	...100%
Finishing packs extraction...
No extra files need to be downloaded
Installing bundle(s) files...
	...0%
	...1%
	...2%
	...3%
	...4%
	...5%
	...6%
	...7%
	...8%
	...9%
	...10%
	...11%
	...12%
	...13%
	...14%
	...15%
	...16%
	...17%
	...18%
	...19%
	...20%
	...21%
	...22%
	...23%
	...24%
	...25%
	...26%
	...27%
	...28%
	...29%
	...30%
	...31%
	...32%
	...33%
	...34%
	...35%
	...36%
	...37%
	...38%
	...39%
	...40%
	...41%
	...42%
	...43%
	...44%
	...45%
	...46%
	...47%
	...48%
	...49%
	...50%
	...51%
	...52%
	...53%
	...54%
	...55%
	...56%
	...57%
	...58%
	...59%
	...60%
	...61%
	...62%
	...63%
	...64%
	...65%
	...66%
	...67%
	...68%
	...69%
	...70%
	...71%
	...72%
	...73%
	...74%
	...75%
	...76%
	...77%
	...78%
	...79%
	...80%
	...81%
	...82%
	...83%
	...84%
	...85%
	...86%
	...87%
	...88%
	...89%
	...90%
	...91%
	...92%
	...93%
	...94%
	...95%
	...96%
	...97%
	...98%
	...99%
	...100%
Calling post-update helper scripts
Successfully installed 1 bundle
pybench-2018-02-16/
pybench-2018-02-16/Numbers.py
pybench-2018-02-16/pybench.py
pybench-2018-02-16/Constructs.pyc
pybench-2018-02-16/Unicode.py
pybench-2018-02-16/Lookups.pyc
pybench-2018-02-16/Lists.py
pybench-2018-02-16/Calls.pyc
pybench-2018-02-16/Exceptions.pyc
pybench-2018-02-16/Dict.pyc
pybench-2018-02-16/Arithmetic.py
pybench-2018-02-16/Constructs.py
pybench-2018-02-16/pybench.pyc
pybench-2018-02-16/Exceptions.py
pybench-2018-02-16/Tuples.py
pybench-2018-02-16/With.py
pybench-2018-02-16/__pycache__/
pybench-2018-02-16/__pycache__/Tuples.cpython-36.pyc
pybench-2018-02-16/__pycache__/Exceptions.cpython-36.pyc
pybench-2018-02-16/__pycache__/Numbers.cpython-36.pyc
pybench-2018-02-16/__pycache__/Dict.cpython-36.pyc
pybench-2018-02-16/__pycache__/CommandLine.cpython-36.pyc
pybench-2018-02-16/__pycache__/Unicode.cpython-36.pyc
pybench-2018-02-16/__pycache__/Lookups.cpython-36.pyc
pybench-2018-02-16/__pycache__/Constructs.cpython-36.pyc
pybench-2018-02-16/__pycache__/pybench.cpython-36.pyc
pybench-2018-02-16/__pycache__/With.cpython-36.pyc
pybench-2018-02-16/__pycache__/Lists.cpython-36.pyc
pybench-2018-02-16/__pycache__/NewInstances.cpython-36.pyc
pybench-2018-02-16/__pycache__/Imports.cpython-36.pyc
pybench-2018-02-16/__pycache__/Calls.cpython-36.pyc
pybench-2018-02-16/__pycache__/Instances.cpython-36.pyc
pybench-2018-02-16/__pycache__/Arithmetic.cpython-36.pyc
pybench-2018-02-16/__pycache__/Setup.cpython-36.pyc
pybench-2018-02-16/__pycache__/Strings.cpython-36.pyc
pybench-2018-02-16/Imports.pyc
pybench-2018-02-16/CommandLine.py
pybench-2018-02-16/Setup.pyc
pybench-2018-02-16/Strings.pyc
pybench-2018-02-16/LICENSE
pybench-2018-02-16/Lists.pyc
pybench-2018-02-16/Strings.py
pybench-2018-02-16/NewInstances.pyc
pybench-2018-02-16/Instances.py
pybench-2018-02-16/Setup.py
pybench-2018-02-16/Unicode.pyc
pybench-2018-02-16/Imports.py
pybench-2018-02-16/README
pybench-2018-02-16/package/
pybench-2018-02-16/package/__init__.py
pybench-2018-02-16/package/__init__.pyc
pybench-2018-02-16/package/__pycache__/
pybench-2018-02-16/package/__pycache__/__init__.cpython-36.pyc
pybench-2018-02-16/package/__pycache__/submodule.cpython-36.pyc
pybench-2018-02-16/package/.svn/
pybench-2018-02-16/package/.svn/tmp/
pybench-2018-02-16/package/.svn/tmp/props/
pybench-2018-02-16/package/.svn/tmp/prop-base/
pybench-2018-02-16/package/.svn/tmp/text-base/
pybench-2018-02-16/package/.svn/all-wcprops
pybench-2018-02-16/package/.svn/format
pybench-2018-02-16/package/.svn/props/
pybench-2018-02-16/package/.svn/entries
pybench-2018-02-16/package/.svn/prop-base/
pybench-2018-02-16/package/.svn/prop-base/submodule.py.svn-base
pybench-2018-02-16/package/.svn/prop-base/__init__.py.svn-base
pybench-2018-02-16/package/.svn/text-base/
pybench-2018-02-16/package/.svn/text-base/submodule.py.svn-base
pybench-2018-02-16/package/.svn/text-base/__init__.py.svn-base
pybench-2018-02-16/package/.svn/dir-prop-base
pybench-2018-02-16/package/submodule.pyc
pybench-2018-02-16/package/submodule.py
pybench-2018-02-16/With.pyc
pybench-2018-02-16/Tuples.pyc
pybench-2018-02-16/NewInstances.py
pybench-2018-02-16/Numbers.pyc
pybench-2018-02-16/CommandLine.pyc
pybench-2018-02-16/Instances.pyc
pybench-2018-02-16/clockres.py
pybench-2018-02-16/.CommandLine.py.swp
pybench-2018-02-16/systimes.py
pybench-2018-02-16/Calls.py
pybench-2018-02-16/Dict.py
pybench-2018-02-16/Lookups.py
pybench-2018-02-16/Arithmetic.pyc
-------------------------------------------------------------------------------
PYBENCH 2.0
-------------------------------------------------------------------------------
* using CPython 3.7.4(default,Jul312019,14:55:20)[GCC9.1.120190730gcc-9-branch@273913]
* disabled garbage collection
* system check interval set to maximum: 2147483647
* using timer: time.time

Calibrating tests. Please wait... done.

Running 10 round(s) of the suite at warp factor 10:

* Round 1 done in 1.375 seconds.
* Round 2 done in 1.374 seconds.
* Round 3 done in 1.381 seconds.
* Round 4 done in 1.376 seconds.
* Round 5 done in 1.381 seconds.
* Round 6 done in 1.374 seconds.
* Round 7 done in 1.382 seconds.
* Round 8 done in 1.379 seconds.
* Round 9 done in 1.379 seconds.
* Round 10 done in 1.381 seconds.

-------------------------------------------------------------------------------
Benchmark: 2019-08-27 21:46:48
-------------------------------------------------------------------------------

    Rounds: 10
    Warp:   10
    Timer:  time.time

    Machine Details:
       Platform ID:    Linux-4.15.0-58-generic-x86_64-with-glibc2.29
       Processor:      
    
    Python:
       Implementation: CPython
       Executable:     /usr/sbin/python3
       Version:        3.7.4
       Compiler:       GCC 9.1.1 20190730 gcc-9-branch@273913
       Bits:           64bit
       Build:          Jul 31 2019 14:55:20 (#default)
       Unicode:        UCS4


Test                             minimum  average  operation  overhead
-------------------------------------------------------------------------------
          BuiltinFunctionCalls:     42ms     42ms    0.08us    0.067ms
           BuiltinMethodLookup:     26ms     26ms    0.02us    0.080ms
                 CompareFloats:     19ms     19ms    0.02us    0.093ms
         CompareFloatsIntegers:     24ms     25ms    0.03us    0.067ms
               CompareIntegers:     29ms     29ms    0.02us    0.135ms
        CompareInternedStrings:     25ms     25ms    0.02us    0.340ms
                  CompareLongs:     17ms     17ms    0.02us    0.079ms
                CompareStrings:     20ms     20ms    0.02us    0.253ms
    ComplexPythonFunctionCalls:     28ms     28ms    0.14us    0.113ms
                 ConcatStrings:     16ms     19ms    0.04us    0.134ms
               CreateInstances:     25ms     26ms    0.23us    0.101ms
            CreateNewInstances:     19ms     19ms    0.23us    0.079ms
       CreateStringsWithConcat:     24ms     24ms    0.02us    0.235ms
                  DictCreation:     22ms     22ms    0.06us    0.090ms
             DictWithFloatKeys:     28ms     28ms    0.03us    0.169ms
           DictWithIntegerKeys:     28ms     28ms    0.02us    0.225ms
            DictWithStringKeys:     26ms     27ms    0.02us    0.225ms
                      ForLoops:     24ms     24ms    0.97us    0.022ms
                    IfThenElse:     27ms     27ms    0.02us    0.169ms
                   ListSlicing:     55ms     55ms    3.92us    0.024ms
                NestedForLoops:     26ms     26ms    0.02us    0.011ms
      NestedListComprehensions:     34ms     34ms    2.87us    0.023ms
          NormalClassAttribute:     50ms     51ms    0.04us    0.116ms
       NormalInstanceAttribute:     30ms     30ms    0.03us    0.116ms
           PythonFunctionCalls:     30ms     30ms    0.09us    0.068ms
             PythonMethodCalls:     30ms     31ms    0.14us    0.038ms
                     Recursion:     46ms     46ms    0.93us    0.112ms
                  SecondImport:      6ms      6ms    0.06us    0.045ms
           SecondPackageImport:      6ms      6ms    0.06us    0.045ms
         SecondSubmoduleImport:     12ms     13ms    0.13us    0.045ms
       SimpleComplexArithmetic:     18ms     18ms    0.02us    0.090ms
        SimpleDictManipulation:     51ms     51ms    0.04us    0.112ms
         SimpleFloatArithmetic:     22ms     22ms    0.02us    0.135ms
      SimpleIntFloatArithmetic:     24ms     25ms    0.02us    0.135ms
       SimpleIntegerArithmetic:     24ms     24ms    0.02us    0.135ms
      SimpleListComprehensions:     29ms     29ms    2.45us    0.023ms
        SimpleListManipulation:     28ms     28ms    0.02us    0.146ms
          SimpleLongArithmetic:     13ms     13ms    0.02us    0.067ms
                    SmallLists:     28ms     28ms    0.04us    0.090ms
                   SmallTuples:     36ms     36ms    0.07us    0.101ms
         SpecialClassAttribute:     48ms     48ms    0.04us    0.116ms
      SpecialInstanceAttribute:     30ms     30ms    0.03us    0.116ms
                StringMappings:     31ms     31ms    0.12us    0.100ms
              StringPredicates:     23ms     23ms    0.03us    0.505ms
                 StringSlicing:     25ms     26ms    0.05us    0.191ms
                     TryExcept:     10ms     11ms    0.00us    0.169ms
                    TryFinally:     20ms     20ms    0.12us    0.090ms
                TryRaiseExcept:      7ms      8ms    0.12us    0.090ms
                  TupleSlicing:     53ms     53ms    0.20us    0.015ms
                   WithFinally:     26ms     26ms    0.16us    0.090ms
               WithRaiseExcept:     23ms     23ms    0.29us    0.113ms
-------------------------------------------------------------------------------
Totals:                           1365ms   1378ms

Clr-Python-Server
