rabbitmq/rabbitmq.sh
[rabbitmq] 
[rabbitmq] == rabbitmq performance test in container ==
[rabbitmq] [INFO] Test docker hub official image first:
[rabbitmq] 
[rabbitmq] [INFO] default package version:
[rabbitmq] 
3.7.17
c20d93bf98320db2bd247ce2ca25441a36e328343cf0627e86ef96eab46b9786
id: test-040230-815, starting consumer #0
id: test-040230-815, starting consumer #0, channel #0
id: test-040230-815, starting producer #0
id: test-040230-815, starting producer #0, channel #0
id: test-040230-815, time: 1.000s, sent: 11352 msg/s, received: 5918 msg/s, min/median/75th/95th/99th consumer latency: 7978/85914/163435/184664/194273 µs
id: test-040230-815, time: 2.000s, sent: 38323 msg/s, received: 13210 msg/s, min/median/75th/95th/99th consumer latency: 248785/432279/529703/580325/596602 µs
id: test-040230-815, time: 3.000s, sent: 25806 msg/s, received: 18439 msg/s, min/median/75th/95th/99th consumer latency: 612773/955276/1077237/1149810/1169763 µs
id: test-040230-815, time: 4.000s, sent: 21935 msg/s, received: 19483 msg/s, min/median/75th/95th/99th consumer latency: 1184716/1623952/1722074/1838433/1880801 µs
id: test-040230-815, time: 5.000s, sent: 18709 msg/s, received: 20004 msg/s, min/median/75th/95th/99th consumer latency: 1900389/2117407/2213104/2296744/2322142 µs
id: test-040230-815, time: 6.000s, sent: 18710 msg/s, received: 20346 msg/s, min/median/75th/95th/99th consumer latency: 1842577/2096839/2191232/2289428/2317537 µs
id: test-040230-815, time: 7.000s, sent: 26594 msg/s, received: 19956 msg/s, min/median/75th/95th/99th consumer latency: 1841002/2089766/2194081/2284442/2299766 µs
id: test-040230-815, time: 8.000s, sent: 19316 msg/s, received: 21407 msg/s, min/median/75th/95th/99th consumer latency: 1795590/2065168/2166104/2269230/2305930 µs
id: test-040230-815, time: 9.001s, sent: 17296 msg/s, received: 20643 msg/s, min/median/75th/95th/99th consumer latency: 1753626/2013039/2126616/2218833/2240846 µs
id: test-040230-815, time: 10.001s, sent: 21290 msg/s, received: 19278 msg/s, min/median/75th/95th/99th consumer latency: 1814157/2051952/2159607/2267713/2306657 µs
id: test-040230-815, time: 11.001s, sent: 25161 msg/s, received: 20246 msg/s, min/median/75th/95th/99th consumer latency: 1872666/2146517/2254969/2351309/2387614 µs
id: test-040230-815, time: 12.001s, sent: 11613 msg/s, received: 19127 msg/s, min/median/75th/95th/99th consumer latency: 1862542/2136382/2239516/2361895/2389855 µs
id: test-040230-815, time: 13.001s, sent: 22580 msg/s, received: 18576 msg/s, min/median/75th/95th/99th consumer latency: 1989583/2240320/2340745/2458886/2492401 µs
id: test-040230-815, time: 14.001s, sent: 22580 msg/s, received: 20058 msg/s, min/median/75th/95th/99th consumer latency: 1876785/2186651/2294520/2380125/2401529 µs
id: test-040230-815, time: 15.001s, sent: 11613 msg/s, received: 17707 msg/s, min/median/75th/95th/99th consumer latency: 1916083/2146314/2249831/2421899/2465190 µs
id: test-040230-815, time: 16.001s, sent: 18064 msg/s, received: 17185 msg/s, min/median/75th/95th/99th consumer latency: 1971418/2320968/2436202/2547028/2582089 µs
id: test-040230-815, time: 17.001s, sent: 21935 msg/s, received: 19266 msg/s, min/median/75th/95th/99th consumer latency: 2077691/2330521/2457216/2582740/2616710 µs
id: test-040230-815, time: 18.001s, sent: 18709 msg/s, received: 20158 msg/s, min/median/75th/95th/99th consumer latency: 1874000/2306233/2406052/2543112/2595822 µs
id: test-040230-815, time: 19.001s, sent: 18709 msg/s, received: 18304 msg/s, min/median/75th/95th/99th consumer latency: 1882183/2138094/2231311/2381743/2417317 µs
id: test-040230-815, time: 20.002s, sent: 21268 msg/s, received: 20145 msg/s, min/median/75th/95th/99th consumer latency: 1913097/2202167/2303467/2372125/2401223 µs
id: test-040230-815, time: 21.002s, sent: 23226 msg/s, received: 18865 msg/s, min/median/75th/95th/99th consumer latency: 1963940/2213740/2335437/2413170/2434035 µs
id: test-040230-815, time: 22.002s, sent: 11612 msg/s, received: 18772 msg/s, min/median/75th/95th/99th consumer latency: 1923702/2159540/2336816/2449667/2475521 µs
id: test-040230-815, time: 23.002s, sent: 21290 msg/s, received: 19924 msg/s, min/median/75th/95th/99th consumer latency: 1933477/2227679/2349389/2438282/2479595 µs
id: test-040230-815, time: 24.002s, sent: 19355 msg/s, received: 19211 msg/s, min/median/75th/95th/99th consumer latency: 1953108/2240778/2354151/2442055/2460003 µs
id: test-040230-815, time: 25.002s, sent: 21290 msg/s, received: 17598 msg/s, min/median/75th/95th/99th consumer latency: 1917494/2158298/2256079/2403278/2430443 µs
id: test-040230-815, time: 26.002s, sent: 11612 msg/s, received: 17236 msg/s, min/median/75th/95th/99th consumer latency: 2034620/2363222/2462068/2616200/2643367 µs
id: test-040230-815, time: 27.002s, sent: 22581 msg/s, received: 18617 msg/s, min/median/75th/95th/99th consumer latency: 2145729/2416150/2557383/2640451/2679209 µs
id: test-040230-815, time: 28.002s, sent: 21929 msg/s, received: 17505 msg/s, min/median/75th/95th/99th consumer latency: 2003691/2338294/2446770/2622491/2668127 µs
id: test-040230-815, time: 29.002s, sent: 10973 msg/s, received: 19425 msg/s, min/median/75th/95th/99th consumer latency: 2006725/2255732/2462538/2561888/2592644 µs
id: test-040230-815, time: 30.002s, sent: 18709 msg/s, received: 19547 msg/s, min/median/75th/95th/99th consumer latency: 1963871/2312714/2447929/2526038/2539840 µs
id: test-040230-815, time: 31.002s, sent: 25806 msg/s, received: 17375 msg/s, min/median/75th/95th/99th consumer latency: 1946765/2195801/2313276/2409492/2464782 µs
id: test-040230-815, time: 32.002s, sent: 10968 msg/s, received: 18458 msg/s, min/median/75th/95th/99th consumer latency: 2013522/2262120/2395698/2487318/2508199 µs
id: test-040230-815, time: 33.003s, sent: 23201 msg/s, received: 18643 msg/s, min/median/75th/95th/99th consumer latency: 2087482/2435711/2509044/2615602/2651692 µs
id: test-040230-815, time: 34.003s, sent: 21290 msg/s, received: 19652 msg/s, min/median/75th/95th/99th consumer latency: 2010774/2277563/2388031/2495172/2544846 µs
id: test-040230-815, time: 35.003s, sent: 10968 msg/s, received: 17765 msg/s, min/median/75th/95th/99th consumer latency: 1908899/2132866/2271193/2449579/2473037 µs
id: test-040230-815, time: 36.004s, sent: 22557 msg/s, received: 16160 msg/s, min/median/75th/95th/99th consumer latency: 2088487/2409567/2514295/2604642/2649786 µs
id: test-040230-815, time: 37.004s, sent: 10967 msg/s, received: 17353 msg/s, min/median/75th/95th/99th consumer latency: 2185577/2427560/2544060/2684567/2700690 µs
id: test-040230-815, time: 38.004s, sent: 22581 msg/s, received: 18747 msg/s, min/median/75th/95th/99th consumer latency: 2137729/2469905/2624300/2715494/2751323 µs
id: test-040230-815, time: 39.004s, sent: 21935 msg/s, received: 17880 msg/s, min/median/75th/95th/99th consumer latency: 2018488/2349577/2450474/2585532/2617665 µs
id: test-040230-815, time: 40.004s, sent: 11612 msg/s, received: 17612 msg/s, min/median/75th/95th/99th consumer latency: 2037037/2230128/2434151/2562421/2582142 µs
id: test-040230-815, time: 41.004s, sent: 21935 msg/s, received: 17753 msg/s, min/median/75th/95th/99th consumer latency: 2113541/2428426/2542461/2643336/2683957 µs
id: test-040230-815, time: 42.004s, sent: 10968 msg/s, received: 17977 msg/s, min/median/75th/95th/99th consumer latency: 2117358/2344007/2446736/2614551/2647234 µs
id: test-040230-815, time: 43.004s, sent: 22580 msg/s, received: 18667 msg/s, min/median/75th/95th/99th consumer latency: 2073840/2424353/2562789/2659249/2691442 µs
id: test-040230-815, time: 44.004s, sent: 21935 msg/s, received: 19440 msg/s, min/median/75th/95th/99th consumer latency: 1962509/2299661/2398787/2497967/2528196 µs
id: test-040230-815, time: 45.004s, sent: 21935 msg/s, received: 19577 msg/s, min/median/75th/95th/99th consumer latency: 1903664/2157517/2276789/2433215/2461067 µs
id: test-040230-815, time: 46.005s, sent: 11601 msg/s, received: 18715 msg/s, min/median/75th/95th/99th consumer latency: 1903382/2138104/2306533/2395530/2424719 µs
id: test-040230-815, time: 47.005s, sent: 22580 msg/s, received: 19130 msg/s, min/median/75th/95th/99th consumer latency: 1961299/2239814/2359055/2437977/2454110 µs
id: test-040230-815, time: 48.005s, sent: 21290 msg/s, received: 19548 msg/s, min/median/75th/95th/99th consumer latency: 1919038/2209287/2337197/2453177/2486847 µs
id: test-040230-815, time: 49.005s, sent: 19354 msg/s, received: 19431 msg/s, min/median/75th/95th/99th consumer latency: 1893053/2117682/2227301/2391410/2412506 µs
id: test-040230-815, time: 50.005s, sent: 21712 msg/s, received: 19379 msg/s, min/median/75th/95th/99th consumer latency: 1932238/2169938/2340159/2426537/2442558 µs
id: test-040230-815, time: 51.005s, sent: 11191 msg/s, received: 19424 msg/s, min/median/75th/95th/99th consumer latency: 1909831/2174728/2276245/2366480/2400092 µs
id: test-040230-815, time: 52.005s, sent: 22580 msg/s, received: 18791 msg/s, min/median/75th/95th/99th consumer latency: 1891084/2177402/2286771/2384060/2395465 µs
id: test-040230-815, time: 53.005s, sent: 21935 msg/s, received: 18563 msg/s, min/median/75th/95th/99th consumer latency: 1934516/2190372/2308130/2408779/2424950 µs
id: test-040230-815, time: 54.005s, sent: 11811 msg/s, received: 19556 msg/s, min/median/75th/95th/99th consumer latency: 1973460/2205983/2335821/2464762/2496129 µs
id: test-040230-815, time: 55.005s, sent: 22836 msg/s, received: 19294 msg/s, min/median/75th/95th/99th consumer latency: 1947114/2227649/2353247/2433526/2462315 µs
id: test-040230-815, time: 56.005s, sent: 14791 msg/s, received: 17839 msg/s, min/median/75th/95th/99th consumer latency: 1931333/2269532/2388961/2464555/2494123 µs
id: test-040230-815, time: 57.005s, sent: 24754 msg/s, received: 19140 msg/s, min/median/75th/95th/99th consumer latency: 2003939/2260644/2346064/2448886/2511427 µs
id: test-040230-815, time: 58.005s, sent: 18710 msg/s, received: 18786 msg/s, min/median/75th/95th/99th consumer latency: 1971532/2271900/2390940/2472954/2503384 µs
id: test-040230-815, time: 59.005s, sent: 21935 msg/s, received: 20374 msg/s, min/median/75th/95th/99th consumer latency: 2006535/2165710/2277052/2383865/2407545 µs
id: test-040230-815, time: 60.005s, sent: 18709 msg/s, received: 19343 msg/s, min/median/75th/95th/99th consumer latency: 1904927/2169634/2261895/2364674/2385466 µs
id: test-040230-815, time: 61.005s, sent: 14838 msg/s, received: 19176 msg/s, min/median/75th/95th/99th consumer latency: 1877139/2146374/2255374/2338018/2371599 µs
id: test-040230-815, time: 62.005s, sent: 22581 msg/s, received: 19480 msg/s, min/median/75th/95th/99th consumer latency: 1896188/2181125/2280488/2383294/2411219 µs
id: test-040230-815, time: 63.005s, sent: 17218 msg/s, received: 17718 msg/s, min/median/75th/95th/99th consumer latency: 2000503/2197053/2276903/2385784/2427325 µs
id: test-040230-815, time: 64.005s, sent: 15684 msg/s, received: 18695 msg/s, min/median/75th/95th/99th consumer latency: 2027506/2262179/2387328/2494855/2530269 µs
id: test-040230-815, time: 65.005s, sent: 22580 msg/s, received: 19643 msg/s, min/median/75th/95th/99th consumer latency: 1927996/2317115/2421961/2517384/2551614 µs
id: test-040230-815, time: 66.005s, sent: 21935 msg/s, received: 19577 msg/s, min/median/75th/95th/99th consumer latency: 1893995/2199949/2309389/2403767/2435186 µs
id: test-040230-815, time: 67.005s, sent: 18710 msg/s, received: 17758 msg/s, min/median/75th/95th/99th consumer latency: 1882204/2117435/2238702/2379818/2412117 µs
id: test-040230-815, time: 68.005s, sent: 10322 msg/s, received: 19799 msg/s, min/median/75th/95th/99th consumer latency: 1970828/2270113/2385478/2466746/2497767 µs
id: test-040230-815, time: 69.005s, sent: 22580 msg/s, received: 19635 msg/s, min/median/75th/95th/99th consumer latency: 2004805/2247542/2351643/2453703/2498677 µs
id: test-040230-815, time: 70.005s, sent: 18710 msg/s, received: 19703 msg/s, min/median/75th/95th/99th consumer latency: 1833581/2145342/2261662/2349664/2382963 µs
id: test-040230-815, time: 71.005s, sent: 18709 msg/s, received: 19424 msg/s, min/median/75th/95th/99th consumer latency: 1894707/2163281/2268109/2356651/2390910 µs
id: test-040230-815, time: 72.005s, sent: 22580 msg/s, received: 19134 msg/s, min/median/75th/95th/99th consumer latency: 1893512/2176994/2272331/2364307/2374527 µs
id: test-040230-815, time: 73.005s, sent: 21290 msg/s, received: 18579 msg/s, min/median/75th/95th/99th consumer latency: 1920914/2209658/2308572/2402251/2421310 µs
id: test-040230-815, time: 74.005s, sent: 19354 msg/s, received: 18037 msg/s, min/median/75th/95th/99th consumer latency: 1985184/2216586/2325871/2471355/2507864 µs
id: test-040230-815, time: 75.005s, sent: 13178 msg/s, received: 19190 msg/s, min/median/75th/95th/99th consumer latency: 2012128/2326611/2427817/2507904/2526143 µs
id: test-040230-815, time: 76.005s, sent: 19080 msg/s, received: 18253 msg/s, min/median/75th/95th/99th consumer latency: 2026935/2304094/2417243/2511538/2543129 µs
id: test-040230-815, time: 77.005s, sent: 22580 msg/s, received: 19546 msg/s, min/median/75th/95th/99th consumer latency: 2002042/2297714/2407292/2498818/2531510 µs
id: test-040230-815, time: 78.005s, sent: 21935 msg/s, received: 19681 msg/s, min/median/75th/95th/99th consumer latency: 1974017/2195472/2304106/2463533/2495236 µs
id: test-040230-815, time: 79.005s, sent: 11613 msg/s, received: 18747 msg/s, min/median/75th/95th/99th consumer latency: 1828593/2058945/2177145/2360903/2378607 µs
id: test-040230-815, time: 80.005s, sent: 21935 msg/s, received: 19720 msg/s, min/median/75th/95th/99th consumer latency: 1884831/2183921/2306481/2378882/2395605 µs
id: test-040230-815, time: 81.005s, sent: 22580 msg/s, received: 18245 msg/s, min/median/75th/95th/99th consumer latency: 1891688/2208053/2330838/2418183/2441655 µs
id: test-040230-815, time: 82.006s, sent: 10957 msg/s, received: 16673 msg/s, min/median/75th/95th/99th consumer latency: 1939066/2206921/2308596/2465387/2490193 µs
id: test-040230-815, time: 83.006s, sent: 18709 msg/s, received: 19924 msg/s, min/median/75th/95th/99th consumer latency: 2055814/2353181/2470941/2588694/2625212 µs
id: test-040230-815, time: 84.006s, sent: 22580 msg/s, received: 19869 msg/s, min/median/75th/95th/99th consumer latency: 1827991/2298041/2409798/2500470/2535507 µs
id: test-040230-815, time: 85.006s, sent: 21935 msg/s, received: 18560 msg/s, min/median/75th/95th/99th consumer latency: 1852653/2144001/2259100/2343669/2366242 µs
id: test-040230-815, time: 86.007s, sent: 10957 msg/s, received: 18317 msg/s, min/median/75th/95th/99th consumer latency: 1916140/2161862/2270331/2366663/2416457 µs
id: test-040230-815, time: 87.007s, sent: 22580 msg/s, received: 17615 msg/s, min/median/75th/95th/99th consumer latency: 2026912/2325406/2457823/2554215/2580019 µs
id: test-040230-815, time: 88.007s, sent: 22580 msg/s, received: 18561 msg/s, min/median/75th/95th/99th consumer latency: 2081122/2367952/2475367/2550770/2563653 µs
id: test-040230-815, time: 89.007s, sent: 10968 msg/s, received: 17554 msg/s, min/median/75th/95th/99th consumer latency: 2014002/2251016/2389000/2539406/2582386 µs
id: test-040230-815, time: 90.007s, sent: 21935 msg/s, received: 18595 msg/s, min/median/75th/95th/99th consumer latency: 2028130/2330423/2472980/2562692/2592313 µs
id: test-040230-815, time: 91.007s, sent: 18709 msg/s, received: 17708 msg/s, min/median/75th/95th/99th consumer latency: 2069527/2325483/2423891/2557458/2591533 µs
id: test-040230-815, time: 92.007s, sent: 21935 msg/s, received: 19089 msg/s, min/median/75th/95th/99th consumer latency: 2049627/2273860/2487377/2570779/2589998 µs
id: test-040230-815, time: 93.007s, sent: 18709 msg/s, received: 20135 msg/s, min/median/75th/95th/99th consumer latency: 1950023/2185618/2328147/2461191/2508255 µs
id: test-040230-815, time: 94.007s, sent: 21935 msg/s, received: 20366 msg/s, min/median/75th/95th/99th consumer latency: 1840863/2076197/2264031/2356430/2386223 µs
id: test-040230-815, time: 95.007s, sent: 19355 msg/s, received: 18826 msg/s, min/median/75th/95th/99th consumer latency: 1871980/2119801/2236122/2322383/2347241 µs
id: test-040230-815, time: 96.007s, sent: 12309 msg/s, received: 18016 msg/s, min/median/75th/95th/99th consumer latency: 1954734/2259223/2361701/2471370/2505257 µs
id: test-040230-815, time: 97.007s, sent: 17368 msg/s, received: 18519 msg/s, min/median/75th/95th/99th consumer latency: 2078046/2321106/2424304/2505351/2542558 µs
id: test-040230-815, time: 98.007s, sent: 21935 msg/s, received: 18692 msg/s, min/median/75th/95th/99th consumer latency: 2020674/2283251/2392525/2529611/2560804 µs
id: test-040230-815, time: 99.007s, sent: 20330 msg/s, received: 18385 msg/s, min/median/75th/95th/99th consumer latency: 2014790/2270849/2382853/2478732/2520721 µs
id: test-040230-815, time: 100.007s, sent: 13217 msg/s, received: 18529 msg/s, min/median/75th/95th/99th consumer latency: 2029430/2250527/2451614/2538229/2583469 µs
id: test-040230-815, time: 101.007s, sent: 21935 msg/s, received: 20738 msg/s, min/median/75th/95th/99th consumer latency: 1895524/2262775/2370524/2464676/2496345 µs
id: test-040230-815, time: 102.007s, sent: 22581 msg/s, received: 17491 msg/s, min/median/75th/95th/99th consumer latency: 1917016/2197941/2304301/2387153/2411752 µs
id: test-040230-815, time: 103.007s, sent: 10967 msg/s, received: 18337 msg/s, min/median/75th/95th/99th consumer latency: 1980997/2225687/2347601/2484010/2533426 µs
id: test-040230-815, time: 104.007s, sent: 18709 msg/s, received: 18749 msg/s, min/median/75th/95th/99th consumer latency: 2033944/2376267/2494861/2603077/2628994 µs
id: test-040230-815, time: 105.007s, sent: 21935 msg/s, received: 19422 msg/s, min/median/75th/95th/99th consumer latency: 2033710/2288666/2397757/2501237/2542679 µs
id: test-040230-815, time: 106.007s, sent: 22581 msg/s, received: 19937 msg/s, min/median/75th/95th/99th consumer latency: 1895649/2183156/2297343/2394280/2501466 µs
id: test-040230-815, time: 107.007s, sent: 18064 msg/s, received: 18995 msg/s, min/median/75th/95th/99th consumer latency: 1894056/2130956/2238225/2358683/2389494 µs
id: test-040230-815, time: 108.007s, sent: 18064 msg/s, received: 18901 msg/s, min/median/75th/95th/99th consumer latency: 1932387/2170113/2326545/2425465/2455607 µs
id: test-040230-815, time: 109.007s, sent: 18709 msg/s, received: 19883 msg/s, min/median/75th/95th/99th consumer latency: 1974616/2228778/2353728/2437313/2466266 µs
id: test-040230-815, time: 110.007s, sent: 22581 msg/s, received: 19111 msg/s, min/median/75th/95th/99th consumer latency: 1880964/2157754/2259662/2339683/2375264 µs
id: test-040230-815, time: 111.007s, sent: 10967 msg/s, received: 18014 msg/s, min/median/75th/95th/99th consumer latency: 1916522/2205898/2277532/2355274/2395775 µs
id: test-040230-815, time: 112.007s, sent: 22580 msg/s, received: 17636 msg/s, min/median/75th/95th/99th consumer latency: 2015889/2325691/2434399/2574834/2608703 µs
id: test-040230-815, time: 113.007s, sent: 22580 msg/s, received: 19243 msg/s, min/median/75th/95th/99th consumer latency: 2084493/2371491/2490132/2610253/2640805 µs
id: test-040230-815, time: 114.007s, sent: 12817 msg/s, received: 19502 msg/s, min/median/75th/95th/99th consumer latency: 1895254/2150415/2277279/2481772/2554413 µs
id: test-040230-815, time: 115.007s, sent: 20086 msg/s, received: 19170 msg/s, min/median/75th/95th/99th consumer latency: 1899990/2142931/2308215/2388045/2403485 µs
id: test-040230-815, time: 116.007s, sent: 21935 msg/s, received: 20588 msg/s, min/median/75th/95th/99th consumer latency: 1890908/2205105/2304400/2393173/2428454 µs
id: test-040230-815, time: 117.007s, sent: 18709 msg/s, received: 19497 msg/s, min/median/75th/95th/99th consumer latency: 1850334/2138081/2251440/2353755/2377312 µs
id: test-040230-815, time: 118.007s, sent: 18710 msg/s, received: 19771 msg/s, min/median/75th/95th/99th consumer latency: 1832170/2058640/2173750/2297263/2330341 µs
id: test-040230-815, time: 119.007s, sent: 21935 msg/s, received: 20313 msg/s, min/median/75th/95th/99th consumer latency: 1891357/2152278/2254777/2328195/2347449 µs
id: test-040230-815, time: 120.007s, sent: 26451 msg/s, received: 20267 msg/s, min/median/75th/95th/99th consumer latency: 1780429/2086029/2195812/2291355/2334038 µs
id: test-040230-815, time: 121.007s, sent: 4809 msg/s, received: 19586 msg/s, min/median/75th/95th/99th consumer latency: 1850289/2076478/2166797/2274680/2320444 µs
id: test-040230-815, time: 122.007s, sent: 0 msg/s, received: 19440 msg/s, min/median/75th/95th/99th consumer latency: 1870206/2154094/2257513/2328019/2361664 µs
id: test-040230-815, sending rate avg: 18815 msg/s
id: test-040230-815, receiving rate avg: 18812 msg/s
offi-rabbitmq
[rabbitmq] [INFO] Test clear docker image:
[rabbitmq] 
[rabbitmq] [INFO] clear package version:
[rabbitmq] 
3.7.17
351fc787d1758b5f6d7328c9388215574b99543948cf20388ec19a0cbd0aa43a
id: test-040528-278, starting consumer #0
id: test-040528-278, starting consumer #0, channel #0
id: test-040528-278, starting producer #0
id: test-040528-278, starting producer #0, channel #0
id: test-040528-278, time: 1.000s, sent: 11897 msg/s, received: 8013 msg/s, min/median/75th/95th/99th consumer latency: 13103/84442/129779/181829/193469 µs
id: test-040528-278, time: 2.000s, sent: 45148 msg/s, received: 14408 msg/s, min/median/75th/95th/99th consumer latency: 242748/358255/515921/580006/596353 µs
id: test-040528-278, time: 3.000s, sent: 23725 msg/s, received: 19116 msg/s, min/median/75th/95th/99th consumer latency: 612051/856813/1002181/1132624/1168426 µs
id: test-040528-278, time: 4.000s, sent: 21936 msg/s, received: 19751 msg/s, min/median/75th/95th/99th consumer latency: 1192899/1598353/1770808/1866988/1903695 µs
id: test-040528-278, time: 5.000s, sent: 18064 msg/s, received: 19386 msg/s, min/median/75th/95th/99th consumer latency: 1867361/2080089/2150007/2205661/2222501 µs
id: test-040528-278, time: 6.000s, sent: 21290 msg/s, received: 19599 msg/s, min/median/75th/95th/99th consumer latency: 1869128/2007316/2070914/2148948/2176672 µs
id: test-040528-278, time: 7.000s, sent: 17419 msg/s, received: 19193 msg/s, min/median/75th/95th/99th consumer latency: 1869894/2051507/2111924/2177743/2196498 µs
id: test-040528-278, time: 8.000s, sent: 22580 msg/s, received: 19590 msg/s, min/median/75th/95th/99th consumer latency: 1881911/2045355/2141583/2217953/2238752 µs
id: test-040528-278, time: 9.000s, sent: 16774 msg/s, received: 20058 msg/s, min/median/75th/95th/99th consumer latency: 1917496/2075639/2130973/2187734/2213996 µs
id: test-040528-278, time: 10.000s, sent: 16773 msg/s, received: 17651 msg/s, min/median/75th/95th/99th consumer latency: 1913346/2082605/2159339/2235067/2279330 µs
id: test-040528-278, time: 11.000s, sent: 19355 msg/s, received: 16959 msg/s, min/median/75th/95th/99th consumer latency: 2073906/2242877/2311112/2387496/2416395 µs
id: test-040528-278, time: 12.000s, sent: 21290 msg/s, received: 17937 msg/s, min/median/75th/95th/99th consumer latency: 2241900/2415659/2484123/2566826/2583563 µs
id: test-040528-278, time: 13.000s, sent: 16193 msg/s, received: 18241 msg/s, min/median/75th/95th/99th consumer latency: 2098456/2398564/2465805/2554639/2568362 µs
id: test-040528-278, time: 14.000s, sent: 16709 msg/s, received: 18052 msg/s, min/median/75th/95th/99th consumer latency: 2066758/2270890/2350836/2413632/2458466 µs
id: test-040528-278, time: 15.000s, sent: 20645 msg/s, received: 19571 msg/s, min/median/75th/95th/99th consumer latency: 2083388/2227438/2315038/2403018/2431480 µs
id: test-040528-278, time: 16.000s, sent: 20645 msg/s, received: 20355 msg/s, min/median/75th/95th/99th consumer latency: 2035776/2227715/2305369/2362589/2379033 µs
id: test-040528-278, time: 17.000s, sent: 19354 msg/s, received: 20784 msg/s, min/median/75th/95th/99th consumer latency: 1919742/2118999/2193812/2265666/2283857 µs
id: test-040528-278, time: 18.000s, sent: 23871 msg/s, received: 19725 msg/s, min/median/75th/95th/99th consumer latency: 1861917/2035885/2110109/2196185/2227362 µs
id: test-040528-278, time: 19.000s, sent: 14838 msg/s, received: 16834 msg/s, min/median/75th/95th/99th consumer latency: 1932503/2191311/2242467/2373524/2419396 µs
id: test-040528-278, time: 20.000s, sent: 21935 msg/s, received: 18101 msg/s, min/median/75th/95th/99th consumer latency: 2186839/2363890/2438666/2512893/2541122 µs
id: test-040528-278, time: 21.000s, sent: 14839 msg/s, received: 20383 msg/s, min/median/75th/95th/99th consumer latency: 2148062/2386268/2502373/2582696/2615818 µs
id: test-040528-278, time: 22.000s, sent: 21935 msg/s, received: 19113 msg/s, min/median/75th/95th/99th consumer latency: 2005756/2277935/2364423/2489612/2530976 µs
id: test-040528-278, time: 23.000s, sent: 20645 msg/s, received: 18068 msg/s, min/median/75th/95th/99th consumer latency: 2137082/2317629/2422002/2499990/2530754 µs
id: test-040528-278, time: 24.000s, sent: 13603 msg/s, received: 19290 msg/s, min/median/75th/95th/99th consumer latency: 2178647/2373903/2449875/2515627/2544475 µs
id: test-040528-278, time: 25.000s, sent: 18654 msg/s, received: 16786 msg/s, min/median/75th/95th/99th consumer latency: 2154555/2371690/2477934/2557485/2578386 µs
id: test-040528-278, time: 26.000s, sent: 22580 msg/s, received: 20028 msg/s, min/median/75th/95th/99th consumer latency: 2227289/2405318/2483824/2563153/2594914 µs
id: test-040528-278, time: 27.000s, sent: 15484 msg/s, received: 18506 msg/s, min/median/75th/95th/99th consumer latency: 2237776/2437864/2508899/2567760/2587018 µs
id: test-040528-278, time: 28.000s, sent: 20645 msg/s, received: 18142 msg/s, min/median/75th/95th/99th consumer latency: 2229509/2421134/2485411/2580477/2618140 µs
id: test-040528-278, time: 29.000s, sent: 19999 msg/s, received: 19331 msg/s, min/median/75th/95th/99th consumer latency: 2235101/2411111/2519751/2578491/2592830 µs
id: test-040528-278, time: 30.000s, sent: 20246 msg/s, received: 19451 msg/s, min/median/75th/95th/99th consumer latency: 2112563/2396011/2465310/2545985/2581835 µs
id: test-040528-278, time: 31.000s, sent: 20398 msg/s, received: 18714 msg/s, min/median/75th/95th/99th consumer latency: 2139272/2379243/2452835/2543714/2573383 µs
id: test-040528-278, time: 32.000s, sent: 14839 msg/s, received: 19278 msg/s, min/median/75th/95th/99th consumer latency: 2225747/2384833/2480113/2557137/2583275 µs
id: test-040528-278, time: 33.000s, sent: 23870 msg/s, received: 20040 msg/s, min/median/75th/95th/99th consumer latency: 2162286/2335173/2427096/2512725/2547003 µs
id: test-040528-278, time: 34.000s, sent: 20552 msg/s, received: 19418 msg/s, min/median/75th/95th/99th consumer latency: 2052899/2257619/2370698/2452957/2487641 µs
id: test-040528-278, time: 35.000s, sent: 14286 msg/s, received: 20970 msg/s, min/median/75th/95th/99th consumer latency: 2059607/2248424/2316798/2371002/2395436 µs
id: test-040528-278, time: 36.000s, sent: 16774 msg/s, received: 18198 msg/s, min/median/75th/95th/99th consumer latency: 2137259/2301964/2399481/2507674/2554948 µs
id: test-040528-278, time: 37.000s, sent: 25806 msg/s, received: 17961 msg/s, min/median/75th/95th/99th consumer latency: 2174480/2381110/2462468/2557859/2599869 µs
id: test-040528-278, time: 38.000s, sent: 15484 msg/s, received: 17004 msg/s, min/median/75th/95th/99th consumer latency: 2285044/2444927/2546694/2643364/2695720 µs
id: test-040528-278, time: 39.000s, sent: 17242 msg/s, received: 19310 msg/s, min/median/75th/95th/99th consumer latency: 2280434/2514954/2634497/2731827/2774213 µs
id: test-040528-278, time: 40.000s, sent: 19531 msg/s, received: 18447 msg/s, min/median/75th/95th/99th consumer latency: 2369381/2539020/2626498/2687154/2714438 µs
id: test-040528-278, time: 41.000s, sent: 21290 msg/s, received: 18622 msg/s, min/median/75th/95th/99th consumer latency: 2263751/2478437/2583570/2716866/2743190 µs
id: test-040528-278, time: 42.000s, sent: 14839 msg/s, received: 19735 msg/s, min/median/75th/95th/99th consumer latency: 2235952/2433031/2516520/2588626/2599223 µs
id: test-040528-278, time: 43.000s, sent: 23225 msg/s, received: 18502 msg/s, min/median/75th/95th/99th consumer latency: 2223810/2389098/2489759/2588598/2619432 µs
id: test-040528-278, time: 44.000s, sent: 17419 msg/s, received: 18637 msg/s, min/median/75th/95th/99th consumer latency: 2230014/2448142/2531408/2588126/2630733 µs
id: test-040528-278, time: 45.000s, sent: 15483 msg/s, received: 19390 msg/s, min/median/75th/95th/99th consumer latency: 2267615/2428177/2503224/2589556/2607469 µs
id: test-040528-278, time: 46.000s, sent: 23226 msg/s, received: 19344 msg/s, min/median/75th/95th/99th consumer latency: 2150404/2417443/2523447/2628000/2657795 µs
id: test-040528-278, time: 47.000s, sent: 14839 msg/s, received: 18051 msg/s, min/median/75th/95th/99th consumer latency: 2244844/2438344/2549220/2608086/2645630 µs
id: test-040528-278, time: 48.000s, sent: 19999 msg/s, received: 18082 msg/s, min/median/75th/95th/99th consumer latency: 2320880/2486489/2577595/2650551/2686357 µs
id: test-040528-278, time: 49.000s, sent: 15483 msg/s, received: 18436 msg/s, min/median/75th/95th/99th consumer latency: 2278876/2558231/2635487/2726139/2753184 µs
id: test-040528-278, time: 50.000s, sent: 23871 msg/s, received: 19493 msg/s, min/median/75th/95th/99th consumer latency: 2267197/2489526/2569327/2667462/2703008 µs
id: test-040528-278, time: 51.000s, sent: 16774 msg/s, received: 18964 msg/s, min/median/75th/95th/99th consumer latency: 2204977/2405162/2525546/2603030/2629714 µs
id: test-040528-278, time: 52.000s, sent: 19919 msg/s, received: 18367 msg/s, min/median/75th/95th/99th consumer latency: 2258998/2434585/2509143/2619933/2658487 µs
id: test-040528-278, time: 53.000s, sent: 18790 msg/s, received: 20382 msg/s, min/median/75th/95th/99th consumer latency: 2166545/2477090/2554240/2640883/2656795 µs
id: test-040528-278, time: 54.000s, sent: 21935 msg/s, received: 19685 msg/s, min/median/75th/95th/99th consumer latency: 2137477/2329106/2439381/2515013/2551378 µs
id: test-040528-278, time: 55.000s, sent: 15483 msg/s, received: 19093 msg/s, min/median/75th/95th/99th consumer latency: 2152121/2347646/2426614/2484678/2510356 µs
id: test-040528-278, time: 56.002s, sent: 22534 msg/s, received: 19111 msg/s, min/median/75th/95th/99th consumer latency: 2271053/2443683/2526897/2624118/2657257 µs
id: test-040528-278, time: 57.002s, sent: 21290 msg/s, received: 19908 msg/s, min/median/75th/95th/99th consumer latency: 2255003/2417729/2514185/2570914/2588299 µs
id: test-040528-278, time: 58.002s, sent: 15484 msg/s, received: 15769 msg/s, min/median/75th/95th/99th consumer latency: 2278729/2495057/2578626/2672442/2708081 µs
id: test-040528-278, time: 59.003s, sent: 14823 msg/s, received: 18771 msg/s, min/median/75th/95th/99th consumer latency: 2382209/2633477/2711721/2770351/2791933 µs
id: test-040528-278, time: 60.003s, sent: 17673 msg/s, received: 19033 msg/s, min/median/75th/95th/99th consumer latency: 2453550/2619609/2697970/2787396/2810583 µs
id: test-040528-278, time: 61.003s, sent: 22972 msg/s, received: 20400 msg/s, min/median/75th/95th/99th consumer latency: 2251286/2438364/2553253/2720716/2739928 µs
id: test-040528-278, time: 62.004s, sent: 18690 msg/s, received: 18967 msg/s, min/median/75th/95th/99th consumer latency: 2084576/2354870/2459599/2554780/2588902 µs
id: test-040528-278, time: 63.004s, sent: 16774 msg/s, received: 18560 msg/s, min/median/75th/95th/99th consumer latency: 2174429/2404367/2477727/2546489/2587815 µs
id: test-040528-278, time: 64.004s, sent: 23870 msg/s, received: 17924 msg/s, min/median/75th/95th/99th consumer latency: 2235219/2467462/2585631/2676583/2692653 µs
id: test-040528-278, time: 65.004s, sent: 18710 msg/s, received: 18967 msg/s, min/median/75th/95th/99th consumer latency: 2188196/2479084/2611840/2709625/2741592 µs
id: test-040528-278, time: 66.004s, sent: 18064 msg/s, received: 18456 msg/s, min/median/75th/95th/99th consumer latency: 2294181/2471916/2586088/2669012/2686904 µs
id: test-040528-278, time: 67.004s, sent: 14193 msg/s, received: 18729 msg/s, min/median/75th/95th/99th consumer latency: 2364516/2544795/2625140/2701161/2735583 µs
id: test-040528-278, time: 68.004s, sent: 16129 msg/s, received: 18570 msg/s, min/median/75th/95th/99th consumer latency: 2216796/2519434/2627531/2706550/2735342 µs
id: test-040528-278, time: 69.004s, sent: 18709 msg/s, received: 16793 msg/s, min/median/75th/95th/99th consumer latency: 2232667/2548014/2658945/2763607/2790580 µs
id: test-040528-278, time: 70.004s, sent: 16774 msg/s, received: 16150 msg/s, min/median/75th/95th/99th consumer latency: 2426534/2684936/2762949/2844595/2869968 µs
id: test-040528-278, time: 71.006s, sent: 23822 msg/s, received: 18552 msg/s, min/median/75th/95th/99th consumer latency: 2443653/2737396/2852066/2929990/2959343 µs
id: test-040528-278, time: 72.006s, sent: 18710 msg/s, received: 19022 msg/s, min/median/75th/95th/99th consumer latency: 2355284/2660865/2766986/2901807/2931244 µs
id: test-040528-278, time: 73.006s, sent: 18064 msg/s, received: 17620 msg/s, min/median/75th/95th/99th consumer latency: 2333761/2506173/2624198/2703704/2792052 µs
id: test-040528-278, time: 74.006s, sent: 18709 msg/s, received: 18665 msg/s, min/median/75th/95th/99th consumer latency: 2247042/2536444/2659284/2739969/2766867 µs
id: test-040528-278, time: 75.006s, sent: 18710 msg/s, received: 19691 msg/s, min/median/75th/95th/99th consumer latency: 2254956/2510414/2613246/2721160/2752817 µs
id: test-040528-278, time: 76.006s, sent: 14193 msg/s, received: 18398 msg/s, min/median/75th/95th/99th consumer latency: 2137713/2439218/2583903/2669960/2683705 µs
id: test-040528-278, time: 77.006s, sent: 17419 msg/s, received: 18107 msg/s, min/median/75th/95th/99th consumer latency: 2323152/2512014/2595750/2670512/2709645 µs
id: test-040528-278, time: 78.006s, sent: 23870 msg/s, received: 18478 msg/s, min/median/75th/95th/99th consumer latency: 2237971/2545582/2658655/2739434/2787593 µs
id: test-040528-278, time: 79.006s, sent: 13548 msg/s, received: 17831 msg/s, min/median/75th/95th/99th consumer latency: 2178514/2477865/2584517/2723600/2755529 µs
id: test-040528-278, time: 80.006s, sent: 23226 msg/s, received: 18254 msg/s, min/median/75th/95th/99th consumer latency: 2411399/2617997/2701845/2786175/2815840 µs
id: test-040528-278, time: 81.006s, sent: 14193 msg/s, received: 18397 msg/s, min/median/75th/95th/99th consumer latency: 2420524/2596385/2679090/2761927/2789883 µs
id: test-040528-278, time: 82.006s, sent: 16129 msg/s, received: 17704 msg/s, min/median/75th/95th/99th consumer latency: 2378081/2609974/2704937/2788144/2825226 µs
id: test-040528-278, time: 83.006s, sent: 22580 msg/s, received: 17479 msg/s, min/median/75th/95th/99th consumer latency: 2418809/2613559/2700299/2811379/2848635 µs
id: test-040528-278, time: 84.006s, sent: 14838 msg/s, received: 18035 msg/s, min/median/75th/95th/99th consumer latency: 2517051/2721207/2802296/2855735/2878592 µs
id: test-040528-278, time: 85.006s, sent: 22581 msg/s, received: 17358 msg/s, min/median/75th/95th/99th consumer latency: 2469270/2714261/2813381/2898376/2919143 µs
id: test-040528-278, time: 86.006s, sent: 14838 msg/s, received: 19704 msg/s, min/median/75th/95th/99th consumer latency: 2437688/2632032/2726177/2803723/2834390 µs
id: test-040528-278, time: 87.006s, sent: 22580 msg/s, received: 17687 msg/s, min/median/75th/95th/99th consumer latency: 2419053/2628333/2724333/2790530/2825551 µs
id: test-040528-278, time: 88.006s, sent: 18064 msg/s, received: 18379 msg/s, min/median/75th/95th/99th consumer latency: 2415467/2580604/2654784/2773094/2808022 µs
id: test-040528-278, time: 89.006s, sent: 14839 msg/s, received: 17488 msg/s, min/median/75th/95th/99th consumer latency: 2506702/2711097/2781261/2857295/2876956 µs
id: test-040528-278, time: 90.006s, sent: 18709 msg/s, received: 17041 msg/s, min/median/75th/95th/99th consumer latency: 2434735/2730946/2828463/2907937/2928539 µs
id: test-040528-278, time: 91.006s, sent: 14839 msg/s, received: 19149 msg/s, min/median/75th/95th/99th consumer latency: 2506201/2678363/2802408/2880175/2917226 µs
id: test-040528-278, time: 92.006s, sent: 18709 msg/s, received: 17818 msg/s, min/median/75th/95th/99th consumer latency: 2359963/2648695/2767005/2858533/2877136 µs
id: test-040528-278, time: 93.006s, sent: 14838 msg/s, received: 18144 msg/s, min/median/75th/95th/99th consumer latency: 2458762/2647585/2737268/2853893/2898256 µs
id: test-040528-278, time: 94.006s, sent: 25806 msg/s, received: 18088 msg/s, min/median/75th/95th/99th consumer latency: 2330313/2615286/2720311/2805783/2837926 µs
id: test-040528-278, time: 95.006s, sent: 18064 msg/s, received: 19848 msg/s, min/median/75th/95th/99th consumer latency: 2391920/2619061/2719870/2800486/2821538 µs
id: test-040528-278, time: 96.006s, sent: 15484 msg/s, received: 18278 msg/s, min/median/75th/95th/99th consumer latency: 2238386/2513638/2616324/2702296/2722953 µs
id: test-040528-278, time: 97.006s, sent: 18064 msg/s, received: 16823 msg/s, min/median/75th/95th/99th consumer latency: 2389265/2599428/2675305/2790958/2836021 µs
id: test-040528-278, time: 98.006s, sent: 22580 msg/s, received: 19056 msg/s, min/median/75th/95th/99th consumer latency: 2337772/2619771/2709865/2802578/2845260 µs
id: test-040528-278, time: 99.006s, sent: 17488 msg/s, received: 17755 msg/s, min/median/75th/95th/99th consumer latency: 2537113/2725081/2806573/2881810/2895390 µs
id: test-040528-278, time: 100.006s, sent: 16060 msg/s, received: 18096 msg/s, min/median/75th/95th/99th consumer latency: 2329547/2640077/2728766/2819594/2854786 µs
id: test-040528-278, time: 101.006s, sent: 18709 msg/s, received: 19581 msg/s, min/median/75th/95th/99th consumer latency: 2297720/2633114/2736387/2821264/2831273 µs
id: test-040528-278, time: 102.006s, sent: 14839 msg/s, received: 16023 msg/s, min/median/75th/95th/99th consumer latency: 2460904/2666823/2779363/2880188/2908857 µs
id: test-040528-278, time: 103.006s, sent: 18064 msg/s, received: 17971 msg/s, min/median/75th/95th/99th consumer latency: 2438069/2656169/2764836/2879989/2902280 µs
id: test-040528-278, time: 104.006s, sent: 22580 msg/s, received: 18648 msg/s, min/median/75th/95th/99th consumer latency: 2610906/2772044/2846633/2932614/2950538 µs
id: test-040528-278, time: 105.006s, sent: 14838 msg/s, received: 19277 msg/s, min/median/75th/95th/99th consumer latency: 2324684/2641058/2752508/2928788/2959675 µs
id: test-040528-278, time: 106.006s, sent: 22581 msg/s, received: 17543 msg/s, min/median/75th/95th/99th consumer latency: 2407110/2616063/2723818/2800252/2826149 µs
id: test-040528-278, time: 107.006s, sent: 14838 msg/s, received: 17835 msg/s, min/median/75th/95th/99th consumer latency: 2472687/2629408/2711879/2801606/2821279 µs
id: test-040528-278, time: 108.006s, sent: 21935 msg/s, received: 19804 msg/s, min/median/75th/95th/99th consumer latency: 2474468/2715626/2787046/2850936/2881771 µs
id: test-040528-278, time: 109.006s, sent: 14839 msg/s, received: 18848 msg/s, min/median/75th/95th/99th consumer latency: 2405834/2600448/2701182/2799202/2827650 µs
id: test-040528-278, time: 110.006s, sent: 22580 msg/s, received: 18032 msg/s, min/median/75th/95th/99th consumer latency: 2401201/2589811/2673959/2744118/2786391 µs
id: test-040528-278, time: 111.006s, sent: 14838 msg/s, received: 19657 msg/s, min/median/75th/95th/99th consumer latency: 2378081/2581962/2654607/2748134/2773552 µs
id: test-040528-278, time: 112.006s, sent: 21935 msg/s, received: 19138 msg/s, min/median/75th/95th/99th consumer latency: 2407801/2573999/2682767/2737969/2758235 µs
id: test-040528-278, time: 113.006s, sent: 19125 msg/s, received: 19058 msg/s, min/median/75th/95th/99th consumer latency: 2389923/2579561/2652429/2735430/2750692 µs
id: test-040528-278, time: 114.006s, sent: 17649 msg/s, received: 19522 msg/s, min/median/75th/95th/99th consumer latency: 2361908/2534748/2625759/2700086/2734971 µs
id: test-040528-278, time: 115.007s, sent: 22557 msg/s, received: 19321 msg/s, min/median/75th/95th/99th consumer latency: 2369769/2562090/2639604/2699785/2712388 µs
id: test-040528-278, time: 116.007s, sent: 14838 msg/s, received: 18356 msg/s, min/median/75th/95th/99th consumer latency: 2368419/2539575/2614583/2706958/2729017 µs
id: test-040528-278, time: 117.007s, sent: 21935 msg/s, received: 18818 msg/s, min/median/75th/95th/99th consumer latency: 2403053/2583520/2670589/2730516/2749063 µs
id: test-040528-278, time: 118.007s, sent: 14839 msg/s, received: 18973 msg/s, min/median/75th/95th/99th consumer latency: 2406051/2590737/2666817/2739175/2762692 µs
id: test-040528-278, time: 119.007s, sent: 22580 msg/s, received: 17288 msg/s, min/median/75th/95th/99th consumer latency: 2427380/2643878/2742187/2819217/2850444 µs
id: test-040528-278, time: 120.007s, sent: 14838 msg/s, received: 18251 msg/s, min/median/75th/95th/99th consumer latency: 2500118/2654927/2744905/2846880/2864664 µs
id: test-040528-278, time: 121.007s, sent: 9679 msg/s, received: 17326 msg/s, min/median/75th/95th/99th consumer latency: 2594993/2786144/2868631/2930010/2957888 µs
id: test-040528-278, time: 122.007s, sent: 0 msg/s, received: 18875 msg/s, min/median/75th/95th/99th consumer latency: 2534093/2706485/2810528/2947291/2975625 µs
id: test-040528-278, time: 123.007s, sent: 0 msg/s, received: 19231 msg/s, min/median/75th/95th/99th consumer latency: 2467148/2678709/2750107/2822294/2863180 µs
id: test-040528-278, sending rate avg: 18510 msg/s
id: test-040528-278, receiving rate avg: 18510 msg/s
clr-rabbitmq
