rabbitmq/rabbitmq.sh
[rabbitmq] 
[rabbitmq] == rabbitmq performance test in container ==
[rabbitmq] [INFO] Test docker hub official image first:
[rabbitmq] 
[rabbitmq] [INFO] default package version:
[rabbitmq] 
3.7.17
e961c077e83607742c7130bb09a03771c9ab34e5ee7f6035c0e5cc26bc5f31c4
id: test-041202-788, starting consumer #0
id: test-041202-788, starting consumer #0, channel #0
id: test-041202-788, starting producer #0
id: test-041202-788, starting producer #0, channel #0
id: test-041202-788, time: 1.000s, sent: 12279 msg/s, received: 8480 msg/s, min/median/75th/95th/99th consumer latency: 18507/80392/135636/172320/184505 µs
id: test-041202-788, time: 2.000s, sent: 44459 msg/s, received: 18615 msg/s, min/median/75th/95th/99th consumer latency: 145222/327120/445358/570016/594540 µs
id: test-041202-788, time: 3.000s, sent: 21361 msg/s, received: 19634 msg/s, min/median/75th/95th/99th consumer latency: 588997/796698/934202/1080136/1109945 µs
id: test-041202-788, time: 4.000s, sent: 22580 msg/s, received: 19321 msg/s, min/median/75th/95th/99th consumer latency: 1126986/1519344/1597859/1680520/1699964 µs
id: test-041202-788, time: 5.000s, sent: 15272 msg/s, received: 18185 msg/s, min/median/75th/95th/99th consumer latency: 1557541/1785746/1854270/1951438/1979714 µs
id: test-041202-788, time: 6.000s, sent: 20211 msg/s, received: 19249 msg/s, min/median/75th/95th/99th consumer latency: 1630505/1785742/1890907/1975599/1991633 µs
id: test-041202-788, time: 7.000s, sent: 22580 msg/s, received: 20648 msg/s, min/median/75th/95th/99th consumer latency: 1508628/1712833/1806529/1875659/1906055 µs
id: test-041202-788, time: 8.000s, sent: 14194 msg/s, received: 19096 msg/s, min/median/75th/95th/99th consumer latency: 1485985/1694295/1771779/1825154/1849775 µs
id: test-041202-788, time: 9.000s, sent: 23870 msg/s, received: 18660 msg/s, min/median/75th/95th/99th consumer latency: 1515481/1724983/1827706/1913704/1929389 µs
id: test-041202-788, time: 10.000s, sent: 18021 msg/s, received: 18812 msg/s, min/median/75th/95th/99th consumer latency: 1586838/1797747/1874085/1924841/1949372 µs
id: test-041202-788, time: 11.000s, sent: 17462 msg/s, received: 19942 msg/s, min/median/75th/95th/99th consumer latency: 1590133/1750916/1865232/1949899/1981393 µs
id: test-041202-788, time: 12.000s, sent: 23871 msg/s, received: 19106 msg/s, min/median/75th/95th/99th consumer latency: 1518763/1756307/1831581/1892700/1916326 µs
id: test-041202-788, time: 13.000s, sent: 14838 msg/s, received: 18556 msg/s, min/median/75th/95th/99th consumer latency: 1556609/1730706/1801494/1854327/1877918 µs
id: test-041202-788, time: 14.000s, sent: 20645 msg/s, received: 18122 msg/s, min/median/75th/95th/99th consumer latency: 1640026/1865538/1940025/2022270/2049307 µs
id: test-041202-788, time: 15.000s, sent: 14838 msg/s, received: 18567 msg/s, min/median/75th/95th/99th consumer latency: 1625055/1843412/1916615/2062273/2092052 µs
id: test-041202-788, time: 16.000s, sent: 22581 msg/s, received: 18514 msg/s, min/median/75th/95th/99th consumer latency: 1597452/1802362/1913902/1977321/2023131 µs
id: test-041202-788, time: 17.000s, sent: 16128 msg/s, received: 17332 msg/s, min/median/75th/95th/99th consumer latency: 1686708/1839425/1931098/2021836/2048676 µs
id: test-041202-788, time: 18.000s, sent: 21935 msg/s, received: 20079 msg/s, min/median/75th/95th/99th consumer latency: 1618695/1835733/1933201/2042060/2073760 µs
id: test-041202-788, time: 19.000s, sent: 14839 msg/s, received: 19703 msg/s, min/median/75th/95th/99th consumer latency: 1488542/1699916/1795140/1884026/1900768 µs
id: test-041202-788, time: 20.000s, sent: 22580 msg/s, received: 17981 msg/s, min/median/75th/95th/99th consumer latency: 1486575/1710498/1798829/1885057/1906092 µs
id: test-041202-788, time: 21.000s, sent: 13548 msg/s, received: 17264 msg/s, min/median/75th/95th/99th consumer latency: 1693779/1877508/1956473/2050086/2079620 µs
id: test-041202-788, time: 22.000s, sent: 21935 msg/s, received: 18333 msg/s, min/median/75th/95th/99th consumer latency: 1738110/1958026/2037839/2109593/2140986 µs
id: test-041202-788, time: 23.000s, sent: 14838 msg/s, received: 18400 msg/s, min/median/75th/95th/99th consumer latency: 1638737/1823358/1925700/2019246/2154343 µs
id: test-041202-788, time: 24.000s, sent: 22036 msg/s, received: 18416 msg/s, min/median/75th/95th/99th consumer latency: 1616639/1825175/1906363/1969467/1988669 µs
id: test-041202-788, time: 25.000s, sent: 16673 msg/s, received: 18035 msg/s, min/median/75th/95th/99th consumer latency: 1621903/1830403/1934648/2031128/2062442 µs
id: test-041202-788, time: 26.000s, sent: 20645 msg/s, received: 18877 msg/s, min/median/75th/95th/99th consumer latency: 1580146/1852357/1930052/2002569/2033240 µs
id: test-041202-788, time: 27.000s, sent: 16129 msg/s, received: 18657 msg/s, min/median/75th/95th/99th consumer latency: 1570748/1801995/1897902/1996779/2017379 µs
id: test-041202-788, time: 28.000s, sent: 21290 msg/s, received: 19621 msg/s, min/median/75th/95th/99th consumer latency: 1554635/1802613/1889677/1968473/2003234 µs
id: test-041202-788, time: 29.000s, sent: 14838 msg/s, received: 18368 msg/s, min/median/75th/95th/99th consumer latency: 1652247/1809148/1893424/1986069/2025892 µs
id: test-041202-788, time: 30.000s, sent: 21935 msg/s, received: 19589 msg/s, min/median/75th/95th/99th consumer latency: 1592508/1768058/1874491/1939216/1951078 µs
id: test-041202-788, time: 31.000s, sent: 16129 msg/s, received: 17196 msg/s, min/median/75th/95th/99th consumer latency: 1615769/1806220/1884636/1962074/1984146 µs
id: test-041202-788, time: 32.000s, sent: 20645 msg/s, received: 19227 msg/s, min/median/75th/95th/99th consumer latency: 1653185/1861883/1946940/2002302/2023439 µs
id: test-041202-788, time: 33.000s, sent: 14838 msg/s, received: 17761 msg/s, min/median/75th/95th/99th consumer latency: 1653232/1832988/1942529/1999551/2014519 µs
id: test-041202-788, time: 34.000s, sent: 23871 msg/s, received: 18284 msg/s, min/median/75th/95th/99th consumer latency: 1634409/1867208/1935601/2000829/2036520 µs
id: test-041202-788, time: 35.000s, sent: 13548 msg/s, received: 19616 msg/s, min/median/75th/95th/99th consumer latency: 1557309/1778202/1850693/1953054/1988860 µs
id: test-041202-788, time: 36.000s, sent: 21935 msg/s, received: 18078 msg/s, min/median/75th/95th/99th consumer latency: 1569579/1792341/1889907/1976192/2014383 µs
id: test-041202-788, time: 37.000s, sent: 16128 msg/s, received: 18952 msg/s, min/median/75th/95th/99th consumer latency: 1626977/1798958/1878571/1948188/1969716 µs
id: test-041202-788, time: 38.000s, sent: 22581 msg/s, received: 18437 msg/s, min/median/75th/95th/99th consumer latency: 1586427/1791259/1914840/2005443/2042647 µs
id: test-041202-788, time: 39.000s, sent: 14838 msg/s, received: 17303 msg/s, min/median/75th/95th/99th consumer latency: 1644261/1808322/1882660/1998102/2032579 µs
id: test-041202-788, time: 40.000s, sent: 21935 msg/s, received: 17872 msg/s, min/median/75th/95th/99th consumer latency: 1677206/1914429/1990320/2056780/2071282 µs
id: test-041202-788, time: 41.000s, sent: 13548 msg/s, received: 18145 msg/s, min/median/75th/95th/99th consumer latency: 1688801/1909287/2021310/2123072/2143946 µs
id: test-041202-788, time: 42.000s, sent: 16438 msg/s, received: 18670 msg/s, min/median/75th/95th/99th consumer latency: 1673263/1872062/1944185/2015001/2029816 µs
id: test-041202-788, time: 43.000s, sent: 20981 msg/s, received: 19452 msg/s, min/median/75th/95th/99th consumer latency: 1566050/1760435/1868547/2013737/2053462 µs
id: test-041202-788, time: 44.000s, sent: 21492 msg/s, received: 18875 msg/s, min/median/75th/95th/99th consumer latency: 1592501/1794864/1861693/1927732/1946595 µs
id: test-041202-788, time: 45.000s, sent: 15281 msg/s, received: 18440 msg/s, min/median/75th/95th/99th consumer latency: 1575282/1770651/1849006/1929941/1957855 µs
id: test-041202-788, time: 46.010s, sent: 22357 msg/s, received: 19205 msg/s, min/median/75th/95th/99th consumer latency: 1588917/1781625/1881220/1948269/1966077 µs
id: test-041202-788, time: 47.010s, sent: 16128 msg/s, received: 19350 msg/s, min/median/75th/95th/99th consumer latency: 1591431/1779405/1873210/1957495/1981441 µs
id: test-041202-788, time: 48.010s, sent: 20645 msg/s, received: 19141 msg/s, min/median/75th/95th/99th consumer latency: 1553737/1789577/1880427/1947761/1978954 µs
id: test-041202-788, time: 49.010s, sent: 14838 msg/s, received: 17866 msg/s, min/median/75th/95th/99th consumer latency: 1523472/1788412/1853968/1932453/1983784 µs
id: test-041202-788, time: 50.010s, sent: 23871 msg/s, received: 18315 msg/s, min/median/75th/95th/99th consumer latency: 1596404/1820704/1925311/2002641/2022960 µs
id: test-041202-788, time: 51.010s, sent: 20645 msg/s, received: 20019 msg/s, min/median/75th/95th/99th consumer latency: 1570269/1819048/1897049/1986743/2006288 µs
id: test-041202-788, time: 52.010s, sent: 14838 msg/s, received: 20756 msg/s, min/median/75th/95th/99th consumer latency: 1549471/1712486/1801885/1922753/1961283 µs
id: test-041202-788, time: 53.010s, sent: 22580 msg/s, received: 20520 msg/s, min/median/75th/95th/99th consumer latency: 1442748/1645764/1731087/1796163/1827731 µs
id: test-041202-788, time: 54.010s, sent: 21935 msg/s, received: 20752 msg/s, min/median/75th/95th/99th consumer latency: 1449605/1631809/1704655/1766462/1790203 µs
id: test-041202-788, time: 55.010s, sent: 21935 msg/s, received: 21133 msg/s, min/median/75th/95th/99th consumer latency: 1409385/1594391/1672774/1745749/1764962 µs
id: test-041202-788, time: 56.010s, sent: 17315 msg/s, received: 20421 msg/s, min/median/75th/95th/99th consumer latency: 1448094/1605316/1679595/1744943/1774969 µs
id: test-041202-788, time: 57.010s, sent: 21394 msg/s, received: 21805 msg/s, min/median/75th/95th/99th consumer latency: 1432994/1616489/1686424/1779844/1805926 µs
id: test-041202-788, time: 58.010s, sent: 20645 msg/s, received: 20706 msg/s, min/median/75th/95th/99th consumer latency: 1360191/1552557/1644128/1730191/1750185 µs
id: test-041202-788, time: 59.010s, sent: 23871 msg/s, received: 18676 msg/s, min/median/75th/95th/99th consumer latency: 1433858/1623663/1688024/1749777/1781414 µs
id: test-041202-788, time: 60.010s, sent: 14838 msg/s, received: 18522 msg/s, min/median/75th/95th/99th consumer latency: 1592950/1767131/1847990/1917217/1936241 µs
id: test-041202-788, time: 61.010s, sent: 21612 msg/s, received: 20457 msg/s, min/median/75th/95th/99th consumer latency: 1579999/1792637/1888550/1952343/1967028 µs
id: test-041202-788, time: 62.010s, sent: 19032 msg/s, received: 19315 msg/s, min/median/75th/95th/99th consumer latency: 1534977/1726603/1784070/1852135/1873125 µs
id: test-041202-788, time: 63.011s, sent: 21268 msg/s, received: 19533 msg/s, min/median/75th/95th/99th consumer latency: 1581939/1748501/1833271/1911413/1933027 µs
id: test-041202-788, time: 64.011s, sent: 16129 msg/s, received: 20006 msg/s, min/median/75th/95th/99th consumer latency: 1532424/1711056/1786436/1862023/1880760 µs
id: test-041202-788, time: 65.011s, sent: 20645 msg/s, received: 17044 msg/s, min/median/75th/95th/99th consumer latency: 1527268/1747328/1850881/1948097/1968783 µs
id: test-041202-788, time: 66.011s, sent: 16128 msg/s, received: 19253 msg/s, min/median/75th/95th/99th consumer latency: 1687419/1867203/1963901/2045271/2079723 µs
id: test-041202-788, time: 67.011s, sent: 20645 msg/s, received: 17312 msg/s, min/median/75th/95th/99th consumer latency: 1646477/1867915/1960739/2031365/2057517 µs
id: test-041202-788, time: 68.011s, sent: 14839 msg/s, received: 19381 msg/s, min/median/75th/95th/99th consumer latency: 1709784/1848435/1923705/2011752/2042822 µs
id: test-041202-788, time: 69.011s, sent: 22580 msg/s, received: 18810 msg/s, min/median/75th/95th/99th consumer latency: 1561775/1742282/1851508/1945419/1953687 µs
id: test-041202-788, time: 70.011s, sent: 14838 msg/s, received: 16221 msg/s, min/median/75th/95th/99th consumer latency: 1660713/1837965/1900478/1987135/2012019 µs
id: test-041202-788, time: 71.011s, sent: 16284 msg/s, received: 17993 msg/s, min/median/75th/95th/99th consumer latency: 1774989/1997727/2066363/2139683/2188006 µs
id: test-041202-788, time: 72.011s, sent: 21780 msg/s, received: 19197 msg/s, min/median/75th/95th/99th consumer latency: 1594509/1865295/1964266/2057337/2122586 µs
id: test-041202-788, time: 73.011s, sent: 15211 msg/s, received: 18129 msg/s, min/median/75th/95th/99th consumer latency: 1551219/1813555/1876645/1944971/1988122 µs
id: test-041202-788, time: 74.011s, sent: 22208 msg/s, received: 20190 msg/s, min/median/75th/95th/99th consumer latency: 1626795/1800882/1901918/1979956/1991005 µs
id: test-041202-788, time: 75.011s, sent: 20644 msg/s, received: 17704 msg/s, min/median/75th/95th/99th consumer latency: 1535867/1771435/1867651/1916646/1948045 µs
id: test-041202-788, time: 76.011s, sent: 14839 msg/s, received: 18715 msg/s, min/median/75th/95th/99th consumer latency: 1662546/1827894/1921675/1988834/2016778 µs
id: test-041202-788, time: 77.011s, sent: 22580 msg/s, received: 19633 msg/s, min/median/75th/95th/99th consumer latency: 1569984/1786276/1891839/1966203/2006285 µs
id: test-041202-788, time: 78.011s, sent: 14838 msg/s, received: 19006 msg/s, min/median/75th/95th/99th consumer latency: 1564803/1753297/1823908/1914788/1958276 µs
id: test-041202-788, time: 79.011s, sent: 21935 msg/s, received: 19524 msg/s, min/median/75th/95th/99th consumer latency: 1537161/1708105/1822144/1894516/1921055 µs
id: test-041202-788, time: 80.011s, sent: 17581 msg/s, received: 18588 msg/s, min/median/75th/95th/99th consumer latency: 1545882/1749862/1819274/1878738/1899982 µs
id: test-041202-788, time: 81.011s, sent: 19838 msg/s, received: 19541 msg/s, min/median/75th/95th/99th consumer latency: 1602657/1789851/1892102/1957409/1969995 µs
id: test-041202-788, time: 82.011s, sent: 21935 msg/s, received: 18007 msg/s, min/median/75th/95th/99th consumer latency: 1586023/1823729/1897468/1964312/1989307 µs
id: test-041202-788, time: 83.011s, sent: 14838 msg/s, received: 16949 msg/s, min/median/75th/95th/99th consumer latency: 1641256/1814907/1922276/2008862/2028546 µs
id: test-041202-788, time: 84.011s, sent: 16129 msg/s, received: 19093 msg/s, min/median/75th/95th/99th consumer latency: 1736069/1925888/2001931/2093843/2112187 µs
id: test-041202-788, time: 85.011s, sent: 22580 msg/s, received: 20014 msg/s, min/median/75th/95th/99th consumer latency: 1495123/1744586/1857973/1973104/2028982 µs
id: test-041202-788, time: 86.011s, sent: 16026 msg/s, received: 18106 msg/s, min/median/75th/95th/99th consumer latency: 1574379/1768528/1840987/1902724/1927107 µs
id: test-041202-788, time: 87.011s, sent: 19458 msg/s, received: 16979 msg/s, min/median/75th/95th/99th consumer latency: 1596717/1824398/1921191/2058752/2108412 µs
id: test-041202-788, time: 88.011s, sent: 21935 msg/s, received: 20082 msg/s, min/median/75th/95th/99th consumer latency: 1697173/1883246/1955982/2056142/2082544 µs
id: test-041202-788, time: 89.011s, sent: 16773 msg/s, received: 19148 msg/s, min/median/75th/95th/99th consumer latency: 1551157/1758624/1874349/1967164/1993175 µs
id: test-041202-788, time: 90.011s, sent: 21935 msg/s, received: 19242 msg/s, min/median/75th/95th/99th consumer latency: 1524705/1765536/1836717/1903546/1925136 µs
id: test-041202-788, time: 91.011s, sent: 14839 msg/s, received: 17813 msg/s, min/median/75th/95th/99th consumer latency: 1538916/1739576/1821654/1927194/1967118 µs
id: test-041202-788, time: 92.011s, sent: 20645 msg/s, received: 18939 msg/s, min/median/75th/95th/99th consumer latency: 1640541/1863998/1936015/2000704/2026808 µs
id: test-041202-788, time: 93.011s, sent: 14838 msg/s, received: 19422 msg/s, min/median/75th/95th/99th consumer latency: 1627155/1805901/1900377/2002204/2045937 µs
id: test-041202-788, time: 94.011s, sent: 23871 msg/s, received: 19451 msg/s, min/median/75th/95th/99th consumer latency: 1528656/1684411/1791098/1877688/1887778 µs
id: test-041202-788, time: 95.011s, sent: 20644 msg/s, received: 20032 msg/s, min/median/75th/95th/99th consumer latency: 1515971/1739589/1813192/1904012/1928120 µs
id: test-041202-788, time: 96.011s, sent: 14839 msg/s, received: 16903 msg/s, min/median/75th/95th/99th consumer latency: 1527298/1753297/1861082/1974543/2006657 µs
id: test-041202-788, time: 97.011s, sent: 14838 msg/s, received: 17447 msg/s, min/median/75th/95th/99th consumer latency: 1634752/1894164/1957755/2065478/2087828 µs
id: test-041202-788, time: 98.011s, sent: 23871 msg/s, received: 20621 msg/s, min/median/75th/95th/99th consumer latency: 1550005/1805017/1942382/2083887/2095688 µs
id: test-041202-788, time: 99.011s, sent: 20644 msg/s, received: 18481 msg/s, min/median/75th/95th/99th consumer latency: 1484014/1753711/1832495/1924319/1968888 µs
id: test-041202-788, time: 100.011s, sent: 14839 msg/s, received: 18666 msg/s, min/median/75th/95th/99th consumer latency: 1576713/1759402/1835191/1985029/2026537 µs
id: test-041202-788, time: 101.011s, sent: 23870 msg/s, received: 18878 msg/s, min/median/75th/95th/99th consumer latency: 1613297/1840676/1915963/1973731/2012787 µs
id: test-041202-788, time: 102.011s, sent: 13548 msg/s, received: 18226 msg/s, min/median/75th/95th/99th consumer latency: 1560360/1741153/1824725/1923629/1950448 µs
id: test-041202-788, time: 103.011s, sent: 21935 msg/s, received: 20896 msg/s, min/median/75th/95th/99th consumer latency: 1585253/1792453/1871170/1936478/1963612 µs
id: test-041202-788, time: 104.011s, sent: 23871 msg/s, received: 20760 msg/s, min/median/75th/95th/99th consumer latency: 1406560/1628407/1724567/1830549/1861803 µs
id: test-041202-788, time: 105.011s, sent: 14838 msg/s, received: 19699 msg/s, min/median/75th/95th/99th consumer latency: 1465192/1620640/1702241/1756686/1772156 µs
id: test-041202-788, time: 106.011s, sent: 20645 msg/s, received: 18323 msg/s, min/median/75th/95th/99th consumer latency: 1503231/1722490/1814590/1966571/1985577 µs
id: test-041202-788, time: 107.011s, sent: 16890 msg/s, received: 20148 msg/s, min/median/75th/95th/99th consumer latency: 1568140/1779615/1851588/1917981/1947781 µs
id: test-041202-788, time: 108.011s, sent: 21819 msg/s, received: 19566 msg/s, min/median/75th/95th/99th consumer latency: 1510256/1697666/1816646/1942632/1976889 µs
id: test-041202-788, time: 109.011s, sent: 20645 msg/s, received: 18334 msg/s, min/median/75th/95th/99th consumer latency: 1571087/1765210/1842283/1903689/1920618 µs
id: test-041202-788, time: 110.011s, sent: 16129 msg/s, received: 17225 msg/s, min/median/75th/95th/99th consumer latency: 1636447/1846013/1951318/2084022/2106730 µs
id: test-041202-788, time: 111.011s, sent: 13548 msg/s, received: 18443 msg/s, min/median/75th/95th/99th consumer latency: 1699888/1896968/1967971/2032567/2050086 µs
id: test-041202-788, time: 112.011s, sent: 22580 msg/s, received: 18790 msg/s, min/median/75th/95th/99th consumer latency: 1646254/1847240/1946606/2048208/2064191 µs
id: test-041202-788, time: 113.011s, sent: 16129 msg/s, received: 18428 msg/s, min/median/75th/95th/99th consumer latency: 1613729/1832785/1910111/1982972/1997251 µs
id: test-041202-788, time: 114.011s, sent: 21935 msg/s, received: 19210 msg/s, min/median/75th/95th/99th consumer latency: 1594528/1784844/1887948/1989360/2037838 µs
id: test-041202-788, time: 115.011s, sent: 17631 msg/s, received: 18191 msg/s, min/median/75th/95th/99th consumer latency: 1574340/1817567/1897891/2005505/2036125 µs
id: test-041202-788, time: 116.011s, sent: 17852 msg/s, received: 17516 msg/s, min/median/75th/95th/99th consumer latency: 1612836/1832544/1951275/2053361/2083934 µs
id: test-041202-788, time: 117.011s, sent: 16694 msg/s, received: 19550 msg/s, min/median/75th/95th/99th consumer latency: 1618420/1853861/1932675/2015739/2059623 µs
id: test-041202-788, time: 118.011s, sent: 22015 msg/s, received: 20785 msg/s, min/median/75th/95th/99th consumer latency: 1446621/1704739/1821678/1967989/2003719 µs
id: test-041202-788, time: 119.011s, sent: 20644 msg/s, received: 19126 msg/s, min/median/75th/95th/99th consumer latency: 1480089/1659418/1756076/1817591/1863614 µs
id: test-041202-788, time: 120.011s, sent: 22406 msg/s, received: 19326 msg/s, min/median/75th/95th/99th consumer latency: 1519707/1727972/1802650/1872366/1906970 µs
id: test-041202-788, time: 121.011s, sent: 6450 msg/s, received: 19060 msg/s, min/median/75th/95th/99th consumer latency: 1534006/1705859/1821611/1899616/1923911 µs
id: test-041202-788, time: 122.011s, sent: 0 msg/s, received: 18558 msg/s, min/median/75th/95th/99th consumer latency: 1585300/1832376/1910454/1974353/1986876 µs
id: test-041202-788, sending rate avg: 18834 msg/s
id: test-041202-788, receiving rate avg: 18832 msg/s
offi-rabbitmq
[rabbitmq] [INFO] Test clear docker image:
[rabbitmq] 
[rabbitmq] [INFO] clear package version:
[rabbitmq] 
3.7.17
58b56097d89b5a603c1db9f2febaf75372d2134cd77012748ed2dc0f2415042e
id: test-041459-898, starting consumer #0
id: test-041459-898, starting consumer #0, channel #0
id: test-041459-898, starting producer #0
id: test-041459-898, starting producer #0, channel #0
id: test-041459-898, time: 1.000s, sent: 13310 msg/s, received: 9974 msg/s, min/median/75th/95th/99th consumer latency: 13469/84419/94578/114931/136764 µs
id: test-041459-898, time: 2.000s, sent: 29650 msg/s, received: 16076 msg/s, min/median/75th/95th/99th consumer latency: 152630/397383/430179/479879/507627 µs
id: test-041459-898, time: 3.000s, sent: 30322 msg/s, received: 20062 msg/s, min/median/75th/95th/99th consumer latency: 526571/781760/845937/905998/930993 µs
id: test-041459-898, time: 4.000s, sent: 20645 msg/s, received: 20008 msg/s, min/median/75th/95th/99th consumer latency: 953538/1118586/1201365/1316687/1347018 µs
id: test-041459-898, time: 5.000s, sent: 18709 msg/s, received: 19682 msg/s, min/median/75th/95th/99th consumer latency: 1270179/1371349/1418047/1456787/1472924 µs
id: test-041459-898, time: 6.000s, sent: 18965 msg/s, received: 18222 msg/s, min/median/75th/95th/99th consumer latency: 1282162/1393501/1441397/1495287/1533433 µs
id: test-041459-898, time: 7.000s, sent: 21700 msg/s, received: 18335 msg/s, min/median/75th/95th/99th consumer latency: 1349769/1489707/1551613/1617718/1643692 µs
id: test-041459-898, time: 8.000s, sent: 19334 msg/s, received: 18229 msg/s, min/median/75th/95th/99th consumer latency: 1422994/1563613/1604896/1667874/1680307 µs
id: test-041459-898, time: 9.000s, sent: 16774 msg/s, received: 17909 msg/s, min/median/75th/95th/99th consumer latency: 1438834/1605759/1666476/1750661/1778706 µs
id: test-041459-898, time: 10.000s, sent: 16128 msg/s, received: 17619 msg/s, min/median/75th/95th/99th consumer latency: 1573740/1713872/1782877/1855872/1871103 µs
id: test-041459-898, time: 11.000s, sent: 20000 msg/s, received: 17558 msg/s, min/median/75th/95th/99th consumer latency: 1607968/1795433/1853280/1905603/1924865 µs
id: test-041459-898, time: 12.000s, sent: 20645 msg/s, received: 18786 msg/s, min/median/75th/95th/99th consumer latency: 1567206/1743845/1806839/1902854/1932941 µs
id: test-041459-898, time: 13.000s, sent: 16129 msg/s, received: 19095 msg/s, min/median/75th/95th/99th consumer latency: 1508320/1683716/1743203/1788410/1824868 µs
id: test-041459-898, time: 14.000s, sent: 19202 msg/s, received: 19553 msg/s, min/median/75th/95th/99th consumer latency: 1463443/1638752/1704301/1782892/1812915 µs
id: test-041459-898, time: 15.000s, sent: 22732 msg/s, received: 18795 msg/s, min/median/75th/95th/99th consumer latency: 1476253/1635441/1703911/1761777/1778975 µs
id: test-041459-898, time: 16.000s, sent: 16774 msg/s, received: 18621 msg/s, min/median/75th/95th/99th consumer latency: 1561037/1699922/1774165/1854694/1878914 µs
id: test-041459-898, time: 17.000s, sent: 16774 msg/s, received: 18679 msg/s, min/median/75th/95th/99th consumer latency: 1554892/1701117/1751656/1814723/1833484 µs
id: test-041459-898, time: 18.000s, sent: 21649 msg/s, received: 17800 msg/s, min/median/75th/95th/99th consumer latency: 1599223/1739010/1800991/1877113/1901424 µs
id: test-041459-898, time: 19.001s, sent: 18976 msg/s, received: 19172 msg/s, min/median/75th/95th/99th consumer latency: 1653117/1828927/1888645/1970070/2002937 µs
id: test-041459-898, time: 20.001s, sent: 18710 msg/s, received: 19279 msg/s, min/median/75th/95th/99th consumer latency: 1606229/1776102/1846934/1943071/1968219 µs
id: test-041459-898, time: 21.001s, sent: 18709 msg/s, received: 19031 msg/s, min/median/75th/95th/99th consumer latency: 1576327/1754831/1814803/1887144/1906692 µs
id: test-041459-898, time: 22.001s, sent: 22580 msg/s, received: 19504 msg/s, min/median/75th/95th/99th consumer latency: 1630768/1783725/1845689/1924242/1948787 µs
id: test-041459-898, time: 23.001s, sent: 18709 msg/s, received: 19725 msg/s, min/median/75th/95th/99th consumer latency: 1598075/1788784/1854808/1914163/1944494 µs
id: test-041459-898, time: 24.001s, sent: 18710 msg/s, received: 17432 msg/s, min/median/75th/95th/99th consumer latency: 1651434/1837314/1905979/1982066/2021696 µs
id: test-041459-898, time: 25.001s, sent: 17419 msg/s, received: 18751 msg/s, min/median/75th/95th/99th consumer latency: 1769041/1908234/1980227/2067370/2103702 µs
id: test-041459-898, time: 26.001s, sent: 18709 msg/s, received: 19195 msg/s, min/median/75th/95th/99th consumer latency: 1684907/1902266/1974019/2052300/2087088 µs
id: test-041459-898, time: 27.001s, sent: 16774 msg/s, received: 17805 msg/s, min/median/75th/95th/99th consumer latency: 1726476/1869152/1936415/2027715/2043536 µs
id: test-041459-898, time: 28.001s, sent: 21290 msg/s, received: 16970 msg/s, min/median/75th/95th/99th consumer latency: 1790979/2011011/2076023/2138504/2158350 µs
id: test-041459-898, time: 29.001s, sent: 14838 msg/s, received: 19368 msg/s, min/median/75th/95th/99th consumer latency: 1848171/2091479/2162266/2227781/2244308 µs
id: test-041459-898, time: 30.001s, sent: 20645 msg/s, received: 19021 msg/s, min/median/75th/95th/99th consumer latency: 1683404/1972415/2056444/2156689/2178898 µs
id: test-041459-898, time: 31.001s, sent: 17419 msg/s, received: 19041 msg/s, min/median/75th/95th/99th consumer latency: 1669755/1852862/1931003/2039538/2077261 µs
id: test-041459-898, time: 32.001s, sent: 22580 msg/s, received: 17354 msg/s, min/median/75th/95th/99th consumer latency: 1816666/2001691/2074138/2157655/2182300 µs
id: test-041459-898, time: 33.001s, sent: 16187 msg/s, received: 19999 msg/s, min/median/75th/95th/99th consumer latency: 1794106/2042411/2123084/2173869/2188246 µs
id: test-041459-898, time: 34.001s, sent: 21232 msg/s, received: 19672 msg/s, min/median/75th/95th/99th consumer latency: 1694581/1936707/2012755/2082224/2112515 µs
id: test-041459-898, time: 35.001s, sent: 22580 msg/s, received: 18730 msg/s, min/median/75th/95th/99th consumer latency: 1735378/1893905/1977742/2078150/2106577 µs
id: test-041459-898, time: 36.001s, sent: 16129 msg/s, received: 18725 msg/s, min/median/75th/95th/99th consumer latency: 1818933/2030085/2102070/2160045/2182949 µs
id: test-041459-898, time: 37.001s, sent: 20644 msg/s, received: 17901 msg/s, min/median/75th/95th/99th consumer latency: 1850936/2037965/2132287/2220608/2247201 µs
id: test-041459-898, time: 38.001s, sent: 14839 msg/s, received: 18473 msg/s, min/median/75th/95th/99th consumer latency: 1855361/2080016/2163705/2228244/2247832 µs
id: test-041459-898, time: 39.001s, sent: 23870 msg/s, received: 19390 msg/s, min/median/75th/95th/99th consumer latency: 1802560/2002972/2099266/2228662/2268524 µs
id: test-041459-898, time: 40.001s, sent: 14839 msg/s, received: 17400 msg/s, min/median/75th/95th/99th consumer latency: 1810034/2062604/2140094/2223627/2270262 µs
id: test-041459-898, time: 41.001s, sent: 20645 msg/s, received: 18385 msg/s, min/median/75th/95th/99th consumer latency: 1854062/2062790/2158703/2233841/2262646 µs
id: test-041459-898, time: 42.001s, sent: 14838 msg/s, received: 18008 msg/s, min/median/75th/95th/99th consumer latency: 1907125/2118011/2197924/2276530/2304841 µs
id: test-041459-898, time: 43.001s, sent: 23870 msg/s, received: 20053 msg/s, min/median/75th/95th/99th consumer latency: 1838588/2041211/2156581/2262515/2296627 µs
id: test-041459-898, time: 44.001s, sent: 13549 msg/s, received: 20588 msg/s, min/median/75th/95th/99th consumer latency: 1680743/1927913/2054219/2136579/2159883 µs
id: test-041459-898, time: 45.001s, sent: 21935 msg/s, received: 17974 msg/s, min/median/75th/95th/99th consumer latency: 1682343/1877082/1961717/2019333/2032976 µs
id: test-041459-898, time: 46.001s, sent: 14838 msg/s, received: 19495 msg/s, min/median/75th/95th/99th consumer latency: 1824647/2015569/2089627/2153767/2166996 µs
id: test-041459-898, time: 47.001s, sent: 22580 msg/s, received: 18998 msg/s, min/median/75th/95th/99th consumer latency: 1831770/2053443/2129209/2246924/2275527 µs
id: test-041459-898, time: 48.001s, sent: 14839 msg/s, received: 17478 msg/s, min/median/75th/95th/99th consumer latency: 1779585/1964190/2067765/2165358/2183511 µs
id: test-041459-898, time: 49.001s, sent: 23225 msg/s, received: 17959 msg/s, min/median/75th/95th/99th consumer latency: 1883321/2096655/2168975/2242208/2261884 µs
id: test-041459-898, time: 50.001s, sent: 14838 msg/s, received: 18949 msg/s, min/median/75th/95th/99th consumer latency: 1835786/2097772/2192421/2252411/2283915 µs
id: test-041459-898, time: 51.001s, sent: 21290 msg/s, received: 19815 msg/s, min/median/75th/95th/99th consumer latency: 1814356/2030022/2104297/2186680/2236148 µs
id: test-041459-898, time: 52.001s, sent: 21935 msg/s, received: 19134 msg/s, min/median/75th/95th/99th consumer latency: 1773174/1946087/2043428/2122793/2142473 µs
id: test-041459-898, time: 53.001s, sent: 14839 msg/s, received: 19595 msg/s, min/median/75th/95th/99th consumer latency: 1805339/1998619/2076258/2145745/2189160 µs
id: test-041459-898, time: 54.001s, sent: 23870 msg/s, received: 18920 msg/s, min/median/75th/95th/99th consumer latency: 1789335/2007177/2089303/2184397/2223466 µs
id: test-041459-898, time: 55.001s, sent: 14839 msg/s, received: 18285 msg/s, min/median/75th/95th/99th consumer latency: 1701852/1960395/2067784/2125623/2152044 µs
id: test-041459-898, time: 56.001s, sent: 21935 msg/s, received: 18702 msg/s, min/median/75th/95th/99th consumer latency: 1822201/2007946/2091365/2171423/2200095 µs
id: test-041459-898, time: 57.001s, sent: 14838 msg/s, received: 16284 msg/s, min/median/75th/95th/99th consumer latency: 1917838/2133936/2209474/2279283/2300561 µs
id: test-041459-898, time: 58.001s, sent: 20809 msg/s, received: 19485 msg/s, min/median/75th/95th/99th consumer latency: 1998650/2192479/2294998/2366074/2408155 µs
id: test-041459-898, time: 59.001s, sent: 15319 msg/s, received: 20175 msg/s, min/median/75th/95th/99th consumer latency: 1741301/2071141/2174451/2264149/2300249 µs
id: test-041459-898, time: 60.001s, sent: 23226 msg/s, received: 19966 msg/s, min/median/75th/95th/99th consumer latency: 1679226/1889873/1957830/2068179/2094500 µs
id: test-041459-898, time: 61.001s, sent: 20359 msg/s, received: 18558 msg/s, min/median/75th/95th/99th consumer latency: 1807376/1982060/2053101/2110366/2128963 µs
id: test-041459-898, time: 62.001s, sent: 15124 msg/s, received: 18939 msg/s, min/median/75th/95th/99th consumer latency: 1846994/2032990/2112561/2173093/2188676 µs
id: test-041459-898, time: 63.001s, sent: 16774 msg/s, received: 17485 msg/s, min/median/75th/95th/99th consumer latency: 1888556/2113207/2199343/2278950/2309448 µs
id: test-041459-898, time: 64.001s, sent: 20645 msg/s, received: 19378 msg/s, min/median/75th/95th/99th consumer latency: 1838207/2078689/2154367/2203155/2224870 µs
id: test-041459-898, time: 65.001s, sent: 21935 msg/s, received: 18940 msg/s, min/median/75th/95th/99th consumer latency: 1848632/2006628/2143167/2216530/2233848 µs
id: test-041459-898, time: 66.001s, sent: 14838 msg/s, received: 18657 msg/s, min/median/75th/95th/99th consumer latency: 1816411/2062106/2143693/2203246/2230228 µs
id: test-041459-898, time: 67.001s, sent: 22580 msg/s, received: 18585 msg/s, min/median/75th/95th/99th consumer latency: 1825871/1980924/2078966/2155920/2185606 µs
id: test-041459-898, time: 68.001s, sent: 16129 msg/s, received: 17557 msg/s, min/median/75th/95th/99th consumer latency: 1839962/2099038/2174037/2237550/2261392 µs
id: test-041459-898, time: 69.001s, sent: 17574 msg/s, received: 17957 msg/s, min/median/75th/95th/99th consumer latency: 1902974/2077194/2194643/2280453/2294212 µs
id: test-041459-898, time: 70.001s, sent: 17909 msg/s, received: 18326 msg/s, min/median/75th/95th/99th consumer latency: 1867031/2119645/2190123/2263725/2294285 µs
id: test-041459-898, time: 71.001s, sent: 18530 msg/s, received: 19447 msg/s, min/median/75th/95th/99th consumer latency: 1846321/2055919/2170404/2261173/2296469 µs
id: test-041459-898, time: 72.001s, sent: 20179 msg/s, received: 18429 msg/s, min/median/75th/95th/99th consumer latency: 1853660/2049761/2124861/2202601/2224827 µs
id: test-041459-898, time: 73.001s, sent: 18781 msg/s, received: 18828 msg/s, min/median/75th/95th/99th consumer latency: 1809330/1949472/2036258/2140268/2173614 µs
id: test-041459-898, time: 74.001s, sent: 17993 msg/s, received: 19024 msg/s, min/median/75th/95th/99th consumer latency: 1779762/2022072/2095581/2177308/2215061 µs
id: test-041459-898, time: 75.001s, sent: 22580 msg/s, received: 18571 msg/s, min/median/75th/95th/99th consumer latency: 1846456/2031617/2148271/2210221/2240358 µs
id: test-041459-898, time: 76.001s, sent: 14838 msg/s, received: 16809 msg/s, min/median/75th/95th/99th consumer latency: 1935068/2112336/2195075/2248445/2274484 µs
id: test-041459-898, time: 77.001s, sent: 14839 msg/s, received: 17750 msg/s, min/median/75th/95th/99th consumer latency: 1961297/2167979/2269511/2341731/2366737 µs
id: test-041459-898, time: 78.001s, sent: 20820 msg/s, received: 16988 msg/s, min/median/75th/95th/99th consumer latency: 1961893/2187310/2285302/2394798/2433924 µs
id: test-041459-898, time: 79.001s, sent: 14663 msg/s, received: 17977 msg/s, min/median/75th/95th/99th consumer latency: 1977348/2222205/2292613/2385675/2416445 µs
id: test-041459-898, time: 80.001s, sent: 15093 msg/s, received: 18372 msg/s, min/median/75th/95th/99th consumer latency: 1994392/2227373/2331723/2379564/2395170 µs
id: test-041459-898, time: 81.001s, sent: 23616 msg/s, received: 18576 msg/s, min/median/75th/95th/99th consumer latency: 1943808/2119552/2201866/2287652/2318441 µs
id: test-041459-898, time: 82.001s, sent: 13548 msg/s, received: 17044 msg/s, min/median/75th/95th/99th consumer latency: 1866636/2094011/2186098/2245550/2285934 µs
id: test-041459-898, time: 83.001s, sent: 23225 msg/s, received: 18811 msg/s, min/median/75th/95th/99th consumer latency: 1901778/2115128/2190453/2273836/2316820 µs
id: test-041459-898, time: 84.001s, sent: 13548 msg/s, received: 18416 msg/s, min/median/75th/95th/99th consumer latency: 1871013/2170771/2253582/2324977/2357456 µs
id: test-041459-898, time: 85.001s, sent: 21935 msg/s, received: 19635 msg/s, min/median/75th/95th/99th consumer latency: 1866746/2039013/2118358/2191159/2219239 µs
id: test-041459-898, time: 86.001s, sent: 16129 msg/s, received: 17766 msg/s, min/median/75th/95th/99th consumer latency: 1835954/2076216/2159554/2227034/2249080 µs
id: test-041459-898, time: 87.001s, sent: 21419 msg/s, received: 16241 msg/s, min/median/75th/95th/99th consumer latency: 1918868/2116679/2205774/2308824/2356466 µs
id: test-041459-898, time: 88.001s, sent: 16000 msg/s, received: 16199 msg/s, min/median/75th/95th/99th consumer latency: 2039807/2265757/2341321/2447440/2487483 µs
id: test-041459-898, time: 89.001s, sent: 14838 msg/s, received: 16362 msg/s, min/median/75th/95th/99th consumer latency: 2172799/2381526/2462658/2533221/2563023 µs
id: test-041459-898, time: 90.001s, sent: 14801 msg/s, received: 18822 msg/s, min/median/75th/95th/99th consumer latency: 2014008/2303514/2433230/2594197/2621868 µs
id: test-041459-898, time: 91.001s, sent: 21649 msg/s, received: 19272 msg/s, min/median/75th/95th/99th consumer latency: 1830495/2099947/2194747/2314531/2356673 µs
id: test-041459-898, time: 92.001s, sent: 17742 msg/s, received: 19707 msg/s, min/median/75th/95th/99th consumer latency: 1777914/1957830/2042115/2185955/2224151 µs
id: test-041459-898, time: 93.001s, sent: 22581 msg/s, received: 19228 msg/s, min/median/75th/95th/99th consumer latency: 1761672/1971316/2042620/2101935/2135904 µs
id: test-041459-898, time: 94.001s, sent: 19329 msg/s, received: 19744 msg/s, min/median/75th/95th/99th consumer latency: 1755701/1981782/2067155/2126133/2154403 µs
id: test-041459-898, time: 95.001s, sent: 17444 msg/s, received: 18379 msg/s, min/median/75th/95th/99th consumer latency: 1858739/2013983/2094478/2170646/2187099 µs
id: test-041459-898, time: 96.001s, sent: 14839 msg/s, received: 17584 msg/s, min/median/75th/95th/99th consumer latency: 1811100/2093220/2171675/2266936/2306445 µs
id: test-041459-898, time: 97.001s, sent: 21935 msg/s, received: 19560 msg/s, min/median/75th/95th/99th consumer latency: 1933080/2112687/2190348/2287605/2317538 µs
id: test-041459-898, time: 98.001s, sent: 16128 msg/s, received: 17775 msg/s, min/median/75th/95th/99th consumer latency: 1839903/2036763/2161253/2243777/2268733 µs
id: test-041459-898, time: 99.001s, sent: 22581 msg/s, received: 17143 msg/s, min/median/75th/95th/99th consumer latency: 1921198/2102733/2170406/2257177/2291711 µs
id: test-041459-898, time: 100.001s, sent: 14838 msg/s, received: 18632 msg/s, min/median/75th/95th/99th consumer latency: 1949441/2173795/2246517/2304128/2331372 µs
id: test-041459-898, time: 101.001s, sent: 22580 msg/s, received: 19644 msg/s, min/median/75th/95th/99th consumer latency: 1821977/2038957/2146732/2273319/2303272 µs
id: test-041459-898, time: 102.001s, sent: 12903 msg/s, received: 18772 msg/s, min/median/75th/95th/99th consumer latency: 1751325/1985508/2087884/2146630/2175018 µs
id: test-041459-898, time: 103.001s, sent: 23871 msg/s, received: 18507 msg/s, min/median/75th/95th/99th consumer latency: 1796644/2004656/2071106/2144918/2156207 µs
id: test-041459-898, time: 104.001s, sent: 17922 msg/s, received: 19506 msg/s, min/median/75th/95th/99th consumer latency: 1790530/2051951/2150794/2218652/2234099 µs
id: test-041459-898, time: 105.001s, sent: 17561 msg/s, received: 19458 msg/s, min/median/75th/95th/99th consumer latency: 1845166/2020463/2089793/2159351/2194042 µs
id: test-041459-898, time: 106.001s, sent: 23870 msg/s, received: 18094 msg/s, min/median/75th/95th/99th consumer latency: 1787407/1980592/2088729/2192946/2230220 µs
id: test-041459-898, time: 107.001s, sent: 14839 msg/s, received: 18238 msg/s, min/median/75th/95th/99th consumer latency: 1864716/2087903/2173983/2255188/2289173 µs
id: test-041459-898, time: 108.001s, sent: 20644 msg/s, received: 18820 msg/s, min/median/75th/95th/99th consumer latency: 1849386/2026361/2139749/2252569/2300508 µs
id: test-041459-898, time: 109.001s, sent: 14839 msg/s, received: 18529 msg/s, min/median/75th/95th/99th consumer latency: 1827991/2059718/2125964/2206363/2241692 µs
id: test-041459-898, time: 110.001s, sent: 23870 msg/s, received: 20083 msg/s, min/median/75th/95th/99th consumer latency: 1866192/2036310/2127789/2204631/2222075 µs
id: test-041459-898, time: 111.001s, sent: 13548 msg/s, received: 18735 msg/s, min/median/75th/95th/99th consumer latency: 1779839/2010580/2093091/2175134/2234954 µs
id: test-041459-898, time: 112.001s, sent: 21936 msg/s, received: 19141 msg/s, min/median/75th/95th/99th consumer latency: 1800369/1988647/2052875/2123630/2152674 µs
id: test-041459-898, time: 113.001s, sent: 14838 msg/s, received: 17824 msg/s, min/median/75th/95th/99th consumer latency: 1801489/2052277/2137358/2200049/2245757 µs
id: test-041459-898, time: 114.001s, sent: 23870 msg/s, received: 18046 msg/s, min/median/75th/95th/99th consumer latency: 1933078/2081660/2148127/2242021/2266675 µs
id: test-041459-898, time: 115.001s, sent: 14839 msg/s, received: 18806 msg/s, min/median/75th/95th/99th consumer latency: 1870437/2089687/2193938/2271351/2294711 µs
id: test-041459-898, time: 116.001s, sent: 20645 msg/s, received: 19234 msg/s, min/median/75th/95th/99th consumer latency: 1802896/2043522/2138562/2227941/2249974 µs
id: test-041459-898, time: 117.001s, sent: 14838 msg/s, received: 17991 msg/s, min/median/75th/95th/99th consumer latency: 1811638/2084817/2155828/2216816/2235785 µs
id: test-041459-898, time: 118.001s, sent: 23870 msg/s, received: 17876 msg/s, min/median/75th/95th/99th consumer latency: 1872207/2089455/2166910/2271198/2302120 µs
id: test-041459-898, time: 119.001s, sent: 14839 msg/s, received: 18495 msg/s, min/median/75th/95th/99th consumer latency: 1895120/2155055/2223887/2289256/2325763 µs
id: test-041459-898, time: 120.001s, sent: 20645 msg/s, received: 18239 msg/s, min/median/75th/95th/99th consumer latency: 1883483/2067577/2177862/2296805/2323719 µs
id: test-041459-898, time: 121.001s, sent: 4846 msg/s, received: 17349 msg/s, min/median/75th/95th/99th consumer latency: 1959966/2155673/2227733/2294433/2325827 µs
id: test-041459-898, time: 122.001s, sent: 0 msg/s, received: 18213 msg/s, min/median/75th/95th/99th consumer latency: 1922564/2187796/2281346/2346841/2362495 µs
id: test-041459-898, sending rate avg: 18494 msg/s
id: test-041459-898, receiving rate avg: 18491 msg/s
clr-rabbitmq
