rabbitmq/rabbitmq.sh
[rabbitmq] 
[rabbitmq] == rabbitmq unit test ==
[rabbitmq] [INFO] Test docker hub official image first:
[rabbitmq] 
Unable to find image 'rabbitmq:3.7.15-management' locally
3.7.15-management: Pulling from library/rabbitmq
5b7339215d1d: Already exists
14ca88e9f672: Already exists
a31c3b1caad4: Already exists
b054a26005b7: Already exists
eef17c6cb6cf: Already exists
d5a267fdfe2c: Pulling fs layer
d499647c68af: Pulling fs layer
ad88e7bd384a: Pulling fs layer
ae1d871f3f62: Pulling fs layer
7ceac8eb91d4: Pulling fs layer
123e0b4887a6: Pulling fs layer
38357d402cd8: Pulling fs layer
7ceac8eb91d4: Waiting
123e0b4887a6: Waiting
38357d402cd8: Waiting
ae1d871f3f62: Waiting
d499647c68af: Verifying Checksum
d499647c68af: Download complete
ad88e7bd384a: Verifying Checksum
ad88e7bd384a: Download complete
d5a267fdfe2c: Verifying Checksum
d5a267fdfe2c: Download complete
ae1d871f3f62: Verifying Checksum
ae1d871f3f62: Download complete
7ceac8eb91d4: Download complete
123e0b4887a6: Download complete
38357d402cd8: Download complete
d5a267fdfe2c: Pull complete
d499647c68af: Pull complete
ad88e7bd384a: Pull complete
ae1d871f3f62: Pull complete
7ceac8eb91d4: Pull complete
123e0b4887a6: Pull complete
38357d402cd8: Pull complete
Digest: sha256:0a8601b2f921bd5dc33913f7e7378fb31aa5b3eb95d832696171c9920c8fe1cd
Status: Downloaded newer image for rabbitmq:3.7.15-management
6d0d438d9059b9211b72efa074098686f6e9b1e34355ed1dfc5b6be50dfeb8b9
Error: No such object: offi-rabbitmq
make: *** [Makefile:14: rabbitmq] Error 1
