perl/perl.sh
[perl] 
[perl] == perl unit test ==
[perl] [INFO] Test docker hub official image first:
[perl] 
--2019-07-24 06:25:53--  http://phoronix-test-suite.com/benchmark-files/perlbench-20160525.zip
Resolving phoronix-test-suite.com (phoronix-test-suite.com)... 162.252.83.89
Connecting to phoronix-test-suite.com (phoronix-test-suite.com)|162.252.83.89|:80... connected.
HTTP request sent, awaiting response... 200 OK
Length: 795381 (777K) [application/zip]
Saving to: 'perlbench-20160525.zip'

     0K .......... .......... .......... .......... ..........  6%  310K 2s
    50K .......... .......... .......... .......... .......... 12%  622K 2s
   100K .......... .......... .......... .......... .......... 19% 28.6M 1s
   150K .......... .......... .......... .......... .......... 25% 18.6M 1s
   200K .......... .......... .......... .......... .......... 32%  643K 1s
   250K .......... .......... .......... .......... .......... 38% 29.9M 1s
   300K .......... .......... .......... .......... .......... 45% 32.1M 0s
   350K .......... .......... .......... .......... .......... 51% 28.5M 0s
   400K .......... .......... .......... .......... .......... 57%  672K 0s
   450K .......... .......... .......... .......... .......... 64% 44.5M 0s
   500K .......... .......... .......... .......... .......... 70% 49.5M 0s
   550K .......... .......... .......... .......... .......... 77% 55.0M 0s
   600K .......... .......... .......... .......... .......... 83% 44.4M 0s
   650K .......... .......... .......... .......... .......... 90% 70.7M 0s
   700K .......... .......... .......... .......... .......... 96% 69.9M 0s
   750K .......... .......... ......                          100% 59.2M=0.4s

2019-07-24 06:25:54 (1.85 MB/s) - 'perlbench-20160525.zip' saved [795381/795381]

Host: 8099bc2cb9b4
Perl: /usr/local/bin/perl
Test-File: benchmarks/app/podhtml.b
Test-Name: Run pod2html on perlfunc
Test-Result: perlbench-results/8099bc2cb9b4/perls/cc4b7ced2cbe64dd1e7a2dd66c4fdbcc/tests/20190724T062554.pb
Host: 8099bc2cb9b4
Perl: /usr/local/bin/perl
Test-File: benchmarks/startup/noprog.b
Test-Name: How long does it take to start the interpreter
Test-Result: perlbench-results/8099bc2cb9b4/perls/cc4b7ced2cbe64dd1e7a2dd66c4fdbcc/tests/20190724T062718.pb
Date: 2019-07-24 06:25:54 (06:27:18)
PerlBench-Version: 0.93
Test: benchmarks/app/podhtml.b md5:ee2f3b4f2eecc05245ef158f263d3f24
Perl: /usr/local/bin/perl 5.030000
Hostname: 8099bc2cb9b4
System-Uptime: 06:27:18 up 1 day, 1:00, 0 users, load average: 1.01, 1.02, 1.33
Cycles: 7
Loop-Overhead: 0.9%
Samples: 56
Min: 0.168370017857143
Med: 0.171697642857143
Max: 0.175561285714286
Avg: 0.171762459502551
Std-Dev: 0.00165670740931121
Date: 2019-07-24 06:27:18 (06:28:16)
PerlBench-Version: 0.93
Test: benchmarks/startup/noprog.b md5:e983ca4f46f3a89d56c58b494ea0a96f
Perl: /usr/local/bin/perl 5.030000
Hostname: 8099bc2cb9b4
System-Uptime: 06:28:16 up 1 day, 1:01, 0 users, load average: 0.92, 0.99, 1.29
Cycles: 657
Loop-Overhead: 0.2%
Samples: 56
Min: 0.0014807562409497
Med: 0.0015458694628342
Max: 0.00159718785189195
Avg: 0.00154417838315254
Std-Dev: 3.13523859987151e-05
[perl] [INFO] Test clear docker image:
[perl] 
Set upstream mirror to https://cdn-alt.download.clearlinux.org/update
Installed version: 30450
Version URL:       https://cdn-alt.download.clearlinux.org/update
Content URL:       https://cdn-alt.download.clearlinux.org/update
Loading required manifests...
Error: Unable to determine free space on filesystem.
NOTE: currently, swupd only checks /usr/ (or the passed-in path with /usr/ appended) for available space.
To skip this error and install anyways, add the --skip-diskspace-check flag to your command.
Failed to install 2 of 2 bundles
make: *** [Makefile:14: perl] Error 25
