nginx/nginx.sh
[nginx] 
[nginx] == nginx unit test ==
httpd
[nginx] [INFO] Test docker hub official image first:
[nginx] 
49ee857afd6f78e8b3527b90139eebcd845bec21f2244f0daf5778e483537291
This is ApacheBench, Version 2.3 <$Revision: 1843412 $>
Copyright 1996 Adam Twiss, Zeus Technology Ltd, http://www.zeustech.net/
Licensed to The Apache Software Foundation, http://www.apache.org/

Benchmarking localhost (be patient)
Completed 10000 requests
Completed 20000 requests
Completed 30000 requests
Completed 40000 requests
Completed 50000 requests
Completed 60000 requests
Completed 70000 requests
Completed 80000 requests
Completed 90000 requests
Completed 100000 requests
Finished 100000 requests


Server Software:        nginx/1.17.1
Server Hostname:        localhost
Server Port:            8080

Document Path:          /
Document Length:        612 bytes

Concurrency Level:      50
Time taken for tests:   4.630 seconds
Complete requests:      100000
Failed requests:        0
Keep-Alive requests:    99026
Total transferred:      84995130 bytes
HTML transferred:       61200000 bytes
Requests per second:    21596.85 [#/sec] (mean)
Time per request:       2.315 [ms] (mean)
Time per request:       0.046 [ms] (mean, across all concurrent requests)
Transfer rate:          17926.05 [Kbytes/sec] received

Connection Times (ms)
              min  mean[+/-sd] median   max
Connect:        0    0   0.0      0       1
Processing:     0    2   1.8      2      87
Waiting:        0    2   1.7      2      87
Total:          0    2   1.8      2      87

Percentage of the requests served within a certain time (ms)
  50%      2
  66%      2
  75%      2
  80%      2
  90%      3
  95%      4
  98%      4
  99%      5
 100%     87 (longest request)
nginx-server
Default-Nginx-Server
[nginx] [INFO] Test clear docker image:
[nginx] 
752ea86bafec39b88d479a21e4c2303134af95c76f492808f3e634238087cb39
This is ApacheBench, Version 2.3 <$Revision: 1843412 $>
Copyright 1996 Adam Twiss, Zeus Technology Ltd, http://www.zeustech.net/
Licensed to The Apache Software Foundation, http://www.apache.org/

Benchmarking localhost (be patient)
Completed 10000 requests
Completed 20000 requests
Completed 30000 requests
Completed 40000 requests
Completed 50000 requests
Completed 60000 requests
Completed 70000 requests
Completed 80000 requests
Completed 90000 requests
Completed 100000 requests
Finished 100000 requests


Server Software:        nginx/1.14.2
Server Hostname:        localhost
Server Port:            8080

Document Path:          /
Document Length:        612 bytes

Concurrency Level:      50
Time taken for tests:   1.069 seconds
Complete requests:      100000
Failed requests:        0
Keep-Alive requests:    99025
Total transferred:      84995125 bytes
HTML transferred:       61200000 bytes
Requests per second:    93573.47 [#/sec] (mean)
Time per request:       0.534 [ms] (mean)
Time per request:       0.011 [ms] (mean, across all concurrent requests)
Transfer rate:          77668.83 [Kbytes/sec] received

Connection Times (ms)
              min  mean[+/-sd] median   max
Connect:        0    0   0.0      0       2
Processing:     0    1   1.6      0      91
Waiting:        0    1   1.6      0      91
Total:          0    1   1.6      0      92

Percentage of the requests served within a certain time (ms)
  50%      0
  66%      1
  75%      1
  80%      1
  90%      1
  95%      1
  98%      1
  99%      1
 100%     92 (longest request)
nginx-server
Clr-Nginx-Server
