flink/flink.sh
[flink] 
[flink] == flink unit test ==
[flink] [INFO] Test docker hub official image first:
[flink] 

WARNING: apt does not have a stable CLI interface. Use with caution in scripts.

Get:1 http://security.debian.org/debian-security stretch/updates InRelease [94.3 kB]
Ign:2 http://deb.debian.org/debian stretch InRelease
Get:3 http://deb.debian.org/debian stretch-updates InRelease [91.0 kB]
Get:4 http://deb.debian.org/debian stretch Release [118 kB]
Get:5 http://deb.debian.org/debian stretch Release.gpg [2434 B]
Err:1 http://security.debian.org/debian-security stretch/updates InRelease
  At least one invalid signature was encountered.
Err:3 http://deb.debian.org/debian stretch-updates InRelease
  At least one invalid signature was encountered.
Ign:5 http://deb.debian.org/debian stretch Release.gpg
Reading package lists...
W: GPG error: http://security.debian.org/debian-security stretch/updates InRelease: At least one invalid signature was encountered.
E: The repository 'http://security.debian.org/debian-security stretch/updates InRelease' is not signed.
W: GPG error: http://deb.debian.org/debian stretch-updates InRelease: At least one invalid signature was encountered.
E: The repository 'http://deb.debian.org/debian stretch-updates InRelease' is not signed.
W: GPG error: http://deb.debian.org/debian stretch Release: At least one invalid signature was encountered.
E: The repository 'http://deb.debian.org/debian stretch Release' is not signed.
Default-Flink-Server
[flink] [INFO] Test clear docker image:
[flink] 
Set upstream mirror to https://cdn-alt.download.clearlinux.org/update
Installed version: 30450
Version URL:       https://cdn-alt.download.clearlinux.org/update
Content URL:       https://cdn-alt.download.clearlinux.org/update
Loading required manifests...
Error: Unable to determine free space on filesystem.
NOTE: currently, swupd only checks /usr/ (or the passed-in path with /usr/ appended) for available space.
To skip this error and install anyways, add the --skip-diskspace-check flag to your command.
Failed to install 2 of 2 bundles
Clr-Flink-Server
