golang/golang.sh
[golang] 
[golang] == golang unit test ==
[golang] [INFO] Test docker hub official image first:
[golang] 
pkg: golang.org/x/benchmarks
goos: linux
goarch: amd64

# sections=/tmp/1.size.txt
BenchmarkBuild-16        1	26967072211 ns/op	  14617825 binary-size	26967072211 build-ns/op	 218648576 build-peak-RSS-bytes	27410058000 build-user+sys-ns/op
2019/07/24 04:59:21 Failed to execute 'perf record [go build -o goperf -a -p 1 cmd/go]': exec: "perf": executable file not found in $PATH
pkg: golang.org/x/benchmarks
goos: linux
goarch: amd64

2019/07/24 04:59:22 Benchmarking 1 iterations
consumption=1733KB npkg=15
2019/07/24 04:59:22 Benchmarking 100 iterations
2019/07/24 04:59:22 Benchmarking 5000 iterations
# memprof=/tmp/11.prof.txt
# cpuprof=/tmp/10.prof.txt
BenchmarkGarbage/benchmem-MB=64-16     5000	   1365906 ns/op	  14211072 GC-bytes-from-system	    198277 STW-ns/GC	      5155 STW-ns/op	   2782585 allocated-bytes/op	     66272 allocs/op	 360153336 bytes-from-system	 332627968 heap-bytes-from-system	  10397944 other-bytes-from-system	 297852928 peak-RSS-bytes	 396742656 peak-VM-bytes	   2916352 stack-bytes-from-system	  21107870 user+sys-ns/op
pkg: golang.org/x/benchmarks
goos: linux
goarch: amd64

2019/07/24 04:59:30 Benchmarking 1 iterations
2019/07/24 04:59:30 Benchmarking 100 iterations
2019/07/24 04:59:30 Benchmarking 10000 iterations
2019/07/24 04:59:30 Benchmarking 1000000 iterations
# memprof=/tmp/14.prof.txt
# cpuprof=/tmp/13.prof.txt
BenchmarkHTTP-16  1000000	      5330 ns/op	   2402304 GC-bytes-from-system	     86099 P50-ns/op	   1421688 P95-ns/op	   2366782 P99-ns/op	    125902 STW-ns/GC	        62 STW-ns/op	      4806 allocated-bytes/op	        61 allocs/op	  75432184 bytes-from-system	  63766528 heap-bytes-from-system	   5921016 other-bytes-from-system	  34729984 peak-RSS-bytes	2902786048 peak-VM-bytes	   3342336 stack-bytes-from-system	     77960 user+sys-ns/op
pkg: golang.org/x/benchmarks
goos: linux
goarch: amd64

2019/07/24 04:59:36 Benchmarking 1 iterations
2019/07/24 04:59:36 Benchmarking 100 iterations
2019/07/24 04:59:37 Benchmarking 2000 iterations
# memprof=/tmp/11.prof.txt
# cpuprof=/tmp/10.prof.txt
BenchmarkJSON-16     2000	   5001112 ns/op	  12576768 GC-bytes-from-system	    297240 STW-ns/GC	     29575 STW-ns/op	   8291131 allocated-bytes/op	     92680 allocs/op	 353919224 bytes-from-system	 334299136 heap-bytes-from-system	   5798136 other-bytes-from-system	 339320832 peak-RSS-bytes	 390463488 peak-VM-bytes	   1245184 stack-bytes-from-system	  78618729 user+sys-ns/op
Default-Golang-Server
[golang] [INFO] Test clear docker image:
[golang] 
Set upstream mirror to https://cdn-alt.download.clearlinux.org/update
Installed version: 30450
Version URL:       https://cdn-alt.download.clearlinux.org/update
Content URL:       https://cdn-alt.download.clearlinux.org/update
Loading required manifests...
Error: Unable to determine free space on filesystem.
NOTE: currently, swupd only checks /usr/ (or the passed-in path with /usr/ appended) for available space.
To skip this error and install anyways, add the --skip-diskspace-check flag to your command.
Failed to install 1 of 1 bundles
Clr-Golang-Server
