nginx/nginx.sh
[nginx] 
[nginx] == nginx unit test ==
httpd
[nginx] [INFO] Test docker hub official image first:
[nginx] 
e9d94714baee685e1e25dc0cdae6ee299529660d47f8f1f097857a54124c5238
This is ApacheBench, Version 2.3 <$Revision: 1843412 $>
Copyright 1996 Adam Twiss, Zeus Technology Ltd, http://www.zeustech.net/
Licensed to The Apache Software Foundation, http://www.apache.org/

Benchmarking localhost (be patient)
Completed 10000 requests
Completed 20000 requests
Completed 30000 requests
Completed 40000 requests
Completed 50000 requests
Completed 60000 requests
Completed 70000 requests
Completed 80000 requests
Completed 90000 requests
Completed 100000 requests
Finished 100000 requests


Server Software:        nginx/1.17.1
Server Hostname:        localhost
Server Port:            8080

Document Path:          /
Document Length:        612 bytes

Concurrency Level:      50
Time taken for tests:   4.467 seconds
Complete requests:      100000
Failed requests:        0
Keep-Alive requests:    99028
Total transferred:      84995140 bytes
HTML transferred:       61200000 bytes
Requests per second:    22386.86 [#/sec] (mean)
Time per request:       2.233 [ms] (mean)
Time per request:       0.045 [ms] (mean, across all concurrent requests)
Transfer rate:          18581.78 [Kbytes/sec] received

Connection Times (ms)
              min  mean[+/-sd] median   max
Connect:        0    0   0.0      0       2
Processing:     0    2   1.7      2      81
Waiting:        0    2   1.6      2      81
Total:          0    2   1.7      2      81

Percentage of the requests served within a certain time (ms)
  50%      2
  66%      2
  75%      2
  80%      2
  90%      3
  95%      4
  98%      4
  99%      4
 100%     81 (longest request)
nginx-server
Default-Nginx-Server
[nginx] [INFO] Test clear docker image:
[nginx] 
6c0f90674f19d7d846dcc4c7ea0c7d70db5b06fba27469adc66dc71c087a890f
This is ApacheBench, Version 2.3 <$Revision: 1843412 $>
Copyright 1996 Adam Twiss, Zeus Technology Ltd, http://www.zeustech.net/
Licensed to The Apache Software Foundation, http://www.apache.org/

Benchmarking localhost (be patient)
Completed 10000 requests
Completed 20000 requests
Completed 30000 requests
Completed 40000 requests
Completed 50000 requests
Completed 60000 requests
Completed 70000 requests
Completed 80000 requests
Completed 90000 requests
Completed 100000 requests
Finished 100000 requests


Server Software:        nginx/1.14.2
Server Hostname:        localhost
Server Port:            8080

Document Path:          /
Document Length:        612 bytes

Concurrency Level:      50
Time taken for tests:   1.135 seconds
Complete requests:      100000
Failed requests:        0
Keep-Alive requests:    99023
Total transferred:      84995115 bytes
HTML transferred:       61200000 bytes
Requests per second:    88096.10 [#/sec] (mean)
Time per request:       0.568 [ms] (mean)
Time per request:       0.011 [ms] (mean, across all concurrent requests)
Transfer rate:          73122.44 [Kbytes/sec] received

Connection Times (ms)
              min  mean[+/-sd] median   max
Connect:        0    0   0.0      0       2
Processing:     0    1   1.9      0     125
Waiting:        0    1   1.9      0     125
Total:          0    1   1.9      0     126

Percentage of the requests served within a certain time (ms)
  50%      0
  66%      1
  75%      1
  80%      1
  90%      1
  95%      1
  98%      1
  99%      1
 100%    126 (longest request)
nginx-server
Clr-Nginx-Server
