mariadb/mariadb.sh
[mariadb] 
[mariadb] == mariadb unit test ==
--2019-06-10 16:11:35--  https://launchpadlibrarian.net/24493586/employees_db-full-1.0.6.tar.bz2
Resolving launchpadlibrarian.net (launchpadlibrarian.net)... 91.189.89.229, 91.189.89.228, 2001:67c:1560:8003::8008, ...
Connecting to launchpadlibrarian.net (launchpadlibrarian.net)|91.189.89.229|:443... connected.
HTTP request sent, awaiting response... 200 OK
Length: 26715056 (25M) [text/plain]
Saving to: ‘employees_db-full-1.0.6.tar.bz2’

     0K .......... .......... .......... .......... ..........  0% 74.5K 5m49s
    50K .......... .......... .......... .......... ..........  0%  149K 4m21s
   100K .......... .......... .......... .......... ..........  0% 42.9M 2m54s
   150K .......... .......... .......... .......... ..........  0% 64.7M 2m10s
   200K .......... .......... .......... .......... ..........  0%  150K 2m19s
   250K .......... .......... .......... .......... ..........  1% 46.7M 1m55s
   300K .......... .......... .......... .......... ..........  1% 47.6M 99s
   350K .......... .......... .......... .......... ..........  1% 39.2M 86s
   400K .......... .......... .......... .......... ..........  1%  151K 95s
   450K .......... .......... .......... .......... ..........  1% 38.8M 86s
   500K .......... .......... .......... .......... ..........  2% 65.2M 78s
   550K .......... .......... .......... .......... ..........  2% 47.4M 71s
   600K .......... .......... .......... .......... ..........  2% 51.5M 66s
   650K .......... .......... .......... .......... ..........  2% 47.5M 61s
   700K .......... .......... .......... .......... ..........  2% 48.1M 57s
   750K .......... .......... .......... .......... ..........  3% 55.5M 53s
   800K .......... .......... .......... .......... ..........  3% 1.33M 51s
   850K .......... .......... .......... .......... ..........  3%  171K 56s
   900K .......... .......... .......... .......... ..........  3%  149K 62s
   950K .......... .......... .......... .......... ..........  3% 82.5M 59s
  1000K .......... .......... .......... .......... ..........  4% 96.2M 56s
  1050K .......... .......... .......... .......... ..........  4%  142M 53s
  1100K .......... .......... .......... .......... ..........  4%  150M 51s
  1150K .......... .......... .......... .......... ..........  4%  150M 49s
  1200K .......... .......... .......... .......... ..........  4%  117M 47s
  1250K .......... .......... .......... .......... ..........  4%  149M 45s
  1300K .......... .......... .......... .......... ..........  5%  142M 43s
  1350K .......... .......... .......... .......... ..........  5%  131M 41s
  1400K .......... .......... .......... .......... ..........  5% 12.3M 40s
  1450K .......... .......... .......... .......... ..........  5% 64.5M 39s
  1500K .......... .......... .......... .......... ..........  5%  126M 37s
  1550K .......... .......... .......... .......... ..........  6% 40.7M 36s
  1600K .......... .......... .......... .......... ..........  6% 80.1M 35s
  1650K .......... .......... .......... .......... ..........  6%  142M 34s
  1700K .......... .......... .......... .......... ..........  6%  155M 33s
  1750K .......... .......... .......... .......... ..........  6%  173M 32s
  1800K .......... .......... .......... .......... ..........  7%  175M 31s
  1850K .......... .......... .......... .......... ..........  7%  185M 30s
  1900K .......... .......... .......... .......... ..........  7%  167M 29s
  1950K .......... .......... .......... .......... ..........  7%  163M 28s
  2000K .......... .......... .......... .......... ..........  7%  139M 28s
  2050K .......... .......... .......... .......... ..........  8%  175M 27s
  2100K .......... .......... .......... .......... ..........  8%  188M 26s
  2150K .......... .......... .......... .......... ..........  8%  150M 26s
  2200K .......... .......... .......... .......... ..........  8%  163M 25s
  2250K .......... .......... .......... .......... ..........  8% 1.76M 25s
  2300K .......... .......... .......... .......... ..........  9%  171K 27s
  2350K .......... .......... .......... .......... ..........  9% 29.8M 26s
  2400K .......... .......... .......... .......... ..........  9% 21.9M 26s
  2450K .......... .......... .......... .......... ..........  9% 29.6M 25s
  2500K .......... .......... .......... .......... ..........  9% 38.0M 25s
  2550K .......... .......... .......... .......... ..........  9% 25.4M 24s
  2600K .......... .......... .......... .......... .......... 10% 32.4M 24s
  2650K .......... .......... .......... .......... .......... 10% 1.51M 24s
  2700K .......... .......... .......... .......... .......... 10% 31.8M 23s
  2750K .......... .......... .......... .......... .......... 10% 70.7M 23s
  2800K .......... .......... .......... .......... .......... 10% 33.1M 22s
  2850K .......... .......... .......... .......... .......... 11% 58.8M 22s
  2900K .......... .......... .......... .......... .......... 11% 47.9M 21s
  2950K .......... .......... .......... .......... .......... 11% 50.2M 21s
  3000K .......... .......... .......... .......... .......... 11%  175K 23s
  3050K .......... .......... .......... .......... .......... 11% 27.3M 22s
  3100K .......... .......... .......... .......... .......... 12% 19.7M 22s
  3150K .......... .......... .......... .......... .......... 12% 53.3M 22s
  3200K .......... .......... .......... .......... .......... 12% 21.6M 21s
  3250K .......... .......... .......... .......... .......... 12% 30.5M 21s
  3300K .......... .......... .......... .......... .......... 12% 44.0M 21s
  3350K .......... .......... .......... .......... .......... 13% 29.3M 20s
  3400K .......... .......... .......... .......... .......... 13% 1.54M 20s
  3450K .......... .......... .......... .......... .......... 13% 39.4M 20s
  3500K .......... .......... .......... .......... .......... 13% 47.1M 19s
  3550K .......... .......... .......... .......... .......... 13% 66.7M 19s
  3600K .......... .......... .......... .......... .......... 13% 77.9M 19s
  3650K .......... .......... .......... .......... .......... 14% 40.2M 19s
  3700K .......... .......... .......... .......... .......... 14%  175K 20s
  3750K .......... .......... .......... .......... .......... 14% 27.1M 20s
  3800K .......... .......... .......... .......... .......... 14% 20.1M 19s
  3850K .......... .......... .......... .......... .......... 14% 40.7M 19s
  3900K .......... .......... .......... .......... .......... 15% 32.1M 19s
  3950K .......... .......... .......... .......... .......... 15% 19.4M 19s
  4000K .......... .......... .......... .......... .......... 15% 44.6M 18s
  4050K .......... .......... .......... .......... .......... 15% 25.7M 18s
  4100K .......... .......... .......... .......... .......... 15% 1.59M 18s
  4150K .......... .......... .......... .......... .......... 16% 30.9M 18s
  4200K .......... .......... .......... .......... .......... 16% 35.8M 17s
  4250K .......... .......... .......... .......... .......... 16% 48.3M 17s
  4300K .......... .......... .......... .......... .......... 16% 58.9M 17s
  4350K .......... .......... .......... .......... .......... 16% 69.7M 17s
  4400K .......... .......... .......... .......... .......... 17% 40.8M 17s
  4450K .......... .......... .......... .......... .......... 17%  175K 18s
  4500K .......... .......... .......... .......... .......... 17% 25.3M 17s
  4550K .......... .......... .......... .......... .......... 17% 15.1M 17s
  4600K .......... .......... .......... .......... .......... 17% 39.8M 17s
  4650K .......... .......... .......... .......... .......... 18% 32.6M 17s
  4700K .......... .......... .......... .......... .......... 18% 35.9M 17s
  4750K .......... .......... .......... .......... .......... 18% 33.7M 16s
  4800K .......... .......... .......... .......... .......... 18% 36.6M 16s
  4850K .......... .......... .......... .......... .......... 18% 1.62M 16s
  4900K .......... .......... .......... .......... .......... 18% 18.3M 16s
  4950K .......... .......... .......... .......... .......... 19% 50.6M 16s
  5000K .......... .......... .......... .......... .......... 19% 32.6M 16s
  5050K .......... .......... .......... .......... .......... 19% 50.4M 15s
  5100K .......... .......... .......... .......... .......... 19% 36.2M 15s
  5150K .......... .......... .......... .......... .......... 19% 36.3M 15s
  5200K .......... .......... .......... .......... .......... 20%  176K 16s
  5250K .......... .......... .......... .......... .......... 20% 24.1M 16s
  5300K .......... .......... .......... .......... .......... 20% 31.8M 16s
  5350K .......... .......... .......... .......... .......... 20% 18.3M 15s
  5400K .......... .......... .......... .......... .......... 20% 33.9M 15s
  5450K .......... .......... .......... .......... .......... 21% 56.9M 15s
  5500K .......... .......... .......... .......... .......... 21% 28.5M 15s
  5550K .......... .......... .......... .......... .......... 21% 40.2M 15s
  5600K .......... .......... .......... .......... .......... 21% 43.1M 15s
  5650K .......... .......... .......... .......... .......... 21% 1.57M 15s
  5700K .......... .......... .......... .......... .......... 22% 28.0M 14s
  5750K .......... .......... .......... .......... .......... 22% 42.0M 14s
  5800K .......... .......... .......... .......... .......... 22% 33.0M 14s
  5850K .......... .......... .......... .......... .......... 22% 71.2M 14s
  5900K .......... .......... .......... .......... .......... 22% 32.2M 14s
  5950K .......... .......... .......... .......... .......... 22% 50.3M 14s
  6000K .......... .......... .......... .......... .......... 23%  176K 14s
  6050K .......... .......... .......... .......... .......... 23% 23.8M 14s
  6100K .......... .......... .......... .......... .......... 23% 35.6M 14s
  6150K .......... .......... .......... .......... .......... 23% 20.4M 14s
  6200K .......... .......... .......... .......... .......... 23% 25.4M 14s
  6250K .......... .......... .......... .......... .......... 24% 37.1M 14s
  6300K .......... .......... .......... .......... .......... 24% 52.3M 14s
  6350K .......... .......... .......... .......... .......... 24% 39.2M 13s
  6400K .......... .......... .......... .......... .......... 24% 60.0M 13s
  6450K .......... .......... .......... .......... .......... 24% 1.60M 13s
  6500K .......... .......... .......... .......... .......... 25% 20.3M 13s
  6550K .......... .......... .......... .......... .......... 25% 49.8M 13s
  6600K .......... .......... .......... .......... .......... 25% 36.8M 13s
  6650K .......... .......... .......... .......... .......... 25% 40.4M 13s
  6700K .......... .......... .......... .......... .......... 25% 42.5M 13s
  6750K .......... .......... .......... .......... .......... 26% 71.9M 12s
  6800K .......... .......... .......... .......... .......... 26%  176K 13s
  6850K .......... .......... .......... .......... .......... 26% 23.2M 13s
  6900K .......... .......... .......... .......... .......... 26% 27.8M 13s
  6950K .......... .......... .......... .......... .......... 26% 24.9M 13s
  7000K .......... .......... .......... .......... .......... 27% 21.7M 13s
  7050K .......... .......... .......... .......... .......... 27% 54.5M 13s
  7100K .......... .......... .......... .......... .......... 27% 37.6M 12s
  7150K .......... .......... .......... .......... .......... 27% 46.3M 12s
  7200K .......... .......... .......... .......... .......... 27% 32.1M 12s
  7250K .......... .......... .......... .......... .......... 27% 1.72M 12s
  7300K .......... .......... .......... .......... .......... 28% 14.9M 12s
  7350K .......... .......... .......... .......... .......... 28% 37.8M 12s
  7400K .......... .......... .......... .......... .......... 28% 42.2M 12s
  7450K .......... .......... .......... .......... .......... 28% 44.1M 12s
  7500K .......... .......... .......... .......... .......... 28% 37.2M 12s
  7550K .......... .......... .......... .......... .......... 29% 38.1M 12s
  7600K .......... .......... .......... .......... .......... 29% 64.2M 11s
  7650K .......... .......... .......... .......... .......... 29%  176K 12s
  7700K .......... .......... .......... .......... .......... 29% 27.8M 12s
  7750K .......... .......... .......... .......... .......... 29% 27.0M 12s
  7800K .......... .......... .......... .......... .......... 30% 19.0M 12s
  7850K .......... .......... .......... .......... .......... 30% 35.1M 12s
  7900K .......... .......... .......... .......... .......... 30% 35.8M 11s
  7950K .......... .......... .......... .......... .......... 30% 52.1M 11s
  8000K .......... .......... .......... .......... .......... 30% 45.3M 11s
  8050K .......... .......... .......... .......... .......... 31% 27.2M 11s
  8100K .......... .......... .......... .......... .......... 31% 1.75M 11s
  8150K .......... .......... .......... .......... .......... 31% 14.2M 11s
  8200K .......... .......... .......... .......... .......... 31% 44.9M 11s
  8250K .......... .......... .......... .......... .......... 31% 40.8M 11s
  8300K .......... .......... .......... .......... .......... 32% 38.8M 11s
  8350K .......... .......... .......... .......... .......... 32% 40.8M 11s
  8400K .......... .......... .......... .......... .......... 32% 38.1M 11s
  8450K .......... .......... .......... .......... .......... 32% 47.8M 11s
  8500K .......... .......... .......... .......... .......... 32%  176K 11s
  8550K .......... .......... .......... .......... .......... 32% 27.8M 11s
  8600K .......... .......... .......... .......... .......... 33% 24.6M 11s
  8650K .......... .......... .......... .......... .......... 33% 16.8M 11s
  8700K .......... .......... .......... .......... .......... 33% 51.5M 11s
  8750K .......... .......... .......... .......... .......... 33% 36.0M 11s
  8800K .......... .......... .......... .......... .......... 33% 48.5M 10s
  8850K .......... .......... .......... .......... .......... 34% 45.5M 10s
  8900K .......... .......... .......... .......... .......... 34% 29.7M 10s
  8950K .......... .......... .......... .......... .......... 34% 11.1M 10s
  9000K .......... .......... .......... .......... .......... 34% 1.80M 10s
  9050K .......... .......... .......... .......... .......... 34% 47.6M 10s
  9100K .......... .......... .......... .......... .......... 35% 36.0M 10s
  9150K .......... .......... .......... .......... .......... 35% 52.8M 10s
  9200K .......... .......... .......... .......... .......... 35% 51.0M 10s
  9250K .......... .......... .......... .......... .......... 35% 31.2M 10s
  9300K .......... .......... .......... .......... .......... 35% 45.3M 10s
  9350K .......... .......... .......... .......... .......... 36%  177K 10s
  9400K .......... .......... .......... .......... .......... 36% 21.2M 10s
  9450K .......... .......... .......... .......... .......... 36% 26.7M 10s
  9500K .......... .......... .......... .......... .......... 36% 21.8M 10s
  9550K .......... .......... .......... .......... .......... 36% 39.4M 10s
  9600K .......... .......... .......... .......... .......... 36% 36.7M 10s
  9650K .......... .......... .......... .......... .......... 37% 35.3M 10s
  9700K .......... .......... .......... .......... .......... 37% 68.3M 10s
  9750K .......... .......... .......... .......... .......... 37% 52.0M 9s
  9800K .......... .......... .......... .......... .......... 37% 26.2M 9s
  9850K .......... .......... .......... .......... .......... 37% 1.64M 9s
  9900K .......... .......... .......... .......... .......... 38% 28.7M 9s
  9950K .......... .......... .......... .......... .......... 38% 40.5M 9s
 10000K .......... .......... .......... .......... .......... 38% 35.4M 9s
 10050K .......... .......... .......... .......... .......... 38% 36.6M 9s
 10100K .......... .......... .......... .......... .......... 38% 59.9M 9s
 10150K .......... .......... .......... .......... .......... 39% 37.0M 9s
 10200K .......... .......... .......... .......... .......... 39%  177K 9s
 10250K .......... .......... .......... .......... .......... 39% 32.2M 9s
 10300K .......... .......... .......... .......... .......... 39% 16.4M 9s
 10350K .......... .......... .......... .......... .......... 39% 49.5M 9s
 10400K .......... .......... .......... .......... .......... 40% 20.1M 9s
 10450K .......... .......... .......... .......... .......... 40% 35.3M 9s
 10500K .......... .......... .......... .......... .......... 40% 38.9M 9s
 10550K .......... .......... .......... .......... .......... 40% 52.7M 9s
 10600K .......... .......... .......... .......... .......... 40% 62.4M 9s
 10650K .......... .......... .......... .......... .......... 41% 34.3M 9s
 10700K .......... .......... .......... .......... .......... 41% 1.65M 9s
 10750K .......... .......... .......... .......... .......... 41% 18.3M 9s
 10800K .......... .......... .......... .......... .......... 41% 37.2M 9s
 10850K .......... .......... .......... .......... .......... 41% 46.7M 8s
 10900K .......... .......... .......... .......... .......... 41% 52.8M 8s
 10950K .......... .......... .......... .......... .......... 42% 55.8M 8s
 11000K .......... .......... .......... .......... .......... 42% 33.3M 8s
 11050K .......... .......... .......... .......... .......... 42% 50.7M 8s
 11100K .......... .......... .......... .......... .......... 42%  177K 9s
 11150K .......... .......... .......... .......... .......... 42% 35.3M 8s
 11200K .......... .......... .......... .......... .......... 43% 17.0M 8s
 11250K .......... .......... .......... .......... .......... 43% 40.2M 8s
 11300K .......... .......... .......... .......... .......... 43% 21.5M 8s
 11350K .......... .......... .......... .......... .......... 43% 36.6M 8s
 11400K .......... .......... .......... .......... .......... 43% 28.7M 8s
 11450K .......... .......... .......... .......... .......... 44% 48.5M 8s
 11500K .......... .......... .......... .......... .......... 44% 57.6M 8s
 11550K .......... .......... .......... .......... .......... 44% 57.2M 8s
 11600K .......... .......... .......... .......... .......... 44% 1.64M 8s
 11650K .......... .......... .......... .......... .......... 44% 18.4M 8s
 11700K .......... .......... .......... .......... .......... 45% 56.2M 8s
 11750K .......... .......... .......... .......... .......... 45% 37.8M 8s
 11800K .......... .......... .......... .......... .......... 45% 52.7M 8s
 11850K .......... .......... .......... .......... .......... 45% 54.2M 8s
 11900K .......... .......... .......... .......... .......... 45% 36.5M 8s
 11950K .......... .......... .......... .......... .......... 45% 33.9M 8s
 12000K .......... .......... .......... .......... .......... 46%  177K 8s
 12050K .......... .......... .......... .......... .......... 46% 37.5M 8s
 12100K .......... .......... .......... .......... .......... 46% 18.1M 8s
 12150K .......... .......... .......... .......... .......... 46% 29.8M 8s
 12200K .......... .......... .......... .......... .......... 46% 29.5M 8s
 12250K .......... .......... .......... .......... .......... 47% 28.4M 8s
 12300K .......... .......... .......... .......... .......... 47% 69.5M 7s
 12350K .......... .......... .......... .......... .......... 47% 25.9M 7s
 12400K .......... .......... .......... .......... .......... 47% 29.0M 7s
 12450K .......... .......... .......... .......... .......... 47% 49.2M 7s
 12500K .......... .......... .......... .......... .......... 48% 1.71M 7s
 12550K .......... .......... .......... .......... .......... 48% 23.0M 7s
 12600K .......... .......... .......... .......... .......... 48% 33.9M 7s
 12650K .......... .......... .......... .......... .......... 48% 28.9M 7s
 12700K .......... .......... .......... .......... .......... 48% 45.6M 7s
 12750K .......... .......... .......... .......... .......... 49% 59.1M 7s
 12800K .......... .......... .......... .......... .......... 49% 32.3M 7s
 12850K .......... .......... .......... .......... .......... 49% 48.7M 7s
 12900K .......... .......... .......... .......... .......... 49% 44.4M 7s
 12950K .......... .......... .......... .......... .......... 49%  177K 7s
 13000K .......... .......... .......... .......... .......... 50% 11.6M 7s
 13050K .......... .......... .......... .......... .......... 50% 41.9M 7s
 13100K .......... .......... .......... .......... .......... 50% 52.4M 7s
 13150K .......... .......... .......... .......... .......... 50% 36.3M 7s
 13200K .......... .......... .......... .......... .......... 50% 42.8M 7s
 13250K .......... .......... .......... .......... .......... 50% 26.3M 7s
 13300K .......... .......... .......... .......... .......... 51% 33.4M 7s
 13350K .......... .......... .......... .......... .......... 51% 45.6M 7s
 13400K .......... .......... .......... .......... .......... 51% 1.73M 7s
 13450K .......... .......... .......... .......... .......... 51% 27.5M 7s
 13500K .......... .......... .......... .......... .......... 51% 27.3M 7s
 13550K .......... .......... .......... .......... .......... 52% 34.2M 7s
 13600K .......... .......... .......... .......... .......... 52% 26.0M 6s
 13650K .......... .......... .......... .......... .......... 52% 63.4M 6s
 13700K .......... .......... .......... .......... .......... 52% 56.5M 6s
 13750K .......... .......... .......... .......... .......... 52% 38.9M 6s
 13800K .......... .......... .......... .......... .......... 53% 33.6M 6s
 13850K .......... .......... .......... .......... .......... 53%  177K 6s
 13900K .......... .......... .......... .......... .......... 53% 21.5M 6s
 13950K .......... .......... .......... .......... .......... 53% 17.2M 6s
 14000K .......... .......... .......... .......... .......... 53% 47.1M 6s
 14050K .......... .......... .......... .......... .......... 54% 44.2M 6s
 14100K .......... .......... .......... .......... .......... 54% 19.6M 6s
 14150K .......... .......... .......... .......... .......... 54% 55.5M 6s
 14200K .......... .......... .......... .......... .......... 54% 36.5M 6s
 14250K .......... .......... .......... .......... .......... 54% 44.5M 6s
 14300K .......... .......... .......... .......... .......... 55% 52.3M 6s
 14350K .......... .......... .......... .......... .......... 55% 1.73M 6s
 14400K .......... .......... .......... .......... .......... 55% 18.8M 6s
 14450K .......... .......... .......... .......... .......... 55% 46.1M 6s
 14500K .......... .......... .......... .......... .......... 55% 26.3M 6s
 14550K .......... .......... .......... .......... .......... 55% 34.1M 6s
 14600K .......... .......... .......... .......... .......... 56% 51.9M 6s
 14650K .......... .......... .......... .......... .......... 56% 60.3M 6s
 14700K .......... .......... .......... .......... .......... 56% 55.3M 6s
 14750K .......... .......... .......... .......... .......... 56%  177K 6s
 14800K .......... .......... .......... .......... .......... 56% 24.5M 6s
 14850K .......... .......... .......... .......... .......... 57% 13.4M 6s
 14900K .......... .......... .......... .......... .......... 57% 19.2M 6s
 14950K .......... .......... .......... .......... .......... 57% 56.7M 6s
 15000K .......... .......... .......... .......... .......... 57% 45.4M 6s
 15050K .......... .......... .......... .......... .......... 57% 41.4M 6s
 15100K .......... .......... .......... .......... .......... 58% 52.1M 6s
 15150K .......... .......... .......... .......... .......... 58% 22.3M 6s
 15200K .......... .......... .......... .......... .......... 58% 41.3M 5s
 15250K .......... .......... .......... .......... .......... 58% 1.72M 5s
 15300K .......... .......... .......... .......... .......... 58% 28.8M 5s
 15350K .......... .......... .......... .......... .......... 59% 51.7M 5s
 15400K .......... .......... .......... .......... .......... 59% 34.3M 5s
 15450K .......... .......... .......... .......... .......... 59% 53.3M 5s
 15500K .......... .......... .......... .......... .......... 59% 21.6M 5s
 15550K .......... .......... .......... .......... .......... 59% 57.6M 5s
 15600K .......... .......... .......... .......... .......... 59% 51.7M 5s
 15650K .......... .......... .......... .......... .......... 60% 59.4M 5s
 15700K .......... .......... .......... .......... .......... 60%  177K 5s
 15750K .......... .......... .......... .......... .......... 60% 29.5M 5s
 15800K .......... .......... .......... .......... .......... 60% 13.0M 5s
 15850K .......... .......... .......... .......... .......... 60% 24.4M 5s
 15900K .......... .......... .......... .......... .......... 61% 36.0M 5s
 15950K .......... .......... .......... .......... .......... 61% 50.4M 5s
 16000K .......... .......... .......... .......... .......... 61% 43.7M 5s
 16050K .......... .......... .......... .......... .......... 61% 37.2M 5s
 16100K .......... .......... .......... .......... .......... 61% 18.1M 5s
 16150K .......... .......... .......... .......... .......... 62% 58.5M 5s
 16200K .......... .......... .......... .......... .......... 62% 1.77M 5s
 16250K .......... .......... .......... .......... .......... 62% 31.3M 5s
 16300K .......... .......... .......... .......... .......... 62% 45.2M 5s
 16350K .......... .......... .......... .......... .......... 62% 46.8M 5s
 16400K .......... .......... .......... .......... .......... 63% 36.7M 5s
 16450K .......... .......... .......... .......... .......... 63% 36.3M 5s
 16500K .......... .......... .......... .......... .......... 63% 39.7M 5s
 16550K .......... .......... .......... .......... .......... 63% 53.9M 5s
 16600K .......... .......... .......... .......... .......... 63% 51.7M 5s
 16650K .......... .......... .......... .......... .......... 64%  176K 5s
 16700K .......... .......... .......... .......... .......... 64% 20.8M 5s
 16750K .......... .......... .......... .......... .......... 64% 19.6M 5s
 16800K .......... .......... .......... .......... .......... 64% 24.6M 5s
 16850K .......... .......... .......... .......... .......... 64% 47.1M 5s
 16900K .......... .......... .......... .......... .......... 64% 71.9M 5s
 16950K .......... .......... .......... .......... .......... 65% 35.3M 4s
 17000K .......... .......... .......... .......... .......... 65% 36.7M 4s
 17050K .......... .......... .......... .......... .......... 65% 21.2M 4s
 17100K .......... .......... .......... .......... .......... 65% 38.9M 4s
 17150K .......... .......... .......... .......... .......... 65% 1.83M 4s
 17200K .......... .......... .......... .......... .......... 66% 27.2M 4s
 17250K .......... .......... .......... .......... .......... 66%  149K 4s
 17300K .......... .......... .......... .......... .......... 66%  129M 4s
 17350K .......... .......... .......... .......... .......... 66%  133M 4s
 17400K .......... .......... .......... .......... .......... 66%  114M 4s
 17450K .......... .......... .......... .......... .......... 67%  174M 4s
 17500K .......... .......... .......... .......... .......... 67%  156M 4s
 17550K .......... .......... .......... .......... .......... 67%  144M 4s
 17600K .......... .......... .......... .......... .......... 67%  141M 4s
 17650K .......... .......... .......... .......... .......... 67%  142M 4s
 17700K .......... .......... .......... .......... .......... 68%  168M 4s
 17750K .......... .......... .......... .......... .......... 68%  128M 4s
 17800K .......... .......... .......... .......... .......... 68%  165M 4s
 17850K .......... .......... .......... .......... .......... 68%  159M 4s
 17900K .......... .......... .......... .......... .......... 68%  140M 4s
 17950K .......... .......... .......... .......... .......... 68%  160M 4s
 18000K .......... .......... .......... .......... .......... 69%  131M 4s
 18050K .......... .......... .......... .......... .......... 69%  142M 4s
 18100K .......... .......... .......... .......... .......... 69%  182M 4s
 18150K .......... .......... .......... .......... .......... 69%  144M 4s
 18200K .......... .......... .......... .......... .......... 69%  139M 4s
 18250K .......... .......... .......... .......... .......... 70%  147M 4s
 18300K .......... .......... .......... .......... .......... 70%  137M 4s
 18350K .......... .......... .......... .......... .......... 70%  136M 4s
 18400K .......... .......... .......... .......... .......... 70%  177K 4s
 18450K .......... .......... .......... .......... .......... 70% 31.2M 4s
 18500K .......... .......... .......... .......... .......... 71% 10.9M 4s
 18550K .......... .......... .......... .......... .......... 71% 35.7M 4s
 18600K .......... .......... .......... .......... .......... 71% 41.5M 4s
 18650K .......... .......... .......... .......... .......... 71% 20.5M 4s
 18700K .......... .......... .......... .......... .......... 71% 19.4M 4s
 18750K .......... .......... .......... .......... .......... 72% 1.77M 4s
 18800K .......... .......... .......... .......... .......... 72% 19.0M 3s
 18850K .......... .......... .......... .......... .......... 72% 37.7M 3s
 18900K .......... .......... .......... .......... .......... 72% 43.2M 3s
 18950K .......... .......... .......... .......... .......... 72% 48.7M 3s
 19000K .......... .......... .......... .......... .......... 73% 17.8M 3s
 19050K .......... .......... .......... .......... .......... 73% 19.1M 3s
 19100K .......... .......... .......... .......... .......... 73%  177K 3s
 19150K .......... .......... .......... .......... .......... 73% 32.3M 3s
 19200K .......... .......... .......... .......... .......... 73% 11.6M 3s
 19250K .......... .......... .......... .......... .......... 73% 24.0M 3s
 19300K .......... .......... .......... .......... .......... 74% 20.6M 3s
 19350K .......... .......... .......... .......... .......... 74% 41.8M 3s
 19400K .......... .......... .......... .......... .......... 74% 17.7M 3s
 19450K .......... .......... .......... .......... .......... 74% 1.83M 3s
 19500K .......... .......... .......... .......... .......... 74% 19.1M 3s
 19550K .......... .......... .......... .......... .......... 75% 35.2M 3s
 19600K .......... .......... .......... .......... .......... 75% 38.5M 3s
 19650K .......... .......... .......... .......... .......... 75% 37.7M 3s
 19700K .......... .......... .......... .......... .......... 75% 13.2M 3s
 19750K .......... .......... .......... .......... .......... 75% 37.6M 3s
 19800K .......... .......... .......... .......... .......... 76%  177K 3s
 19850K .......... .......... .......... .......... .......... 76% 13.6M 3s
 19900K .......... .......... .......... .......... .......... 76% 31.0M 3s
 19950K .......... .......... .......... .......... .......... 76% 29.3M 3s
 20000K .......... .......... .......... .......... .......... 76% 13.9M 3s
 20050K .......... .......... .......... .......... .......... 77% 34.6M 3s
 20100K .......... .......... .......... .......... .......... 77% 36.7M 3s
 20150K .......... .......... .......... .......... .......... 77% 1.70M 3s
 20200K .......... .......... .......... .......... .......... 77% 33.7M 3s
 20250K .......... .......... .......... .......... .......... 77% 30.4M 3s
 20300K .......... .......... .......... .......... .......... 78% 29.3M 3s
 20350K .......... .......... .......... .......... .......... 78% 41.0M 3s
 20400K .......... .......... .......... .......... .......... 78% 79.8M 3s
 20450K .......... .......... .......... .......... .......... 78%  175K 3s
 20500K .......... .......... .......... .......... .......... 78% 53.9M 3s
 20550K .......... .......... .......... .......... .......... 78% 44.4M 3s
 20600K .......... .......... .......... .......... .......... 79% 12.0M 3s
 20650K .......... .......... .......... .......... .......... 79% 30.1M 3s
 20700K .......... .......... .......... .......... .......... 79% 31.7M 3s
 20750K .......... .......... .......... .......... .......... 79% 16.1M 3s
 20800K .......... .......... .......... .......... .......... 79% 17.9M 3s
 20850K .......... .......... .......... .......... .......... 80% 1.77M 3s
 20900K .......... .......... .......... .......... .......... 80% 20.4M 2s
 20950K .......... .......... .......... .......... .......... 80% 41.3M 2s
 21000K .......... .......... .......... .......... .......... 80% 24.6M 2s
 21050K .......... .......... .......... .......... .......... 80% 31.4M 2s
 21100K .......... .......... .......... .......... .......... 81% 41.1M 2s
 21150K .......... .......... .......... .......... .......... 81% 20.5M 2s
 21200K .......... .......... .......... .......... .......... 81%  177K 2s
 21250K .......... .......... .......... .......... .......... 81% 42.8M 2s
 21300K .......... .......... .......... .......... .......... 81% 11.1M 2s
 21350K .......... .......... .......... .......... .......... 82% 23.1M 2s
 21400K .......... .......... .......... .......... .......... 82% 29.5M 2s
 21450K .......... .......... .......... .......... .......... 82% 21.3M 2s
 21500K .......... .......... .......... .......... .......... 82% 22.1M 2s
 21550K .......... .......... .......... .......... .......... 82% 37.4M 2s
 21600K .......... .......... .......... .......... .......... 82% 1.72M 2s
 21650K .......... .......... .......... .......... .......... 83% 23.1M 2s
 21700K .......... .......... .......... .......... .......... 83% 40.4M 2s
 21750K .......... .......... .......... .......... .......... 83% 47.6M 2s
 21800K .......... .......... .......... .......... .......... 83% 31.4M 2s
 21850K .......... .......... .......... .......... .......... 83% 40.7M 2s
 21900K .......... .......... .......... .......... .......... 84%  175K 2s
 21950K .......... .......... .......... .......... .......... 84% 30.2M 2s
 22000K .......... .......... .......... .......... .......... 84%  148K 2s
 22050K .......... .......... .......... .......... .......... 84%  152M 2s
 22100K .......... .......... .......... .......... .......... 84%  175M 2s
 22150K .......... .......... .......... .......... .......... 85%  133M 2s
 22200K .......... .......... .......... .......... .......... 85%  141M 2s
 22250K .......... .......... .......... .......... .......... 85%  147M 2s
 22300K .......... .......... .......... .......... .......... 85%  151M 2s
 22350K .......... .......... .......... .......... .......... 85%  152M 2s
 22400K .......... .......... .......... .......... .......... 86%  139M 2s
 22450K .......... .......... .......... .......... .......... 86%  177M 2s
 22500K .......... .......... .......... .......... .......... 86%  157M 2s
 22550K .......... .......... .......... .......... .......... 86%  151M 2s
 22600K .......... .......... .......... .......... .......... 86%  155M 2s
 22650K .......... .......... .......... .......... .......... 87%  133M 2s
 22700K .......... .......... .......... .......... .......... 87%  137M 2s
 22750K .......... .......... .......... .......... .......... 87%  154M 2s
 22800K .......... .......... .......... .......... .......... 87%  156M 2s
 22850K .......... .......... .......... .......... .......... 87% 38.3M 2s
 22900K .......... .......... .......... .......... .......... 87% 12.4M 2s
 22950K .......... .......... .......... .......... .......... 88% 17.3M 1s
 23000K .......... .......... .......... .......... .......... 88% 1.75M 1s
 23050K .......... .......... .......... .......... .......... 88% 20.4M 1s
 23100K .......... .......... .......... .......... .......... 88% 28.1M 1s
 23150K .......... .......... .......... .......... .......... 88% 36.4M 1s
 23200K .......... .......... .......... .......... .......... 89%  175K 1s
 23250K .......... .......... .......... .......... .......... 89% 22.3M 1s
 23300K .......... .......... .......... .......... .......... 89% 23.4M 1s
 23350K .......... .......... .......... .......... .......... 89% 12.0M 1s
 23400K .......... .......... .......... .......... .......... 89% 33.3M 1s
 23450K .......... .......... .......... .......... .......... 90% 9.87M 1s
 23500K .......... .......... .......... .......... .......... 90% 15.7M 1s
 23550K .......... .......... .......... .......... .......... 90% 1.82M 1s
 23600K .......... .......... .......... .......... .......... 90% 23.7M 1s
 23650K .......... .......... .......... .......... .......... 90% 15.5M 1s
 23700K .......... .......... .......... .......... .......... 91% 40.0M 1s
 23750K .......... .......... .......... .......... .......... 91%  176K 1s
 23800K .......... .......... .......... .......... .......... 91% 17.4M 1s
 23850K .......... .......... .......... .......... .......... 91% 25.1M 1s
 23900K .......... .......... .......... .......... .......... 91% 15.1M 1s
 23950K .......... .......... .......... .......... .......... 91% 34.3M 1s
 24000K .......... .......... .......... .......... .......... 92% 6.18M 1s
 24050K .......... .......... .......... .......... .......... 92% 50.8M 1s
 24100K .......... .......... .......... .......... .......... 92% 1.86M 1s
 24150K .......... .......... .......... .......... .......... 92% 29.3M 1s
 24200K .......... .......... .......... .......... .......... 92% 17.1M 1s
 24250K .......... .......... .......... .......... .......... 93% 24.6M 1s
 24300K .......... .......... .......... .......... .......... 93%  175K 1s
 24350K .......... .......... .......... .......... .......... 93% 67.2M 1s
 24400K .......... .......... .......... .......... .......... 93% 21.9M 1s
 24450K .......... .......... .......... .......... .......... 93% 16.3M 1s
 24500K .......... .......... .......... .......... .......... 94% 37.4M 1s
 24550K .......... .......... .......... .......... .......... 94% 5.62M 1s
 24600K .......... .......... .......... .......... .......... 94% 38.4M 1s
 24650K .......... .......... .......... .......... .......... 94% 1.90M 1s
 24700K .......... .......... .......... .......... .......... 94% 28.6M 1s
 24750K .......... .......... .......... .......... .......... 95% 30.9M 1s
 24800K .......... .......... .......... .......... .......... 95% 18.5M 1s
 24850K .......... .......... .......... .......... .......... 95%  176K 1s
 24900K .......... .......... .......... .......... .......... 95% 13.8M 1s
 24950K .......... .......... .......... .......... .......... 95% 36.0M 1s
 25000K .......... .......... .......... .......... .......... 96% 13.7M 1s
 25050K .......... .......... .......... .......... .......... 96% 38.3M 0s
 25100K .......... .......... .......... .......... .......... 96% 37.3M 0s
 25150K .......... .......... .......... .......... .......... 96% 6.25M 0s
 25200K .......... .......... .......... .......... .......... 96% 2.28M 0s
 25250K .......... .......... .......... .......... .......... 96% 8.89M 0s
 25300K .......... .......... .......... .......... .......... 97% 39.5M 0s
 25350K .......... .......... .......... .......... .......... 97% 21.0M 0s
 25400K .......... .......... .......... .......... .......... 97% 23.3M 0s
 25450K .......... .......... .......... .......... .......... 97%  174K 0s
 25500K .......... .......... .......... .......... .......... 97% 23.9M 0s
 25550K .......... .......... .......... .......... .......... 98% 47.6M 0s
 25600K .......... .......... .......... .......... .......... 98% 17.3M 0s
 25650K .......... .......... .......... .......... .......... 98% 60.6M 0s
 25700K .......... .......... .......... .......... .......... 98% 31.0M 0s
 25750K .......... .......... .......... .......... .......... 98% 4.91M 0s
 25800K .......... .......... .......... .......... .......... 99% 1.99M 0s
 25850K .......... .......... .......... .......... .......... 99% 64.4M 0s
 25900K .......... .......... .......... .......... .......... 99% 58.0M 0s
 25950K .......... .......... .......... .......... .......... 99% 19.6M 0s
 26000K .......... .......... .......... .......... .......... 99%  174K 0s
 26050K .......... .......... .......... ........             100% 45.2M=13s

2019-06-10 16:11:55 (1.95 MB/s) - ‘employees_db-full-1.0.6.tar.bz2’ saved [26715056/26715056]

employees_db/._load_departments.dump
employees_db/load_departments.dump
employees_db/load_dept_emp.dump
employees_db/._load_dept_manager.dump
employees_db/load_dept_manager.dump
employees_db/._load_employees.dump
employees_db/load_employees.dump
employees_db/._load_salaries.dump
employees_db/load_salaries.dump
employees_db/._load_titles.dump
employees_db/load_titles.dump
employees_db/._employees.sql
employees_db/employees.sql
employees_db/employees_partitioned.sql
employees_db/._employees_partitioned2.sql
employees_db/employees_partitioned2.sql
employees_db/employees_partitioned3.sql
employees_db/objects.sql
employees_db/test_employees_md5.sql
employees_db/test_employees_sha.sql
employees_db/Changelog
employees_db/._README
employees_db/README
[mariadb] [INFO] Test docker hub official image first:
[mariadb] 
c6c7099cbfc613d77432262100ed058ef7ac4ae61737f10d60e06192cedcda98
mariadb/mariadb.sh: line 18: mysql: command not found
[mariadb] [INFO] Starting the mysqlslap test, it may take a while, please be patient ...:
[mariadb] 
mariadb/mariadb.sh: line 20: mysqlslap: command not found
mariadbtest
Default-Mariadb
[mariadb] [INFO] Test clear docker image:
[mariadb] 
27f22067bccfe39e9f968f99effd3e8bed03c18282a07a42392f9353c1db6d09
mariadb/mariadb.sh: line 18: mysql: command not found
[mariadb] [INFO] Starting the mysqlslap test, it may take a while, please be patient ...:
[mariadb] 
mariadb/mariadb.sh: line 20: mysqlslap: command not found
mariadbtest
Clr-Mariadb
