perl/perl.sh
[perl] 
[perl] == perl unit test ==
[perl] [INFO] Test docker hub official image first:
[perl] 
--2019-07-24 07:15:53--  http://phoronix-test-suite.com/benchmark-files/perlbench-20160525.zip
Resolving phoronix-test-suite.com (phoronix-test-suite.com)... 162.252.83.89
Connecting to phoronix-test-suite.com (phoronix-test-suite.com)|162.252.83.89|:80... connected.
HTTP request sent, awaiting response... 200 OK
Length: 795381 (777K) [application/zip]
Saving to: 'perlbench-20160525.zip'

     0K .......... .......... .......... .......... ..........  6%  307K 2s
    50K .......... .......... .......... .......... .......... 12%  611K 2s
   100K .......... .......... .......... .......... .......... 19% 24.9M 1s
   150K .......... .......... .......... .......... .......... 25% 20.6M 1s
   200K .......... .......... .......... .......... .......... 32%  633K 1s
   250K .......... .......... .......... .......... .......... 38% 23.8M 1s
   300K .......... .......... .......... .......... .......... 45% 32.4M 0s
   350K .......... .......... .......... .......... .......... 51% 28.8M 0s
   400K .......... .......... .......... .......... .......... 57%  663K 0s
   450K .......... .......... .......... .......... .......... 64% 42.9M 0s
   500K .......... .......... .......... .......... .......... 70% 37.4M 0s
   550K .......... .......... .......... .......... .......... 77% 55.9M 0s
   600K .......... .......... .......... .......... .......... 83% 65.4M 0s
   650K .......... .......... .......... .......... .......... 90% 60.2M 0s
   700K .......... .......... .......... .......... .......... 96% 65.8M 0s
   750K .......... .......... ......                          100% 50.5M=0.4s

2019-07-24 07:15:54 (1.83 MB/s) - 'perlbench-20160525.zip' saved [795381/795381]

Host: b9dfb04a7b4a
Perl: /usr/local/bin/perl
Test-File: benchmarks/app/podhtml.b
Test-Name: Run pod2html on perlfunc
Test-Result: perlbench-results/b9dfb04a7b4a/perls/cc4b7ced2cbe64dd1e7a2dd66c4fdbcc/tests/20190724T071554.pb
Host: b9dfb04a7b4a
Perl: /usr/local/bin/perl
Test-File: benchmarks/startup/noprog.b
Test-Name: How long does it take to start the interpreter
Test-Result: perlbench-results/b9dfb04a7b4a/perls/cc4b7ced2cbe64dd1e7a2dd66c4fdbcc/tests/20190724T071718.pb
Date: 2019-07-24 07:15:54 (07:17:18)
PerlBench-Version: 0.93
Test: benchmarks/app/podhtml.b md5:ee2f3b4f2eecc05245ef158f263d3f24
Perl: /usr/local/bin/perl 5.030000
Hostname: b9dfb04a7b4a
System-Uptime: 07:17:18 up 1 day, 1:50, 0 users, load average: 1.01, 1.02, 1.25
Cycles: 7
Loop-Overhead: -1.0%
Samples: 56
Min: 0.169142401785714
Med: 0.174919339285714
Max: 0.179942901785714
Avg: 0.174898169005102
Std-Dev: 0.00236616284627768
Date: 2019-07-24 07:17:18 (07:18:19)
PerlBench-Version: 0.93
Test: benchmarks/startup/noprog.b md5:e983ca4f46f3a89d56c58b494ea0a96f
Perl: /usr/local/bin/perl 5.030000
Hostname: b9dfb04a7b4a
System-Uptime: 07:18:19 up 1 day, 1:51, 0 users, load average: 0.81, 0.96, 1.22
Cycles: 690
Loop-Overhead: 1.2%
Samples: 56
Min: 0.00147299855072464
Med: 0.00153016739130435
Max: 0.00160275507246377
Avg: 0.00153147787267081
Std-Dev: 2.94460084739112e-05
[perl] [INFO] Test clear docker image:
[perl] 
Set upstream mirror to https://cdn-alt.download.clearlinux.org/update
Installed version: 30450
Version URL:       https://cdn-alt.download.clearlinux.org/update
Content URL:       https://cdn-alt.download.clearlinux.org/update
Loading required manifests...
Error: Unable to determine free space on filesystem.
NOTE: currently, swupd only checks /usr/ (or the passed-in path with /usr/ appended) for available space.
To skip this error and install anyways, add the --skip-diskspace-check flag to your command.
Failed to install 2 of 2 bundles
make: *** [Makefile:14: perl] Error 25
