nginx/nginx.sh
[nginx] 
[nginx] == nginx unit test ==
httpd
[nginx] [INFO] Test docker hub official image first:
[nginx] 
835fafaa7980290c0e2b988ae267839ef4c28483e61f18f746112e3b6c30b8b0
This is ApacheBench, Version 2.3 <$Revision: 1843412 $>
Copyright 1996 Adam Twiss, Zeus Technology Ltd, http://www.zeustech.net/
Licensed to The Apache Software Foundation, http://www.apache.org/

Benchmarking localhost (be patient)
Completed 10000 requests
Completed 20000 requests
Completed 30000 requests
Completed 40000 requests
Completed 50000 requests
Completed 60000 requests
Completed 70000 requests
Completed 80000 requests
Completed 90000 requests
Completed 100000 requests
Finished 100000 requests


Server Software:        nginx/1.17.1
Server Hostname:        localhost
Server Port:            8080

Document Path:          /
Document Length:        612 bytes

Concurrency Level:      50
Time taken for tests:   4.433 seconds
Complete requests:      100000
Failed requests:        0
Keep-Alive requests:    99025
Total transferred:      84995125 bytes
HTML transferred:       61200000 bytes
Requests per second:    22558.72 [#/sec] (mean)
Time per request:       2.216 [ms] (mean)
Time per request:       0.044 [ms] (mean, across all concurrent requests)
Transfer rate:          18724.43 [Kbytes/sec] received

Connection Times (ms)
              min  mean[+/-sd] median   max
Connect:        0    0   0.0      0       2
Processing:     0    2   1.6      2      98
Waiting:        0    2   1.6      2      98
Total:          0    2   1.6      2      98

Percentage of the requests served within a certain time (ms)
  50%      2
  66%      2
  75%      2
  80%      2
  90%      3
  95%      4
  98%      4
  99%      4
 100%     98 (longest request)
nginx-server
Default-Nginx-Server
[nginx] [INFO] Test clear docker image:
[nginx] 
acfa49a7db991453f4a2e6501132d6ea1d17818c4b76293ce8e7d70d1250fc7b
This is ApacheBench, Version 2.3 <$Revision: 1843412 $>
Copyright 1996 Adam Twiss, Zeus Technology Ltd, http://www.zeustech.net/
Licensed to The Apache Software Foundation, http://www.apache.org/

Benchmarking localhost (be patient)
Completed 10000 requests
Completed 20000 requests
Completed 30000 requests
Completed 40000 requests
Completed 50000 requests
Completed 60000 requests
Completed 70000 requests
Completed 80000 requests
Completed 90000 requests
Completed 100000 requests
Finished 100000 requests


Server Software:        nginx/1.14.2
Server Hostname:        localhost
Server Port:            8080

Document Path:          /
Document Length:        612 bytes

Concurrency Level:      50
Time taken for tests:   1.104 seconds
Complete requests:      100000
Failed requests:        0
Keep-Alive requests:    99026
Total transferred:      84995130 bytes
HTML transferred:       61200000 bytes
Requests per second:    90573.48 [#/sec] (mean)
Time per request:       0.552 [ms] (mean)
Time per request:       0.011 [ms] (mean, across all concurrent requests)
Transfer rate:          75178.75 [Kbytes/sec] received

Connection Times (ms)
              min  mean[+/-sd] median   max
Connect:        0    0   0.0      0       2
Processing:     0    1   1.7      0     110
Waiting:        0    1   1.7      0     110
Total:          0    1   1.7      0     111

Percentage of the requests served within a certain time (ms)
  50%      0
  66%      1
  75%      1
  80%      1
  90%      1
  95%      1
  98%      1
  99%      1
 100%    111 (longest request)
nginx-server
Clr-Nginx-Server
