postgres/postgres.sh
[postgres] 
[postgres] == postgres unit test ==
[postgres] [INFO] Test docker hub official image first:
[postgres] 
pgbench with BUFFER_TEST SINGLE_THREAD READ_WRITE
pgbench_entry
PGDATA=/var/lib/postgresql/data
POSTGRES_INITDB_WALDIR=
input parameters: BUFFER_TEST SINGLE_THREAD READ_WRITE
posgresql user mode
HOME=/var/lib/postgresql
PGDATA=/var/lib/postgresql/data
/
The files belonging to this database system will be owned by user "postgres".
This user must also own the server process.

The database cluster will be initialized with locale "C".
The default text search configuration will be set to "english".

Data page checksums are disabled.

fixing permissions on existing directory /var/lib/postgresql/data ... ok
creating subdirectories ... ok
selecting default max_connections ... 100
selecting default shared_buffers ... 128MB
selecting dynamic shared memory implementation ... posix
creating configuration files ... ok
running bootstrap script ... ok
performing post-bootstrap initialization ... ok
syncing data to disk ... 
WARNING: enabling "trust" authentication for local connections
You can change this by editing pg_hba.conf or using the option -A, or
--auth-local and --auth-host, the next time you run initdb.
ok

Success. You can now start the database server using:

    ./pg_ctl -D /var/lib/postgresql/data -l logfile start

waiting for server to start....2019-06-10 08:31:59.011 UTC [32] LOG:  listening on IPv4 address "0.0.0.0", port 5432
2019-06-10 08:31:59.011 UTC [32] LOG:  listening on IPv6 address "::", port 5432
2019-06-10 08:31:59.015 UTC [32] LOG:  listening on Unix socket "/var/run/postgresql/.s.PGSQL.5432"
2019-06-10 08:31:59.030 UTC [33] LOG:  database system was shut down at 2019-06-10 08:31:58 UTC
2019-06-10 08:31:59.035 UTC [32] LOG:  database system is ready to accept connections
 done
server started
SYS_MEMORY=32938252 NUM_CPU_CORES=16
BUFFER_TEST Selected
SCALING_FACTOR=98
dropping old tables...
NOTICE:  table "pgbench_accounts" does not exist, skipping
NOTICE:  table "pgbench_branches" does not exist, skipping
NOTICE:  table "pgbench_history" does not exist, skipping
NOTICE:  table "pgbench_tellers" does not exist, skipping
creating tables...
generating data...
100000 of 9800000 tuples (1%) done (elapsed 0.07 s, remaining 7.06 s)
200000 of 9800000 tuples (2%) done (elapsed 0.27 s, remaining 12.96 s)
300000 of 9800000 tuples (3%) done (elapsed 0.44 s, remaining 13.98 s)
400000 of 9800000 tuples (4%) done (elapsed 0.54 s, remaining 12.59 s)
500000 of 9800000 tuples (5%) done (elapsed 0.72 s, remaining 13.43 s)
600000 of 9800000 tuples (6%) done (elapsed 0.84 s, remaining 12.86 s)
700000 of 9800000 tuples (7%) done (elapsed 1.01 s, remaining 13.08 s)
800000 of 9800000 tuples (8%) done (elapsed 1.19 s, remaining 13.34 s)
900000 of 9800000 tuples (9%) done (elapsed 1.30 s, remaining 12.85 s)
1000000 of 9800000 tuples (10%) done (elapsed 1.47 s, remaining 12.93 s)
1100000 of 9800000 tuples (11%) done (elapsed 1.65 s, remaining 13.07 s)
1200000 of 9800000 tuples (12%) done (elapsed 1.77 s, remaining 12.66 s)
1300000 of 9800000 tuples (13%) done (elapsed 1.93 s, remaining 12.65 s)
1400000 of 9800000 tuples (14%) done (elapsed 2.12 s, remaining 12.74 s)
1500000 of 9800000 tuples (15%) done (elapsed 2.24 s, remaining 12.39 s)
1600000 of 9800000 tuples (16%) done (elapsed 2.41 s, remaining 12.34 s)
1700000 of 9800000 tuples (17%) done (elapsed 2.60 s, remaining 12.41 s)
1800000 of 9800000 tuples (18%) done (elapsed 2.73 s, remaining 12.12 s)
1900000 of 9800000 tuples (19%) done (elapsed 2.88 s, remaining 11.98 s)
2000000 of 9800000 tuples (20%) done (elapsed 3.07 s, remaining 11.95 s)
2100000 of 9800000 tuples (21%) done (elapsed 3.14 s, remaining 11.52 s)
2200000 of 9800000 tuples (22%) done (elapsed 3.35 s, remaining 11.57 s)
2300000 of 9800000 tuples (23%) done (elapsed 3.53 s, remaining 11.53 s)
2400000 of 9800000 tuples (24%) done (elapsed 3.61 s, remaining 11.14 s)
2500000 of 9800000 tuples (25%) done (elapsed 3.82 s, remaining 11.14 s)
2600000 of 9800000 tuples (26%) done (elapsed 3.90 s, remaining 10.79 s)
2700000 of 9800000 tuples (27%) done (elapsed 4.08 s, remaining 10.73 s)
2800000 of 9800000 tuples (28%) done (elapsed 4.27 s, remaining 10.68 s)
2900000 of 9800000 tuples (29%) done (elapsed 4.36 s, remaining 10.38 s)
3000000 of 9800000 tuples (30%) done (elapsed 4.56 s, remaining 10.33 s)
3100000 of 9800000 tuples (31%) done (elapsed 4.68 s, remaining 10.11 s)
3200000 of 9800000 tuples (32%) done (elapsed 4.85 s, remaining 10.01 s)
3300000 of 9800000 tuples (33%) done (elapsed 5.01 s, remaining 9.87 s)
3400000 of 9800000 tuples (34%) done (elapsed 5.13 s, remaining 9.65 s)
3500000 of 9800000 tuples (35%) done (elapsed 5.28 s, remaining 9.51 s)
3600000 of 9800000 tuples (36%) done (elapsed 5.47 s, remaining 9.42 s)
3700000 of 9800000 tuples (37%) done (elapsed 5.59 s, remaining 9.22 s)
3800000 of 9800000 tuples (38%) done (elapsed 5.74 s, remaining 9.06 s)
3900000 of 9800000 tuples (39%) done (elapsed 5.93 s, remaining 8.97 s)
4000000 of 9800000 tuples (40%) done (elapsed 6.06 s, remaining 8.79 s)
4100000 of 9800000 tuples (41%) done (elapsed 6.22 s, remaining 8.65 s)
4200000 of 9800000 tuples (42%) done (elapsed 6.33 s, remaining 8.45 s)
4300000 of 9800000 tuples (43%) done (elapsed 6.54 s, remaining 8.36 s)
4400000 of 9800000 tuples (44%) done (elapsed 6.74 s, remaining 8.27 s)
4500000 of 9800000 tuples (45%) done (elapsed 6.91 s, remaining 8.14 s)
4600000 of 9800000 tuples (46%) done (elapsed 7.00 s, remaining 7.91 s)
4700000 of 9800000 tuples (47%) done (elapsed 7.19 s, remaining 7.80 s)
4800000 of 9800000 tuples (48%) done (elapsed 7.40 s, remaining 7.71 s)
4900000 of 9800000 tuples (50%) done (elapsed 7.48 s, remaining 7.48 s)
5000000 of 9800000 tuples (51%) done (elapsed 7.67 s, remaining 7.36 s)
5100000 of 9800000 tuples (52%) done (elapsed 7.76 s, remaining 7.15 s)
5200000 of 9800000 tuples (53%) done (elapsed 7.96 s, remaining 7.04 s)
5300000 of 9800000 tuples (54%) done (elapsed 8.17 s, remaining 6.94 s)
5400000 of 9800000 tuples (55%) done (elapsed 8.25 s, remaining 6.72 s)
5500000 of 9800000 tuples (56%) done (elapsed 8.46 s, remaining 6.61 s)
5600000 of 9800000 tuples (57%) done (elapsed 8.57 s, remaining 6.43 s)
5700000 of 9800000 tuples (58%) done (elapsed 8.71 s, remaining 6.27 s)
5800000 of 9800000 tuples (59%) done (elapsed 8.89 s, remaining 6.13 s)
5900000 of 9800000 tuples (60%) done (elapsed 9.01 s, remaining 5.95 s)
6000000 of 9800000 tuples (61%) done (elapsed 9.17 s, remaining 5.81 s)
6100000 of 9800000 tuples (62%) done (elapsed 9.35 s, remaining 5.67 s)
6200000 of 9800000 tuples (63%) done (elapsed 9.47 s, remaining 5.50 s)
6300000 of 9800000 tuples (64%) done (elapsed 9.61 s, remaining 5.34 s)
6400000 of 9800000 tuples (65%) done (elapsed 9.78 s, remaining 5.19 s)
6500000 of 9800000 tuples (66%) done (elapsed 9.90 s, remaining 5.03 s)
2019-06-10 08:32:19.380 UTC [34] LOG:  checkpoints are occurring too frequently (10 seconds apart)
2019-06-10 08:32:19.380 UTC [34] HINT:  Consider increasing the configuration parameter "max_wal_size".
6600000 of 9800000 tuples (67%) done (elapsed 10.05 s, remaining 4.87 s)
6700000 of 9800000 tuples (68%) done (elapsed 10.22 s, remaining 4.73 s)
6800000 of 9800000 tuples (69%) done (elapsed 10.31 s, remaining 4.55 s)
6900000 of 9800000 tuples (70%) done (elapsed 10.47 s, remaining 4.40 s)
7000000 of 9800000 tuples (71%) done (elapsed 10.64 s, remaining 4.26 s)
7100000 of 9800000 tuples (72%) done (elapsed 10.72 s, remaining 4.08 s)
7200000 of 9800000 tuples (73%) done (elapsed 10.92 s, remaining 3.94 s)
7300000 of 9800000 tuples (74%) done (elapsed 11.09 s, remaining 3.80 s)
7400000 of 9800000 tuples (75%) done (elapsed 11.17 s, remaining 3.62 s)
7500000 of 9800000 tuples (76%) done (elapsed 11.35 s, remaining 3.48 s)
7600000 of 9800000 tuples (77%) done (elapsed 11.43 s, remaining 3.31 s)
7700000 of 9800000 tuples (78%) done (elapsed 11.60 s, remaining 3.16 s)
7800000 of 9800000 tuples (79%) done (elapsed 11.80 s, remaining 3.03 s)
7900000 of 9800000 tuples (80%) done (elapsed 11.88 s, remaining 2.86 s)
8000000 of 9800000 tuples (81%) done (elapsed 12.06 s, remaining 2.71 s)
8100000 of 9800000 tuples (82%) done (elapsed 12.17 s, remaining 2.55 s)
8200000 of 9800000 tuples (83%) done (elapsed 12.33 s, remaining 2.40 s)
8300000 of 9800000 tuples (84%) done (elapsed 12.50 s, remaining 2.26 s)
8400000 of 9800000 tuples (85%) done (elapsed 12.61 s, remaining 2.10 s)
8500000 of 9800000 tuples (86%) done (elapsed 12.78 s, remaining 1.95 s)
8600000 of 9800000 tuples (87%) done (elapsed 12.95 s, remaining 1.81 s)
8700000 of 9800000 tuples (88%) done (elapsed 13.08 s, remaining 1.65 s)
8800000 of 9800000 tuples (89%) done (elapsed 13.23 s, remaining 1.50 s)
8900000 of 9800000 tuples (90%) done (elapsed 13.43 s, remaining 1.36 s)
9000000 of 9800000 tuples (91%) done (elapsed 13.54 s, remaining 1.20 s)
9100000 of 9800000 tuples (92%) done (elapsed 13.70 s, remaining 1.05 s)
9200000 of 9800000 tuples (93%) done (elapsed 13.91 s, remaining 0.91 s)
9300000 of 9800000 tuples (94%) done (elapsed 14.03 s, remaining 0.75 s)
9400000 of 9800000 tuples (95%) done (elapsed 14.19 s, remaining 0.60 s)
9500000 of 9800000 tuples (96%) done (elapsed 14.40 s, remaining 0.45 s)
9600000 of 9800000 tuples (97%) done (elapsed 14.49 s, remaining 0.30 s)
9700000 of 9800000 tuples (98%) done (elapsed 14.68 s, remaining 0.15 s)
9800000 of 9800000 tuples (100%) done (elapsed 14.89 s, remaining 0.00 s)
vacuuming...
creating primary keys...
done.
PGBENCH_ARGS=-c 1 PGBENCH_MORE_ARGS=
starting vacuum...end.
transaction type: <builtin: TPC-B (sort of)>
scaling factor: 98
query mode: simple
number of clients: 1
number of threads: 1
duration: 60 s
number of transactions actually processed: 50737
latency average = 1.183 ms
tps = 845.612673 (including connections establishing)
tps = 845.642198 (excluding connections establishing)
2019-06-10 08:33:33.794 UTC [32] LOG:  received fast shutdown request
waiting for server to shut down....2019-06-10 08:33:33.796 UTC [32] LOG:  aborting any active transactions
2019-06-10 08:33:33.798 UTC [32] LOG:  background worker "logical replication launcher" (PID 38) exited with exit code 1
2019-06-10 08:33:33.983 UTC [34] LOG:  shutting down
2019-06-10 08:33:34.011 UTC [32] LOG:  database system is shut down
pgbench with BUFFER_TEST SINGLE_THREAD READ_ONLY
pgbench_entry
PGDATA=/var/lib/postgresql/data
POSTGRES_INITDB_WALDIR=
input parameters: BUFFER_TEST SINGLE_THREAD READ_ONLY
posgresql user mode
HOME=/var/lib/postgresql
PGDATA=/var/lib/postgresql/data
/
The files belonging to this database system will be owned by user "postgres".
This user must also own the server process.

The database cluster will be initialized with locale "C".
The default text search configuration will be set to "english".

Data page checksums are disabled.

fixing permissions on existing directory /var/lib/postgresql/data ... ok
creating subdirectories ... ok
selecting default max_connections ... 100
selecting default shared_buffers ... 128MB
selecting dynamic shared memory implementation ... posix
creating configuration files ... ok
running bootstrap script ... ok
performing post-bootstrap initialization ... ok
syncing data to disk ... ok

Success. You can now start the database server using:

    ./pg_ctl -D /var/lib/postgresql/data -l logfile start


WARNING: enabling "trust" authentication for local connections
You can change this by editing pg_hba.conf or using the option -A, or
--auth-local and --auth-host, the next time you run initdb.
waiting for server to start....2019-06-10 08:33:36.239 UTC [32] LOG:  listening on IPv4 address "0.0.0.0", port 5432
2019-06-10 08:33:36.239 UTC [32] LOG:  listening on IPv6 address "::", port 5432
2019-06-10 08:33:36.242 UTC [32] LOG:  listening on Unix socket "/var/run/postgresql/.s.PGSQL.5432"
2019-06-10 08:33:36.260 UTC [33] LOG:  database system was shut down at 2019-06-10 08:33:36 UTC
2019-06-10 08:33:36.265 UTC [32] LOG:  database system is ready to accept connections
 done
server started
SYS_MEMORY=32938252 NUM_CPU_CORES=16
BUFFER_TEST Selected
SCALING_FACTOR=98
dropping old tables...
NOTICE:  table "pgbench_accounts" does not exist, skipping
NOTICE:  table "pgbench_branches" does not exist, skipping
NOTICE:  table "pgbench_history" does not exist, skipping
NOTICE:  table "pgbench_tellers" does not exist, skipping
creating tables...
generating data...
100000 of 9800000 tuples (1%) done (elapsed 0.08 s, remaining 7.36 s)
200000 of 9800000 tuples (2%) done (elapsed 0.27 s, remaining 12.80 s)
300000 of 9800000 tuples (3%) done (elapsed 0.44 s, remaining 13.78 s)
400000 of 9800000 tuples (4%) done (elapsed 0.53 s, remaining 12.52 s)
500000 of 9800000 tuples (5%) done (elapsed 0.70 s, remaining 13.09 s)
600000 of 9800000 tuples (6%) done (elapsed 0.91 s, remaining 13.90 s)
700000 of 9800000 tuples (7%) done (elapsed 0.98 s, remaining 12.78 s)
800000 of 9800000 tuples (8%) done (elapsed 1.17 s, remaining 13.19 s)
900000 of 9800000 tuples (9%) done (elapsed 1.35 s, remaining 13.31 s)
1000000 of 9800000 tuples (10%) done (elapsed 1.43 s, remaining 12.61 s)
1100000 of 9800000 tuples (11%) done (elapsed 1.63 s, remaining 12.88 s)
1200000 of 9800000 tuples (12%) done (elapsed 1.81 s, remaining 12.99 s)
1300000 of 9800000 tuples (13%) done (elapsed 1.89 s, remaining 12.36 s)
1400000 of 9800000 tuples (14%) done (elapsed 2.09 s, remaining 12.55 s)
1500000 of 9800000 tuples (15%) done (elapsed 2.17 s, remaining 12.02 s)
1600000 of 9800000 tuples (16%) done (elapsed 2.37 s, remaining 12.12 s)
1700000 of 9800000 tuples (17%) done (elapsed 2.48 s, remaining 11.84 s)
1800000 of 9800000 tuples (18%) done (elapsed 2.65 s, remaining 11.78 s)
1900000 of 9800000 tuples (19%) done (elapsed 2.85 s, remaining 11.87 s)
2000000 of 9800000 tuples (20%) done (elapsed 2.98 s, remaining 11.62 s)
2100000 of 9800000 tuples (21%) done (elapsed 3.14 s, remaining 11.53 s)
2200000 of 9800000 tuples (22%) done (elapsed 3.34 s, remaining 11.55 s)
2300000 of 9800000 tuples (23%) done (elapsed 3.46 s, remaining 11.28 s)
2400000 of 9800000 tuples (24%) done (elapsed 3.62 s, remaining 11.17 s)
2500000 of 9800000 tuples (25%) done (elapsed 3.85 s, remaining 11.23 s)
2600000 of 9800000 tuples (26%) done (elapsed 3.96 s, remaining 10.97 s)
2700000 of 9800000 tuples (27%) done (elapsed 4.34 s, remaining 11.42 s)
2800000 of 9800000 tuples (28%) done (elapsed 4.56 s, remaining 11.39 s)
2900000 of 9800000 tuples (29%) done (elapsed 4.67 s, remaining 11.11 s)
3000000 of 9800000 tuples (30%) done (elapsed 4.83 s, remaining 10.96 s)
3100000 of 9800000 tuples (31%) done (elapsed 4.95 s, remaining 10.69 s)
3200000 of 9800000 tuples (32%) done (elapsed 5.14 s, remaining 10.61 s)
3300000 of 9800000 tuples (33%) done (elapsed 5.36 s, remaining 10.56 s)
3400000 of 9800000 tuples (34%) done (elapsed 5.58 s, remaining 10.50 s)
3500000 of 9800000 tuples (35%) done (elapsed 5.66 s, remaining 10.19 s)
3600000 of 9800000 tuples (36%) done (elapsed 5.85 s, remaining 10.08 s)
3700000 of 9800000 tuples (37%) done (elapsed 5.94 s, remaining 9.79 s)
3800000 of 9800000 tuples (38%) done (elapsed 6.15 s, remaining 9.71 s)
3900000 of 9800000 tuples (39%) done (elapsed 6.32 s, remaining 9.56 s)
4000000 of 9800000 tuples (40%) done (elapsed 6.40 s, remaining 9.28 s)
4100000 of 9800000 tuples (41%) done (elapsed 6.56 s, remaining 9.12 s)
4200000 of 9800000 tuples (42%) done (elapsed 6.68 s, remaining 8.91 s)
4300000 of 9800000 tuples (43%) done (elapsed 6.84 s, remaining 8.75 s)
4400000 of 9800000 tuples (44%) done (elapsed 7.02 s, remaining 8.62 s)
4500000 of 9800000 tuples (45%) done (elapsed 7.13 s, remaining 8.40 s)
4600000 of 9800000 tuples (46%) done (elapsed 7.28 s, remaining 8.23 s)
4700000 of 9800000 tuples (47%) done (elapsed 7.46 s, remaining 8.09 s)
4800000 of 9800000 tuples (48%) done (elapsed 7.57 s, remaining 7.89 s)
4900000 of 9800000 tuples (50%) done (elapsed 7.72 s, remaining 7.72 s)
5000000 of 9800000 tuples (51%) done (elapsed 7.90 s, remaining 7.59 s)
5100000 of 9800000 tuples (52%) done (elapsed 8.02 s, remaining 7.39 s)
5200000 of 9800000 tuples (53%) done (elapsed 8.18 s, remaining 7.24 s)
5300000 of 9800000 tuples (54%) done (elapsed 8.39 s, remaining 7.12 s)
5400000 of 9800000 tuples (55%) done (elapsed 8.50 s, remaining 6.93 s)
5500000 of 9800000 tuples (56%) done (elapsed 8.67 s, remaining 6.77 s)
5600000 of 9800000 tuples (57%) done (elapsed 8.83 s, remaining 6.63 s)
5700000 of 9800000 tuples (58%) done (elapsed 8.92 s, remaining 6.41 s)
5800000 of 9800000 tuples (59%) done (elapsed 9.12 s, remaining 6.29 s)
5900000 of 9800000 tuples (60%) done (elapsed 9.29 s, remaining 6.14 s)
6000000 of 9800000 tuples (61%) done (elapsed 9.38 s, remaining 5.94 s)
6100000 of 9800000 tuples (62%) done (elapsed 9.56 s, remaining 5.80 s)
6200000 of 9800000 tuples (63%) done (elapsed 9.76 s, remaining 5.67 s)
6300000 of 9800000 tuples (64%) done (elapsed 9.84 s, remaining 5.47 s)
6400000 of 9800000 tuples (65%) done (elapsed 10.04 s, remaining 5.33 s)
6500000 of 9800000 tuples (66%) done (elapsed 10.12 s, remaining 5.14 s)
2019-06-10 08:33:56.834 UTC [34] LOG:  checkpoints are occurring too frequently (10 seconds apart)
2019-06-10 08:33:56.834 UTC [34] HINT:  Consider increasing the configuration parameter "max_wal_size".
6600000 of 9800000 tuples (67%) done (elapsed 10.33 s, remaining 5.01 s)
6700000 of 9800000 tuples (68%) done (elapsed 10.45 s, remaining 4.83 s)
6800000 of 9800000 tuples (69%) done (elapsed 10.61 s, remaining 4.68 s)
6900000 of 9800000 tuples (70%) done (elapsed 10.82 s, remaining 4.55 s)
7000000 of 9800000 tuples (71%) done (elapsed 10.94 s, remaining 4.37 s)
7100000 of 9800000 tuples (72%) done (elapsed 11.09 s, remaining 4.22 s)
7200000 of 9800000 tuples (73%) done (elapsed 11.29 s, remaining 4.08 s)
7300000 of 9800000 tuples (74%) done (elapsed 11.40 s, remaining 3.91 s)
7400000 of 9800000 tuples (75%) done (elapsed 11.56 s, remaining 3.75 s)
7500000 of 9800000 tuples (76%) done (elapsed 11.74 s, remaining 3.60 s)
7600000 of 9800000 tuples (77%) done (elapsed 11.85 s, remaining 3.43 s)
7700000 of 9800000 tuples (78%) done (elapsed 12.02 s, remaining 3.28 s)
7800000 of 9800000 tuples (79%) done (elapsed 12.21 s, remaining 3.13 s)
7900000 of 9800000 tuples (80%) done (elapsed 12.32 s, remaining 2.96 s)
8000000 of 9800000 tuples (81%) done (elapsed 12.49 s, remaining 2.81 s)
8100000 of 9800000 tuples (82%) done (elapsed 12.68 s, remaining 2.66 s)
8200000 of 9800000 tuples (83%) done (elapsed 12.76 s, remaining 2.49 s)
8300000 of 9800000 tuples (84%) done (elapsed 12.94 s, remaining 2.34 s)
8400000 of 9800000 tuples (85%) done (elapsed 13.12 s, remaining 2.19 s)
8500000 of 9800000 tuples (86%) done (elapsed 13.20 s, remaining 2.02 s)
8600000 of 9800000 tuples (87%) done (elapsed 13.39 s, remaining 1.87 s)
8700000 of 9800000 tuples (88%) done (elapsed 13.57 s, remaining 1.72 s)
8800000 of 9800000 tuples (89%) done (elapsed 13.65 s, remaining 1.55 s)
8900000 of 9800000 tuples (90%) done (elapsed 13.85 s, remaining 1.40 s)
9000000 of 9800000 tuples (91%) done (elapsed 13.94 s, remaining 1.24 s)
9100000 of 9800000 tuples (92%) done (elapsed 14.13 s, remaining 1.09 s)
9200000 of 9800000 tuples (93%) done (elapsed 14.24 s, remaining 0.93 s)
9300000 of 9800000 tuples (94%) done (elapsed 14.41 s, remaining 0.77 s)
9400000 of 9800000 tuples (95%) done (elapsed 14.57 s, remaining 0.62 s)
9500000 of 9800000 tuples (96%) done (elapsed 14.70 s, remaining 0.46 s)
9600000 of 9800000 tuples (97%) done (elapsed 14.86 s, remaining 0.31 s)
9700000 of 9800000 tuples (98%) done (elapsed 15.04 s, remaining 0.16 s)
9800000 of 9800000 tuples (100%) done (elapsed 15.16 s, remaining 0.00 s)
vacuuming...
creating primary keys...
done.
PGBENCH_ARGS=-c 1 PGBENCH_MORE_ARGS=-S
starting vacuum...end.
transaction type: <builtin: select only>
scaling factor: 98
query mode: simple
number of clients: 1
number of threads: 1
duration: 60 s
number of transactions actually processed: 661991
latency average = 0.091 ms
tps = 11033.173266 (including connections establishing)
tps = 11033.580888 (excluding connections establishing)
waiting for server to shut down...2019-06-10 08:35:12.260 UTC [32] LOG:  received fast shutdown request
.2019-06-10 08:35:12.262 UTC [32] LOG:  aborting any active transactions
2019-06-10 08:35:12.264 UTC [32] LOG:  background worker "logical replication launcher" (PID 38) exited with exit code 1
2019-06-10 08:35:12.391 UTC [34] LOG:  shutting down
2019-06-10 08:35:12.414 UTC [32] LOG:  database system is shut down
pgbench with BUFFER_TEST NORMAL_LOAD READ_WRITE
pgbench_entry
PGDATA=/var/lib/postgresql/data
POSTGRES_INITDB_WALDIR=
input parameters: BUFFER_TEST NORMAL_LOAD READ_WRITE
posgresql user mode
HOME=/var/lib/postgresql
PGDATA=/var/lib/postgresql/data
/
The files belonging to this database system will be owned by user "postgres".
This user must also own the server process.

The database cluster will be initialized with locale "C".
The default text search configuration will be set to "english".

Data page checksums are disabled.

fixing permissions on existing directory /var/lib/postgresql/data ... ok
creating subdirectories ... ok
selecting default max_connections ... 100
selecting default shared_buffers ... 128MB
selecting dynamic shared memory implementation ... posix
creating configuration files ... ok
running bootstrap script ... ok
performing post-bootstrap initialization ... ok
syncing data to disk ... ok

Success. You can now start the database server using:

    ./pg_ctl -D /var/lib/postgresql/data -l logfile start


WARNING: enabling "trust" authentication for local connections
You can change this by editing pg_hba.conf or using the option -A, or
--auth-local and --auth-host, the next time you run initdb.
waiting for server to start....2019-06-10 08:35:14.570 UTC [32] LOG:  listening on IPv4 address "0.0.0.0", port 5432
2019-06-10 08:35:14.570 UTC [32] LOG:  listening on IPv6 address "::", port 5432
2019-06-10 08:35:14.573 UTC [32] LOG:  listening on Unix socket "/var/run/postgresql/.s.PGSQL.5432"
2019-06-10 08:35:14.589 UTC [33] LOG:  database system was shut down at 2019-06-10 08:35:14 UTC
2019-06-10 08:35:14.593 UTC [32] LOG:  database system is ready to accept connections
 done
server started
SYS_MEMORY=32938252 NUM_CPU_CORES=16
BUFFER_TEST Selected
SCALING_FACTOR=98
dropping old tables...
NOTICE:  table "pgbench_accounts" does not exist, skipping
NOTICE:  table "pgbench_branches" does not exist, skipping
NOTICE:  table "pgbench_history" does not exist, skipping
NOTICE:  table "pgbench_tellers" does not exist, skipping
creating tables...
generating data...
100000 of 9800000 tuples (1%) done (elapsed 0.07 s, remaining 6.86 s)
200000 of 9800000 tuples (2%) done (elapsed 0.26 s, remaining 12.58 s)
300000 of 9800000 tuples (3%) done (elapsed 0.34 s, remaining 10.73 s)
400000 of 9800000 tuples (4%) done (elapsed 0.53 s, remaining 12.53 s)
500000 of 9800000 tuples (5%) done (elapsed 0.73 s, remaining 13.52 s)
600000 of 9800000 tuples (6%) done (elapsed 0.91 s, remaining 13.97 s)
700000 of 9800000 tuples (7%) done (elapsed 0.99 s, remaining 12.82 s)
800000 of 9800000 tuples (8%) done (elapsed 1.20 s, remaining 13.46 s)
900000 of 9800000 tuples (9%) done (elapsed 1.40 s, remaining 13.84 s)
1000000 of 9800000 tuples (10%) done (elapsed 1.48 s, remaining 13.02 s)
1100000 of 9800000 tuples (11%) done (elapsed 1.67 s, remaining 13.17 s)
1200000 of 9800000 tuples (12%) done (elapsed 1.74 s, remaining 12.49 s)
1300000 of 9800000 tuples (13%) done (elapsed 1.92 s, remaining 12.54 s)
1400000 of 9800000 tuples (14%) done (elapsed 2.11 s, remaining 12.67 s)
1500000 of 9800000 tuples (15%) done (elapsed 2.20 s, remaining 12.15 s)
1600000 of 9800000 tuples (16%) done (elapsed 2.37 s, remaining 12.15 s)
1700000 of 9800000 tuples (17%) done (elapsed 2.50 s, remaining 11.93 s)
1800000 of 9800000 tuples (18%) done (elapsed 2.63 s, remaining 11.70 s)
1900000 of 9800000 tuples (19%) done (elapsed 2.80 s, remaining 11.64 s)
2000000 of 9800000 tuples (20%) done (elapsed 2.92 s, remaining 11.38 s)
2100000 of 9800000 tuples (21%) done (elapsed 3.06 s, remaining 11.23 s)
2200000 of 9800000 tuples (22%) done (elapsed 3.28 s, remaining 11.32 s)
2300000 of 9800000 tuples (23%) done (elapsed 3.40 s, remaining 11.07 s)
2400000 of 9800000 tuples (24%) done (elapsed 3.53 s, remaining 10.89 s)
2500000 of 9800000 tuples (25%) done (elapsed 3.70 s, remaining 10.81 s)
2600000 of 9800000 tuples (26%) done (elapsed 3.82 s, remaining 10.58 s)
2700000 of 9800000 tuples (27%) done (elapsed 3.97 s, remaining 10.45 s)
2800000 of 9800000 tuples (28%) done (elapsed 4.16 s, remaining 10.39 s)
2900000 of 9800000 tuples (29%) done (elapsed 4.27 s, remaining 10.16 s)
3000000 of 9800000 tuples (30%) done (elapsed 4.42 s, remaining 10.01 s)
3100000 of 9800000 tuples (31%) done (elapsed 4.58 s, remaining 9.90 s)
3200000 of 9800000 tuples (32%) done (elapsed 4.67 s, remaining 9.64 s)
3300000 of 9800000 tuples (33%) done (elapsed 4.87 s, remaining 9.60 s)
3400000 of 9800000 tuples (34%) done (elapsed 4.99 s, remaining 9.39 s)
3500000 of 9800000 tuples (35%) done (elapsed 5.15 s, remaining 9.27 s)
3600000 of 9800000 tuples (36%) done (elapsed 5.31 s, remaining 9.15 s)
3700000 of 9800000 tuples (37%) done (elapsed 5.39 s, remaining 8.89 s)
3800000 of 9800000 tuples (38%) done (elapsed 5.56 s, remaining 8.78 s)
3900000 of 9800000 tuples (39%) done (elapsed 5.76 s, remaining 8.71 s)
4000000 of 9800000 tuples (40%) done (elapsed 5.84 s, remaining 8.46 s)
4100000 of 9800000 tuples (41%) done (elapsed 6.02 s, remaining 8.37 s)
4200000 of 9800000 tuples (42%) done (elapsed 6.20 s, remaining 8.27 s)
4300000 of 9800000 tuples (43%) done (elapsed 6.28 s, remaining 8.03 s)
4400000 of 9800000 tuples (44%) done (elapsed 6.48 s, remaining 7.95 s)
4500000 of 9800000 tuples (45%) done (elapsed 6.59 s, remaining 7.77 s)
4600000 of 9800000 tuples (46%) done (elapsed 6.75 s, remaining 7.63 s)
4700000 of 9800000 tuples (47%) done (elapsed 6.92 s, remaining 7.51 s)
4800000 of 9800000 tuples (48%) done (elapsed 7.04 s, remaining 7.33 s)
4900000 of 9800000 tuples (50%) done (elapsed 7.18 s, remaining 7.18 s)
5000000 of 9800000 tuples (51%) done (elapsed 7.36 s, remaining 7.07 s)
5100000 of 9800000 tuples (52%) done (elapsed 7.48 s, remaining 6.90 s)
5200000 of 9800000 tuples (53%) done (elapsed 7.64 s, remaining 6.76 s)
5300000 of 9800000 tuples (54%) done (elapsed 7.85 s, remaining 6.66 s)
5400000 of 9800000 tuples (55%) done (elapsed 7.97 s, remaining 6.49 s)
5500000 of 9800000 tuples (56%) done (elapsed 8.31 s, remaining 6.50 s)
5600000 of 9800000 tuples (57%) done (elapsed 8.49 s, remaining 6.36 s)
5700000 of 9800000 tuples (58%) done (elapsed 8.57 s, remaining 6.16 s)
5800000 of 9800000 tuples (59%) done (elapsed 8.77 s, remaining 6.05 s)
5900000 of 9800000 tuples (60%) done (elapsed 8.94 s, remaining 5.91 s)
6000000 of 9800000 tuples (61%) done (elapsed 9.02 s, remaining 5.71 s)
6100000 of 9800000 tuples (62%) done (elapsed 9.19 s, remaining 5.58 s)
6200000 of 9800000 tuples (63%) done (elapsed 9.28 s, remaining 5.39 s)
6300000 of 9800000 tuples (64%) done (elapsed 9.46 s, remaining 5.25 s)
6400000 of 9800000 tuples (65%) done (elapsed 9.66 s, remaining 5.13 s)
6500000 of 9800000 tuples (66%) done (elapsed 9.75 s, remaining 4.95 s)
2019-06-10 08:35:34.797 UTC [34] LOG:  checkpoints are occurring too frequently (10 seconds apart)
2019-06-10 08:35:34.797 UTC [34] HINT:  Consider increasing the configuration parameter "max_wal_size".
6600000 of 9800000 tuples (67%) done (elapsed 9.94 s, remaining 4.82 s)
6700000 of 9800000 tuples (68%) done (elapsed 10.07 s, remaining 4.66 s)
6800000 of 9800000 tuples (69%) done (elapsed 10.21 s, remaining 4.51 s)
6900000 of 9800000 tuples (70%) done (elapsed 10.38 s, remaining 4.36 s)
7000000 of 9800000 tuples (71%) done (elapsed 10.50 s, remaining 4.20 s)
7100000 of 9800000 tuples (72%) done (elapsed 10.66 s, remaining 4.05 s)
7200000 of 9800000 tuples (73%) done (elapsed 10.84 s, remaining 3.91 s)
7300000 of 9800000 tuples (74%) done (elapsed 10.96 s, remaining 3.75 s)
7400000 of 9800000 tuples (75%) done (elapsed 11.10 s, remaining 3.60 s)
7500000 of 9800000 tuples (76%) done (elapsed 11.31 s, remaining 3.47 s)
7600000 of 9800000 tuples (77%) done (elapsed 11.43 s, remaining 3.31 s)
7700000 of 9800000 tuples (78%) done (elapsed 11.59 s, remaining 3.16 s)
7800000 of 9800000 tuples (79%) done (elapsed 11.79 s, remaining 3.02 s)
7900000 of 9800000 tuples (80%) done (elapsed 11.91 s, remaining 2.86 s)
8000000 of 9800000 tuples (81%) done (elapsed 12.05 s, remaining 2.71 s)
8100000 of 9800000 tuples (82%) done (elapsed 12.22 s, remaining 2.56 s)
8200000 of 9800000 tuples (83%) done (elapsed 12.30 s, remaining 2.40 s)
8300000 of 9800000 tuples (84%) done (elapsed 12.49 s, remaining 2.26 s)
8400000 of 9800000 tuples (85%) done (elapsed 12.68 s, remaining 2.11 s)
8500000 of 9800000 tuples (86%) done (elapsed 12.76 s, remaining 1.95 s)
8600000 of 9800000 tuples (87%) done (elapsed 12.95 s, remaining 1.81 s)
8700000 of 9800000 tuples (88%) done (elapsed 13.02 s, remaining 1.65 s)
8800000 of 9800000 tuples (89%) done (elapsed 13.20 s, remaining 1.50 s)
8900000 of 9800000 tuples (90%) done (elapsed 13.40 s, remaining 1.36 s)
9000000 of 9800000 tuples (91%) done (elapsed 13.48 s, remaining 1.20 s)
9100000 of 9800000 tuples (92%) done (elapsed 13.66 s, remaining 1.05 s)
9200000 of 9800000 tuples (93%) done (elapsed 13.77 s, remaining 0.90 s)
9300000 of 9800000 tuples (94%) done (elapsed 13.92 s, remaining 0.75 s)
9400000 of 9800000 tuples (95%) done (elapsed 14.08 s, remaining 0.60 s)
9500000 of 9800000 tuples (96%) done (elapsed 14.21 s, remaining 0.45 s)
9600000 of 9800000 tuples (97%) done (elapsed 14.36 s, remaining 0.30 s)
9700000 of 9800000 tuples (98%) done (elapsed 14.55 s, remaining 0.15 s)
9800000 of 9800000 tuples (100%) done (elapsed 14.67 s, remaining 0.00 s)
vacuuming...
creating primary keys...
done.
PGBENCH_ARGS=-j 16 -c 64 PGBENCH_MORE_ARGS=
starting vacuum...end.
2019-06-10 08:35:51.481 UTC [34] LOG:  checkpoints are occurring too frequently (17 seconds apart)
2019-06-10 08:35:51.481 UTC [34] HINT:  Consider increasing the configuration parameter "max_wal_size".
2019-06-10 08:36:03.654 UTC [34] LOG:  checkpoints are occurring too frequently (12 seconds apart)
2019-06-10 08:36:03.654 UTC [34] HINT:  Consider increasing the configuration parameter "max_wal_size".
2019-06-10 08:36:14.845 UTC [34] LOG:  checkpoints are occurring too frequently (11 seconds apart)
2019-06-10 08:36:14.845 UTC [34] HINT:  Consider increasing the configuration parameter "max_wal_size".
2019-06-10 08:36:26.393 UTC [34] LOG:  checkpoints are occurring too frequently (12 seconds apart)
2019-06-10 08:36:26.393 UTC [34] HINT:  Consider increasing the configuration parameter "max_wal_size".
2019-06-10 08:36:38.701 UTC [34] LOG:  checkpoints are occurring too frequently (12 seconds apart)
2019-06-10 08:36:38.701 UTC [34] HINT:  Consider increasing the configuration parameter "max_wal_size".
transaction type: <builtin: TPC-B (sort of)>
scaling factor: 98
query mode: simple
number of clients: 64
number of threads: 16
duration: 60 s
number of transactions actually processed: 441965
latency average = 8.692 ms
tps = 7362.842470 (including connections establishing)
tps = 7363.852765 (excluding connections establishing)
waiting for server to shut down...2019-06-10 08:36:49.975 UTC [32] LOG:  received fast shutdown request
.2019-06-10 08:36:49.977 UTC [32] LOG:  aborting any active transactions
2019-06-10 08:36:49.979 UTC [32] LOG:  background worker "logical replication launcher" (PID 38) exited with exit code 1
2019-06-10 08:36:50.167 UTC [34] LOG:  shutting down
2019-06-10 08:36:50.194 UTC [32] LOG:  database system is shut down
pgbench with BUFFER_TEST NORMAL_LOAD READ_ONLY
pgbench_entry
PGDATA=/var/lib/postgresql/data
POSTGRES_INITDB_WALDIR=
input parameters: BUFFER_TEST NORMAL_LOAD READ_ONLY
posgresql user mode
HOME=/var/lib/postgresql
PGDATA=/var/lib/postgresql/data
/
The files belonging to this database system will be owned by user "postgres".
This user must also own the server process.

The database cluster will be initialized with locale "C".
The default text search configuration will be set to "english".

Data page checksums are disabled.

fixing permissions on existing directory /var/lib/postgresql/data ... ok
creating subdirectories ... ok
selecting default max_connections ... 100
selecting default shared_buffers ... 128MB
selecting dynamic shared memory implementation ... posix
creating configuration files ... ok
running bootstrap script ... ok
performing post-bootstrap initialization ... ok
syncing data to disk ... ok

Success. You can now start the database server using:

    ./pg_ctl -D /var/lib/postgresql/data -l logfile start


WARNING: enabling "trust" authentication for local connections
You can change this by editing pg_hba.conf or using the option -A, or
--auth-local and --auth-host, the next time you run initdb.
waiting for server to start....2019-06-10 08:36:52.466 UTC [32] LOG:  listening on IPv4 address "0.0.0.0", port 5432
2019-06-10 08:36:52.466 UTC [32] LOG:  listening on IPv6 address "::", port 5432
2019-06-10 08:36:52.469 UTC [32] LOG:  listening on Unix socket "/var/run/postgresql/.s.PGSQL.5432"
2019-06-10 08:36:52.484 UTC [33] LOG:  database system was shut down at 2019-06-10 08:36:52 UTC
2019-06-10 08:36:52.489 UTC [32] LOG:  database system is ready to accept connections
 done
server started
SYS_MEMORY=32938252 NUM_CPU_CORES=16
BUFFER_TEST Selected
SCALING_FACTOR=98
dropping old tables...
NOTICE:  table "pgbench_accounts" does not exist, skipping
NOTICE:  table "pgbench_branches" does not exist, skipping
NOTICE:  table "pgbench_history" does not exist, skipping
NOTICE:  table "pgbench_tellers" does not exist, skipping
creating tables...
generating data...
100000 of 9800000 tuples (1%) done (elapsed 0.07 s, remaining 7.21 s)
200000 of 9800000 tuples (2%) done (elapsed 0.26 s, remaining 12.70 s)
300000 of 9800000 tuples (3%) done (elapsed 0.42 s, remaining 13.45 s)
400000 of 9800000 tuples (4%) done (elapsed 0.53 s, remaining 12.43 s)
500000 of 9800000 tuples (5%) done (elapsed 0.73 s, remaining 13.59 s)
600000 of 9800000 tuples (6%) done (elapsed 0.91 s, remaining 13.89 s)
700000 of 9800000 tuples (7%) done (elapsed 0.99 s, remaining 12.84 s)
800000 of 9800000 tuples (8%) done (elapsed 1.18 s, remaining 13.25 s)
900000 of 9800000 tuples (9%) done (elapsed 1.36 s, remaining 13.42 s)
1000000 of 9800000 tuples (10%) done (elapsed 1.44 s, remaining 12.65 s)
1100000 of 9800000 tuples (11%) done (elapsed 1.63 s, remaining 12.89 s)
1200000 of 9800000 tuples (12%) done (elapsed 1.71 s, remaining 12.24 s)
1300000 of 9800000 tuples (13%) done (elapsed 1.92 s, remaining 12.57 s)
1400000 of 9800000 tuples (14%) done (elapsed 2.12 s, remaining 12.71 s)
1500000 of 9800000 tuples (15%) done (elapsed 2.20 s, remaining 12.19 s)
1600000 of 9800000 tuples (16%) done (elapsed 2.42 s, remaining 12.39 s)
1700000 of 9800000 tuples (17%) done (elapsed 2.53 s, remaining 12.07 s)
1800000 of 9800000 tuples (18%) done (elapsed 2.69 s, remaining 11.94 s)
1900000 of 9800000 tuples (19%) done (elapsed 3.05 s, remaining 12.66 s)
2000000 of 9800000 tuples (20%) done (elapsed 3.17 s, remaining 12.35 s)
2100000 of 9800000 tuples (21%) done (elapsed 3.32 s, remaining 12.19 s)
2200000 of 9800000 tuples (22%) done (elapsed 3.50 s, remaining 12.08 s)
2300000 of 9800000 tuples (23%) done (elapsed 3.61 s, remaining 11.77 s)
2400000 of 9800000 tuples (24%) done (elapsed 3.75 s, remaining 11.56 s)
2500000 of 9800000 tuples (25%) done (elapsed 3.92 s, remaining 11.44 s)
2600000 of 9800000 tuples (26%) done (elapsed 4.03 s, remaining 11.17 s)
2700000 of 9800000 tuples (27%) done (elapsed 4.19 s, remaining 11.01 s)
2800000 of 9800000 tuples (28%) done (elapsed 4.37 s, remaining 10.92 s)
2900000 of 9800000 tuples (29%) done (elapsed 4.48 s, remaining 10.67 s)
3000000 of 9800000 tuples (30%) done (elapsed 4.63 s, remaining 10.49 s)
3100000 of 9800000 tuples (31%) done (elapsed 4.79 s, remaining 10.35 s)
3200000 of 9800000 tuples (32%) done (elapsed 4.88 s, remaining 10.07 s)
3300000 of 9800000 tuples (33%) done (elapsed 5.09 s, remaining 10.02 s)
3400000 of 9800000 tuples (34%) done (elapsed 5.20 s, remaining 9.78 s)
3500000 of 9800000 tuples (35%) done (elapsed 5.36 s, remaining 9.65 s)
3600000 of 9800000 tuples (36%) done (elapsed 5.51 s, remaining 9.50 s)
3700000 of 9800000 tuples (37%) done (elapsed 5.60 s, remaining 9.23 s)
3800000 of 9800000 tuples (38%) done (elapsed 5.81 s, remaining 9.18 s)
3900000 of 9800000 tuples (39%) done (elapsed 6.01 s, remaining 9.09 s)
4000000 of 9800000 tuples (40%) done (elapsed 6.09 s, remaining 8.84 s)
4100000 of 9800000 tuples (41%) done (elapsed 6.50 s, remaining 9.04 s)
4200000 of 9800000 tuples (42%) done (elapsed 6.62 s, remaining 8.83 s)
4300000 of 9800000 tuples (43%) done (elapsed 6.80 s, remaining 8.70 s)
4400000 of 9800000 tuples (44%) done (elapsed 6.97 s, remaining 8.55 s)
4500000 of 9800000 tuples (45%) done (elapsed 7.09 s, remaining 8.35 s)
4600000 of 9800000 tuples (46%) done (elapsed 7.26 s, remaining 8.20 s)
4700000 of 9800000 tuples (47%) done (elapsed 7.43 s, remaining 8.06 s)
4800000 of 9800000 tuples (48%) done (elapsed 7.56 s, remaining 7.87 s)
4900000 of 9800000 tuples (50%) done (elapsed 7.70 s, remaining 7.70 s)
5000000 of 9800000 tuples (51%) done (elapsed 7.89 s, remaining 7.58 s)
5100000 of 9800000 tuples (52%) done (elapsed 8.01 s, remaining 7.38 s)
5200000 of 9800000 tuples (53%) done (elapsed 8.17 s, remaining 7.22 s)
5300000 of 9800000 tuples (54%) done (elapsed 8.37 s, remaining 7.11 s)
5400000 of 9800000 tuples (55%) done (elapsed 8.48 s, remaining 6.91 s)
5500000 of 9800000 tuples (56%) done (elapsed 8.62 s, remaining 6.74 s)
5600000 of 9800000 tuples (57%) done (elapsed 8.80 s, remaining 6.60 s)
5700000 of 9800000 tuples (58%) done (elapsed 8.89 s, remaining 6.39 s)
5800000 of 9800000 tuples (59%) done (elapsed 9.09 s, remaining 6.27 s)
5900000 of 9800000 tuples (60%) done (elapsed 9.27 s, remaining 6.13 s)
6000000 of 9800000 tuples (61%) done (elapsed 9.35 s, remaining 5.92 s)
6100000 of 9800000 tuples (62%) done (elapsed 9.54 s, remaining 5.79 s)
6200000 of 9800000 tuples (63%) done (elapsed 9.63 s, remaining 5.59 s)
6300000 of 9800000 tuples (64%) done (elapsed 9.82 s, remaining 5.46 s)
6400000 of 9800000 tuples (65%) done (elapsed 10.02 s, remaining 5.32 s)
6500000 of 9800000 tuples (66%) done (elapsed 10.10 s, remaining 5.13 s)
2019-06-10 08:37:13.046 UTC [34] LOG:  checkpoints are occurring too frequently (11 seconds apart)
2019-06-10 08:37:13.046 UTC [34] HINT:  Consider increasing the configuration parameter "max_wal_size".
6600000 of 9800000 tuples (67%) done (elapsed 10.32 s, remaining 5.00 s)
6700000 of 9800000 tuples (68%) done (elapsed 10.43 s, remaining 4.83 s)
6800000 of 9800000 tuples (69%) done (elapsed 10.59 s, remaining 4.67 s)
6900000 of 9800000 tuples (70%) done (elapsed 10.79 s, remaining 4.54 s)
7000000 of 9800000 tuples (71%) done (elapsed 10.90 s, remaining 4.36 s)
7100000 of 9800000 tuples (72%) done (elapsed 11.07 s, remaining 4.21 s)
7200000 of 9800000 tuples (73%) done (elapsed 11.24 s, remaining 4.06 s)
7300000 of 9800000 tuples (74%) done (elapsed 11.36 s, remaining 3.89 s)
7400000 of 9800000 tuples (75%) done (elapsed 11.52 s, remaining 3.74 s)
7500000 of 9800000 tuples (76%) done (elapsed 11.68 s, remaining 3.58 s)
7600000 of 9800000 tuples (77%) done (elapsed 11.76 s, remaining 3.40 s)
7700000 of 9800000 tuples (78%) done (elapsed 11.94 s, remaining 3.26 s)
7800000 of 9800000 tuples (79%) done (elapsed 12.11 s, remaining 3.11 s)
7900000 of 9800000 tuples (80%) done (elapsed 12.19 s, remaining 2.93 s)
8000000 of 9800000 tuples (81%) done (elapsed 12.39 s, remaining 2.79 s)
8100000 of 9800000 tuples (82%) done (elapsed 12.56 s, remaining 2.64 s)
8200000 of 9800000 tuples (83%) done (elapsed 12.63 s, remaining 2.47 s)
8300000 of 9800000 tuples (84%) done (elapsed 12.81 s, remaining 2.32 s)
8400000 of 9800000 tuples (85%) done (elapsed 12.99 s, remaining 2.17 s)
8500000 of 9800000 tuples (86%) done (elapsed 13.07 s, remaining 2.00 s)
8600000 of 9800000 tuples (87%) done (elapsed 13.27 s, remaining 1.85 s)
8700000 of 9800000 tuples (88%) done (elapsed 13.35 s, remaining 1.69 s)
8800000 of 9800000 tuples (89%) done (elapsed 13.52 s, remaining 1.54 s)
8900000 of 9800000 tuples (90%) done (elapsed 13.70 s, remaining 1.39 s)
9000000 of 9800000 tuples (91%) done (elapsed 13.78 s, remaining 1.22 s)
9100000 of 9800000 tuples (92%) done (elapsed 13.95 s, remaining 1.07 s)
9200000 of 9800000 tuples (93%) done (elapsed 14.06 s, remaining 0.92 s)
9300000 of 9800000 tuples (94%) done (elapsed 14.22 s, remaining 0.76 s)
9400000 of 9800000 tuples (95%) done (elapsed 14.39 s, remaining 0.61 s)
9500000 of 9800000 tuples (96%) done (elapsed 14.50 s, remaining 0.46 s)
9600000 of 9800000 tuples (97%) done (elapsed 14.67 s, remaining 0.31 s)
9700000 of 9800000 tuples (98%) done (elapsed 14.84 s, remaining 0.15 s)
9800000 of 9800000 tuples (100%) done (elapsed 14.97 s, remaining 0.00 s)
vacuuming...
creating primary keys...
done.
PGBENCH_ARGS=-j 16 -c 64 PGBENCH_MORE_ARGS=-S
starting vacuum...end.
transaction type: <builtin: select only>
scaling factor: 98
query mode: simple
number of clients: 64
number of threads: 16
duration: 60 s
number of transactions actually processed: 8182443
latency average = 0.469 ms
tps = 136316.834483 (including connections establishing)
tps = 136336.645962 (excluding connections establishing)
waiting for server to shut down...2019-06-10 08:38:30.206 UTC [32] LOG:  received fast shutdown request
.2019-06-10 08:38:30.209 UTC [32] LOG:  aborting any active transactions
2019-06-10 08:38:30.210 UTC [32] LOG:  background worker "logical replication launcher" (PID 38) exited with exit code 1
2019-06-10 08:38:30.339 UTC [34] LOG:  shutting down
2019-06-10 08:38:30.365 UTC [32] LOG:  database system is shut down
pgbench with BUFFER_TEST HEAVY_CONTENTION READ_WRITE
pgbench_entry
PGDATA=/var/lib/postgresql/data
POSTGRES_INITDB_WALDIR=
input parameters: BUFFER_TEST HEAVY_CONTENTION READ_WRITE
posgresql user mode
HOME=/var/lib/postgresql
PGDATA=/var/lib/postgresql/data
/
The files belonging to this database system will be owned by user "postgres".
This user must also own the server process.

The database cluster will be initialized with locale "C".
The default text search configuration will be set to "english".

Data page checksums are disabled.

fixing permissions on existing directory /var/lib/postgresql/data ... ok
creating subdirectories ... ok
selecting default max_connections ... 100
selecting default shared_buffers ... 128MB
selecting dynamic shared memory implementation ... posix
creating configuration files ... ok
running bootstrap script ... ok
performing post-bootstrap initialization ... ok
syncing data to disk ... ok

Success. You can now start the database server using:

    ./pg_ctl -D /var/lib/postgresql/data -l logfile start


WARNING: enabling "trust" authentication for local connections
You can change this by editing pg_hba.conf or using the option -A, or
--auth-local and --auth-host, the next time you run initdb.
waiting for server to start....2019-06-10 08:38:32.556 UTC [32] LOG:  listening on IPv4 address "0.0.0.0", port 5432
2019-06-10 08:38:32.556 UTC [32] LOG:  listening on IPv6 address "::", port 5432
2019-06-10 08:38:32.559 UTC [32] LOG:  listening on Unix socket "/var/run/postgresql/.s.PGSQL.5432"
2019-06-10 08:38:32.574 UTC [33] LOG:  database system was shut down at 2019-06-10 08:38:32 UTC
2019-06-10 08:38:32.578 UTC [32] LOG:  database system is ready to accept connections
 done
server started
SYS_MEMORY=32938252 NUM_CPU_CORES=16
BUFFER_TEST Selected
SCALING_FACTOR=98
dropping old tables...
NOTICE:  table "pgbench_accounts" does not exist, skipping
NOTICE:  table "pgbench_branches" does not exist, skipping
NOTICE:  table "pgbench_history" does not exist, skipping
NOTICE:  table "pgbench_tellers" does not exist, skipping
creating tables...
generating data...
100000 of 9800000 tuples (1%) done (elapsed 0.07 s, remaining 7.10 s)
200000 of 9800000 tuples (2%) done (elapsed 0.26 s, remaining 12.34 s)
300000 of 9800000 tuples (3%) done (elapsed 0.42 s, remaining 13.22 s)
400000 of 9800000 tuples (4%) done (elapsed 0.52 s, remaining 12.33 s)
500000 of 9800000 tuples (5%) done (elapsed 0.73 s, remaining 13.52 s)
600000 of 9800000 tuples (6%) done (elapsed 0.90 s, remaining 13.83 s)
700000 of 9800000 tuples (7%) done (elapsed 0.98 s, remaining 12.80 s)
800000 of 9800000 tuples (8%) done (elapsed 1.17 s, remaining 13.15 s)
900000 of 9800000 tuples (9%) done (elapsed 1.35 s, remaining 13.32 s)
1000000 of 9800000 tuples (10%) done (elapsed 1.43 s, remaining 12.56 s)
1100000 of 9800000 tuples (11%) done (elapsed 1.61 s, remaining 12.72 s)
1200000 of 9800000 tuples (12%) done (elapsed 1.69 s, remaining 12.11 s)
1300000 of 9800000 tuples (13%) done (elapsed 1.87 s, remaining 12.22 s)
1400000 of 9800000 tuples (14%) done (elapsed 2.07 s, remaining 12.40 s)
1500000 of 9800000 tuples (15%) done (elapsed 2.15 s, remaining 11.92 s)
1600000 of 9800000 tuples (16%) done (elapsed 2.35 s, remaining 12.06 s)
1700000 of 9800000 tuples (17%) done (elapsed 2.47 s, remaining 11.79 s)
1800000 of 9800000 tuples (18%) done (elapsed 2.62 s, remaining 11.65 s)
1900000 of 9800000 tuples (19%) done (elapsed 2.79 s, remaining 11.61 s)
2000000 of 9800000 tuples (20%) done (elapsed 2.92 s, remaining 11.38 s)
2100000 of 9800000 tuples (21%) done (elapsed 3.08 s, remaining 11.29 s)
2200000 of 9800000 tuples (22%) done (elapsed 3.30 s, remaining 11.38 s)
2300000 of 9800000 tuples (23%) done (elapsed 3.42 s, remaining 11.14 s)
2400000 of 9800000 tuples (24%) done (elapsed 3.56 s, remaining 10.98 s)
2500000 of 9800000 tuples (25%) done (elapsed 3.77 s, remaining 11.01 s)
2600000 of 9800000 tuples (26%) done (elapsed 3.88 s, remaining 10.75 s)
2700000 of 9800000 tuples (27%) done (elapsed 4.04 s, remaining 10.63 s)
2800000 of 9800000 tuples (28%) done (elapsed 4.22 s, remaining 10.55 s)
2900000 of 9800000 tuples (29%) done (elapsed 4.34 s, remaining 10.32 s)
3000000 of 9800000 tuples (30%) done (elapsed 4.48 s, remaining 10.15 s)
3100000 of 9800000 tuples (31%) done (elapsed 4.65 s, remaining 10.05 s)
3200000 of 9800000 tuples (32%) done (elapsed 4.73 s, remaining 9.76 s)
3300000 of 9800000 tuples (33%) done (elapsed 4.93 s, remaining 9.71 s)
3400000 of 9800000 tuples (34%) done (elapsed 5.13 s, remaining 9.65 s)
3500000 of 9800000 tuples (35%) done (elapsed 5.21 s, remaining 9.38 s)
3600000 of 9800000 tuples (36%) done (elapsed 5.39 s, remaining 9.28 s)
3700000 of 9800000 tuples (37%) done (elapsed 5.48 s, remaining 9.03 s)
3800000 of 9800000 tuples (38%) done (elapsed 5.65 s, remaining 8.91 s)
3900000 of 9800000 tuples (39%) done (elapsed 5.83 s, remaining 8.81 s)
4000000 of 9800000 tuples (40%) done (elapsed 5.91 s, remaining 8.57 s)
4100000 of 9800000 tuples (41%) done (elapsed 6.10 s, remaining 8.48 s)
4200000 of 9800000 tuples (42%) done (elapsed 6.21 s, remaining 8.28 s)
4300000 of 9800000 tuples (43%) done (elapsed 6.36 s, remaining 8.13 s)
4400000 of 9800000 tuples (44%) done (elapsed 6.52 s, remaining 8.00 s)
4500000 of 9800000 tuples (45%) done (elapsed 6.63 s, remaining 7.81 s)
4600000 of 9800000 tuples (46%) done (elapsed 6.78 s, remaining 7.67 s)
4700000 of 9800000 tuples (47%) done (elapsed 6.98 s, remaining 7.57 s)
4800000 of 9800000 tuples (48%) done (elapsed 7.10 s, remaining 7.40 s)
4900000 of 9800000 tuples (50%) done (elapsed 7.24 s, remaining 7.24 s)
5000000 of 9800000 tuples (51%) done (elapsed 7.42 s, remaining 7.12 s)
5100000 of 9800000 tuples (52%) done (elapsed 7.53 s, remaining 6.94 s)
5200000 of 9800000 tuples (53%) done (elapsed 7.70 s, remaining 6.81 s)
5300000 of 9800000 tuples (54%) done (elapsed 7.86 s, remaining 6.68 s)
5400000 of 9800000 tuples (55%) done (elapsed 7.99 s, remaining 6.51 s)
5500000 of 9800000 tuples (56%) done (elapsed 8.12 s, remaining 6.35 s)
5600000 of 9800000 tuples (57%) done (elapsed 8.48 s, remaining 6.36 s)
5700000 of 9800000 tuples (58%) done (elapsed 8.56 s, remaining 6.15 s)
5800000 of 9800000 tuples (59%) done (elapsed 8.75 s, remaining 6.04 s)
5900000 of 9800000 tuples (60%) done (elapsed 8.93 s, remaining 5.90 s)
6000000 of 9800000 tuples (61%) done (elapsed 9.01 s, remaining 5.71 s)
6100000 of 9800000 tuples (62%) done (elapsed 9.19 s, remaining 5.57 s)
6200000 of 9800000 tuples (63%) done (elapsed 9.37 s, remaining 5.44 s)
6300000 of 9800000 tuples (64%) done (elapsed 9.44 s, remaining 5.25 s)
6400000 of 9800000 tuples (65%) done (elapsed 9.66 s, remaining 5.13 s)
6500000 of 9800000 tuples (66%) done (elapsed 9.74 s, remaining 4.94 s)
2019-06-10 08:38:52.776 UTC [34] LOG:  checkpoints are occurring too frequently (10 seconds apart)
2019-06-10 08:38:52.776 UTC [34] HINT:  Consider increasing the configuration parameter "max_wal_size".
6600000 of 9800000 tuples (67%) done (elapsed 9.92 s, remaining 4.81 s)
6700000 of 9800000 tuples (68%) done (elapsed 10.03 s, remaining 4.64 s)
6800000 of 9800000 tuples (69%) done (elapsed 10.18 s, remaining 4.49 s)
6900000 of 9800000 tuples (70%) done (elapsed 10.38 s, remaining 4.36 s)
7000000 of 9800000 tuples (71%) done (elapsed 10.49 s, remaining 4.20 s)
7100000 of 9800000 tuples (72%) done (elapsed 10.65 s, remaining 4.05 s)
7200000 of 9800000 tuples (73%) done (elapsed 10.83 s, remaining 3.91 s)
7300000 of 9800000 tuples (74%) done (elapsed 10.95 s, remaining 3.75 s)
7400000 of 9800000 tuples (75%) done (elapsed 11.08 s, remaining 3.59 s)
7500000 of 9800000 tuples (76%) done (elapsed 11.26 s, remaining 3.45 s)
7600000 of 9800000 tuples (77%) done (elapsed 11.37 s, remaining 3.29 s)
7700000 of 9800000 tuples (78%) done (elapsed 11.52 s, remaining 3.14 s)
7800000 of 9800000 tuples (79%) done (elapsed 11.71 s, remaining 3.00 s)
7900000 of 9800000 tuples (80%) done (elapsed 11.82 s, remaining 2.84 s)
8000000 of 9800000 tuples (81%) done (elapsed 11.97 s, remaining 2.69 s)
8100000 of 9800000 tuples (82%) done (elapsed 12.14 s, remaining 2.55 s)
8200000 of 9800000 tuples (83%) done (elapsed 12.22 s, remaining 2.38 s)
8300000 of 9800000 tuples (84%) done (elapsed 12.42 s, remaining 2.24 s)
8400000 of 9800000 tuples (85%) done (elapsed 12.63 s, remaining 2.10 s)
8500000 of 9800000 tuples (86%) done (elapsed 12.71 s, remaining 1.94 s)
8600000 of 9800000 tuples (87%) done (elapsed 12.89 s, remaining 1.80 s)
8700000 of 9800000 tuples (88%) done (elapsed 12.97 s, remaining 1.64 s)
8800000 of 9800000 tuples (89%) done (elapsed 13.14 s, remaining 1.49 s)
8900000 of 9800000 tuples (90%) done (elapsed 13.33 s, remaining 1.35 s)
9000000 of 9800000 tuples (91%) done (elapsed 13.41 s, remaining 1.19 s)
9100000 of 9800000 tuples (92%) done (elapsed 13.59 s, remaining 1.05 s)
9200000 of 9800000 tuples (93%) done (elapsed 13.71 s, remaining 0.89 s)
9300000 of 9800000 tuples (94%) done (elapsed 13.85 s, remaining 0.74 s)
9400000 of 9800000 tuples (95%) done (elapsed 14.01 s, remaining 0.60 s)
9500000 of 9800000 tuples (96%) done (elapsed 14.13 s, remaining 0.45 s)
9600000 of 9800000 tuples (97%) done (elapsed 14.28 s, remaining 0.30 s)
9700000 of 9800000 tuples (98%) done (elapsed 14.47 s, remaining 0.15 s)
9800000 of 9800000 tuples (100%) done (elapsed 14.59 s, remaining 0.00 s)
vacuuming...
creating primary keys...
done.
PGBENCH_ARGS=-j 32 -c 256 PGBENCH_MORE_ARGS=
starting vacuum...end.
connection to database "pgbench" failed:
FATAL:  sorry, too many clients already
2019-06-10 08:39:10.034 UTC [186] FATAL:  sorry, too many clients already
2019-06-10 08:39:10.034 UTC [187] FATAL:  sorry, too many clients already
connection to database "pgbench" failed:
FATAL:  sorry, too many clients already
2019-06-10 08:39:10.036 UTC [192] FATAL:  sorry, too many clients already
connection to database "pgbench" failed:
FATAL:  sorry, too many clients already
2019-06-10 08:39:10.037 UTC [195] FATAL:  sorry, too many clients already
connection to database "pgbench" failed:
FATAL:  sorry, too many clients already
connection to database "pgbench" failed:
FATAL:  sorry, too many clients already
2019-06-10 08:39:10.039 UTC [198] FATAL:  sorry, too many clients already
2019-06-10 08:39:10.041 UTC [203] FATAL:  sorry, too many clients already
2019-06-10 08:39:10.041 UTC [202] FATAL:  sorry, too many clients already
connection to database "pgbench" failed:
FATAL:  sorry, too many clients already
connection to database "pgbench" failed:
FATAL:  sorry, too many clients already
2019-06-10 08:39:10.044 UTC [210] FATAL:  sorry, too many clients already
connection to database "pgbench" failed:
FATAL:  sorry, too many clients already
connection to database "pgbench" failed:
FATAL:  sorry, too many clients already
2019-06-10 08:39:10.055 UTC [215] FATAL:  sorry, too many clients already
2019-06-10 08:39:10.057 UTC [219] FATAL:  sorry, too many clients already
connection to database "pgbench" failed:
FATAL:  sorry, too many clients already
2019-06-10 08:39:10.060 UTC [225] FATAL:  sorry, too many clients already
connection to database "pgbench" failed:
FATAL:  sorry, too many clients already
2019-06-10 08:39:10.062 UTC [231] FATAL:  sorry, too many clients already
connection to database "pgbench" failed:
FATAL:  sorry, too many clients already
2019-06-10 08:39:10.064 UTC [236] FATAL:  sorry, too many clients already
2019-06-10 08:39:10.064 UTC [235] FATAL:  sorry, too many clients already
connection to database "pgbench" failed:
FATAL:  sorry, too many clients already
connection to database "pgbench" failed:
FATAL:  sorry, too many clients already
2019-06-10 08:39:10.069 UTC [245] FATAL:  sorry, too many clients already
connection to database "pgbench" failed:
FATAL:  sorry, too many clients already
2019-06-10 08:39:10.072 UTC [252] FATAL:  sorry, too many clients already
connection to database "pgbench" failed:
FATAL:  sorry, too many clients already
2019-06-10 08:39:10.072 UTC [253] FATAL:  sorry, too many clients already
connection to database "pgbench" failed:
FATAL:  sorry, too many clients already
2019-06-10 08:39:10.077 UTC [264] FATAL:  sorry, too many clients already
connection to database "pgbench" failed:
FATAL:  sorry, too many clients already
2019-06-10 08:39:10.081 UTC [271] FATAL:  sorry, too many clients already
connection to database "pgbench" failed:
FATAL:  sorry, too many clients already
2019-06-10 08:39:10.088 UTC [279] FATAL:  sorry, too many clients already
connection to database "pgbench" failed:
FATAL:  sorry, too many clients already
2019-06-10 08:39:11.570 UTC [34] LOG:  checkpoints are occurring too frequently (19 seconds apart)
2019-06-10 08:39:11.570 UTC [34] HINT:  Consider increasing the configuration parameter "max_wal_size".
2019-06-10 08:39:23.722 UTC [34] LOG:  checkpoints are occurring too frequently (12 seconds apart)
2019-06-10 08:39:23.722 UTC [34] HINT:  Consider increasing the configuration parameter "max_wal_size".
2019-06-10 08:39:34.557 UTC [34] LOG:  checkpoints are occurring too frequently (11 seconds apart)
2019-06-10 08:39:34.557 UTC [34] HINT:  Consider increasing the configuration parameter "max_wal_size".
2019-06-10 08:39:45.498 UTC [34] LOG:  checkpoints are occurring too frequently (11 seconds apart)
2019-06-10 08:39:45.498 UTC [34] HINT:  Consider increasing the configuration parameter "max_wal_size".
2019-06-10 08:39:57.448 UTC [34] LOG:  checkpoints are occurring too frequently (12 seconds apart)
2019-06-10 08:39:57.448 UTC [34] HINT:  Consider increasing the configuration parameter "max_wal_size".
2019-06-10 08:40:08.765 UTC [34] LOG:  checkpoints are occurring too frequently (11 seconds apart)
2019-06-10 08:40:08.765 UTC [34] HINT:  Consider increasing the configuration parameter "max_wal_size".
transaction type: <builtin: TPC-B (sort of)>
scaling factor: 98
query mode: simple
number of clients: 256
number of threads: 32
duration: 60 s
number of transactions actually processed: 477689
latency average = 32.177 ms
tps = 7956.041506 (including connections establishing)
tps = 7956.848713 (excluding connections establishing)
2019-06-10 08:40:10.142 UTC [32] LOG:  received fast shutdown request
waiting for server to shut down....2019-06-10 08:40:10.144 UTC [32] LOG:  aborting any active transactions
2019-06-10 08:40:10.146 UTC [32] LOG:  background worker "logical replication launcher" (PID 38) exited with exit code 1
2019-06-10 08:40:10.344 UTC [34] LOG:  shutting down
2019-06-10 08:40:10.371 UTC [32] LOG:  database system is shut down
pgbench with BUFFER_TEST HEAVY_CONTENTION READ_ONLY
pgbench_entry
PGDATA=/var/lib/postgresql/data
POSTGRES_INITDB_WALDIR=
input parameters: BUFFER_TEST HEAVY_CONTENTION READ_ONLY
posgresql user mode
HOME=/var/lib/postgresql
PGDATA=/var/lib/postgresql/data
/
The files belonging to this database system will be owned by user "postgres".
This user must also own the server process.

The database cluster will be initialized with locale "C".
The default text search configuration will be set to "english".

Data page checksums are disabled.

fixing permissions on existing directory /var/lib/postgresql/data ... ok
creating subdirectories ... ok
selecting default max_connections ... 100
selecting default shared_buffers ... 128MB
selecting dynamic shared memory implementation ... posix
creating configuration files ... ok
running bootstrap script ... ok
performing post-bootstrap initialization ... ok
syncing data to disk ... ok

Success. You can now start the database server using:

    ./pg_ctl -D /var/lib/postgresql/data -l logfile start


WARNING: enabling "trust" authentication for local connections
You can change this by editing pg_hba.conf or using the option -A, or
--auth-local and --auth-host, the next time you run initdb.
waiting for server to start....2019-06-10 08:40:12.575 UTC [32] LOG:  listening on IPv4 address "0.0.0.0", port 5432
2019-06-10 08:40:12.575 UTC [32] LOG:  listening on IPv6 address "::", port 5432
2019-06-10 08:40:12.578 UTC [32] LOG:  listening on Unix socket "/var/run/postgresql/.s.PGSQL.5432"
2019-06-10 08:40:12.592 UTC [33] LOG:  database system was shut down at 2019-06-10 08:40:12 UTC
2019-06-10 08:40:12.599 UTC [32] LOG:  database system is ready to accept connections
 done
server started
SYS_MEMORY=32938252 NUM_CPU_CORES=16
BUFFER_TEST Selected
SCALING_FACTOR=98
dropping old tables...
NOTICE:  table "pgbench_accounts" does not exist, skipping
NOTICE:  table "pgbench_branches" does not exist, skipping
NOTICE:  table "pgbench_history" does not exist, skipping
NOTICE:  table "pgbench_tellers" does not exist, skipping
creating tables...
generating data...
100000 of 9800000 tuples (1%) done (elapsed 0.07 s, remaining 7.06 s)
200000 of 9800000 tuples (2%) done (elapsed 0.27 s, remaining 12.77 s)
300000 of 9800000 tuples (3%) done (elapsed 0.34 s, remaining 10.85 s)
400000 of 9800000 tuples (4%) done (elapsed 0.53 s, remaining 12.55 s)
500000 of 9800000 tuples (5%) done (elapsed 0.73 s, remaining 13.53 s)
600000 of 9800000 tuples (6%) done (elapsed 0.91 s, remaining 13.94 s)
700000 of 9800000 tuples (7%) done (elapsed 0.99 s, remaining 12.90 s)
800000 of 9800000 tuples (8%) done (elapsed 1.17 s, remaining 13.19 s)
900000 of 9800000 tuples (9%) done (elapsed 1.35 s, remaining 13.33 s)
1000000 of 9800000 tuples (10%) done (elapsed 1.43 s, remaining 12.56 s)
1100000 of 9800000 tuples (11%) done (elapsed 1.61 s, remaining 12.70 s)
1200000 of 9800000 tuples (12%) done (elapsed 1.69 s, remaining 12.11 s)
1300000 of 9800000 tuples (13%) done (elapsed 1.90 s, remaining 12.44 s)
1400000 of 9800000 tuples (14%) done (elapsed 2.10 s, remaining 12.61 s)
1500000 of 9800000 tuples (15%) done (elapsed 2.19 s, remaining 12.10 s)
1600000 of 9800000 tuples (16%) done (elapsed 2.39 s, remaining 12.27 s)
1700000 of 9800000 tuples (17%) done (elapsed 2.58 s, remaining 12.31 s)
1800000 of 9800000 tuples (18%) done (elapsed 2.66 s, remaining 11.82 s)
1900000 of 9800000 tuples (19%) done (elapsed 2.82 s, remaining 11.74 s)
2000000 of 9800000 tuples (20%) done (elapsed 2.95 s, remaining 11.49 s)
2100000 of 9800000 tuples (21%) done (elapsed 3.10 s, remaining 11.37 s)
2200000 of 9800000 tuples (22%) done (elapsed 3.27 s, remaining 11.29 s)
2300000 of 9800000 tuples (23%) done (elapsed 3.39 s, remaining 11.06 s)
2400000 of 9800000 tuples (24%) done (elapsed 3.53 s, remaining 10.88 s)
2500000 of 9800000 tuples (25%) done (elapsed 3.70 s, remaining 10.80 s)
2600000 of 9800000 tuples (26%) done (elapsed 3.82 s, remaining 10.57 s)
2700000 of 9800000 tuples (27%) done (elapsed 3.98 s, remaining 10.45 s)
2800000 of 9800000 tuples (28%) done (elapsed 4.16 s, remaining 10.39 s)
2900000 of 9800000 tuples (29%) done (elapsed 4.27 s, remaining 10.16 s)
3000000 of 9800000 tuples (30%) done (elapsed 4.42 s, remaining 10.01 s)
3100000 of 9800000 tuples (31%) done (elapsed 4.59 s, remaining 9.91 s)
3200000 of 9800000 tuples (32%) done (elapsed 4.67 s, remaining 9.63 s)
3300000 of 9800000 tuples (33%) done (elapsed 4.88 s, remaining 9.61 s)
3400000 of 9800000 tuples (34%) done (elapsed 4.99 s, remaining 9.39 s)
3500000 of 9800000 tuples (35%) done (elapsed 5.15 s, remaining 9.27 s)
3600000 of 9800000 tuples (36%) done (elapsed 5.31 s, remaining 9.15 s)
3700000 of 9800000 tuples (37%) done (elapsed 5.52 s, remaining 9.10 s)
3800000 of 9800000 tuples (38%) done (elapsed 5.60 s, remaining 8.84 s)
3900000 of 9800000 tuples (39%) done (elapsed 5.80 s, remaining 8.78 s)
4000000 of 9800000 tuples (40%) done (elapsed 5.88 s, remaining 8.53 s)
4100000 of 9800000 tuples (41%) done (elapsed 6.09 s, remaining 8.46 s)
4200000 of 9800000 tuples (42%) done (elapsed 6.21 s, remaining 8.28 s)
4300000 of 9800000 tuples (43%) done (elapsed 6.35 s, remaining 8.13 s)
4400000 of 9800000 tuples (44%) done (elapsed 6.51 s, remaining 8.00 s)
4500000 of 9800000 tuples (45%) done (elapsed 6.64 s, remaining 7.82 s)
4600000 of 9800000 tuples (46%) done (elapsed 6.79 s, remaining 7.67 s)
4700000 of 9800000 tuples (47%) done (elapsed 6.97 s, remaining 7.56 s)
4800000 of 9800000 tuples (48%) done (elapsed 7.09 s, remaining 7.38 s)
4900000 of 9800000 tuples (50%) done (elapsed 7.23 s, remaining 7.23 s)
5000000 of 9800000 tuples (51%) done (elapsed 7.40 s, remaining 7.10 s)
5100000 of 9800000 tuples (52%) done (elapsed 7.51 s, remaining 6.92 s)
5200000 of 9800000 tuples (53%) done (elapsed 7.67 s, remaining 6.78 s)
5300000 of 9800000 tuples (54%) done (elapsed 7.85 s, remaining 6.66 s)
5400000 of 9800000 tuples (55%) done (elapsed 7.96 s, remaining 6.49 s)
5500000 of 9800000 tuples (56%) done (elapsed 8.11 s, remaining 6.34 s)
5600000 of 9800000 tuples (57%) done (elapsed 8.27 s, remaining 6.20 s)
5700000 of 9800000 tuples (58%) done (elapsed 8.36 s, remaining 6.01 s)
5800000 of 9800000 tuples (59%) done (elapsed 8.55 s, remaining 5.89 s)
5900000 of 9800000 tuples (60%) done (elapsed 8.73 s, remaining 5.77 s)
6000000 of 9800000 tuples (61%) done (elapsed 8.81 s, remaining 5.58 s)
6100000 of 9800000 tuples (62%) done (elapsed 8.99 s, remaining 5.45 s)
6200000 of 9800000 tuples (63%) done (elapsed 9.16 s, remaining 5.32 s)
6300000 of 9800000 tuples (64%) done (elapsed 9.24 s, remaining 5.13 s)
6400000 of 9800000 tuples (65%) done (elapsed 9.44 s, remaining 5.01 s)
6500000 of 9800000 tuples (66%) done (elapsed 9.52 s, remaining 4.83 s)
2019-06-10 08:40:32.566 UTC [34] LOG:  checkpoints are occurring too frequently (10 seconds apart)
2019-06-10 08:40:32.566 UTC [34] HINT:  Consider increasing the configuration parameter "max_wal_size".
6600000 of 9800000 tuples (67%) done (elapsed 9.69 s, remaining 4.70 s)
6700000 of 9800000 tuples (68%) done (elapsed 9.89 s, remaining 4.58 s)
6800000 of 9800000 tuples (69%) done (elapsed 9.98 s, remaining 4.40 s)
6900000 of 9800000 tuples (70%) done (elapsed 10.19 s, remaining 4.28 s)
7000000 of 9800000 tuples (71%) done (elapsed 10.31 s, remaining 4.12 s)
7100000 of 9800000 tuples (72%) done (elapsed 10.48 s, remaining 3.98 s)
7200000 of 9800000 tuples (73%) done (elapsed 10.69 s, remaining 3.86 s)
7300000 of 9800000 tuples (74%) done (elapsed 10.80 s, remaining 3.70 s)
7400000 of 9800000 tuples (75%) done (elapsed 10.96 s, remaining 3.55 s)
7500000 of 9800000 tuples (76%) done (elapsed 11.17 s, remaining 3.43 s)
7600000 of 9800000 tuples (77%) done (elapsed 11.28 s, remaining 3.27 s)
7700000 of 9800000 tuples (78%) done (elapsed 11.44 s, remaining 3.12 s)
7800000 of 9800000 tuples (79%) done (elapsed 11.66 s, remaining 2.99 s)
7900000 of 9800000 tuples (80%) done (elapsed 11.77 s, remaining 2.83 s)
8000000 of 9800000 tuples (81%) done (elapsed 11.93 s, remaining 2.68 s)
8100000 of 9800000 tuples (82%) done (elapsed 12.10 s, remaining 2.54 s)
8200000 of 9800000 tuples (83%) done (elapsed 12.18 s, remaining 2.38 s)
8300000 of 9800000 tuples (84%) done (elapsed 12.37 s, remaining 2.24 s)
8400000 of 9800000 tuples (85%) done (elapsed 12.54 s, remaining 2.09 s)
8500000 of 9800000 tuples (86%) done (elapsed 12.62 s, remaining 1.93 s)
8600000 of 9800000 tuples (87%) done (elapsed 12.81 s, remaining 1.79 s)
8700000 of 9800000 tuples (88%) done (elapsed 12.89 s, remaining 1.63 s)
8800000 of 9800000 tuples (89%) done (elapsed 13.06 s, remaining 1.48 s)
8900000 of 9800000 tuples (90%) done (elapsed 13.25 s, remaining 1.34 s)
9000000 of 9800000 tuples (91%) done (elapsed 13.33 s, remaining 1.18 s)
9100000 of 9800000 tuples (92%) done (elapsed 13.50 s, remaining 1.04 s)
9200000 of 9800000 tuples (93%) done (elapsed 13.70 s, remaining 0.89 s)
9300000 of 9800000 tuples (94%) done (elapsed 13.78 s, remaining 0.74 s)
9400000 of 9800000 tuples (95%) done (elapsed 13.99 s, remaining 0.60 s)
9500000 of 9800000 tuples (96%) done (elapsed 14.11 s, remaining 0.45 s)
9600000 of 9800000 tuples (97%) done (elapsed 14.27 s, remaining 0.30 s)
9700000 of 9800000 tuples (98%) done (elapsed 14.48 s, remaining 0.15 s)
9800000 of 9800000 tuples (100%) done (elapsed 14.60 s, remaining 0.00 s)
vacuuming...
creating primary keys...
done.
PGBENCH_ARGS=-j 32 -c 256 PGBENCH_MORE_ARGS=-S
starting vacuum...end.
2019-06-10 08:40:47.813 UTC [186] FATAL:  sorry, too many clients already
connection to database "pgbench" failed:
FATAL:  sorry, too many clients already
2019-06-10 08:40:47.815 UTC [190] FATAL:  sorry, too many clients already
connection to database "pgbench" failed:
FATAL:  sorry, too many clients already
2019-06-10 08:40:47.817 UTC [193] FATAL:  sorry, too many clients already
connection to database "pgbench" failed:
FATAL:  sorry, too many clients already
2019-06-10 08:40:47.819 UTC [198] FATAL:  sorry, too many clients already
connection to database "pgbench" failed:
FATAL:  sorry, too many clients already
2019-06-10 08:40:47.820 UTC [201] FATAL:  sorry, too many clients already
connection to database "pgbench" failed:
FATAL:  sorry, too many clients already
2019-06-10 08:40:47.823 UTC [206] FATAL:  sorry, too many clients already
connection to database "pgbench" failed:
FATAL:  sorry, too many clients already
2019-06-10 08:40:47.825 UTC [210] FATAL:  sorry, too many clients already
connection to database "pgbench" failed:
FATAL:  sorry, too many clients already
2019-06-10 08:40:47.847 UTC [215] FATAL:  sorry, too many clients already
connection to database "pgbench" failed:
FATAL:  sorry, too many clients already
2019-06-10 08:40:47.849 UTC [219] FATAL:  sorry, too many clients already
connection to database "pgbench" failed:
FATAL:  sorry, too many clients already
2019-06-10 08:40:47.851 UTC [223] FATAL:  sorry, too many clients already
connection to database "pgbench" failed:
FATAL:  sorry, too many clients already
2019-06-10 08:40:47.853 UTC [228] FATAL:  sorry, too many clients already
connection to database "pgbench" failed:
FATAL:  sorry, too many clients already
2019-06-10 08:40:47.856 UTC [234] FATAL:  sorry, too many clients already
connection to database "pgbench" failed:
FATAL:  sorry, too many clients already
2019-06-10 08:40:47.856 UTC [235] FATAL:  sorry, too many clients already
connection to database "pgbench" failed:
FATAL:  sorry, too many clients already
2019-06-10 08:40:47.861 UTC [245] FATAL:  sorry, too many clients already
connection to database "pgbench" failed:
FATAL:  sorry, too many clients already
connection to database "pgbench" failed:
FATAL:  sorry, too many clients already
2019-06-10 08:40:47.864 UTC [251] FATAL:  sorry, too many clients already
2019-06-10 08:40:47.866 UTC [257] FATAL:  sorry, too many clients already
connection to database "pgbench" failed:
FATAL:  sorry, too many clients already
2019-06-10 08:40:47.869 UTC [263] FATAL:  sorry, too many clients already
connection to database "pgbench" failed:
FATAL:  sorry, too many clients already
2019-06-10 08:40:47.872 UTC [270] FATAL:  sorry, too many clients already
connection to database "pgbench" failed:
FATAL:  sorry, too many clients already
2019-06-10 08:40:47.878 UTC [279] FATAL:  sorry, too many clients already
connection to database "pgbench" failed:
FATAL:  sorry, too many clients already
2019-06-10 08:40:47.885 UTC [287] FATAL:  sorry, too many clients already
connection to database "pgbench" failed:
FATAL:  sorry, too many clients already
