ruby/ruby.sh
[ruby] 
[ruby] == ruby unit test ==
[ruby] [INFO] Test docker hub official image first:
[ruby] 
Get:1 http://security.debian.org/debian-security buster/updates InRelease [39.1 kB]
Err:1 http://security.debian.org/debian-security buster/updates InRelease
  At least one invalid signature was encountered.
Get:2 http://deb.debian.org/debian buster InRelease [118 kB]
Err:2 http://deb.debian.org/debian buster InRelease
  At least one invalid signature was encountered.
Get:3 http://deb.debian.org/debian buster-updates InRelease [46.8 kB]
Err:3 http://deb.debian.org/debian buster-updates InRelease
  At least one invalid signature was encountered.
Reading package lists...
W: GPG error: http://security.debian.org/debian-security buster/updates InRelease: At least one invalid signature was encountered.
E: The repository 'http://security.debian.org/debian-security buster/updates InRelease' is not signed.
W: GPG error: http://deb.debian.org/debian buster InRelease: At least one invalid signature was encountered.
E: The repository 'http://deb.debian.org/debian buster InRelease' is not signed.
W: GPG error: http://deb.debian.org/debian buster-updates InRelease: At least one invalid signature was encountered.
E: The repository 'http://deb.debian.org/debian buster-updates InRelease' is not signed.
Default-Ruby-Server
[ruby] [INFO] Test clear docker image:
[ruby] 
Set upstream mirror to https://cdn-alt.download.clearlinux.org/update
Installed version: 30450
Version URL:       https://cdn-alt.download.clearlinux.org/update
Content URL:       https://cdn-alt.download.clearlinux.org/update
Loading required manifests...
Error: Unable to determine free space on filesystem.
NOTE: currently, swupd only checks /usr/ (or the passed-in path with /usr/ appended) for available space.
To skip this error and install anyways, add the --skip-diskspace-check flag to your command.
Failed to install 3 of 3 bundles
Clr-Ruby-Server
[ruby] [INFO] Test extra official docker image, 2.7.0:
[ruby] 
Unable to find image 'ruby:2.7-rc' locally
2.7-rc: Pulling from library/ruby
5ae19949497e: Already exists
ed3d96a2798e: Already exists
f12136850781: Already exists
1a9ad5d5550b: Already exists
6f18049a0455: Already exists
d1e86a347d84: Already exists
6d00cabe662e: Pulling fs layer
f1a9dd93c31d: Pulling fs layer
f1a9dd93c31d: Download complete
6d00cabe662e: Verifying Checksum
6d00cabe662e: Download complete
6d00cabe662e: Pull complete
f1a9dd93c31d: Pull complete
Digest: sha256:22e51f55813a14da78a89264850b4c416d6c982d4c9c400115dc4fe8b8d8c69e
Status: Downloaded newer image for ruby:2.7-rc
Get:1 http://deb.debian.org/debian buster InRelease [118 kB]
Get:2 http://security.debian.org/debian-security buster/updates InRelease [39.1 kB]
Err:2 http://security.debian.org/debian-security buster/updates InRelease
  At least one invalid signature was encountered.
Get:3 http://deb.debian.org/debian buster-updates InRelease [46.8 kB]
Err:1 http://deb.debian.org/debian buster InRelease
  At least one invalid signature was encountered.
Err:3 http://deb.debian.org/debian buster-updates InRelease
  At least one invalid signature was encountered.
Reading package lists...
W: GPG error: http://security.debian.org/debian-security buster/updates InRelease: At least one invalid signature was encountered.
E: The repository 'http://security.debian.org/debian-security buster/updates InRelease' is not signed.
W: GPG error: http://deb.debian.org/debian buster InRelease: At least one invalid signature was encountered.
E: The repository 'http://deb.debian.org/debian buster InRelease' is not signed.
W: GPG error: http://deb.debian.org/debian buster-updates InRelease: At least one invalid signature was encountered.
E: The repository 'http://deb.debian.org/debian buster-updates InRelease' is not signed.
Default-Ruby-Server
