golang/golang.sh
[golang] 
[golang] == golang unit test ==
[golang] [INFO] Test docker hub official image first:
[golang] 
pkg: golang.org/x/benchmarks
goos: linux
goarch: amd64

# sections=/tmp/1.size.txt
BenchmarkBuild-16        1	26822748601 ns/op	  14617825 binary-size	26822748601 build-ns/op	 220618752 build-peak-RSS-bytes	27290989000 build-user+sys-ns/op
2019/07/24 05:49:22 Failed to execute 'perf record [go build -o goperf -a -p 1 cmd/go]': exec: "perf": executable file not found in $PATH
pkg: golang.org/x/benchmarks
goos: linux
goarch: amd64

consumption=1733KB npkg=15
2019/07/24 05:49:23 Benchmarking 1 iterations
2019/07/24 05:49:23 Benchmarking 100 iterations
2019/07/24 05:49:23 Benchmarking 5000 iterations
# memprof=/tmp/11.prof.txt
# cpuprof=/tmp/10.prof.txt
BenchmarkGarbage/benchmem-MB=64-16     5000	   1368871 ns/op	  14120960 GC-bytes-from-system	    243156 STW-ns/GC	      6322 STW-ns/op	   2782593 allocated-bytes/op	     66272 allocs/op	 358777080 bytes-from-system	 332726272 heap-bytes-from-system	   9111800 other-bytes-from-system	 279552000 peak-RSS-bytes	 395366400 peak-VM-bytes	   2818048 stack-bytes-from-system	  21172120 user+sys-ns/op
pkg: golang.org/x/benchmarks
goos: linux
goarch: amd64

2019/07/24 05:49:31 Benchmarking 1 iterations
2019/07/24 05:49:31 Benchmarking 100 iterations
2019/07/24 05:49:31 Benchmarking 10000 iterations
2019/07/24 05:49:31 Benchmarking 1000000 iterations
# memprof=/tmp/14.prof.txt
# cpuprof=/tmp/13.prof.txt
BenchmarkHTTP-16  1000000	      5328 ns/op	   2402304 GC-bytes-from-system	     82599 P50-ns/op	   1420588 P95-ns/op	   2375580 P99-ns/op	    144171 STW-ns/GC	        71 STW-ns/op	      4806 allocated-bytes/op	        61 allocs/op	  75432184 bytes-from-system	  63602688 heap-bytes-from-system	   5921016 other-bytes-from-system	  35110912 peak-RSS-bytes	2835677184 peak-VM-bytes	   3506176 stack-bytes-from-system	     77784 user+sys-ns/op
pkg: golang.org/x/benchmarks
goos: linux
goarch: amd64

2019/07/24 05:49:37 Benchmarking 1 iterations
2019/07/24 05:49:37 Benchmarking 100 iterations
2019/07/24 05:49:38 Benchmarking 2000 iterations
# memprof=/tmp/11.prof.txt
# cpuprof=/tmp/10.prof.txt
BenchmarkJSON-16     2000	   4999509 ns/op	  12716032 GC-bytes-from-system	    297498 STW-ns/GC	     29006 STW-ns/op	   8312041 allocated-bytes/op	     92680 allocs/op	 354574584 bytes-from-system	 334397440 heap-bytes-from-system	   6314232 other-bytes-from-system	 343162880 peak-RSS-bytes	 391118848 peak-VM-bytes	   1146880 stack-bytes-from-system	  78619452 user+sys-ns/op
Default-Golang-Server
[golang] [INFO] Test clear docker image:
[golang] 
Set upstream mirror to https://cdn-alt.download.clearlinux.org/update
Installed version: 30450
Version URL:       https://cdn-alt.download.clearlinux.org/update
Content URL:       https://cdn-alt.download.clearlinux.org/update
Loading required manifests...
Error: Unable to determine free space on filesystem.
NOTE: currently, swupd only checks /usr/ (or the passed-in path with /usr/ appended) for available space.
To skip this error and install anyways, add the --skip-diskspace-check flag to your command.
Failed to install 1 of 1 bundles
Clr-Golang-Server
