python/python.sh
[python] 
[python] == python unit test ==
[python] [INFO] Test docker hub official image first:
[python] 
Get:1 http://deb.debian.org/debian buster InRelease [118 kB]
Get:2 http://security.debian.org/debian-security buster/updates InRelease [39.1 kB]
Get:3 http://deb.debian.org/debian buster-updates InRelease [46.8 kB]
Err:2 http://security.debian.org/debian-security buster/updates InRelease
  At least one invalid signature was encountered.
Err:1 http://deb.debian.org/debian buster InRelease
  At least one invalid signature was encountered.
Err:3 http://deb.debian.org/debian buster-updates InRelease
  At least one invalid signature was encountered.
Reading package lists...
W: GPG error: http://security.debian.org/debian-security buster/updates InRelease: At least one invalid signature was encountered.
E: The repository 'http://security.debian.org/debian-security buster/updates InRelease' is not signed.
W: GPG error: http://deb.debian.org/debian buster InRelease: At least one invalid signature was encountered.
E: The repository 'http://deb.debian.org/debian buster InRelease' is not signed.
W: GPG error: http://deb.debian.org/debian buster-updates InRelease: At least one invalid signature was encountered.
E: The repository 'http://deb.debian.org/debian buster-updates InRelease' is not signed.
Default-Python-Server
[python] [INFO] Test clear docker image:
[python] 
Set upstream mirror to https://cdn-alt.download.clearlinux.org/update
Installed version: 30450
Version URL:       https://cdn-alt.download.clearlinux.org/update
Content URL:       https://cdn-alt.download.clearlinux.org/update
Loading required manifests...
Error: Unable to determine free space on filesystem.
NOTE: currently, swupd only checks /usr/ (or the passed-in path with /usr/ appended) for available space.
To skip this error and install anyways, add the --skip-diskspace-check flag to your command.
Failed to install 1 of 1 bundles
Clr-Python-Server
