golang/golang.sh
[golang] 
[golang] == golang unit test ==
[golang] [INFO] Test docker hub official image first:
[golang] 
pkg: golang.org/x/benchmarks
goos: linux
goarch: amd64

# sections=/tmp/1.size.txt
BenchmarkBuild-16        1	27119755084 ns/op	  14617825 binary-size	27119755084 build-ns/op	 218689536 build-peak-RSS-bytes	27587618000 build-user+sys-ns/op
2019/07/24 06:39:19 Failed to execute 'perf record [go build -o goperf -a -p 1 cmd/go]': exec: "perf": executable file not found in $PATH
pkg: golang.org/x/benchmarks
goos: linux
goarch: amd64

consumption=1733KB npkg=15
2019/07/24 06:39:20 Benchmarking 1 iterations
2019/07/24 06:39:20 Benchmarking 100 iterations
2019/07/24 06:39:20 Benchmarking 5000 iterations
# memprof=/tmp/11.prof.txt
# cpuprof=/tmp/10.prof.txt
BenchmarkGarbage/benchmem-MB=64-16     5000	   1369179 ns/op	  14051328 GC-bytes-from-system	    249380 STW-ns/GC	      6434 STW-ns/op	   2782573 allocated-bytes/op	     66272 allocs/op	 359235832 bytes-from-system	 332759040 heap-bytes-from-system	   9640184 other-bytes-from-system	 286908416 peak-RSS-bytes	 326549504 peak-VM-bytes	   2785280 stack-bytes-from-system	  21128872 user+sys-ns/op
2019/07/24 06:39:28 Benchmarking 1 iterations
pkg: golang.org/x/benchmarks
goos: linux
goarch: amd64

2019/07/24 06:39:28 Benchmarking 100 iterations
2019/07/24 06:39:28 Benchmarking 10000 iterations
2019/07/24 06:39:28 Benchmarking 1000000 iterations
# memprof=/tmp/14.prof.txt
# cpuprof=/tmp/13.prof.txt
BenchmarkHTTP-16  1000000	      5282 ns/op	   2402304 GC-bytes-from-system	     85600 P50-ns/op	   1400289 P95-ns/op	   2341581 P99-ns/op	    128845 STW-ns/GC	        64 STW-ns/op	      4806 allocated-bytes/op	        61 allocs/op	  75432184 bytes-from-system	  63635456 heap-bytes-from-system	   5921016 other-bytes-from-system	  36048896 peak-RSS-bytes	2835677184 peak-VM-bytes	   3473408 stack-bytes-from-system	     77156 user+sys-ns/op
pkg: golang.org/x/benchmarks
goos: linux
goarch: amd64

2019/07/24 06:39:34 Benchmarking 1 iterations
2019/07/24 06:39:34 Benchmarking 100 iterations
2019/07/24 06:39:35 Benchmarking 2000 iterations
# memprof=/tmp/11.prof.txt
# cpuprof=/tmp/10.prof.txt
BenchmarkJSON-16     2000	   4997723 ns/op	  12646400 GC-bytes-from-system	    293742 STW-ns/GC	     29374 STW-ns/op	   8384234 allocated-bytes/op	     92680 allocs/op	 353984760 bytes-from-system	 334397440 heap-bytes-from-system	   5794040 other-bytes-from-system	 304787456 peak-RSS-bytes	 390529024 peak-VM-bytes	   1146880 stack-bytes-from-system	  78545023 user+sys-ns/op
Default-Golang-Server
[golang] [INFO] Test clear docker image:
[golang] 
Set upstream mirror to https://cdn-alt.download.clearlinux.org/update
Installed version: 30450
Version URL:       https://cdn-alt.download.clearlinux.org/update
Content URL:       https://cdn-alt.download.clearlinux.org/update
Loading required manifests...
NOTE: currently, swupd only checks /usr/ (or the passed-in path with /usr/ appended) for available space.
To skip this error and install anyways, add the --skip-diskspace-check flag to your command.
Error: Unable to determine free space on filesystem.
Failed to install 1 of 1 bundles
Clr-Golang-Server
