mariadb/mariadb.sh
[mariadb] 
[mariadb] == mariadb unit test ==
employees_db/._load_departments.dump
employees_db/load_departments.dump
employees_db/load_dept_emp.dump
employees_db/._load_dept_manager.dump
employees_db/load_dept_manager.dump
employees_db/._load_employees.dump
employees_db/load_employees.dump
employees_db/._load_salaries.dump
employees_db/load_salaries.dump
employees_db/._load_titles.dump
employees_db/load_titles.dump
employees_db/._employees.sql
employees_db/employees.sql
employees_db/employees_partitioned.sql
employees_db/._employees_partitioned2.sql
employees_db/employees_partitioned2.sql
employees_db/employees_partitioned3.sql
employees_db/objects.sql
employees_db/test_employees_md5.sql
employees_db/test_employees_sha.sql
employees_db/Changelog
employees_db/._README
employees_db/README
[mariadb] [INFO] Test docker hub official image first:
[mariadb] 
492edf2e3d115678f99b46dacba962009b6d30a6d65d342a1b261ee60d36fdd9
ERROR 2002 (HY000): Can't connect to MySQL server on '172.17.0.2' (115)
[mariadb] [INFO] Starting the mysqlslap test, it may take a while, please be patient ...:
[mariadb] 
mysqlslap: Error when connecting to server: Can't connect to MySQL server on '172.17.0.2' (115)
mariadbtest
Default-Mariadb
[mariadb] [INFO] Test clear docker image:
[mariadb] 
3d1301f66edd22fee3c653d6f8918462de12dd0fffe5ff69e7ac92b6b10f6447
+-----------------------------+
| INFO                        |
+-----------------------------+
| CREATING DATABASE STRUCTURE |
+-----------------------------+
+------------------------+
| INFO                   |
+------------------------+
| storage engine: InnoDB |
+------------------------+
+---------------------+
| INFO                |
+---------------------+
| LOADING departments |
+---------------------+
+-------------------+
| INFO              |
+-------------------+
| LOADING employees |
+-------------------+
+------------------+
| INFO             |
+------------------+
| LOADING dept_emp |
+------------------+
+----------------------+
| INFO                 |
+----------------------+
| LOADING dept_manager |
+----------------------+
+----------------+
| INFO           |
+----------------+
| LOADING titles |
+----------------+
+------------------+
| INFO             |
+------------------+
| LOADING salaries |
+------------------+
[mariadb] [INFO] Starting the mysqlslap test, it may take a while, please be patient ...:
[mariadb] 
Benchmark
	Average number of seconds to run all queries: 9.801 seconds
	Minimum number of seconds to run all queries: 9.548 seconds
	Maximum number of seconds to run all queries: 10.563 seconds
	Number of clients running queries: 1
	Average number of queries per client: 1000

mariadbtest
Clr-Mariadb
