golang/golang.sh
[golang] 
[golang] == golang unit test ==
[golang] [INFO] Test docker hub official image first:
[golang] 
pkg: golang.org/x/benchmarks
goos: linux
goarch: amd64

# sections=/tmp/1.size.txt
BenchmarkBuild-16        1	27132836853 ns/op	  14617825 binary-size	27132836853 build-ns/op	 218087424 build-peak-RSS-bytes	27352334000 build-user+sys-ns/op
2019/07/24 02:45:55 Failed to execute 'perf record [go build -o goperf -a -p 1 cmd/go]': exec: "perf": executable file not found in $PATH
pkg: golang.org/x/benchmarks
goos: linux
goarch: amd64

consumption=1733KB npkg=15
2019/07/24 02:45:56 Benchmarking 1 iterations
2019/07/24 02:45:56 Benchmarking 100 iterations
2019/07/24 02:45:56 Benchmarking 5000 iterations
# memprof=/tmp/11.prof.txt
# cpuprof=/tmp/10.prof.txt
BenchmarkGarbage/benchmem-MB=64-16     5000	   1365945 ns/op	  12283904 GC-bytes-from-system	    274360 STW-ns/GC	      7243 STW-ns/op	   2782586 allocated-bytes/op	     66272 allocs/op	 290355448 bytes-from-system	 266141696 heap-bytes-from-system	   9636088 other-bytes-from-system	 275914752 peak-RSS-bytes	 326942720 peak-VM-bytes	   2293760 stack-bytes-from-system	  21125945 user+sys-ns/op
2019/07/24 02:46:04 Benchmarking 1 iterations
pkg: golang.org/x/benchmarks
goos: linux
goarch: amd64

2019/07/24 02:46:04 Benchmarking 100 iterations
2019/07/24 02:46:04 Benchmarking 10000 iterations
2019/07/24 02:46:04 Benchmarking 1000000 iterations
# memprof=/tmp/14.prof.txt
# cpuprof=/tmp/13.prof.txt
BenchmarkHTTP-16  1000000	      5370 ns/op	   2402304 GC-bytes-from-system	     84499 P50-ns/op	   1426388 P95-ns/op	   2398581 P99-ns/op	    145163 STW-ns/GC	        72 STW-ns/op	      4806 allocated-bytes/op	        61 allocs/op	  75432184 bytes-from-system	  63766528 heap-bytes-from-system	   5921016 other-bytes-from-system	  35024896 peak-RSS-bytes	2827284480 peak-VM-bytes	   3342336 stack-bytes-from-system	     78330 user+sys-ns/op
2019/07/24 02:46:10 Benchmarking 1 iterations
pkg: golang.org/x/benchmarks
goos: linux
goarch: amd64

2019/07/24 02:46:10 Benchmarking 100 iterations
2019/07/24 02:46:11 Benchmarking 2000 iterations
# memprof=/tmp/11.prof.txt
# cpuprof=/tmp/10.prof.txt
BenchmarkJSON-16     2000	   5043727 ns/op	  12855296 GC-bytes-from-system	    343728 STW-ns/GC	     34200 STW-ns/op	   8319131 allocated-bytes/op	     92680 allocs/op	 354705656 bytes-from-system	 334364672 heap-bytes-from-system	   6306040 other-bytes-from-system	 337285120 peak-RSS-bytes	 391249920 peak-VM-bytes	   1179648 stack-bytes-from-system	  79284988 user+sys-ns/op
Default-Golang-Server
[golang] [INFO] Test clear docker image:
[golang] 
Set upstream mirror to https://cdn-alt.download.clearlinux.org/update
Installed version: 30450
Version URL:       https://cdn-alt.download.clearlinux.org/update
Content URL:       https://cdn-alt.download.clearlinux.org/update
Loading required manifests...
Error: Bundle too large by 293M.
NOTE: currently, swupd only checks /usr/ (or the passed-in path with /usr/ appended) for available space.
To skip this error and install anyways, add the --skip-diskspace-check flag to your command.
Failed to install 1 of 1 bundles
Clr-Golang-Server
