mariadb/mariadb.sh
[mariadb] 
[mariadb] == mariadb unit test ==
employees_db/._load_departments.dump
employees_db/load_departments.dump
employees_db/load_dept_emp.dump
employees_db/._load_dept_manager.dump
employees_db/load_dept_manager.dump
employees_db/._load_employees.dump
employees_db/load_employees.dump
employees_db/._load_salaries.dump
employees_db/load_salaries.dump
employees_db/._load_titles.dump
employees_db/load_titles.dump
employees_db/._employees.sql
employees_db/employees.sql
employees_db/employees_partitioned.sql
employees_db/._employees_partitioned2.sql
employees_db/employees_partitioned2.sql
employees_db/employees_partitioned3.sql
employees_db/objects.sql
employees_db/test_employees_md5.sql
employees_db/test_employees_sha.sql
employees_db/Changelog
employees_db/._README
employees_db/README
[mariadb] [INFO] Test docker hub official image first:
[mariadb] 
7cd1a7526cc2c849a8dd314bebdb7772d37812033e749f4314463792580bb43b
Error: No such object: mariadbtest
ERROR 2005 (HY000): Unknown MySQL server host '-t' (-2)
[mariadb] [INFO] Starting the mysqlslap test, it may take a while, please be patient ...:
[mariadb] 
mysqlslap: Error when connecting to server: Unknown MySQL server host '--verbose' (-2)
Error response from daemon: No such container: mariadbtest
Default-Mariadb
[mariadb] [INFO] Test clear docker image:
[mariadb] 
1f159e6fc58082c77be43f5684ff778d9849e10810dd5cc241c698754f726c66
Error: No such object: mariadbtest
ERROR 2005 (HY000): Unknown MySQL server host '-t' (-2)
[mariadb] [INFO] Starting the mysqlslap test, it may take a while, please be patient ...:
[mariadb] 
mysqlslap: Error when connecting to server: Unknown MySQL server host '--verbose' (-2)
Error response from daemon: No such container: mariadbtest
Clr-Mariadb
