tensorflow/tensorflow.sh
[tensorflow] 
[tensorflow] == tensorflow unit test ==
wget
[tensorflow] [INFO] Test docker hub official image first:
[tensorflow] 
Get:1 http://security.ubuntu.com/ubuntu bionic-security InRelease [88.7 kB]
Err:1 http://security.ubuntu.com/ubuntu bionic-security InRelease
  At least one invalid signature was encountered.
Hit:2 http://archive.ubuntu.com/ubuntu bionic InRelease
Err:2 http://archive.ubuntu.com/ubuntu bionic InRelease
  At least one invalid signature was encountered.
Get:3 http://archive.ubuntu.com/ubuntu bionic-updates InRelease [88.7 kB]
Err:3 http://archive.ubuntu.com/ubuntu bionic-updates InRelease
  At least one invalid signature was encountered.
Get:4 http://archive.ubuntu.com/ubuntu bionic-backports InRelease [74.6 kB]
Err:4 http://archive.ubuntu.com/ubuntu bionic-backports InRelease
  At least one invalid signature was encountered.
Fetched 252 kB in 2s (122 kB/s)
Reading package lists...
W: An error occurred during the signature verification. The repository is not updated and the previous index files will be used. GPG error: http://security.ubuntu.com/ubuntu bionic-security InRelease: At least one invalid signature was encountered.
W: An error occurred during the signature verification. The repository is not updated and the previous index files will be used. GPG error: http://archive.ubuntu.com/ubuntu bionic InRelease: At least one invalid signature was encountered.
W: An error occurred during the signature verification. The repository is not updated and the previous index files will be used. GPG error: http://archive.ubuntu.com/ubuntu bionic-updates InRelease: At least one invalid signature was encountered.
W: An error occurred during the signature verification. The repository is not updated and the previous index files will be used. GPG error: http://archive.ubuntu.com/ubuntu bionic-backports InRelease: At least one invalid signature was encountered.
W: Failed to fetch http://archive.ubuntu.com/ubuntu/dists/bionic/InRelease  At least one invalid signature was encountered.
W: Failed to fetch http://archive.ubuntu.com/ubuntu/dists/bionic-updates/InRelease  At least one invalid signature was encountered.
W: Failed to fetch http://archive.ubuntu.com/ubuntu/dists/bionic-backports/InRelease  At least one invalid signature was encountered.
W: Failed to fetch http://security.ubuntu.com/ubuntu/dists/bionic-security/InRelease  At least one invalid signature was encountered.
W: Some index files failed to download. They have been ignored, or old ones used instead.
Reading package lists...
Building dependency tree...
Reading state information...
The following additional packages will be installed:
  libpsl5
Recommended packages:
  publicsuffix
The following NEW packages will be installed:
  libpsl5 wget
0 upgraded, 2 newly installed, 0 to remove and 0 not upgraded.
Need to get 358 kB of archives.
After this operation, 1030 kB of additional disk space will be used.
E: You don't have enough free space in /var/cache/apt/archives/.
Default-Tensorflow-Server
[tensorflow] [INFO] Test clear docker image:
[tensorflow] 
Set upstream mirror to https://cdn-alt.download.clearlinux.org/update
Installed version: 30450
Version URL:       https://cdn-alt.download.clearlinux.org/update
Content URL:       https://cdn-alt.download.clearlinux.org/update
Loading required manifests...
Error: Unable to determine free space on filesystem.
NOTE: currently, swupd only checks /usr/ (or the passed-in path with /usr/ appended) for available space.
To skip this error and install anyways, add the --skip-diskspace-check flag to your command.
Failed to install 1 of 1 bundles
Clr-Tensorflow-Server
